Using pre-set license
Built from 'trunk' branch; Version is '6000.0.12f1 (7defd84cdab8) revision 8253400'; Using compiler version '193933523'; Build Type 'Release'
OS: 'Windows 11  (10.0.22631) 64bit Professional' Language: 'en' Physical Memory: 16307 MB
BatchMode: 1, IsHumanControllingUs: 0, StartBugReporterOnCrash: 0, Is64bit: 1, IsPro: 1

COMMAND LINE ARGUMENTS:
C:\Program Files\Unity\Hub\Editor\6000.0.12f1\Editor\Unity.exe
-adb2
-batchMode
-noUpm
-name
AssetImportWorker5
-projectPath
C:/Users/fcaka/Desktop/Github/IslandEscape/Alghoritmics_3D_Game
-logFile
Logs/AssetImportWorker5.log
-srvPort
51441
-job-worker-count
5
-background-job-worker-count
8
-asset-garbage-collectors
1
Successfully changed project path to: C:/Users/fcaka/Desktop/Github/IslandEscape/Alghoritmics_3D_Game
C:/Users/fcaka/Desktop/Github/IslandEscape/Alghoritmics_3D_Game
[UnityMemory] Configuration Parameters - Can be set up in boot.config
    "memorysetup-bucket-allocator-granularity=16"
    "memorysetup-bucket-allocator-bucket-count=8"
    "memorysetup-bucket-allocator-block-size=33554432"
    "memorysetup-bucket-allocator-block-count=8"
    "memorysetup-main-allocator-block-size=16777216"
    "memorysetup-thread-allocator-block-size=16777216"
    "memorysetup-gfx-main-allocator-block-size=16777216"
    "memorysetup-gfx-thread-allocator-block-size=16777216"
    "memorysetup-cache-allocator-block-size=4194304"
    "memorysetup-typetree-allocator-block-size=2097152"
    "memorysetup-profiler-bucket-allocator-granularity=16"
    "memorysetup-profiler-bucket-allocator-bucket-count=8"
    "memorysetup-profiler-bucket-allocator-block-size=33554432"
    "memorysetup-profiler-bucket-allocator-block-count=8"
    "memorysetup-profiler-allocator-block-size=16777216"
    "memorysetup-profiler-editor-allocator-block-size=1048576"
    "memorysetup-temp-allocator-size-main=16777216"
    "memorysetup-job-temp-allocator-block-size=2097152"
    "memorysetup-job-temp-allocator-block-size-background=1048576"
    "memorysetup-job-temp-allocator-reduction-small-platforms=262144"
    "memorysetup-allocator-temp-initial-block-size-main=262144"
    "memorysetup-allocator-temp-initial-block-size-worker=262144"
    "memorysetup-temp-allocator-size-background-worker=32768"
    "memorysetup-temp-allocator-size-job-worker=262144"
    "memorysetup-temp-allocator-size-preload-manager=33554432"
    "memorysetup-temp-allocator-size-nav-mesh-worker=65536"
    "memorysetup-temp-allocator-size-audio-worker=65536"
    "memorysetup-temp-allocator-size-cloud-worker=32768"
    "memorysetup-temp-allocator-size-gi-baking-worker=262144"
    "memorysetup-temp-allocator-size-gi-baking-worker=262144"
    "memorysetup-temp-allocator-size-gi-baking-worker=262144"
    "memorysetup-temp-allocator-size-gi-baking-worker=262144"
    "memorysetup-temp-allocator-size-gi-baking-worker=262144"
    "memorysetup-temp-allocator-size-gfx=262144"
Player connection [3096]  Target information:

Player connection [3096]  * "[IP] 192.168.1.7 [Port] 0 [Flags] 2 [Guid] 3274365574 [EditorId] 3274365574 [Version] 1048832 [Id] WindowsEditor(7,Furkan) [Debug] 1 [PackageName] WindowsEditor [ProjectName] Editor" 

Player connection [3096] Host joined multi-casting on [225.0.0.222:54997]...
Player connection [3096] Host joined alternative multi-casting on [225.0.0.222:34997]...
JobSystem: Creating JobQueue using job-worker-count value 5
Library Redirect Path: Library/
[PhysX] Initialized MultithreadedTaskDispatcher with 6 workers.
Refreshing native plugins compatible for Editor in 2.24 ms, found 3 plugins.
Preloading 0 native plugins for Editor in 0.00 ms.
Initialize engine version: 6000.0.12f1 (7defd84cdab8)
[Subsystems] Discovering subsystems at path C:/Program Files/Unity/Hub/Editor/6000.0.12f1/Editor/Data/Resources/UnitySubsystems
[Subsystems] Discovering subsystems at path C:/Users/fcaka/Desktop/Github/IslandEscape/Alghoritmics_3D_Game/Assets
GfxDevice: creating device client; kGfxThreadingModeNonThreaded
Direct3D:
    Version:  Direct3D 11.0 [level 11.1]
    Renderer: AMD Radeon RX 6700 (ID=0x73df)
    Vendor:   ATI
    VRAM:     10195 MB
    Driver:   32.0.11037.4004
Initialize mono
Mono path[0] = 'C:/Program Files/Unity/Hub/Editor/6000.0.12f1/Editor/Data/Managed'
Mono path[1] = 'C:/Program Files/Unity/Hub/Editor/6000.0.12f1/Editor/Data/MonoBleedingEdge/lib/mono/unityjit-win32'
Mono config path = 'C:/Program Files/Unity/Hub/Editor/6000.0.12f1/Editor/Data/MonoBleedingEdge/etc'
Using monoOptions --debugger-agent=transport=dt_socket,embedding=1,server=y,suspend=n,address=127.0.0.1:56572
Begin MonoManager ReloadAssembly
Registering precompiled unity dll's ...
Register platform support module: C:/Program Files/Unity/Hub/Editor/6000.0.12f1/Editor/Data/PlaybackEngines/WebGLSupport/UnityEditor.WebGL.Extensions.dll
Register platform support module: C:/Program Files/Unity/Hub/Editor/6000.0.12f1/Editor/Data/PlaybackEngines/WindowsStandaloneSupport/UnityEditor.WindowsStandalone.Extensions.dll
Registered in 0.010696 seconds.
- Loaded All Assemblies, in  1.030 seconds
Native extension for WindowsStandalone target not found
Native extension for WebGL target not found
Mono: successfully reloaded assembly
- Finished resetting the current domain, in  1.273 seconds
Domain Reload Profiling: 2298ms
	BeginReloadAssembly (346ms)
		ExecutionOrderSort (0ms)
		DisableScriptedObjects (0ms)
		BackupInstance (0ms)
		ReleaseScriptingObjects (0ms)
		CreateAndSetChildDomain (1ms)
	RebuildCommonClasses (90ms)
	RebuildNativeTypeToScriptingClass (24ms)
	initialDomainReloadingComplete (141ms)
	LoadAllAssembliesAndSetupDomain (424ms)
		LoadAssemblies (341ms)
		RebuildTransferFunctionScriptingTraits (0ms)
		AnalyzeDomain (416ms)
			TypeCache.Refresh (407ms)
				TypeCache.ScanAssembly (386ms)
			BuildScriptInfoCaches (0ms)
			ResolveRequiredComponents (1ms)
	FinalizeReload (1273ms)
		ReleaseScriptCaches (0ms)
		RebuildScriptCaches (0ms)
		SetupLoadedEditorAssemblies (1166ms)
			LogAssemblyErrors (0ms)
			InitializePlatformSupportModulesInManaged (59ms)
			SetLoadedEditorAssemblies (13ms)
			BeforeProcessingInitializeOnLoad (13ms)
			ProcessInitializeOnLoadAttributes (574ms)
			ProcessInitializeOnLoadMethodAttributes (507ms)
			AfterProcessingInitializeOnLoad (0ms)
			EditorAssembliesLoaded (0ms)
		ExecutionOrderSort2 (0ms)
		AwakeInstancesAfterBackupRestoration (0ms)
========================================================================
Worker process is ready to serve import requests
Import Worker Mode flag is 0x00
Begin MonoManager ReloadAssembly
- Loaded All Assemblies, in  3.104 seconds
Refreshing native plugins compatible for Editor in 1.79 ms, found 3 plugins.
Native extension for WindowsStandalone target not found
Native extension for WebGL target not found
Mono: successfully reloaded assembly
- Finished resetting the current domain, in  2.851 seconds
Domain Reload Profiling: 5942ms
	BeginReloadAssembly (1296ms)
		ExecutionOrderSort (0ms)
		DisableScriptedObjects (10ms)
		BackupInstance (0ms)
		ReleaseScriptingObjects (0ms)
		CreateAndSetChildDomain (92ms)
	RebuildCommonClasses (95ms)
	RebuildNativeTypeToScriptingClass (18ms)
	initialDomainReloadingComplete (84ms)
	LoadAllAssembliesAndSetupDomain (1598ms)
		LoadAssemblies (1190ms)
		RebuildTransferFunctionScriptingTraits (0ms)
		AnalyzeDomain (735ms)
			TypeCache.Refresh (530ms)
				TypeCache.ScanAssembly (498ms)
			BuildScriptInfoCaches (180ms)
			ResolveRequiredComponents (19ms)
	FinalizeReload (2852ms)
		ReleaseScriptCaches (0ms)
		RebuildScriptCaches (0ms)
		SetupLoadedEditorAssemblies (1984ms)
			LogAssemblyErrors (0ms)
			InitializePlatformSupportModulesInManaged (4ms)
			SetLoadedEditorAssemblies (33ms)
			BeforeProcessingInitializeOnLoad (330ms)
			ProcessInitializeOnLoadAttributes (1099ms)
			ProcessInitializeOnLoadMethodAttributes (502ms)
			AfterProcessingInitializeOnLoad (15ms)
			EditorAssembliesLoaded (0ms)
		ExecutionOrderSort2 (0ms)
		AwakeInstancesAfterBackupRestoration (41ms)
Launched and connected shader compiler UnityShaderCompiler.exe after 0.02 seconds
Refreshing native plugins compatible for Editor in 13.53 ms, found 3 plugins.
Preloading 0 native plugins for Editor in 0.00 ms.
Unloading 297 Unused Serialized files (Serialized files now loaded: 0)
Unloading 6166 unused Assets / (5.6 MB). Loaded Objects now: 7003.
Memory consumption went from 219.9 MB to 214.3 MB.
Total: 111.527600 ms (FindLiveObjects: 6.087900 ms CreateObjectMapping: 1.832800 ms MarkObjects: 26.080400 ms  DeleteObjects: 77.517300 ms)

========================================================================
Received Import Request.
  Time since last request: 956312.612263 seconds.
  path: Assets/Settings/Mobile_RPAsset.asset
  artifactKey: Guid(5e6cbd92db86f4b18aec3ed561671858) Importer(2089858483,192608db42251d675da83286b1cce702)
Start importing Assets/Settings/Mobile_RPAsset.asset using Guid(5e6cbd92db86f4b18aec3ed561671858) Importer(2089858483,192608db42251d675da83286b1cce702) (ScriptedImporter)[PhysX] Initialized MultithreadedTaskDispatcher with 6 workers.
 -> (artifact id: '2a33767c027cd638e80bbb597276a4d3') in 0.4985978 seconds
Number of updated asset objects reloaded before import = 0Number of asset objects unloaded after import = 2

========================================================================
Received Import Request.
  Time since last request: 0.000047 seconds.
  path: Assets/IslandEscape/TropicalEnvironment/Prefabs/Ancient/Column_03.prefab
  artifactKey: Guid(87035abbacee33e49a0e6cf8d5fc6c5a) Importer(2089858483,3d70f49cd1c2eb9ae422958d1c652c6b)
Start importing Assets/IslandEscape/TropicalEnvironment/Prefabs/Ancient/Column_03.prefab using Guid(87035abbacee33e49a0e6cf8d5fc6c5a) Importer(2089858483,3d70f49cd1c2eb9ae422958d1c652c6b) (ScriptedImporter)[PhysX] Initialized MultithreadedTaskDispatcher with 6 workers.
 -> (artifact id: '588a02f3f9028dd0f54d66eea5cbb4f0') in 0.0584534 seconds
Number of updated asset objects reloaded before import = 0Number of asset objects unloaded after import = 17

========================================================================
Received Import Request.
  Time since last request: 0.000028 seconds.
  path: Assets/Motion Cast#06 - Vol.1/Kung-Fu animations/12-Rainy half circle-Take2.fbx
  artifactKey: Guid(36af9221b676f044dac605d0d016a16d) Importer(2089858483,192608db42251d675da83286b1cce702)
Start importing Assets/Motion Cast#06 - Vol.1/Kung-Fu animations/12-Rainy half circle-Take2.fbx using Guid(36af9221b676f044dac605d0d016a16d) Importer(2089858483,192608db42251d675da83286b1cce702) (ScriptedImporter)[PhysX] Initialized MultithreadedTaskDispatcher with 6 workers.
 -> (artifact id: '760798ef521916bb72a53de37d36bc73') in 0.482759 seconds
Number of updated asset objects reloaded before import = 0Number of asset objects unloaded after import = 120

========================================================================
Received Import Request.
  Time since last request: 0.000024 seconds.
  path: Assets/Motion Cast#06 - Vol.1/Kung-Fu animations/7-Massive uppercut charge-Take5.fbx
  artifactKey: Guid(0871c9f42a1aef846a3e3b0728f0d163) Importer(2089858483,192608db42251d675da83286b1cce702)
Start importing Assets/Motion Cast#06 - Vol.1/Kung-Fu animations/7-Massive uppercut charge-Take5.fbx using Guid(0871c9f42a1aef846a3e3b0728f0d163) Importer(2089858483,192608db42251d675da83286b1cce702) (ScriptedImporter)[PhysX] Initialized MultithreadedTaskDispatcher with 6 workers.
 -> (artifact id: 'e21852cf382c7aa0285c5fe9de3f3915') in 0.1437766 seconds
Number of updated asset objects reloaded before import = 0Number of asset objects unloaded after import = 120

========================================================================
Received Import Request.
  Time since last request: 0.000176 seconds.
  path: Assets/Asteroids Pack/Assets/Prefabs/Asteroid 1.prefab
  artifactKey: Guid(fa49e460baf435b4780da7196c2ab473) Importer(2089858483,3d70f49cd1c2eb9ae422958d1c652c6b)
Start importing Assets/Asteroids Pack/Assets/Prefabs/Asteroid 1.prefab using Guid(fa49e460baf435b4780da7196c2ab473) Importer(2089858483,3d70f49cd1c2eb9ae422958d1c652c6b) (ScriptedImporter)[PhysX] Initialized MultithreadedTaskDispatcher with 6 workers.
 -> (artifact id: 'ad530b1fed2d968180a8afb6ef7bec72') in 0.0706638 seconds
Number of updated asset objects reloaded before import = 0Number of asset objects unloaded after import = 25

========================================================================
Received Import Request.
  Time since last request: 0.000024 seconds.
  path: Assets/IslandEscape/TropicalEnvironment/Prefabs/Props/Fish_02.prefab
  artifactKey: Guid(4a9f671bc733178458ba35ba78e2a2d8) Importer(2089858483,3d70f49cd1c2eb9ae422958d1c652c6b)
Start importing Assets/IslandEscape/TropicalEnvironment/Prefabs/Props/Fish_02.prefab using Guid(4a9f671bc733178458ba35ba78e2a2d8) Importer(2089858483,3d70f49cd1c2eb9ae422958d1c652c6b) (ScriptedImporter)[PhysX] Initialized MultithreadedTaskDispatcher with 6 workers.
 -> (artifact id: '78cc57454a88b872185408b39c7498c4') in 0.0407937 seconds
Number of updated asset objects reloaded before import = 0Number of asset objects unloaded after import = 17

========================================================================
Received Import Request.
  Time since last request: 0.000034 seconds.
  path: Assets/Motion Cast#06 - Vol.1/Kung-Fu animations/8-Double saber strike-Take4.fbx
  artifactKey: Guid(672b8b0f4b74791429fc42f11e2f4bba) Importer(2089858483,192608db42251d675da83286b1cce702)
Start importing Assets/Motion Cast#06 - Vol.1/Kung-Fu animations/8-Double saber strike-Take4.fbx using Guid(672b8b0f4b74791429fc42f11e2f4bba) Importer(2089858483,192608db42251d675da83286b1cce702) (ScriptedImporter)[PhysX] Initialized MultithreadedTaskDispatcher with 6 workers.
 -> (artifact id: '4d4b5907768e20523ed9a69c84c57b36') in 0.1590151 seconds
Number of updated asset objects reloaded before import = 0Number of asset objects unloaded after import = 120

========================================================================
Received Import Request.
  Time since last request: 0.000040 seconds.
  path: Assets/Motion Cast#06 - Vol.1/Kung-Fu animations/9-Leopard arm strike-Take2.fbx
  artifactKey: Guid(b4e385677fd6b22458c15d8af8ce428d) Importer(2089858483,192608db42251d675da83286b1cce702)
Start importing Assets/Motion Cast#06 - Vol.1/Kung-Fu animations/9-Leopard arm strike-Take2.fbx using Guid(b4e385677fd6b22458c15d8af8ce428d) Importer(2089858483,192608db42251d675da83286b1cce702) (ScriptedImporter)[PhysX] Initialized MultithreadedTaskDispatcher with 6 workers.
 -> (artifact id: '6f86a9c5a035754ba9a6ee155e57f00a') in 0.1619244 seconds
Number of updated asset objects reloaded before import = 0Number of asset objects unloaded after import = 120

========================================================================
Received Import Request.
  Time since last request: 0.000030 seconds.
  path: Assets/IslandEscape/TropicalEnvironment/Prefabs/Props/DryingFish.prefab
  artifactKey: Guid(6c19af3d5b8396946bcd5ad6c50331c2) Importer(2089858483,3d70f49cd1c2eb9ae422958d1c652c6b)
Start importing Assets/IslandEscape/TropicalEnvironment/Prefabs/Props/DryingFish.prefab using Guid(6c19af3d5b8396946bcd5ad6c50331c2) Importer(2089858483,3d70f49cd1c2eb9ae422958d1c652c6b) (ScriptedImporter)[PhysX] Initialized MultithreadedTaskDispatcher with 6 workers.
 -> (artifact id: '470613071c6ba6811ca7555e5e9c73cd') in 0.0916199 seconds
Number of updated asset objects reloaded before import = 0Number of asset objects unloaded after import = 22

========================================================================
Received Import Request.
  Time since last request: 0.000046 seconds.
  path: Assets/Motion Cast#06 - Vol.1/No root animations/11-Leopard's palm-Take1-no root.fbx
  artifactKey: Guid(3a5fcc93360b1bf459dda16589804065) Importer(2089858483,192608db42251d675da83286b1cce702)
Start importing Assets/Motion Cast#06 - Vol.1/No root animations/11-Leopard's palm-Take1-no root.fbx using Guid(3a5fcc93360b1bf459dda16589804065) Importer(2089858483,192608db42251d675da83286b1cce702) (ScriptedImporter)[PhysX] Initialized MultithreadedTaskDispatcher with 6 workers.
 -> (artifact id: 'c3fff2a356821af84d02ff83fb5bfb93') in 0.0926326 seconds
Number of updated asset objects reloaded before import = 0Number of asset objects unloaded after import = 120

========================================================================
Received Import Request.
  Time since last request: 0.000019 seconds.
  path: Assets/IslandEscape/TropicalEnvironment/Prefabs/Props/Bottle_14.prefab
  artifactKey: Guid(fcb5e473d98c728479c5a323e1fe2fb2) Importer(2089858483,3d70f49cd1c2eb9ae422958d1c652c6b)
Start importing Assets/IslandEscape/TropicalEnvironment/Prefabs/Props/Bottle_14.prefab using Guid(fcb5e473d98c728479c5a323e1fe2fb2) Importer(2089858483,3d70f49cd1c2eb9ae422958d1c652c6b) (ScriptedImporter)[PhysX] Initialized MultithreadedTaskDispatcher with 6 workers.
 -> (artifact id: 'c678639508d7c78df5bb6106e58b6bb8') in 0.0278067 seconds
Number of updated asset objects reloaded before import = 0Number of asset objects unloaded after import = 17

========================================================================
Received Import Request.
  Time since last request: 0.000034 seconds.
  path: Assets/IslandEscape/TropicalEnvironment/Prefabs/FX/Fog_03.prefab
  artifactKey: Guid(0fd8fbb3c17e4da40898227d4d299810) Importer(2089858483,3d70f49cd1c2eb9ae422958d1c652c6b)
Start importing Assets/IslandEscape/TropicalEnvironment/Prefabs/FX/Fog_03.prefab using Guid(0fd8fbb3c17e4da40898227d4d299810) Importer(2089858483,3d70f49cd1c2eb9ae422958d1c652c6b) (ScriptedImporter)[PhysX] Initialized MultithreadedTaskDispatcher with 6 workers.
 -> (artifact id: '518ebc47e6b67d0ac2038e5b6a41ec8c') in 0.0500916 seconds
Number of updated asset objects reloaded before import = 0Number of asset objects unloaded after import = 6

========================================================================
Received Import Request.
  Time since last request: 0.000054 seconds.
  path: Assets/Motion Cast#06 - Vol.1/Kung-Fu animations/39-Mantis kick.fbx
  artifactKey: Guid(915336e890db8f14682b29a59d052efe) Importer(2089858483,192608db42251d675da83286b1cce702)
Start importing Assets/Motion Cast#06 - Vol.1/Kung-Fu animations/39-Mantis kick.fbx using Guid(915336e890db8f14682b29a59d052efe) Importer(2089858483,192608db42251d675da83286b1cce702) (ScriptedImporter)[PhysX] Initialized MultithreadedTaskDispatcher with 6 workers.
 -> (artifact id: '83253d7688bc8f293768122d5e164f44') in 0.138238 seconds
Number of updated asset objects reloaded before import = 0Number of asset objects unloaded after import = 120

========================================================================
Received Import Request.
  Time since last request: 0.000029 seconds.
  path: Assets/IslandEscape/TropicalEnvironment/Prefabs/Vegetation/Bamboo_01.prefab
  artifactKey: Guid(e76261df150f8fd4596996c8a6b52751) Importer(2089858483,3d70f49cd1c2eb9ae422958d1c652c6b)
Start importing Assets/IslandEscape/TropicalEnvironment/Prefabs/Vegetation/Bamboo_01.prefab using Guid(e76261df150f8fd4596996c8a6b52751) Importer(2089858483,3d70f49cd1c2eb9ae422958d1c652c6b) (ScriptedImporter)[PhysX] Initialized MultithreadedTaskDispatcher with 6 workers.
 -> (artifact id: '4fb950beec5a336fb44e880e0ba9769c') in 0.0665101 seconds
Number of updated asset objects reloaded before import = 0Number of asset objects unloaded after import = 22

========================================================================
Received Import Request.
  Time since last request: 0.000048 seconds.
  path: Assets/Motion Cast#06 - Vol.1/No root animations/19-Leopard flash-Take2-no root.fbx
  artifactKey: Guid(fed4ee525f9543142bba9b188aa61553) Importer(2089858483,192608db42251d675da83286b1cce702)
Start importing Assets/Motion Cast#06 - Vol.1/No root animations/19-Leopard flash-Take2-no root.fbx using Guid(fed4ee525f9543142bba9b188aa61553) Importer(2089858483,192608db42251d675da83286b1cce702) (ScriptedImporter)[PhysX] Initialized MultithreadedTaskDispatcher with 6 workers.
 -> (artifact id: '424e10a07e3b819c5dfc4db95643e12b') in 0.1551662 seconds
Number of updated asset objects reloaded before import = 0Number of asset objects unloaded after import = 120

========================================================================
Received Import Request.
  Time since last request: 0.000027 seconds.
  path: Assets/Motion Cast#06 - Vol.1/Kung-Fu animations/15-Leopard's counter elbow-Take3.fbx
  artifactKey: Guid(ba2f6b2c6e1547d47bb6db8dfa70b2a4) Importer(2089858483,192608db42251d675da83286b1cce702)
Start importing Assets/Motion Cast#06 - Vol.1/Kung-Fu animations/15-Leopard's counter elbow-Take3.fbx using Guid(ba2f6b2c6e1547d47bb6db8dfa70b2a4) Importer(2089858483,192608db42251d675da83286b1cce702) (ScriptedImporter)[PhysX] Initialized MultithreadedTaskDispatcher with 6 workers.
 -> (artifact id: '3ef34f4e37a28a43c11632e750571351') in 0.0791676 seconds
Number of updated asset objects reloaded before import = 0Number of asset objects unloaded after import = 120

========================================================================
Received Import Request.
  Time since last request: 0.000035 seconds.
  path: Assets/IslandEscape/TropicalEnvironment/Prefabs/Ancient/Tile_06.prefab
  artifactKey: Guid(95a88b4dcbd6f804099c2e4fa98ff03d) Importer(2089858483,3d70f49cd1c2eb9ae422958d1c652c6b)
Start importing Assets/IslandEscape/TropicalEnvironment/Prefabs/Ancient/Tile_06.prefab using Guid(95a88b4dcbd6f804099c2e4fa98ff03d) Importer(2089858483,3d70f49cd1c2eb9ae422958d1c652c6b) (ScriptedImporter)[PhysX] Initialized MultithreadedTaskDispatcher with 6 workers.
 -> (artifact id: '225cb5ed3518d8201d4efc0b32720a70') in 0.04846 seconds
Number of updated asset objects reloaded before import = 0Number of asset objects unloaded after import = 17

========================================================================
Received Import Request.
  Time since last request: 0.000031 seconds.
  path: Assets/Motion Cast#06 - Vol.1/Kung-Fu animations/24-Leopard Dive-Take4.fbx
  artifactKey: Guid(f4cdef3dfaa8d4f4e9bf061dfe600f12) Importer(2089858483,192608db42251d675da83286b1cce702)
Start importing Assets/Motion Cast#06 - Vol.1/Kung-Fu animations/24-Leopard Dive-Take4.fbx using Guid(f4cdef3dfaa8d4f4e9bf061dfe600f12) Importer(2089858483,192608db42251d675da83286b1cce702) (ScriptedImporter)[PhysX] Initialized MultithreadedTaskDispatcher with 6 workers.
 -> (artifact id: '307ff9e3a856215c1126434c4134b4ad') in 0.0728638 seconds
Number of updated asset objects reloaded before import = 0Number of asset objects unloaded after import = 120

========================================================================
Received Import Request.
  Time since last request: 0.000022 seconds.
  path: Assets/Motion Cast#06 - Vol.1/Kung-Fu animations/29-Chi kick-Take2.fbx
  artifactKey: Guid(998274b7331c70245a5699e167de8d03) Importer(2089858483,192608db42251d675da83286b1cce702)
Start importing Assets/Motion Cast#06 - Vol.1/Kung-Fu animations/29-Chi kick-Take2.fbx using Guid(998274b7331c70245a5699e167de8d03) Importer(2089858483,192608db42251d675da83286b1cce702) (ScriptedImporter)[PhysX] Initialized MultithreadedTaskDispatcher with 6 workers.
 -> (artifact id: 'a03e8db0aa6401b6fbde2b719e2978e2') in 0.235413 seconds
Number of updated asset objects reloaded before import = 0Number of asset objects unloaded after import = 120

========================================================================
Received Import Request.
  Time since last request: 0.000052 seconds.
  path: Assets/Motion Cast#06 - Vol.1/No root animations/22-Leopard trampling-Take4-no root.fbx
  artifactKey: Guid(72db01895c7c29c43abb8c5ff204437c) Importer(2089858483,192608db42251d675da83286b1cce702)
Start importing Assets/Motion Cast#06 - Vol.1/No root animations/22-Leopard trampling-Take4-no root.fbx using Guid(72db01895c7c29c43abb8c5ff204437c) Importer(2089858483,192608db42251d675da83286b1cce702) (ScriptedImporter)[PhysX] Initialized MultithreadedTaskDispatcher with 6 workers.
 -> (artifact id: 'b7cb59995736d4d31e9a79e03627f9d6') in 0.1126527 seconds
Number of updated asset objects reloaded before import = 0Number of asset objects unloaded after import = 120

========================================================================
Received Import Request.
  Time since last request: 0.000047 seconds.
  path: Assets/IslandEscape/TropicalEnvironment/Prefabs/Vegetation/Plant_07.prefab
  artifactKey: Guid(c50e9e1fa8a15df43be82ed53633f52e) Importer(2089858483,3d70f49cd1c2eb9ae422958d1c652c6b)
Start importing Assets/IslandEscape/TropicalEnvironment/Prefabs/Vegetation/Plant_07.prefab using Guid(c50e9e1fa8a15df43be82ed53633f52e) Importer(2089858483,3d70f49cd1c2eb9ae422958d1c652c6b) (ScriptedImporter)[PhysX] Initialized MultithreadedTaskDispatcher with 6 workers.
 -> (artifact id: 'b2063a0d62e024702725b71fe999f191') in 0.0270664 seconds
Number of updated asset objects reloaded before import = 0Number of asset objects unloaded after import = 21

========================================================================
Received Import Request.
  Time since last request: 0.000049 seconds.
  path: Assets/IslandEscape/TropicalEnvironment/Prefabs/Vegetation/Starfish_01.prefab
  artifactKey: Guid(2617be884a80d7c4a8e2936ae28777b3) Importer(2089858483,3d70f49cd1c2eb9ae422958d1c652c6b)
Start importing Assets/IslandEscape/TropicalEnvironment/Prefabs/Vegetation/Starfish_01.prefab using Guid(2617be884a80d7c4a8e2936ae28777b3) Importer(2089858483,3d70f49cd1c2eb9ae422958d1c652c6b) (ScriptedImporter)[PhysX] Initialized MultithreadedTaskDispatcher with 6 workers.
 -> (artifact id: '006cf00f6c04043e4dce8072f4171a10') in 0.0289799 seconds
Number of updated asset objects reloaded before import = 0Number of asset objects unloaded after import = 21

========================================================================
Received Import Request.
  Time since last request: 0.000063 seconds.
  path: Assets/Motion Cast#06 - Vol.1/No root animations/27-Storm kick-Take4-no root.fbx
  artifactKey: Guid(68d7d74f9824d54469e51dc4c24e1ab2) Importer(2089858483,192608db42251d675da83286b1cce702)
Start importing Assets/Motion Cast#06 - Vol.1/No root animations/27-Storm kick-Take4-no root.fbx using Guid(68d7d74f9824d54469e51dc4c24e1ab2) Importer(2089858483,192608db42251d675da83286b1cce702) (ScriptedImporter)[PhysX] Initialized MultithreadedTaskDispatcher with 6 workers.
 -> (artifact id: '17c2e2fc2c625189910c840ef88ae235') in 0.1197255 seconds
Number of updated asset objects reloaded before import = 0Number of asset objects unloaded after import = 120

========================================================================
Received Import Request.
  Time since last request: 0.000036 seconds.
  path: Assets/Motion Cast#06 - Vol.1/No root animations/22-Leopard trampling-Take2-no root.fbx
  artifactKey: Guid(e9c9b9db84efcd547a7402fec8a82015) Importer(2089858483,192608db42251d675da83286b1cce702)
Start importing Assets/Motion Cast#06 - Vol.1/No root animations/22-Leopard trampling-Take2-no root.fbx using Guid(e9c9b9db84efcd547a7402fec8a82015) Importer(2089858483,192608db42251d675da83286b1cce702) (ScriptedImporter)[PhysX] Initialized MultithreadedTaskDispatcher with 6 workers.
 -> (artifact id: '721957eeb8af37c0e5dcb331b084bf28') in 0.1047157 seconds
Number of updated asset objects reloaded before import = 0Number of asset objects unloaded after import = 120

========================================================================
Received Import Request.
  Time since last request: 0.000030 seconds.
  path: Assets/IslandEscape/TropicalEnvironment/Prefabs/Props/Grenade_02.prefab
  artifactKey: Guid(87581345492398947b7cc6ec125a7feb) Importer(2089858483,3d70f49cd1c2eb9ae422958d1c652c6b)
Start importing Assets/IslandEscape/TropicalEnvironment/Prefabs/Props/Grenade_02.prefab using Guid(87581345492398947b7cc6ec125a7feb) Importer(2089858483,3d70f49cd1c2eb9ae422958d1c652c6b) (ScriptedImporter)[PhysX] Initialized MultithreadedTaskDispatcher with 6 workers.
 -> (artifact id: 'b9017ed62498abeca166e2ec2af06fa2') in 0.0435214 seconds
Number of updated asset objects reloaded before import = 0Number of asset objects unloaded after import = 17

========================================================================
Received Import Request.
  Time since last request: 0.000032 seconds.
  path: Assets/Motion Cast#06 - Vol.1/No root animations/22-Leopard trampling-Take5-no root.fbx
  artifactKey: Guid(60a2b668c395ff4429143fc16479df53) Importer(2089858483,192608db42251d675da83286b1cce702)
Start importing Assets/Motion Cast#06 - Vol.1/No root animations/22-Leopard trampling-Take5-no root.fbx using Guid(60a2b668c395ff4429143fc16479df53) Importer(2089858483,192608db42251d675da83286b1cce702) (ScriptedImporter)[PhysX] Initialized MultithreadedTaskDispatcher with 6 workers.
 -> (artifact id: 'd78b2f9ba8b3f9eb982078fd8a0fa60b') in 0.1209451 seconds
Number of updated asset objects reloaded before import = 0Number of asset objects unloaded after import = 120

========================================================================
Received Import Request.
  Time since last request: 0.000045 seconds.
  path: Assets/IslandEscape/Scenes/SampleScene.unity
  artifactKey: Guid(9fc0d4010bbf28b4594072e72b8655ab) Importer(2089858483,192608db42251d675da83286b1cce702)
Start importing Assets/IslandEscape/Scenes/SampleScene.unity using Guid(9fc0d4010bbf28b4594072e72b8655ab) Importer(2089858483,192608db42251d675da83286b1cce702) (ScriptedImporter)[PhysX] Initialized MultithreadedTaskDispatcher with 6 workers.
 -> (artifact id: '18cb6793155f0166ab6d2bdb92481377') in 0.0480846 seconds
Number of updated asset objects reloaded before import = 0Number of asset objects unloaded after import = 1

========================================================================
Received Import Request.
  Time since last request: 0.000020 seconds.
  path: Assets/Motion Cast#06 - Vol.1/Kung-Fu animations/14-Splashy backpunch-Take3.fbx
  artifactKey: Guid(daf644d740f47b946b8da060991a00c2) Importer(2089858483,192608db42251d675da83286b1cce702)
Start importing Assets/Motion Cast#06 - Vol.1/Kung-Fu animations/14-Splashy backpunch-Take3.fbx using Guid(daf644d740f47b946b8da060991a00c2) Importer(2089858483,192608db42251d675da83286b1cce702) (ScriptedImporter)[PhysX] Initialized MultithreadedTaskDispatcher with 6 workers.
 -> (artifact id: '1307155d9cab9e04a41f3c78121abad5') in 0.1011547 seconds
Number of updated asset objects reloaded before import = 0Number of asset objects unloaded after import = 120

========================================================================
Received Import Request.
  Time since last request: 0.000072 seconds.
  path: Assets/Motion Cast#06 - Vol.1/No root animations/21-Rainy kick-Take2-no root.fbx
  artifactKey: Guid(5f01a85c8f3454e408966c5eee4a059e) Importer(2089858483,192608db42251d675da83286b1cce702)
Start importing Assets/Motion Cast#06 - Vol.1/No root animations/21-Rainy kick-Take2-no root.fbx using Guid(5f01a85c8f3454e408966c5eee4a059e) Importer(2089858483,192608db42251d675da83286b1cce702) (ScriptedImporter)[PhysX] Initialized MultithreadedTaskDispatcher with 6 workers.
 -> (artifact id: '772e2603c1916fa297c852197305f909') in 0.1710561 seconds
Number of updated asset objects reloaded before import = 0Number of asset objects unloaded after import = 120

========================================================================
Received Import Request.
  Time since last request: 0.000076 seconds.
  path: Assets/Motion Cast#06 - Vol.1/No root animations/36-Tornado kick-no root.fbx
  artifactKey: Guid(81433a0a2b8798a46bfb908cee744598) Importer(2089858483,192608db42251d675da83286b1cce702)
Start importing Assets/Motion Cast#06 - Vol.1/No root animations/36-Tornado kick-no root.fbx using Guid(81433a0a2b8798a46bfb908cee744598) Importer(2089858483,192608db42251d675da83286b1cce702) (ScriptedImporter)[PhysX] Initialized MultithreadedTaskDispatcher with 6 workers.
 -> (artifact id: '8bce56ff1e5f86c333877c07930ee7ef') in 0.1587799 seconds
Number of updated asset objects reloaded before import = 0Number of asset objects unloaded after import = 120

========================================================================
Received Import Request.
  Time since last request: 0.000031 seconds.
  path: Assets/Motion Cast#06 - Vol.1/No root animations/38-Rainy blast kick-Take1-no root.fbx
  artifactKey: Guid(7e9d8d4883152a44ea3630eba6275228) Importer(2089858483,192608db42251d675da83286b1cce702)
Start importing Assets/Motion Cast#06 - Vol.1/No root animations/38-Rainy blast kick-Take1-no root.fbx using Guid(7e9d8d4883152a44ea3630eba6275228) Importer(2089858483,192608db42251d675da83286b1cce702) (ScriptedImporter)[PhysX] Initialized MultithreadedTaskDispatcher with 6 workers.
 -> (artifact id: 'c2eba6fe5a7fabb8cae706a882abbe37') in 0.0885792 seconds
Number of updated asset objects reloaded before import = 0Number of asset objects unloaded after import = 120

========================================================================
Received Import Request.
  Time since last request: 0.000040 seconds.
  path: Assets/Motion Cast#06 - Vol.1/No root animations/16-Stab rainy leopard-Take3-no root.fbx
  artifactKey: Guid(675aca5297f251c40838260fc0bc6eaf) Importer(2089858483,192608db42251d675da83286b1cce702)
Start importing Assets/Motion Cast#06 - Vol.1/No root animations/16-Stab rainy leopard-Take3-no root.fbx using Guid(675aca5297f251c40838260fc0bc6eaf) Importer(2089858483,192608db42251d675da83286b1cce702) (ScriptedImporter)[PhysX] Initialized MultithreadedTaskDispatcher with 6 workers.
 -> (artifact id: '3bdd2579b31e1f5fca849718ba09cfaa') in 0.1866328 seconds
Number of updated asset objects reloaded before import = 0Number of asset objects unloaded after import = 120

========================================================================
Received Import Request.
  Time since last request: 0.000040 seconds.
  path: Assets/IslandEscape/TropicalEnvironment/Prefabs/Vegetation/BananaTree_03.prefab
  artifactKey: Guid(737440b5c53d6984ebbd1129b8969cce) Importer(2089858483,3d70f49cd1c2eb9ae422958d1c652c6b)
Start importing Assets/IslandEscape/TropicalEnvironment/Prefabs/Vegetation/BananaTree_03.prefab using Guid(737440b5c53d6984ebbd1129b8969cce) Importer(2089858483,3d70f49cd1c2eb9ae422958d1c652c6b) (ScriptedImporter)[PhysX] Initialized MultithreadedTaskDispatcher with 6 workers.
 -> (artifact id: '928f475512bf3ab685dea26cacdc997b') in 0.0402667 seconds
Number of updated asset objects reloaded before import = 0Number of asset objects unloaded after import = 22

========================================================================
Received Import Request.
  Time since last request: 0.000144 seconds.
  path: Assets/Motion Cast#06 - Vol.1/No root animations/44-Dodge back-Take2-no root.fbx
  artifactKey: Guid(dbcb93fa4c5723e4ca9660a495e9a030) Importer(2089858483,192608db42251d675da83286b1cce702)
Start importing Assets/Motion Cast#06 - Vol.1/No root animations/44-Dodge back-Take2-no root.fbx using Guid(dbcb93fa4c5723e4ca9660a495e9a030) Importer(2089858483,192608db42251d675da83286b1cce702) (ScriptedImporter)[PhysX] Initialized MultithreadedTaskDispatcher with 6 workers.
 -> (artifact id: 'd864965eac59161fabb66bf95a5a80a0') in 0.0902445 seconds
Number of updated asset objects reloaded before import = 0Number of asset objects unloaded after import = 120

========================================================================
Received Import Request.
  Time since last request: 0.000715 seconds.
  path: Assets/Motion Cast#06 - Vol.1/No root animations/45-Idle-no root.fbx
  artifactKey: Guid(aa8405a2144f5d9489ea18d9d7bd5958) Importer(2089858483,192608db42251d675da83286b1cce702)
Start importing Assets/Motion Cast#06 - Vol.1/No root animations/45-Idle-no root.fbx using Guid(aa8405a2144f5d9489ea18d9d7bd5958) Importer(2089858483,192608db42251d675da83286b1cce702) (ScriptedImporter)[PhysX] Initialized MultithreadedTaskDispatcher with 6 workers.
 -> (artifact id: '75b01dffa2ef1490593e3365f983b5c5') in 0.1198788 seconds
Number of updated asset objects reloaded before import = 0Number of asset objects unloaded after import = 120

========================================================================
Received Import Request.
  Time since last request: 0.000038 seconds.
  path: Assets/Motion Cast#06 - Vol.1/No root animations/8-Double saber strike-Take1-no root.fbx
  artifactKey: Guid(8beb30a19eb5a5a46a5f58a53f35b261) Importer(2089858483,192608db42251d675da83286b1cce702)
Start importing Assets/Motion Cast#06 - Vol.1/No root animations/8-Double saber strike-Take1-no root.fbx using Guid(8beb30a19eb5a5a46a5f58a53f35b261) Importer(2089858483,192608db42251d675da83286b1cce702) (ScriptedImporter)[PhysX] Initialized MultithreadedTaskDispatcher with 6 workers.
 -> (artifact id: 'e9883c39e5d874767dc4cf4b2c6ff257') in 0.094947 seconds
Number of updated asset objects reloaded before import = 0Number of asset objects unloaded after import = 120

========================================================================
Received Import Request.
  Time since last request: 0.000023 seconds.
  path: Assets/Motion Cast#06 - Vol.1/Kung-Fu animations/22-Leopard trampling-Take2.fbx
  artifactKey: Guid(daef323dffaf27d47968c0bdf4db1553) Importer(2089858483,192608db42251d675da83286b1cce702)
Start importing Assets/Motion Cast#06 - Vol.1/Kung-Fu animations/22-Leopard trampling-Take2.fbx using Guid(daef323dffaf27d47968c0bdf4db1553) Importer(2089858483,192608db42251d675da83286b1cce702) (ScriptedImporter)[PhysX] Initialized MultithreadedTaskDispatcher with 6 workers.
 -> (artifact id: '37fe0cb3afbfbdb69b7efb099d06818e') in 0.1133763 seconds
Number of updated asset objects reloaded before import = 0Number of asset objects unloaded after import = 120

========================================================================
Received Import Request.
  Time since last request: 0.000039 seconds.
  path: Assets/ALP_Assets/Realistic Terrain Textures Lite/Textures/Ground001.tif
  artifactKey: Guid(e6b40e3095a894045935367e20af21c1) Importer(2089858483,192608db42251d675da83286b1cce702)
Start importing Assets/ALP_Assets/Realistic Terrain Textures Lite/Textures/Ground001.tif using Guid(e6b40e3095a894045935367e20af21c1) Importer(2089858483,192608db42251d675da83286b1cce702) (ScriptedImporter)[PhysX] Initialized MultithreadedTaskDispatcher with 6 workers.
 -> (artifact id: 'd036aa6c17aebf939389521860fa4036') in 0.7372005 seconds
Number of updated asset objects reloaded before import = 0Number of asset objects unloaded after import = 1

========================================================================
Received Import Request.
  Time since last request: 0.000050 seconds.
  path: Assets/ALP_Assets/Realistic Terrain Textures Lite/Textures/Ground003_N.png
  artifactKey: Guid(76c6e2a0a04c76c4fb2ba05a8deb993f) Importer(2089858483,192608db42251d675da83286b1cce702)
Start importing Assets/ALP_Assets/Realistic Terrain Textures Lite/Textures/Ground003_N.png using Guid(76c6e2a0a04c76c4fb2ba05a8deb993f) Importer(2089858483,192608db42251d675da83286b1cce702) (ScriptedImporter)[PhysX] Initialized MultithreadedTaskDispatcher with 6 workers.
 -> (artifact id: 'e3d634097a55e1e9fb30ac281a2e63ed') in 0.112451 seconds
Number of updated asset objects reloaded before import = 0Number of asset objects unloaded after import = 1

========================================================================
Received Import Request.
  Time since last request: 0.000021 seconds.
  path: Assets/IslandEscape/TropicalEnvironment/Prefabs/Vegetation/Seaweed_02.prefab
  artifactKey: Guid(f3d8f61997d4e4c4686bdc61bbb54eb0) Importer(2089858483,3d70f49cd1c2eb9ae422958d1c652c6b)
Start importing Assets/IslandEscape/TropicalEnvironment/Prefabs/Vegetation/Seaweed_02.prefab using Guid(f3d8f61997d4e4c4686bdc61bbb54eb0) Importer(2089858483,3d70f49cd1c2eb9ae422958d1c652c6b) (ScriptedImporter)[PhysX] Initialized MultithreadedTaskDispatcher with 6 workers.
 -> (artifact id: '1d6535d454dab86a59cc88c16b1b8fe5') in 0.0407529 seconds
Number of updated asset objects reloaded before import = 0Number of asset objects unloaded after import = 21

========================================================================
Received Import Request.
  Time since last request: 0.000035 seconds.
  path: Assets/Motion Cast#06 - Vol.1/Kung-Fu animations/27-Storm kick-Take4.fbx
  artifactKey: Guid(563167bf7a62fc84fae439dcb9991b8a) Importer(2089858483,192608db42251d675da83286b1cce702)
Start importing Assets/Motion Cast#06 - Vol.1/Kung-Fu animations/27-Storm kick-Take4.fbx using Guid(563167bf7a62fc84fae439dcb9991b8a) Importer(2089858483,192608db42251d675da83286b1cce702) (ScriptedImporter)[PhysX] Initialized MultithreadedTaskDispatcher with 6 workers.
 -> (artifact id: 'a06165bac38fee46ab5218d16a01795d') in 0.0951674 seconds
Number of updated asset objects reloaded before import = 0Number of asset objects unloaded after import = 120

========================================================================
Received Import Request.
  Time since last request: 0.000030 seconds.
  path: Assets/ALP_Assets/Realistic Terrain Textures Lite/Textures/Ground005_N.png
  artifactKey: Guid(36ac33f397b4e96408b18b8b70518c46) Importer(2089858483,192608db42251d675da83286b1cce702)
Start importing Assets/ALP_Assets/Realistic Terrain Textures Lite/Textures/Ground005_N.png using Guid(36ac33f397b4e96408b18b8b70518c46) Importer(2089858483,192608db42251d675da83286b1cce702) (ScriptedImporter)[PhysX] Initialized MultithreadedTaskDispatcher with 6 workers.
 -> (artifact id: '42076b4cbcd4ba2e75e3cadf7b4699c7') in 0.0997647 seconds
Number of updated asset objects reloaded before import = 0Number of asset objects unloaded after import = 1

========================================================================
Received Import Request.
  Time since last request: 0.000024 seconds.
  path: Assets/ALP_Assets/Realistic Terrain Textures Lite/Textures/Ground004_S.png
  artifactKey: Guid(63ae929dc991af94c92819e8be25579a) Importer(2089858483,192608db42251d675da83286b1cce702)
Start importing Assets/ALP_Assets/Realistic Terrain Textures Lite/Textures/Ground004_S.png using Guid(63ae929dc991af94c92819e8be25579a) Importer(2089858483,192608db42251d675da83286b1cce702) (ScriptedImporter)[PhysX] Initialized MultithreadedTaskDispatcher with 6 workers.
 -> (artifact id: 'b1114d9fed0dfb6f5175c9e72a252ace') in 0.0530188 seconds
Number of updated asset objects reloaded before import = 0Number of asset objects unloaded after import = 1

========================================================================
Received Import Request.
  Time since last request: 0.000033 seconds.
  path: Assets/IslandEscape/TropicalEnvironment/Prefabs/Props/Mask_01.prefab
  artifactKey: Guid(91e8492412455b9478a50ea87885b491) Importer(2089858483,3d70f49cd1c2eb9ae422958d1c652c6b)
Start importing Assets/IslandEscape/TropicalEnvironment/Prefabs/Props/Mask_01.prefab using Guid(91e8492412455b9478a50ea87885b491) Importer(2089858483,3d70f49cd1c2eb9ae422958d1c652c6b) (ScriptedImporter)[PhysX] Initialized MultithreadedTaskDispatcher with 6 workers.
 -> (artifact id: '352821c1ec0de0774a66705bde3ad00e') in 0.0343125 seconds
Number of updated asset objects reloaded before import = 0Number of asset objects unloaded after import = 22

========================================================================
Received Import Request.
  Time since last request: 0.000031 seconds.
  path: Assets/Motion Cast#06 - Vol.1/No root animations/14-Splashy backpunch-Take2-no root.fbx
  artifactKey: Guid(843b03f43459f9543a5197f47b3d176f) Importer(2089858483,192608db42251d675da83286b1cce702)
Start importing Assets/Motion Cast#06 - Vol.1/No root animations/14-Splashy backpunch-Take2-no root.fbx using Guid(843b03f43459f9543a5197f47b3d176f) Importer(2089858483,192608db42251d675da83286b1cce702) (ScriptedImporter)[PhysX] Initialized MultithreadedTaskDispatcher with 6 workers.
 -> (artifact id: 'da9165ec44503f4d299465e6c300c3b3') in 0.1219274 seconds
Number of updated asset objects reloaded before import = 0Number of asset objects unloaded after import = 120

========================================================================
Received Import Request.
  Time since last request: 0.000040 seconds.
  path: Assets/IslandEscape/TropicalEnvironment/Materials/TropicalEnvironment_GodRay_03.mat
  artifactKey: Guid(f0466f3f101dad6429c6f231838027e2) Importer(2089858483,192608db42251d675da83286b1cce702)
Start importing Assets/IslandEscape/TropicalEnvironment/Materials/TropicalEnvironment_GodRay_03.mat using Guid(f0466f3f101dad6429c6f231838027e2) Importer(2089858483,192608db42251d675da83286b1cce702) (ScriptedImporter)[PhysX] Initialized MultithreadedTaskDispatcher with 6 workers.
 -> (artifact id: '2dbce127535c79384871b2a1eaf01ccf') in 0.0500645 seconds
Number of updated asset objects reloaded before import = 0Number of asset objects unloaded after import = 2

========================================================================
Received Import Request.
  Time since last request: 0.000032 seconds.
  path: Assets/IslandEscape/TropicalEnvironment/Textures/TropicalEnvironment_GodRay_06.png
  artifactKey: Guid(004db18d0ebb12546969aded48b32478) Importer(2089858483,192608db42251d675da83286b1cce702)
Start importing Assets/IslandEscape/TropicalEnvironment/Textures/TropicalEnvironment_GodRay_06.png using Guid(004db18d0ebb12546969aded48b32478) Importer(2089858483,192608db42251d675da83286b1cce702) (ScriptedImporter)[PhysX] Initialized MultithreadedTaskDispatcher with 6 workers.
 -> (artifact id: 'bc2ed806e5cf07a2a37408e5a5653268') in 0.041603 seconds
Number of updated asset objects reloaded before import = 0Number of asset objects unloaded after import = 1

========================================================================
Received Import Request.
  Time since last request: 0.000024 seconds.
  path: Assets/IslandEscape/TropicalEnvironment/Materials/TropicalEnvironment_GodRay_04.mat
  artifactKey: Guid(3973f32ce0a484847939004a94e566b4) Importer(2089858483,192608db42251d675da83286b1cce702)
Start importing Assets/IslandEscape/TropicalEnvironment/Materials/TropicalEnvironment_GodRay_04.mat using Guid(3973f32ce0a484847939004a94e566b4) Importer(2089858483,192608db42251d675da83286b1cce702) (ScriptedImporter)[PhysX] Initialized MultithreadedTaskDispatcher with 6 workers.
 -> (artifact id: 'b4b16a937f7ca93f13881329a449c337') in 0.0368409 seconds
Number of updated asset objects reloaded before import = 0Number of asset objects unloaded after import = 2

========================================================================
Received Import Request.
  Time since last request: 0.000028 seconds.
  path: Assets/IslandEscape/TropicalEnvironment/Textures/TropicalEnvironment_GodRay_03.png
  artifactKey: Guid(2fddae178bcbc3e408b756971ef143fa) Importer(2089858483,192608db42251d675da83286b1cce702)
Start importing Assets/IslandEscape/TropicalEnvironment/Textures/TropicalEnvironment_GodRay_03.png using Guid(2fddae178bcbc3e408b756971ef143fa) Importer(2089858483,192608db42251d675da83286b1cce702) (ScriptedImporter)[PhysX] Initialized MultithreadedTaskDispatcher with 6 workers.
 -> (artifact id: '54a2b129ea4a0883b704594b5d5d2bcc') in 0.0345193 seconds
Number of updated asset objects reloaded before import = 0Number of asset objects unloaded after import = 1

========================================================================
Received Import Request.
  Time since last request: 0.000045 seconds.
  path: Assets/IslandEscape/TropicalEnvironment/Models/Ancient/Crystal_06.fbx
  artifactKey: Guid(73030288c7754bd4f999536cb3344619) Importer(2089858483,192608db42251d675da83286b1cce702)
Start importing Assets/IslandEscape/TropicalEnvironment/Models/Ancient/Crystal_06.fbx using Guid(73030288c7754bd4f999536cb3344619) Importer(2089858483,192608db42251d675da83286b1cce702) (ScriptedImporter)[PhysX] Initialized MultithreadedTaskDispatcher with 6 workers.
 -> (artifact id: '316c4f380faedc6b9e06ddc03ef15469') in 0.0769306 seconds
Number of updated asset objects reloaded before import = 0Number of asset objects unloaded after import = 15

========================================================================
Received Import Request.
  Time since last request: 0.000026 seconds.
  path: Assets/Motion Cast#06 - Vol.1/Scene/Animations scene/15-Leopard's counter elbow-Take1.fbx
  artifactKey: Guid(9418cd26729b4ae488c283573fc3a70d) Importer(2089858483,192608db42251d675da83286b1cce702)
Start importing Assets/Motion Cast#06 - Vol.1/Scene/Animations scene/15-Leopard's counter elbow-Take1.fbx using Guid(9418cd26729b4ae488c283573fc3a70d) Importer(2089858483,192608db42251d675da83286b1cce702) (ScriptedImporter)[PhysX] Initialized MultithreadedTaskDispatcher with 6 workers.
 -> (artifact id: '2879d33103b2b3221a00f626dbb82bc5') in 0.090429 seconds
Number of updated asset objects reloaded before import = 0Number of asset objects unloaded after import = 120

========================================================================
Received Import Request.
  Time since last request: 0.000029 seconds.
  path: Assets/Motion Cast#06 - Vol.1/Kung-Fu animations/1-Leopard punch-Take3.fbx
  artifactKey: Guid(e5eda5dece25a4647917b43ff67cd411) Importer(2089858483,192608db42251d675da83286b1cce702)
Start importing Assets/Motion Cast#06 - Vol.1/Kung-Fu animations/1-Leopard punch-Take3.fbx using Guid(e5eda5dece25a4647917b43ff67cd411) Importer(2089858483,192608db42251d675da83286b1cce702) (ScriptedImporter)[PhysX] Initialized MultithreadedTaskDispatcher with 6 workers.
 -> (artifact id: 'c5fb07877ca7b453271e9c8e02b12285') in 0.1054357 seconds
Number of updated asset objects reloaded before import = 0Number of asset objects unloaded after import = 120

========================================================================
Received Import Request.
  Time since last request: 0.000227 seconds.
  path: Assets/IslandEscape/TropicalEnvironment/Models/FX/WaterPlane_01.fbx
  artifactKey: Guid(212a4b6abfa25c34088ed99ab83af38b) Importer(2089858483,192608db42251d675da83286b1cce702)
Start importing Assets/IslandEscape/TropicalEnvironment/Models/FX/WaterPlane_01.fbx using Guid(212a4b6abfa25c34088ed99ab83af38b) Importer(2089858483,192608db42251d675da83286b1cce702) (ScriptedImporter)[PhysX] Initialized MultithreadedTaskDispatcher with 6 workers.
 -> (artifact id: '04da7627e582f0a5326e024e0b8c616e') in 0.090829 seconds
Number of updated asset objects reloaded before import = 0Number of asset objects unloaded after import = 7

========================================================================
Received Import Request.
  Time since last request: 0.000033 seconds.
  path: Assets/IslandEscape/TropicalEnvironment/Models/Ancient/Cube_03.fbx
  artifactKey: Guid(d65b40b6654db264998b43baad270b8c) Importer(2089858483,192608db42251d675da83286b1cce702)
Start importing Assets/IslandEscape/TropicalEnvironment/Models/Ancient/Cube_03.fbx using Guid(d65b40b6654db264998b43baad270b8c) Importer(2089858483,192608db42251d675da83286b1cce702) (ScriptedImporter)[PhysX] Initialized MultithreadedTaskDispatcher with 6 workers.
 -> (artifact id: 'e5ab7f46c9dc551c09589430c40b4222') in 0.0501718 seconds
Number of updated asset objects reloaded before import = 0Number of asset objects unloaded after import = 15

========================================================================
Received Import Request.
  Time since last request: 0.000025 seconds.
  path: Assets/IslandEscape/TropicalEnvironment/Models/Ancient/MagicCube_01.fbx
  artifactKey: Guid(4451ebd23221ad743b8b46097e3b83b1) Importer(2089858483,192608db42251d675da83286b1cce702)
Start importing Assets/IslandEscape/TropicalEnvironment/Models/Ancient/MagicCube_01.fbx using Guid(4451ebd23221ad743b8b46097e3b83b1) Importer(2089858483,192608db42251d675da83286b1cce702) (ScriptedImporter)[PhysX] Initialized MultithreadedTaskDispatcher with 6 workers.
 -> (artifact id: '262339fa858bba7c954a0218d2a8a866') in 0.0357554 seconds
Number of updated asset objects reloaded before import = 0Number of asset objects unloaded after import = 15

========================================================================
Received Import Request.
  Time since last request: 0.000047 seconds.
  path: Assets/IslandEscape/TropicalEnvironment/Prefabs/Rocks/Cave_06.prefab
  artifactKey: Guid(908c31697630e454da5bdef9b7521b1f) Importer(2089858483,3d70f49cd1c2eb9ae422958d1c652c6b)
Start importing Assets/IslandEscape/TropicalEnvironment/Prefabs/Rocks/Cave_06.prefab using Guid(908c31697630e454da5bdef9b7521b1f) Importer(2089858483,3d70f49cd1c2eb9ae422958d1c652c6b) (ScriptedImporter)[PhysX] Initialized MultithreadedTaskDispatcher with 6 workers.
 -> (artifact id: '9c86f43d96a524931350b171797c57dd') in 0.0786972 seconds
Number of updated asset objects reloaded before import = 0Number of asset objects unloaded after import = 17

========================================================================
Received Import Request.
  Time since last request: 0.000025 seconds.
  path: Assets/IslandEscape/TropicalEnvironment/Models/Props/Cannon.fbx
  artifactKey: Guid(0022eeb1fa37e4f468c3f0a80ae1050a) Importer(2089858483,192608db42251d675da83286b1cce702)
Start importing Assets/IslandEscape/TropicalEnvironment/Models/Props/Cannon.fbx using Guid(0022eeb1fa37e4f468c3f0a80ae1050a) Importer(2089858483,192608db42251d675da83286b1cce702) (ScriptedImporter)[PhysX] Initialized MultithreadedTaskDispatcher with 6 workers.
 -> (artifact id: '57f039965986cd0a9fdd3dd248dc1c72') in 0.0835049 seconds
Number of updated asset objects reloaded before import = 0Number of asset objects unloaded after import = 65

========================================================================
Received Import Request.
  Time since last request: 0.000033 seconds.
  path: Assets/IslandEscape/TropicalEnvironment/Models/Props/Fish_01.fbx
  artifactKey: Guid(841e3d640810d814b826fd09bc9fc65b) Importer(2089858483,192608db42251d675da83286b1cce702)
Start importing Assets/IslandEscape/TropicalEnvironment/Models/Props/Fish_01.fbx using Guid(841e3d640810d814b826fd09bc9fc65b) Importer(2089858483,192608db42251d675da83286b1cce702) (ScriptedImporter)[PhysX] Initialized MultithreadedTaskDispatcher with 6 workers.
 -> (artifact id: '257162df81dfa2f6cdb0d548f62cc861') in 0.0447944 seconds
Number of updated asset objects reloaded before import = 0Number of asset objects unloaded after import = 15

========================================================================
Received Import Request.
  Time since last request: 0.000041 seconds.
  path: Assets/IslandEscape/TropicalEnvironment/Models/Props/Fireplace_01.fbx
  artifactKey: Guid(6960b6769632e2a458ec6ff17b4a7466) Importer(2089858483,192608db42251d675da83286b1cce702)
Start importing Assets/IslandEscape/TropicalEnvironment/Models/Props/Fireplace_01.fbx using Guid(6960b6769632e2a458ec6ff17b4a7466) Importer(2089858483,192608db42251d675da83286b1cce702) (ScriptedImporter)[PhysX] Initialized MultithreadedTaskDispatcher with 6 workers.
 -> (artifact id: '5e636206718b4e6045aa340596a37303') in 0.0535747 seconds
Number of updated asset objects reloaded before import = 0Number of asset objects unloaded after import = 20

========================================================================
Received Import Request.
  Time since last request: 0.000024 seconds.
  path: Assets/IslandEscape/TropicalEnvironment/Prefabs/Props/Diamond_03.prefab
  artifactKey: Guid(537f8193501002f498aed477be07e060) Importer(2089858483,3d70f49cd1c2eb9ae422958d1c652c6b)
Start importing Assets/IslandEscape/TropicalEnvironment/Prefabs/Props/Diamond_03.prefab using Guid(537f8193501002f498aed477be07e060) Importer(2089858483,3d70f49cd1c2eb9ae422958d1c652c6b) (ScriptedImporter)[PhysX] Initialized MultithreadedTaskDispatcher with 6 workers.
 -> (artifact id: '58b01562edc34ea4fc025038f2a5fd0b') in 0.0357854 seconds
Number of updated asset objects reloaded before import = 0Number of asset objects unloaded after import = 17

========================================================================
Received Import Request.
  Time since last request: 0.000022 seconds.
  path: Assets/IslandEscape/TropicalEnvironment/Models/Props/HammockWood_01.fbx
  artifactKey: Guid(df9b0a24a1cb5b247bda3eddd4c11be6) Importer(2089858483,192608db42251d675da83286b1cce702)
Start importing Assets/IslandEscape/TropicalEnvironment/Models/Props/HammockWood_01.fbx using Guid(df9b0a24a1cb5b247bda3eddd4c11be6) Importer(2089858483,192608db42251d675da83286b1cce702) (ScriptedImporter)[PhysX] Initialized MultithreadedTaskDispatcher with 6 workers.
 -> (artifact id: '3ac7900c6c9023d36ae36cd3dad0ce8f') in 0.0879891 seconds
Number of updated asset objects reloaded before import = 0Number of asset objects unloaded after import = 20

========================================================================
Received Import Request.
  Time since last request: 0.000037 seconds.
  path: Assets/IslandEscape/TropicalEnvironment/Models/Props/House_01.fbx
  artifactKey: Guid(1a0e190a17ae44040a9657329dc18931) Importer(2089858483,192608db42251d675da83286b1cce702)
Start importing Assets/IslandEscape/TropicalEnvironment/Models/Props/House_01.fbx using Guid(1a0e190a17ae44040a9657329dc18931) Importer(2089858483,192608db42251d675da83286b1cce702) (ScriptedImporter)[PhysX] Initialized MultithreadedTaskDispatcher with 6 workers.
 -> (artifact id: 'efcdd2c4acc428c9f8bc9bbafd77709c') in 0.0587069 seconds
Number of updated asset objects reloaded before import = 0Number of asset objects unloaded after import = 20

========================================================================
Received Import Request.
  Time since last request: 0.000067 seconds.
  path: Assets/IslandEscape/TropicalEnvironment/Models/Props/House_03.fbx
  artifactKey: Guid(0d3d96fe351bd144da5864d780af6e45) Importer(2089858483,192608db42251d675da83286b1cce702)
Start importing Assets/IslandEscape/TropicalEnvironment/Models/Props/House_03.fbx using Guid(0d3d96fe351bd144da5864d780af6e45) Importer(2089858483,192608db42251d675da83286b1cce702) (ScriptedImporter)[PhysX] Initialized MultithreadedTaskDispatcher with 6 workers.
 -> (artifact id: 'db306da17a0621f2ee1fc999429c5442') in 0.0599062 seconds
Number of updated asset objects reloaded before import = 0Number of asset objects unloaded after import = 20

========================================================================
Received Import Request.
  Time since last request: 0.000027 seconds.
  path: Assets/IslandEscape/TropicalEnvironment/Models/Rocks/Cave_03.fbx
  artifactKey: Guid(100c2b4a717dd8a42b94e462d602943a) Importer(2089858483,192608db42251d675da83286b1cce702)
Start importing Assets/IslandEscape/TropicalEnvironment/Models/Rocks/Cave_03.fbx using Guid(100c2b4a717dd8a42b94e462d602943a) Importer(2089858483,192608db42251d675da83286b1cce702) (ScriptedImporter)[PhysX] Initialized MultithreadedTaskDispatcher with 6 workers.
 -> (artifact id: '24ea3047588b8fad67640d36a2e48464') in 0.0581708 seconds
Number of updated asset objects reloaded before import = 0Number of asset objects unloaded after import = 15

========================================================================
Received Import Request.
  Time since last request: 0.000063 seconds.
  path: Assets/IslandEscape/TropicalEnvironment/Models/Props/Tent_01.fbx
  artifactKey: Guid(ce2f79aea0e7ff0488c2a779c66d9f78) Importer(2089858483,192608db42251d675da83286b1cce702)
Start importing Assets/IslandEscape/TropicalEnvironment/Models/Props/Tent_01.fbx using Guid(ce2f79aea0e7ff0488c2a779c66d9f78) Importer(2089858483,192608db42251d675da83286b1cce702) (ScriptedImporter)[PhysX] Initialized MultithreadedTaskDispatcher with 6 workers.
 -> (artifact id: 'f1273908e2c2bc40d4bf193758c4e765') in 0.0542135 seconds
Number of updated asset objects reloaded before import = 0Number of asset objects unloaded after import = 20

========================================================================
Received Import Request.
  Time since last request: 0.000023 seconds.
  path: Assets/IslandEscape/TropicalEnvironment/Models/Props/Ship_02.fbx
  artifactKey: Guid(62a87fad6d002b145bbfa86d8005053f) Importer(2089858483,192608db42251d675da83286b1cce702)
Start importing Assets/IslandEscape/TropicalEnvironment/Models/Props/Ship_02.fbx using Guid(62a87fad6d002b145bbfa86d8005053f) Importer(2089858483,192608db42251d675da83286b1cce702) (ScriptedImporter)[PhysX] Initialized MultithreadedTaskDispatcher with 6 workers.
 -> (artifact id: '0a85cde615bf063752820cfb98c8786a') in 0.16527 seconds
Number of updated asset objects reloaded before import = 0Number of asset objects unloaded after import = 50

========================================================================
Received Import Request.
  Time since last request: 0.000023 seconds.
  path: Assets/IslandEscape/TropicalEnvironment/Models/Vegetation/BananaTree_03.fbx
  artifactKey: Guid(3fc62af46ba776e4d8e72b58486f363d) Importer(2089858483,192608db42251d675da83286b1cce702)
Start importing Assets/IslandEscape/TropicalEnvironment/Models/Vegetation/BananaTree_03.fbx using Guid(3fc62af46ba776e4d8e72b58486f363d) Importer(2089858483,192608db42251d675da83286b1cce702) (ScriptedImporter)[PhysX] Initialized MultithreadedTaskDispatcher with 6 workers.
 -> (artifact id: '8e867c828400b4906dbd6a41a62c44fc') in 0.0450571 seconds
Number of updated asset objects reloaded before import = 0Number of asset objects unloaded after import = 20

========================================================================
Received Import Request.
  Time since last request: 0.000036 seconds.
  path: Assets/IslandEscape/TropicalEnvironment/Models/Vegetation/CoralReef_05.fbx
  artifactKey: Guid(dba510a181a0a574d89e743fcad26fca) Importer(2089858483,192608db42251d675da83286b1cce702)
Start importing Assets/IslandEscape/TropicalEnvironment/Models/Vegetation/CoralReef_05.fbx using Guid(dba510a181a0a574d89e743fcad26fca) Importer(2089858483,192608db42251d675da83286b1cce702) (ScriptedImporter)[PhysX] Initialized MultithreadedTaskDispatcher with 6 workers.
 -> (artifact id: '91bf6653360e7040184b077e8ff75200') in 0.0698587 seconds
Number of updated asset objects reloaded before import = 0Number of asset objects unloaded after import = 20

========================================================================
Received Import Request.
  Time since last request: 0.000023 seconds.
  path: Assets/IslandEscape/TropicalEnvironment/Models/Vegetation/CoralReef_02.fbx
  artifactKey: Guid(e4c699f5dde3e9b4887faa0feec10653) Importer(2089858483,192608db42251d675da83286b1cce702)
Start importing Assets/IslandEscape/TropicalEnvironment/Models/Vegetation/CoralReef_02.fbx using Guid(e4c699f5dde3e9b4887faa0feec10653) Importer(2089858483,192608db42251d675da83286b1cce702) (ScriptedImporter)[PhysX] Initialized MultithreadedTaskDispatcher with 6 workers.
 -> (artifact id: '7bb1a984b9ab603082e5daa404ef174f') in 0.0414845 seconds
Number of updated asset objects reloaded before import = 0Number of asset objects unloaded after import = 20

========================================================================
Received Import Request.
  Time since last request: 0.000021 seconds.
  path: Assets/IslandEscape/TropicalEnvironment/Models/Props/Shovel_01.fbx
  artifactKey: Guid(9e82796aba74ae2499b1d8e784db9fd2) Importer(2089858483,192608db42251d675da83286b1cce702)
Start importing Assets/IslandEscape/TropicalEnvironment/Models/Props/Shovel_01.fbx using Guid(9e82796aba74ae2499b1d8e784db9fd2) Importer(2089858483,192608db42251d675da83286b1cce702) (ScriptedImporter)[PhysX] Initialized MultithreadedTaskDispatcher with 6 workers.
 -> (artifact id: '398da891eef279e261b5af8b827cb7fb') in 0.0998141 seconds
Number of updated asset objects reloaded before import = 0Number of asset objects unloaded after import = 20

========================================================================
Received Import Request.
  Time since last request: 0.000075 seconds.
  path: Assets/IslandEscape/TropicalEnvironment/Models/Vegetation/PondPlant_05.fbx
  artifactKey: Guid(f8fc187d5cd74554b80e79b70e38c4b2) Importer(2089858483,192608db42251d675da83286b1cce702)
Start importing Assets/IslandEscape/TropicalEnvironment/Models/Vegetation/PondPlant_05.fbx using Guid(f8fc187d5cd74554b80e79b70e38c4b2) Importer(2089858483,192608db42251d675da83286b1cce702) (ScriptedImporter)[PhysX] Initialized MultithreadedTaskDispatcher with 6 workers.
 -> (artifact id: '1a4bf14b69e69f24fbd3145ce81f2540') in 0.0681739 seconds
Number of updated asset objects reloaded before import = 0Number of asset objects unloaded after import = 20

========================================================================
Received Import Request.
  Time since last request: 0.000018 seconds.
  path: Assets/IslandEscape/TropicalEnvironment/Models/Vegetation/Seaweed_01.fbx
  artifactKey: Guid(feb9eb4539d43424aae5d4a4e92e9add) Importer(2089858483,192608db42251d675da83286b1cce702)
Start importing Assets/IslandEscape/TropicalEnvironment/Models/Vegetation/Seaweed_01.fbx using Guid(feb9eb4539d43424aae5d4a4e92e9add) Importer(2089858483,192608db42251d675da83286b1cce702) (ScriptedImporter)[PhysX] Initialized MultithreadedTaskDispatcher with 6 workers.
 -> (artifact id: 'faf602dee827f603999d882bbc651238') in 0.0461205 seconds
Number of updated asset objects reloaded before import = 0Number of asset objects unloaded after import = 20

========================================================================
Received Import Request.
  Time since last request: 0.000024 seconds.
  path: Assets/IslandEscape/TropicalEnvironment/Models/Vegetation/Grass_01.fbx
  artifactKey: Guid(c9aa0e7c98435a44390434b71b608d0f) Importer(2089858483,192608db42251d675da83286b1cce702)
Start importing Assets/IslandEscape/TropicalEnvironment/Models/Vegetation/Grass_01.fbx using Guid(c9aa0e7c98435a44390434b71b608d0f) Importer(2089858483,192608db42251d675da83286b1cce702) (ScriptedImporter)[PhysX] Initialized MultithreadedTaskDispatcher with 6 workers.
 -> (artifact id: '9cccdde2fa05e55689e12e24c75fdea8') in 0.0591573 seconds
Number of updated asset objects reloaded before import = 0Number of asset objects unloaded after import = 20

========================================================================
Received Import Request.
  Time since last request: 0.000174 seconds.
  path: Assets/IslandEscape/TropicalEnvironment/Prefabs/Ancient/Cube_03.prefab
  artifactKey: Guid(95b45a4bdc903aa4abf5a84630838552) Importer(2089858483,192608db42251d675da83286b1cce702)
Start importing Assets/IslandEscape/TropicalEnvironment/Prefabs/Ancient/Cube_03.prefab using Guid(95b45a4bdc903aa4abf5a84630838552) Importer(2089858483,192608db42251d675da83286b1cce702) (ScriptedImporter)[PhysX] Initialized MultithreadedTaskDispatcher with 6 workers.
 -> (artifact id: '82409828b84c0cb8253bb1f82f008add') in 0.0355348 seconds
Number of updated asset objects reloaded before import = 0Number of asset objects unloaded after import = 16

========================================================================
Received Import Request.
  Time since last request: 0.000025 seconds.
  path: Assets/IslandEscape/TropicalEnvironment/Prefabs/Ancient/Cube_02.prefab
  artifactKey: Guid(dd48d2fe82991674dad483fd250ede33) Importer(2089858483,192608db42251d675da83286b1cce702)
Start importing Assets/IslandEscape/TropicalEnvironment/Prefabs/Ancient/Cube_02.prefab using Guid(dd48d2fe82991674dad483fd250ede33) Importer(2089858483,192608db42251d675da83286b1cce702) (ScriptedImporter)[PhysX] Initialized MultithreadedTaskDispatcher with 6 workers.
 -> (artifact id: '6ee8ddb6b3012aaafada68be05fee5f9') in 0.0422427 seconds
Number of updated asset objects reloaded before import = 0Number of asset objects unloaded after import = 16

========================================================================
Received Import Request.
  Time since last request: 0.000023 seconds.
  path: Assets/IslandEscape/TropicalEnvironment/Prefabs/Ancient/Stairs_01.prefab
  artifactKey: Guid(809355325d069f94e9b867e835297e86) Importer(2089858483,192608db42251d675da83286b1cce702)
Start importing Assets/IslandEscape/TropicalEnvironment/Prefabs/Ancient/Stairs_01.prefab using Guid(809355325d069f94e9b867e835297e86) Importer(2089858483,192608db42251d675da83286b1cce702) (ScriptedImporter)[PhysX] Initialized MultithreadedTaskDispatcher with 6 workers.
 -> (artifact id: '41fe848bb759f76b4b71792fd1fa10f5') in 0.0291973 seconds
Number of updated asset objects reloaded before import = 0Number of asset objects unloaded after import = 16

========================================================================
Received Import Request.
  Time since last request: 0.000036 seconds.
  path: Assets/IslandEscape/TropicalEnvironment/Materials/TropicalEnvironment_Grass_02.mat
  artifactKey: Guid(de8132f7e2e2cbd468aced3ae041490d) Importer(2089858483,192608db42251d675da83286b1cce702)
Start importing Assets/IslandEscape/TropicalEnvironment/Materials/TropicalEnvironment_Grass_02.mat using Guid(de8132f7e2e2cbd468aced3ae041490d) Importer(2089858483,192608db42251d675da83286b1cce702) (ScriptedImporter)[PhysX] Initialized MultithreadedTaskDispatcher with 6 workers.
 -> (artifact id: '9f76e6ea0869df512cce7b934a1da29d') in 0.0434771 seconds
Number of updated asset objects reloaded before import = 0Number of asset objects unloaded after import = 2

========================================================================
Received Import Request.
  Time since last request: 0.000173 seconds.
  path: Assets/IslandEscape/TropicalEnvironment/Prefabs/Vegetation/BananaTree_01.prefab
  artifactKey: Guid(ab9fd8dc245e60042ad5feacdd50db67) Importer(2089858483,3d70f49cd1c2eb9ae422958d1c652c6b)
Start importing Assets/IslandEscape/TropicalEnvironment/Prefabs/Vegetation/BananaTree_01.prefab using Guid(ab9fd8dc245e60042ad5feacdd50db67) Importer(2089858483,3d70f49cd1c2eb9ae422958d1c652c6b) (ScriptedImporter)[PhysX] Initialized MultithreadedTaskDispatcher with 6 workers.
 -> (artifact id: '536303f0e68717dd8eb997b92d1dd5b8') in 0.0288368 seconds
Number of updated asset objects reloaded before import = 0Number of asset objects unloaded after import = 22

========================================================================
Received Import Request.
  Time since last request: 0.000028 seconds.
  path: Assets/IslandEscape/TropicalEnvironment/Prefabs/Props/Bottle_16.prefab
  artifactKey: Guid(7cd875412c7e061459113c34c3186616) Importer(2089858483,192608db42251d675da83286b1cce702)
Start importing Assets/IslandEscape/TropicalEnvironment/Prefabs/Props/Bottle_16.prefab using Guid(7cd875412c7e061459113c34c3186616) Importer(2089858483,192608db42251d675da83286b1cce702) (ScriptedImporter)[PhysX] Initialized MultithreadedTaskDispatcher with 6 workers.
 -> (artifact id: 'be40a2b19da4f70493bf2e4440235d13') in 0.0255681 seconds
Number of updated asset objects reloaded before import = 0Number of asset objects unloaded after import = 16

========================================================================
Received Import Request.
  Time since last request: 0.000029 seconds.
  path: Assets/IslandEscape/TropicalEnvironment/Prefabs/FX/GodRay_06.prefab
  artifactKey: Guid(f62a822348c791a4aa1b8e8d4bd0c012) Importer(2089858483,192608db42251d675da83286b1cce702)
Start importing Assets/IslandEscape/TropicalEnvironment/Prefabs/FX/GodRay_06.prefab using Guid(f62a822348c791a4aa1b8e8d4bd0c012) Importer(2089858483,192608db42251d675da83286b1cce702) (ScriptedImporter)[PhysX] Initialized MultithreadedTaskDispatcher with 6 workers.
 -> (artifact id: 'e58194411b32a6a0f74bd1cdc3c05f8e') in 0.0339975 seconds
Number of updated asset objects reloaded before import = 0Number of asset objects unloaded after import = 6

========================================================================
Received Import Request.
  Time since last request: 0.000029 seconds.
  path: Assets/IslandEscape/TropicalEnvironment/Prefabs/Props/Bottle_07.prefab
  artifactKey: Guid(89e96f27b1d4c284b8ab0faba34546f4) Importer(2089858483,192608db42251d675da83286b1cce702)
Start importing Assets/IslandEscape/TropicalEnvironment/Prefabs/Props/Bottle_07.prefab using Guid(89e96f27b1d4c284b8ab0faba34546f4) Importer(2089858483,192608db42251d675da83286b1cce702) (ScriptedImporter)[PhysX] Initialized MultithreadedTaskDispatcher with 6 workers.
 -> (artifact id: '68d6de7954f38a36ac5f9cb593865bf5') in 0.0694585 seconds
Number of updated asset objects reloaded before import = 0Number of asset objects unloaded after import = 16

========================================================================
Received Import Request.
  Time since last request: 0.000028 seconds.
  path: Assets/IslandEscape/TropicalEnvironment/Prefabs/FX/Fog_02.prefab
  artifactKey: Guid(50c3d6a84f22e98448be450fee2f001f) Importer(2089858483,192608db42251d675da83286b1cce702)
Start importing Assets/IslandEscape/TropicalEnvironment/Prefabs/FX/Fog_02.prefab using Guid(50c3d6a84f22e98448be450fee2f001f) Importer(2089858483,192608db42251d675da83286b1cce702) (ScriptedImporter)[PhysX] Initialized MultithreadedTaskDispatcher with 6 workers.
 -> (artifact id: '45ceafc79b813189187653e1b397f724') in 0.2184413 seconds
Number of updated asset objects reloaded before import = 0Number of asset objects unloaded after import = 6

========================================================================
Received Import Request.
  Time since last request: 0.000041 seconds.
  path: Assets/IslandEscape/TropicalEnvironment/Prefabs/Props/Grenade_01.prefab
  artifactKey: Guid(4ebc62d4a0d464d40839f1832d57cf8d) Importer(2089858483,192608db42251d675da83286b1cce702)
Start importing Assets/IslandEscape/TropicalEnvironment/Prefabs/Props/Grenade_01.prefab using Guid(4ebc62d4a0d464d40839f1832d57cf8d) Importer(2089858483,192608db42251d675da83286b1cce702) (ScriptedImporter)[PhysX] Initialized MultithreadedTaskDispatcher with 6 workers.
 -> (artifact id: 'e637a575d7aa5f3885ab14f6d64dc943') in 0.0406396 seconds
Number of updated asset objects reloaded before import = 0Number of asset objects unloaded after import = 16

========================================================================
Received Import Request.
  Time since last request: 0.000041 seconds.
  path: Assets/IslandEscape/TropicalEnvironment/Prefabs/Props/Fireplace_01.prefab
  artifactKey: Guid(75ded6f86dc220d42a9a2f885639b2e1) Importer(2089858483,192608db42251d675da83286b1cce702)
Start importing Assets/IslandEscape/TropicalEnvironment/Prefabs/Props/Fireplace_01.prefab using Guid(75ded6f86dc220d42a9a2f885639b2e1) Importer(2089858483,192608db42251d675da83286b1cce702) (ScriptedImporter)[PhysX] Initialized MultithreadedTaskDispatcher with 6 workers.
 -> (artifact id: '4e99b87a767dc7ec98ca41c58cdb3b87') in 0.0366314 seconds
Number of updated asset objects reloaded before import = 0Number of asset objects unloaded after import = 21

========================================================================
Received Import Request.
  Time since last request: 0.000024 seconds.
  path: Assets/IslandEscape/TropicalEnvironment/Prefabs/Props/Fire_02.prefab
  artifactKey: Guid(bc81ffad0d9f51c40b5bd01f62426f13) Importer(2089858483,192608db42251d675da83286b1cce702)
Start importing Assets/IslandEscape/TropicalEnvironment/Prefabs/Props/Fire_02.prefab using Guid(bc81ffad0d9f51c40b5bd01f62426f13) Importer(2089858483,192608db42251d675da83286b1cce702) (ScriptedImporter)[PhysX] Initialized MultithreadedTaskDispatcher with 6 workers.
 -> (artifact id: '5cd1fa65278ce779903b8f354947bf0b') in 0.027677 seconds
Number of updated asset objects reloaded before import = 0Number of asset objects unloaded after import = 39

========================================================================
Received Import Request.
  Time since last request: 0.000038 seconds.
  path: Assets/IslandEscape/TropicalEnvironment/Prefabs/Props/ShipPart_03.prefab
  artifactKey: Guid(29c55a458fdee534c9488f0d4f03b60a) Importer(2089858483,192608db42251d675da83286b1cce702)
Start importing Assets/IslandEscape/TropicalEnvironment/Prefabs/Props/ShipPart_03.prefab using Guid(29c55a458fdee534c9488f0d4f03b60a) Importer(2089858483,192608db42251d675da83286b1cce702) (ScriptedImporter)[PhysX] Initialized MultithreadedTaskDispatcher with 6 workers.
 -> (artifact id: 'e90c7215acfb9c112df87e571511b2e8') in 0.0250825 seconds
Number of updated asset objects reloaded before import = 0Number of asset objects unloaded after import = 16

========================================================================
Received Import Request.
  Time since last request: 0.000025 seconds.
  path: Assets/IslandEscape/TropicalEnvironment/Prefabs/Props/Spear_01.prefab
  artifactKey: Guid(e41096105580b444793b8f683bbf87b7) Importer(2089858483,192608db42251d675da83286b1cce702)
Start importing Assets/IslandEscape/TropicalEnvironment/Prefabs/Props/Spear_01.prefab using Guid(e41096105580b444793b8f683bbf87b7) Importer(2089858483,192608db42251d675da83286b1cce702) (ScriptedImporter)[PhysX] Initialized MultithreadedTaskDispatcher with 6 workers.
 -> (artifact id: '68c1e1a853a308436cf1c2d34b1209ee') in 0.0443385 seconds
Number of updated asset objects reloaded before import = 0Number of asset objects unloaded after import = 16

========================================================================
Received Import Request.
  Time since last request: 0.000024 seconds.
  path: Assets/IslandEscape/TropicalEnvironment/Prefabs/Props/ShipPart_01.prefab
  artifactKey: Guid(e8218a2b067431949900ee30632bb752) Importer(2089858483,192608db42251d675da83286b1cce702)
Start importing Assets/IslandEscape/TropicalEnvironment/Prefabs/Props/ShipPart_01.prefab using Guid(e8218a2b067431949900ee30632bb752) Importer(2089858483,192608db42251d675da83286b1cce702) (ScriptedImporter)[PhysX] Initialized MultithreadedTaskDispatcher with 6 workers.
 -> (artifact id: '27516c11ccf32700cbc6ddd5ddeed386') in 0.0339047 seconds
Number of updated asset objects reloaded before import = 0Number of asset objects unloaded after import = 16

========================================================================
Received Import Request.
  Time since last request: 0.000033 seconds.
  path: Assets/IslandEscape/TropicalEnvironment/Prefabs/Props/Telescope_01.prefab
  artifactKey: Guid(173dbbceba9911243b52e076173f28d4) Importer(2089858483,192608db42251d675da83286b1cce702)
Start importing Assets/IslandEscape/TropicalEnvironment/Prefabs/Props/Telescope_01.prefab using Guid(173dbbceba9911243b52e076173f28d4) Importer(2089858483,192608db42251d675da83286b1cce702) (ScriptedImporter)[PhysX] Initialized MultithreadedTaskDispatcher with 6 workers.
 -> (artifact id: '0dac6ccf75c6f88118001f5bd141f5db') in 0.0406602 seconds
Number of updated asset objects reloaded before import = 0Number of asset objects unloaded after import = 16

========================================================================
Received Import Request.
  Time since last request: 0.000047 seconds.
  path: Assets/IslandEscape/TropicalEnvironment/Prefabs/Vegetation/CoralReef_02.prefab
  artifactKey: Guid(c90cbbce0d718984a9fb6c0129712541) Importer(2089858483,192608db42251d675da83286b1cce702)
Start importing Assets/IslandEscape/TropicalEnvironment/Prefabs/Vegetation/CoralReef_02.prefab using Guid(c90cbbce0d718984a9fb6c0129712541) Importer(2089858483,192608db42251d675da83286b1cce702) (ScriptedImporter)[PhysX] Initialized MultithreadedTaskDispatcher with 6 workers.
 -> (artifact id: 'ade8b362615a1f0d93920c12f9b593e4') in 0.0277245 seconds
Number of updated asset objects reloaded before import = 0Number of asset objects unloaded after import = 20

========================================================================
Received Import Request.
  Time since last request: 0.000023 seconds.
  path: Assets/IslandEscape/TropicalEnvironment/Prefabs/Rocks/Rock_10.prefab
  artifactKey: Guid(d211c2dbb1665434ea45de8c81b0831d) Importer(2089858483,192608db42251d675da83286b1cce702)
Start importing Assets/IslandEscape/TropicalEnvironment/Prefabs/Rocks/Rock_10.prefab using Guid(d211c2dbb1665434ea45de8c81b0831d) Importer(2089858483,192608db42251d675da83286b1cce702) (ScriptedImporter)[PhysX] Initialized MultithreadedTaskDispatcher with 6 workers.
 -> (artifact id: 'd64b9e3baadaf7b8e876198f90343a66') in 0.0229066 seconds
Number of updated asset objects reloaded before import = 0Number of asset objects unloaded after import = 15

========================================================================
Received Import Request.
  Time since last request: 0.000054 seconds.
  path: Assets/IslandEscape/TropicalEnvironment/Prefabs/Rocks/Cave_04.prefab
  artifactKey: Guid(8537cf39f0b91e845a7a9465362c398f) Importer(2089858483,192608db42251d675da83286b1cce702)
Start importing Assets/IslandEscape/TropicalEnvironment/Prefabs/Rocks/Cave_04.prefab using Guid(8537cf39f0b91e845a7a9465362c398f) Importer(2089858483,192608db42251d675da83286b1cce702) (ScriptedImporter)[PhysX] Initialized MultithreadedTaskDispatcher with 6 workers.
 -> (artifact id: 'ac25e292f81bf2ffc22038f253db5d2d') in 0.0257914 seconds
Number of updated asset objects reloaded before import = 0Number of asset objects unloaded after import = 16

========================================================================
Received Import Request.
  Time since last request: 0.000021 seconds.
  path: Assets/IslandEscape/TropicalEnvironment/Prefabs/Vegetation/CoralReef_03.prefab
  artifactKey: Guid(a2274b92eb3798246ac255fc164b1a06) Importer(2089858483,192608db42251d675da83286b1cce702)
Start importing Assets/IslandEscape/TropicalEnvironment/Prefabs/Vegetation/CoralReef_03.prefab using Guid(a2274b92eb3798246ac255fc164b1a06) Importer(2089858483,192608db42251d675da83286b1cce702) (ScriptedImporter)[PhysX] Initialized MultithreadedTaskDispatcher with 6 workers.
 -> (artifact id: '323892c31d355ecf4f8ab1156f8b520f') in 0.025354 seconds
Number of updated asset objects reloaded before import = 0Number of asset objects unloaded after import = 20

========================================================================
Received Import Request.
  Time since last request: 0.000054 seconds.
  path: Assets/IslandEscape/TropicalEnvironment/Models/Rocks/Rock_05.fbx
  artifactKey: Guid(f7ddc061f5d9a274fb1f0ea510591c19) Importer(2089858483,192608db42251d675da83286b1cce702)
Start importing Assets/IslandEscape/TropicalEnvironment/Models/Rocks/Rock_05.fbx using Guid(f7ddc061f5d9a274fb1f0ea510591c19) Importer(2089858483,192608db42251d675da83286b1cce702) (ScriptedImporter)[PhysX] Initialized MultithreadedTaskDispatcher with 6 workers.
 -> (artifact id: 'c125ea5011f568ea986f69c3126c073a') in 0.0419315 seconds
Number of updated asset objects reloaded before import = 0Number of asset objects unloaded after import = 15

========================================================================
Received Import Request.
  Time since last request: 0.000026 seconds.
  path: Assets/IslandEscape/TropicalEnvironment/Prefabs/Vegetation/Plant_07.prefab
  artifactKey: Guid(c50e9e1fa8a15df43be82ed53633f52e) Importer(2089858483,192608db42251d675da83286b1cce702)
Start importing Assets/IslandEscape/TropicalEnvironment/Prefabs/Vegetation/Plant_07.prefab using Guid(c50e9e1fa8a15df43be82ed53633f52e) Importer(2089858483,192608db42251d675da83286b1cce702) (ScriptedImporter)[PhysX] Initialized MultithreadedTaskDispatcher with 6 workers.
 -> (artifact id: 'd9f37cec1b4c78a86c77acce9466e3ad') in 0.037344 seconds
Number of updated asset objects reloaded before import = 0Number of asset objects unloaded after import = 20

========================================================================
Received Import Request.
  Time since last request: 0.000039 seconds.
  path: Assets/IslandEscape/TropicalEnvironment/Prefabs/Vegetation/Plant_01.prefab
  artifactKey: Guid(eca504712f949af48b741e7c32e3baeb) Importer(2089858483,192608db42251d675da83286b1cce702)
Start importing Assets/IslandEscape/TropicalEnvironment/Prefabs/Vegetation/Plant_01.prefab using Guid(eca504712f949af48b741e7c32e3baeb) Importer(2089858483,192608db42251d675da83286b1cce702) (ScriptedImporter)[PhysX] Initialized MultithreadedTaskDispatcher with 6 workers.
 -> (artifact id: 'f6edd212c49e41b004bf7c6e9c456534') in 0.0318036 seconds
Number of updated asset objects reloaded before import = 0Number of asset objects unloaded after import = 20

========================================================================
Received Import Request.
  Time since last request: 0.000022 seconds.
  path: Assets/IslandEscape/TropicalEnvironment/Prefabs/Vegetation/Starfish_02.prefab
  artifactKey: Guid(bba2310cabae6654db284989d3397880) Importer(2089858483,192608db42251d675da83286b1cce702)
Start importing Assets/IslandEscape/TropicalEnvironment/Prefabs/Vegetation/Starfish_02.prefab using Guid(bba2310cabae6654db284989d3397880) Importer(2089858483,192608db42251d675da83286b1cce702) (ScriptedImporter)[PhysX] Initialized MultithreadedTaskDispatcher with 6 workers.
 -> (artifact id: '0b3d42a29cec4846f03ba0c4e3d20d0e') in 0.0268161 seconds
Number of updated asset objects reloaded before import = 0Number of asset objects unloaded after import = 20

========================================================================
Received Import Request.
  Time since last request: 0.000029 seconds.
  path: Assets/IslandEscape/TropicalEnvironment/Prefabs/Vegetation/PondPlant_01.prefab
  artifactKey: Guid(0c4af7423a7825948a66617b21787c6d) Importer(2089858483,192608db42251d675da83286b1cce702)
Start importing Assets/IslandEscape/TropicalEnvironment/Prefabs/Vegetation/PondPlant_01.prefab using Guid(0c4af7423a7825948a66617b21787c6d) Importer(2089858483,192608db42251d675da83286b1cce702) (ScriptedImporter)[PhysX] Initialized MultithreadedTaskDispatcher with 6 workers.
 -> (artifact id: 'f436f3318fba65098208cbb0b3eead1a') in 0.0329719 seconds
Number of updated asset objects reloaded before import = 0Number of asset objects unloaded after import = 15

========================================================================
Received Import Request.
  Time since last request: 0.000033 seconds.
  path: Assets/IslandEscape/TropicalEnvironment/Prefabs/Props/Bottle_04.prefab
  artifactKey: Guid(8ec53e6027a29c74db84b9c8edf674d1) Importer(2089858483,192608db42251d675da83286b1cce702)
Start importing Assets/IslandEscape/TropicalEnvironment/Prefabs/Props/Bottle_04.prefab using Guid(8ec53e6027a29c74db84b9c8edf674d1) Importer(2089858483,192608db42251d675da83286b1cce702) (ScriptedImporter)[PhysX] Initialized MultithreadedTaskDispatcher with 6 workers.
 -> (artifact id: 'ae62f3ffb3d2afe0cbf66553fa053309') in 0.0345755 seconds
Number of updated asset objects reloaded before import = 0Number of asset objects unloaded after import = 16

========================================================================
Received Import Request.
  Time since last request: 0.000026 seconds.
  path: Assets/Motion Cast#06 - Vol.1/Kung-Fu animations/27-Storm kick-Take1.fbx
  artifactKey: Guid(57fb36e2ea52ad44492b3cccaa504ef9) Importer(2089858483,192608db42251d675da83286b1cce702)
Start importing Assets/Motion Cast#06 - Vol.1/Kung-Fu animations/27-Storm kick-Take1.fbx using Guid(57fb36e2ea52ad44492b3cccaa504ef9) Importer(2089858483,192608db42251d675da83286b1cce702) (ScriptedImporter)[PhysX] Initialized MultithreadedTaskDispatcher with 6 workers.
 -> (artifact id: 'c9493a778cfe3c305fc28dbb457269a2') in 0.085805 seconds
Number of updated asset objects reloaded before import = 0Number of asset objects unloaded after import = 120

========================================================================
Received Import Request.
  Time since last request: 0.000107 seconds.
  path: Assets/Motion Cast#06 - Vol.1/Kung-Fu animations/10-Flash sword-Take2.fbx
  artifactKey: Guid(95aaadd5a0c7e754caaedcc87f7e09b8) Importer(2089858483,192608db42251d675da83286b1cce702)
Start importing Assets/Motion Cast#06 - Vol.1/Kung-Fu animations/10-Flash sword-Take2.fbx using Guid(95aaadd5a0c7e754caaedcc87f7e09b8) Importer(2089858483,192608db42251d675da83286b1cce702) (ScriptedImporter)[PhysX] Initialized MultithreadedTaskDispatcher with 6 workers.
 -> (artifact id: '0d0bf0844037ec5c8120173a812fafe8') in 0.0817247 seconds
Number of updated asset objects reloaded before import = 0Number of asset objects unloaded after import = 120

========================================================================
Received Import Request.
  Time since last request: 0.000035 seconds.
  path: Assets/Motion Cast#06 - Vol.1/No root animations/27-Storm kick-Take5-no root.fbx
  artifactKey: Guid(d5bcbd4fa849acf4db124fe983557cbe) Importer(2089858483,192608db42251d675da83286b1cce702)
Start importing Assets/Motion Cast#06 - Vol.1/No root animations/27-Storm kick-Take5-no root.fbx using Guid(d5bcbd4fa849acf4db124fe983557cbe) Importer(2089858483,192608db42251d675da83286b1cce702) (ScriptedImporter)[PhysX] Initialized MultithreadedTaskDispatcher with 6 workers.
 -> (artifact id: 'aaac9f7961e4c36f52a7f78da3c461e1') in 0.0847786 seconds
Number of updated asset objects reloaded before import = 0Number of asset objects unloaded after import = 120

========================================================================
Received Import Request.
  Time since last request: 0.000044 seconds.
  path: Assets/Motion Cast#06 - Vol.1/Link video tutorial.pdf
  artifactKey: Guid(e6a6ffa2861a4904b9b512f087ed346d) Importer(2089858483,192608db42251d675da83286b1cce702)
Start importing Assets/Motion Cast#06 - Vol.1/Link video tutorial.pdf using Guid(e6a6ffa2861a4904b9b512f087ed346d) Importer(2089858483,192608db42251d675da83286b1cce702) (ScriptedImporter)[PhysX] Initialized MultithreadedTaskDispatcher with 6 workers.
 -> (artifact id: '199ad076f44423d4fe8b747a3c32b322') in 0.021073 seconds
Number of updated asset objects reloaded before import = 0Number of asset objects unloaded after import = 1

Editor requested this worker to shutdown with reason: Scaling down because of idle timeout
AssetImportWorker is now disconnected from the server
Process exiting
Exiting without the bug reporter. Application will terminate with return code 0