Using pre-set license
Built from 'trunk' branch; Version is '6000.0.12f1 (7defd84cdab8) revision 8253400'; Using compiler version '193933523'; Build Type 'Release'
OS: 'Windows 11  (10.0.22631) 64bit Professional' Language: 'en' Physical Memory: 16307 MB
BatchMode: 1, IsHumanControllingUs: 0, StartBugReporterOnCrash: 0, Is64bit: 1, IsPro: 1

COMMAND LINE ARGUMENTS:
C:\Program Files\Unity\Hub\Editor\6000.0.12f1\Editor\Unity.exe
-adb2
-batchMode
-noUpm
-name
AssetImportWorker1
-projectPath
C:/Users/fcaka/Desktop/Github/IslandEscape/Alghoritmics_3D_Game
-logFile
Logs/AssetImportWorker1.log
-srvPort
53212
-job-worker-count
5
-background-job-worker-count
8
-asset-garbage-collectors
1
Successfully changed project path to: C:/Users/fcaka/Desktop/Github/IslandEscape/Alghoritmics_3D_Game
C:/Users/fcaka/Desktop/Github/IslandEscape/Alghoritmics_3D_Game
[UnityMemory] Configuration Parameters - Can be set up in boot.config
    "memorysetup-bucket-allocator-granularity=16"
    "memorysetup-bucket-allocator-bucket-count=8"
    "memorysetup-bucket-allocator-block-size=33554432"
    "memorysetup-bucket-allocator-block-count=8"
    "memorysetup-main-allocator-block-size=16777216"
    "memorysetup-thread-allocator-block-size=16777216"
    "memorysetup-gfx-main-allocator-block-size=16777216"
    "memorysetup-gfx-thread-allocator-block-size=16777216"
    "memorysetup-cache-allocator-block-size=4194304"
    "memorysetup-typetree-allocator-block-size=2097152"
    "memorysetup-profiler-bucket-allocator-granularity=16"
    "memorysetup-profiler-bucket-allocator-bucket-count=8"
    "memorysetup-profiler-bucket-allocator-block-size=33554432"
    "memorysetup-profiler-bucket-allocator-block-count=8"
    "memorysetup-profiler-allocator-block-size=16777216"
    "memorysetup-profiler-editor-allocator-block-size=1048576"
    "memorysetup-temp-allocator-size-main=16777216"
    "memorysetup-job-temp-allocator-block-size=2097152"
    "memorysetup-job-temp-allocator-block-size-background=1048576"
    "memorysetup-job-temp-allocator-reduction-small-platforms=262144"
    "memorysetup-allocator-temp-initial-block-size-main=262144"
    "memorysetup-allocator-temp-initial-block-size-worker=262144"
    "memorysetup-temp-allocator-size-background-worker=32768"
    "memorysetup-temp-allocator-size-job-worker=262144"
    "memorysetup-temp-allocator-size-preload-manager=33554432"
    "memorysetup-temp-allocator-size-nav-mesh-worker=65536"
    "memorysetup-temp-allocator-size-audio-worker=65536"
    "memorysetup-temp-allocator-size-cloud-worker=32768"
    "memorysetup-temp-allocator-size-gi-baking-worker=262144"
    "memorysetup-temp-allocator-size-gi-baking-worker=262144"
    "memorysetup-temp-allocator-size-gi-baking-worker=262144"
    "memorysetup-temp-allocator-size-gi-baking-worker=262144"
    "memorysetup-temp-allocator-size-gi-baking-worker=262144"
    "memorysetup-temp-allocator-size-gfx=262144"
Player connection [18756]  Target information:

Player connection [18756]  * "[IP] 192.168.1.7 [Port] 0 [Flags] 2 [Guid] 2836186667 [EditorId] 2836186667 [Version] 1048832 [Id] WindowsEditor(7,Furkan) [Debug] 1 [PackageName] WindowsEditor [ProjectName] Editor" 

Player connection [18756] Host joined multi-casting on [225.0.0.222:54997]...
Player connection [18756] Host joined alternative multi-casting on [225.0.0.222:34997]...
JobSystem: Creating JobQueue using job-worker-count value 5
Library Redirect Path: Library/
[PhysX] Initialized MultithreadedTaskDispatcher with 6 workers.
Refreshing native plugins compatible for Editor in 1.65 ms, found 3 plugins.
Preloading 0 native plugins for Editor in 0.00 ms.
Initialize engine version: 6000.0.12f1 (7defd84cdab8)
[Subsystems] Discovering subsystems at path C:/Program Files/Unity/Hub/Editor/6000.0.12f1/Editor/Data/Resources/UnitySubsystems
[Subsystems] Discovering subsystems at path C:/Users/fcaka/Desktop/Github/IslandEscape/Alghoritmics_3D_Game/Assets
GfxDevice: creating device client; kGfxThreadingModeNonThreaded
Direct3D:
    Version:  Direct3D 11.0 [level 11.1]
    Renderer: AMD Radeon RX 6700 (ID=0x73df)
    Vendor:   ATI
    VRAM:     10195 MB
    Driver:   32.0.11037.4004
Initialize mono
Mono path[0] = 'C:/Program Files/Unity/Hub/Editor/6000.0.12f1/Editor/Data/Managed'
Mono path[1] = 'C:/Program Files/Unity/Hub/Editor/6000.0.12f1/Editor/Data/MonoBleedingEdge/lib/mono/unityjit-win32'
Mono config path = 'C:/Program Files/Unity/Hub/Editor/6000.0.12f1/Editor/Data/MonoBleedingEdge/etc'
Using monoOptions --debugger-agent=transport=dt_socket,embedding=1,server=y,suspend=n,address=127.0.0.1:56248
Begin MonoManager ReloadAssembly
Registering precompiled unity dll's ...
Register platform support module: C:/Program Files/Unity/Hub/Editor/6000.0.12f1/Editor/Data/PlaybackEngines/WebGLSupport/UnityEditor.WebGL.Extensions.dll
Register platform support module: C:/Program Files/Unity/Hub/Editor/6000.0.12f1/Editor/Data/PlaybackEngines/WindowsStandaloneSupport/UnityEditor.WindowsStandalone.Extensions.dll
Registered in 0.003920 seconds.
- Loaded All Assemblies, in  0.422 seconds
Native extension for WindowsStandalone target not found
Native extension for WebGL target not found
Mono: successfully reloaded assembly
- Finished resetting the current domain, in  0.416 seconds
Domain Reload Profiling: 836ms
	BeginReloadAssembly (126ms)
		ExecutionOrderSort (0ms)
		DisableScriptedObjects (0ms)
		BackupInstance (0ms)
		ReleaseScriptingObjects (0ms)
		CreateAndSetChildDomain (1ms)
	RebuildCommonClasses (53ms)
	RebuildNativeTypeToScriptingClass (16ms)
	initialDomainReloadingComplete (54ms)
	LoadAllAssembliesAndSetupDomain (170ms)
		LoadAssemblies (121ms)
		RebuildTransferFunctionScriptingTraits (0ms)
		AnalyzeDomain (168ms)
			TypeCache.Refresh (166ms)
				TypeCache.ScanAssembly (151ms)
			BuildScriptInfoCaches (0ms)
			ResolveRequiredComponents (0ms)
	FinalizeReload (417ms)
		ReleaseScriptCaches (0ms)
		RebuildScriptCaches (0ms)
		SetupLoadedEditorAssemblies (382ms)
			LogAssemblyErrors (0ms)
			InitializePlatformSupportModulesInManaged (29ms)
			SetLoadedEditorAssemblies (4ms)
			BeforeProcessingInitializeOnLoad (5ms)
			ProcessInitializeOnLoadAttributes (156ms)
			ProcessInitializeOnLoadMethodAttributes (187ms)
			AfterProcessingInitializeOnLoad (0ms)
			EditorAssembliesLoaded (0ms)
		ExecutionOrderSort2 (0ms)
		AwakeInstancesAfterBackupRestoration (0ms)
========================================================================
Worker process is ready to serve import requests
Import Worker Mode flag is 0x00
Begin MonoManager ReloadAssembly
- Loaded All Assemblies, in  1.196 seconds
Refreshing native plugins compatible for Editor in 1.40 ms, found 3 plugins.
Native extension for WindowsStandalone target not found
Native extension for WebGL target not found
Mono: successfully reloaded assembly
- Finished resetting the current domain, in  1.156 seconds
Domain Reload Profiling: 2347ms
	BeginReloadAssembly (475ms)
		ExecutionOrderSort (0ms)
		DisableScriptedObjects (9ms)
		BackupInstance (0ms)
		ReleaseScriptingObjects (0ms)
		CreateAndSetChildDomain (46ms)
	RebuildCommonClasses (43ms)
	RebuildNativeTypeToScriptingClass (13ms)
	initialDomainReloadingComplete (49ms)
	LoadAllAssembliesAndSetupDomain (611ms)
		LoadAssemblies (417ms)
		RebuildTransferFunctionScriptingTraits (0ms)
		AnalyzeDomain (306ms)
			TypeCache.Refresh (212ms)
				TypeCache.ScanAssembly (191ms)
			BuildScriptInfoCaches (81ms)
			ResolveRequiredComponents (10ms)
	FinalizeReload (1156ms)
		ReleaseScriptCaches (0ms)
		RebuildScriptCaches (0ms)
		SetupLoadedEditorAssemblies (845ms)
			LogAssemblyErrors (0ms)
			InitializePlatformSupportModulesInManaged (3ms)
			SetLoadedEditorAssemblies (4ms)
			BeforeProcessingInitializeOnLoad (79ms)
			ProcessInitializeOnLoadAttributes (531ms)
			ProcessInitializeOnLoadMethodAttributes (222ms)
			AfterProcessingInitializeOnLoad (6ms)
			EditorAssembliesLoaded (0ms)
		ExecutionOrderSort2 (0ms)
		AwakeInstancesAfterBackupRestoration (6ms)
Launched and connected shader compiler UnityShaderCompiler.exe after 0.01 seconds
Refreshing native plugins compatible for Editor in 1.36 ms, found 3 plugins.
Preloading 0 native plugins for Editor in 0.00 ms.
Unloading 297 Unused Serialized files (Serialized files now loaded: 0)
Unloading 6166 unused Assets / (8.6 MB). Loaded Objects now: 7003.
Memory consumption went from 221.5 MB to 212.9 MB.
Total: 15.465800 ms (FindLiveObjects: 1.526800 ms CreateObjectMapping: 1.720200 ms MarkObjects: 7.368100 ms  DeleteObjects: 4.849100 ms)

========================================================================
Received Import Request.
  Time since last request: 956876.779030 seconds.
  path: Assets/IslandEscape/TropicalEnvironment/Models/Rocks/Rock_10.fbx
  artifactKey: Guid(42fd2156aaaa7ee44974d64fb701f07d) Importer(815301076,1909f56bfc062723c751e8b465ee728b)
Start importing Assets/IslandEscape/TropicalEnvironment/Models/Rocks/Rock_10.fbx using Guid(42fd2156aaaa7ee44974d64fb701f07d) Importer(815301076,1909f56bfc062723c751e8b465ee728b) (PreviewImporter)[PhysX] Initialized MultithreadedTaskDispatcher with 6 workers.
[PhysX] Initialized MultithreadedTaskDispatcher with 6 workers.
[PhysX] Initialized MultithreadedTaskDispatcher with 6 workers.
[PhysX] Initialized MultithreadedTaskDispatcher with 6 workers.
[PhysX] Initialized MultithreadedTaskDispatcher with 6 workers.
[PhysX] Initialized MultithreadedTaskDispatcher with 6 workers.
 -> (artifact id: '631235691c2d0a6c1dc2c1d5e2027c03') in 4.0042825 seconds
Number of updated asset objects reloaded before import = 0Number of asset objects unloaded after import = 15

========================================================================
Received Import Request.
  Time since last request: 0.000043 seconds.
  path: Assets/IslandEscape/TropicalEnvironment/Prefabs/Props/Bottle_11.prefab
  artifactKey: Guid(a216c357ac2b6aa48b034225b8a4a2f3) Importer(815301076,1909f56bfc062723c751e8b465ee728b)
Start importing Assets/IslandEscape/TropicalEnvironment/Prefabs/Props/Bottle_11.prefab using Guid(a216c357ac2b6aa48b034225b8a4a2f3) Importer(815301076,1909f56bfc062723c751e8b465ee728b) (PreviewImporter)[PhysX] Initialized MultithreadedTaskDispatcher with 6 workers.
[PhysX] Initialized MultithreadedTaskDispatcher with 6 workers.
 -> (artifact id: 'd89312387335dcd4bc4691dae885b85e') in 0.0193627 seconds
Number of updated asset objects reloaded before import = 0Number of asset objects unloaded after import = 18

========================================================================
Received Import Request.
  Time since last request: 0.000043 seconds.
  path: Assets/IslandEscape/TropicalEnvironment/Models/Rocks/Rock_11.fbx
  artifactKey: Guid(d6ea3665698af194f85c62c1aa56a796) Importer(815301076,1909f56bfc062723c751e8b465ee728b)
Start importing Assets/IslandEscape/TropicalEnvironment/Models/Rocks/Rock_11.fbx using Guid(d6ea3665698af194f85c62c1aa56a796) Importer(815301076,1909f56bfc062723c751e8b465ee728b) (PreviewImporter)[PhysX] Initialized MultithreadedTaskDispatcher with 6 workers.
[PhysX] Initialized MultithreadedTaskDispatcher with 6 workers.
[PhysX] Initialized MultithreadedTaskDispatcher with 6 workers.
[PhysX] Initialized MultithreadedTaskDispatcher with 6 workers.
[PhysX] Initialized MultithreadedTaskDispatcher with 6 workers.
[PhysX] Initialized MultithreadedTaskDispatcher with 6 workers.
 -> (artifact id: '91fe3f88524518f79371a9f8cd669774') in 0.0245211 seconds
Number of updated asset objects reloaded before import = 0Number of asset objects unloaded after import = 15

========================================================================
Received Import Request.
  Time since last request: 0.000022 seconds.
  path: Assets/IslandEscape/TropicalEnvironment/Prefabs/Props/Fireplace_01.prefab
  artifactKey: Guid(75ded6f86dc220d42a9a2f885639b2e1) Importer(815301076,1909f56bfc062723c751e8b465ee728b)
Start importing Assets/IslandEscape/TropicalEnvironment/Prefabs/Props/Fireplace_01.prefab using Guid(75ded6f86dc220d42a9a2f885639b2e1) Importer(815301076,1909f56bfc062723c751e8b465ee728b) (PreviewImporter)[PhysX] Initialized MultithreadedTaskDispatcher with 6 workers.
[PhysX] Initialized MultithreadedTaskDispatcher with 6 workers.
 -> (artifact id: 'db70126cf097803aca2e95308018bf48') in 0.0130746 seconds
Number of updated asset objects reloaded before import = 0Number of asset objects unloaded after import = 23

========================================================================
Received Import Request.
  Time since last request: 0.000024 seconds.
  path: Assets/IslandEscape/TropicalEnvironment/Prefabs/Props/Cannon.prefab
  artifactKey: Guid(9461b3e5bbdaf4c4793ca450afe9a0b1) Importer(815301076,1909f56bfc062723c751e8b465ee728b)
Start importing Assets/IslandEscape/TropicalEnvironment/Prefabs/Props/Cannon.prefab using Guid(9461b3e5bbdaf4c4793ca450afe9a0b1) Importer(815301076,1909f56bfc062723c751e8b465ee728b) (PreviewImporter)[PhysX] Initialized MultithreadedTaskDispatcher with 6 workers.
[PhysX] Initialized MultithreadedTaskDispatcher with 6 workers.
 -> (artifact id: '55e1a2fbd0ff9e893a97de1585344dab') in 0.0151772 seconds
Number of updated asset objects reloaded before import = 0Number of asset objects unloaded after import = 73

========================================================================
Received Import Request.
  Time since last request: 0.000028 seconds.
  path: Assets/IslandEscape/TropicalEnvironment/Prefabs/Props/Bottle_01.prefab
  artifactKey: Guid(3b35bbefbcd640947b6e91a43ab21400) Importer(815301076,1909f56bfc062723c751e8b465ee728b)
Start importing Assets/IslandEscape/TropicalEnvironment/Prefabs/Props/Bottle_01.prefab using Guid(3b35bbefbcd640947b6e91a43ab21400) Importer(815301076,1909f56bfc062723c751e8b465ee728b) (PreviewImporter)[PhysX] Initialized MultithreadedTaskDispatcher with 6 workers.
[PhysX] Initialized MultithreadedTaskDispatcher with 6 workers.
 -> (artifact id: '469f45ae09e38dfc24ba7680ace2c351') in 0.0134071 seconds
Number of updated asset objects reloaded before import = 0Number of asset objects unloaded after import = 18

========================================================================
Received Import Request.
  Time since last request: 0.000025 seconds.
  path: Assets/IslandEscape/TropicalEnvironment/Models/Rocks/Cave_02.fbx
  artifactKey: Guid(772bd78d45e28954687bc8c6ed55b2e4) Importer(815301076,1909f56bfc062723c751e8b465ee728b)
Start importing Assets/IslandEscape/TropicalEnvironment/Models/Rocks/Cave_02.fbx using Guid(772bd78d45e28954687bc8c6ed55b2e4) Importer(815301076,1909f56bfc062723c751e8b465ee728b) (PreviewImporter)[PhysX] Initialized MultithreadedTaskDispatcher with 6 workers.
[PhysX] Initialized MultithreadedTaskDispatcher with 6 workers.
[PhysX] Initialized MultithreadedTaskDispatcher with 6 workers.
[PhysX] Initialized MultithreadedTaskDispatcher with 6 workers.
[PhysX] Initialized MultithreadedTaskDispatcher with 6 workers.
[PhysX] Initialized MultithreadedTaskDispatcher with 6 workers.
 -> (artifact id: '7e880780dbaed1d8efd53bbd7966a71c') in 0.0274873 seconds
Number of updated asset objects reloaded before import = 0Number of asset objects unloaded after import = 15

========================================================================
Received Import Request.
  Time since last request: 0.000030 seconds.
  path: Assets/IslandEscape/TropicalEnvironment/Prefabs/Props/Barrel_02.prefab
  artifactKey: Guid(71f74a2e671347140b0619cf6fc58e5a) Importer(815301076,1909f56bfc062723c751e8b465ee728b)
Start importing Assets/IslandEscape/TropicalEnvironment/Prefabs/Props/Barrel_02.prefab using Guid(71f74a2e671347140b0619cf6fc58e5a) Importer(815301076,1909f56bfc062723c751e8b465ee728b) (PreviewImporter)[PhysX] Initialized MultithreadedTaskDispatcher with 6 workers.
[PhysX] Initialized MultithreadedTaskDispatcher with 6 workers.
 -> (artifact id: 'bc2fbfeb26381ec2bc362a753d1a0ae7') in 0.0132208 seconds
Number of updated asset objects reloaded before import = 0Number of asset objects unloaded after import = 23

========================================================================
Received Import Request.
  Time since last request: 0.000033 seconds.
  path: Assets/IslandEscape/TropicalEnvironment/Prefabs/Props/Grenade_04.prefab
  artifactKey: Guid(6705e8e453a1cdc42b8c9cb5c5af0326) Importer(815301076,1909f56bfc062723c751e8b465ee728b)
Start importing Assets/IslandEscape/TropicalEnvironment/Prefabs/Props/Grenade_04.prefab using Guid(6705e8e453a1cdc42b8c9cb5c5af0326) Importer(815301076,1909f56bfc062723c751e8b465ee728b) (PreviewImporter)[PhysX] Initialized MultithreadedTaskDispatcher with 6 workers.
[PhysX] Initialized MultithreadedTaskDispatcher with 6 workers.
 -> (artifact id: '845bb1d99c512aaa6fe28f4222e5feae') in 0.0134762 seconds
Number of updated asset objects reloaded before import = 0Number of asset objects unloaded after import = 18

========================================================================
Received Import Request.
  Time since last request: 0.000024 seconds.
  path: Assets/IslandEscape/TropicalEnvironment/Prefabs/Props/Fire_01.prefab
  artifactKey: Guid(02b7a7712b1688c468d7c5b3e8513fa3) Importer(815301076,1909f56bfc062723c751e8b465ee728b)
Start importing Assets/IslandEscape/TropicalEnvironment/Prefabs/Props/Fire_01.prefab using Guid(02b7a7712b1688c468d7c5b3e8513fa3) Importer(815301076,1909f56bfc062723c751e8b465ee728b) (PreviewImporter)[PhysX] Initialized MultithreadedTaskDispatcher with 6 workers.
[PhysX] Initialized MultithreadedTaskDispatcher with 6 workers.
 -> (artifact id: '55995c1ba87351beecb4d96c58bc4471') in 0.0156104 seconds
Number of updated asset objects reloaded before import = 0Number of asset objects unloaded after import = 23

========================================================================
Received Import Request.
  Time since last request: 0.000023 seconds.
  path: Assets/IslandEscape/TropicalEnvironment/Prefabs/Props/HammockWood_01.prefab
  artifactKey: Guid(b65e0647b70c0c84ba26ef5d9f9cce36) Importer(815301076,1909f56bfc062723c751e8b465ee728b)
Start importing Assets/IslandEscape/TropicalEnvironment/Prefabs/Props/HammockWood_01.prefab using Guid(b65e0647b70c0c84ba26ef5d9f9cce36) Importer(815301076,1909f56bfc062723c751e8b465ee728b) (PreviewImporter)[PhysX] Initialized MultithreadedTaskDispatcher with 6 workers.
[PhysX] Initialized MultithreadedTaskDispatcher with 6 workers.
 -> (artifact id: 'e8db9a55f8a9ffca283e697a57abc95c') in 0.014966 seconds
Number of updated asset objects reloaded before import = 0Number of asset objects unloaded after import = 23

========================================================================
Received Import Request.
  Time since last request: 0.000039 seconds.
  path: Assets/IslandEscape/TropicalEnvironment/Prefabs/Props/Fire_02.prefab
  artifactKey: Guid(bc81ffad0d9f51c40b5bd01f62426f13) Importer(815301076,1909f56bfc062723c751e8b465ee728b)
Start importing Assets/IslandEscape/TropicalEnvironment/Prefabs/Props/Fire_02.prefab using Guid(bc81ffad0d9f51c40b5bd01f62426f13) Importer(815301076,1909f56bfc062723c751e8b465ee728b) (PreviewImporter)[PhysX] Initialized MultithreadedTaskDispatcher with 6 workers.
[PhysX] Initialized MultithreadedTaskDispatcher with 6 workers.
 -> (artifact id: 'ba5f111c6987a947f397fd141579ec25') in 0.0177294 seconds
Number of updated asset objects reloaded before import = 0Number of asset objects unloaded after import = 61

========================================================================
Received Import Request.
  Time since last request: 0.000030 seconds.
  path: Assets/IslandEscape/TropicalEnvironment/Prefabs/Props/HouseFloor_02.prefab
  artifactKey: Guid(0766cb99542729f4d82ef29cbed90bbb) Importer(815301076,1909f56bfc062723c751e8b465ee728b)
Start importing Assets/IslandEscape/TropicalEnvironment/Prefabs/Props/HouseFloor_02.prefab using Guid(0766cb99542729f4d82ef29cbed90bbb) Importer(815301076,1909f56bfc062723c751e8b465ee728b) (PreviewImporter)[PhysX] Initialized MultithreadedTaskDispatcher with 6 workers.
[PhysX] Initialized MultithreadedTaskDispatcher with 6 workers.
 -> (artifact id: '8fca685cf7905a7d0048fcaba15ec224') in 0.0157776 seconds
Number of updated asset objects reloaded before import = 0Number of asset objects unloaded after import = 23

========================================================================
Received Import Request.
  Time since last request: 0.000024 seconds.
  path: Assets/IslandEscape/TropicalEnvironment/Prefabs/Props/House_01.prefab
  artifactKey: Guid(92792c67ee6413c49b2f8e15542a5da1) Importer(815301076,1909f56bfc062723c751e8b465ee728b)
Start importing Assets/IslandEscape/TropicalEnvironment/Prefabs/Props/House_01.prefab using Guid(92792c67ee6413c49b2f8e15542a5da1) Importer(815301076,1909f56bfc062723c751e8b465ee728b) (PreviewImporter)[PhysX] Initialized MultithreadedTaskDispatcher with 6 workers.
[PhysX] Initialized MultithreadedTaskDispatcher with 6 workers.
 -> (artifact id: 'e3fd94d23556af1b245fe2e6ea6aa6ba') in 0.0135594 seconds
Number of updated asset objects reloaded before import = 0Number of asset objects unloaded after import = 23

========================================================================
Received Import Request.
  Time since last request: 0.000039 seconds.
  path: Assets/IslandEscape/TropicalEnvironment/Prefabs/Props/HouseStairs_02.prefab
  artifactKey: Guid(356891c9a3ddda04292bcb7ad996484d) Importer(815301076,1909f56bfc062723c751e8b465ee728b)
Start importing Assets/IslandEscape/TropicalEnvironment/Prefabs/Props/HouseStairs_02.prefab using Guid(356891c9a3ddda04292bcb7ad996484d) Importer(815301076,1909f56bfc062723c751e8b465ee728b) (PreviewImporter)[PhysX] Initialized MultithreadedTaskDispatcher with 6 workers.
[PhysX] Initialized MultithreadedTaskDispatcher with 6 workers.
 -> (artifact id: 'e5c24d14e60a8020130553c0de3804ce') in 0.0117674 seconds
Number of updated asset objects reloaded before import = 0Number of asset objects unloaded after import = 18

========================================================================
Received Import Request.
  Time since last request: 0.000024 seconds.
  path: Assets/IslandEscape/TropicalEnvironment/Prefabs/Props/HouseStairs_01.prefab
  artifactKey: Guid(fcbc2d1f93d0ec64a89a56c80c54ddda) Importer(815301076,1909f56bfc062723c751e8b465ee728b)
Start importing Assets/IslandEscape/TropicalEnvironment/Prefabs/Props/HouseStairs_01.prefab using Guid(fcbc2d1f93d0ec64a89a56c80c54ddda) Importer(815301076,1909f56bfc062723c751e8b465ee728b) (PreviewImporter)[PhysX] Initialized MultithreadedTaskDispatcher with 6 workers.
[PhysX] Initialized MultithreadedTaskDispatcher with 6 workers.
 -> (artifact id: 'aa98d8ae2937d2cceca5d8e4a3a27f7f') in 0.0113491 seconds
Number of updated asset objects reloaded before import = 0Number of asset objects unloaded after import = 18

========================================================================
Received Import Request.
  Time since last request: 0.000024 seconds.
  path: Assets/IslandEscape/TropicalEnvironment/Models/Rocks/Rock_09.fbx
  artifactKey: Guid(cd94fb68ecf9cae42898008d32015f63) Importer(815301076,1909f56bfc062723c751e8b465ee728b)
Start importing Assets/IslandEscape/TropicalEnvironment/Models/Rocks/Rock_09.fbx using Guid(cd94fb68ecf9cae42898008d32015f63) Importer(815301076,1909f56bfc062723c751e8b465ee728b) (PreviewImporter)[PhysX] Initialized MultithreadedTaskDispatcher with 6 workers.
[PhysX] Initialized MultithreadedTaskDispatcher with 6 workers.
[PhysX] Initialized MultithreadedTaskDispatcher with 6 workers.
[PhysX] Initialized MultithreadedTaskDispatcher with 6 workers.
[PhysX] Initialized MultithreadedTaskDispatcher with 6 workers.
[PhysX] Initialized MultithreadedTaskDispatcher with 6 workers.
 -> (artifact id: '3f1b3421ace5d4076708289fd710cb3b') in 0.0228419 seconds
Number of updated asset objects reloaded before import = 0Number of asset objects unloaded after import = 15

========================================================================
Received Import Request.
  Time since last request: 0.000022 seconds.
  path: Assets/IslandEscape/TropicalEnvironment/Prefabs/Props/Fish_02.prefab
  artifactKey: Guid(4a9f671bc733178458ba35ba78e2a2d8) Importer(815301076,1909f56bfc062723c751e8b465ee728b)
Start importing Assets/IslandEscape/TropicalEnvironment/Prefabs/Props/Fish_02.prefab using Guid(4a9f671bc733178458ba35ba78e2a2d8) Importer(815301076,1909f56bfc062723c751e8b465ee728b) (PreviewImporter)[PhysX] Initialized MultithreadedTaskDispatcher with 6 workers.
[PhysX] Initialized MultithreadedTaskDispatcher with 6 workers.
 -> (artifact id: '298879410c4d0b617345c495ab2df434') in 0.012568 seconds
Number of updated asset objects reloaded before import = 0Number of asset objects unloaded after import = 18

========================================================================
Received Import Request.
  Time since last request: 0.000020 seconds.
  path: Assets/IslandEscape/TropicalEnvironment/Prefabs/Props/Grenade_01.prefab
  artifactKey: Guid(4ebc62d4a0d464d40839f1832d57cf8d) Importer(815301076,1909f56bfc062723c751e8b465ee728b)
Start importing Assets/IslandEscape/TropicalEnvironment/Prefabs/Props/Grenade_01.prefab using Guid(4ebc62d4a0d464d40839f1832d57cf8d) Importer(815301076,1909f56bfc062723c751e8b465ee728b) (PreviewImporter)[PhysX] Initialized MultithreadedTaskDispatcher with 6 workers.
[PhysX] Initialized MultithreadedTaskDispatcher with 6 workers.
 -> (artifact id: '9412e064f85bd6ce683a1b91fcb058e5') in 0.0119081 seconds
Number of updated asset objects reloaded before import = 0Number of asset objects unloaded after import = 18

========================================================================
Received Import Request.
  Time since last request: 0.000030 seconds.
  path: Assets/IslandEscape/TropicalEnvironment/Prefabs/Props/Bottle_10.prefab
  artifactKey: Guid(86928ff22f7b1a442a88aa186da68ba5) Importer(815301076,1909f56bfc062723c751e8b465ee728b)
Start importing Assets/IslandEscape/TropicalEnvironment/Prefabs/Props/Bottle_10.prefab using Guid(86928ff22f7b1a442a88aa186da68ba5) Importer(815301076,1909f56bfc062723c751e8b465ee728b) (PreviewImporter)[PhysX] Initialized MultithreadedTaskDispatcher with 6 workers.
[PhysX] Initialized MultithreadedTaskDispatcher with 6 workers.
 -> (artifact id: '8e1da673c20eccc5d351d3dc8f7f9806') in 0.0129965 seconds
Number of updated asset objects reloaded before import = 0Number of asset objects unloaded after import = 18

========================================================================
Received Import Request.
  Time since last request: 0.000030 seconds.
  path: Assets/IslandEscape/TropicalEnvironment/Prefabs/Props/Coin_01.prefab
  artifactKey: Guid(9e909ae7bb485814ea6e0987a45c3e12) Importer(815301076,1909f56bfc062723c751e8b465ee728b)
Start importing Assets/IslandEscape/TropicalEnvironment/Prefabs/Props/Coin_01.prefab using Guid(9e909ae7bb485814ea6e0987a45c3e12) Importer(815301076,1909f56bfc062723c751e8b465ee728b) (PreviewImporter)[PhysX] Initialized MultithreadedTaskDispatcher with 6 workers.
[PhysX] Initialized MultithreadedTaskDispatcher with 6 workers.
 -> (artifact id: '8fbe1ac09267c6e54907e2c04ae3c211') in 0.0134025 seconds
Number of updated asset objects reloaded before import = 0Number of asset objects unloaded after import = 10

========================================================================
Received Import Request.
  Time since last request: 0.000028 seconds.
  path: Assets/IslandEscape/TropicalEnvironment/Prefabs/Props/Bottle_14.prefab
  artifactKey: Guid(fcb5e473d98c728479c5a323e1fe2fb2) Importer(815301076,1909f56bfc062723c751e8b465ee728b)
Start importing Assets/IslandEscape/TropicalEnvironment/Prefabs/Props/Bottle_14.prefab using Guid(fcb5e473d98c728479c5a323e1fe2fb2) Importer(815301076,1909f56bfc062723c751e8b465ee728b) (PreviewImporter)[PhysX] Initialized MultithreadedTaskDispatcher with 6 workers.
[PhysX] Initialized MultithreadedTaskDispatcher with 6 workers.
 -> (artifact id: '095b15731877bf9d8e66cbc1c6e32dd6') in 0.0120976 seconds
Number of updated asset objects reloaded before import = 0Number of asset objects unloaded after import = 18

========================================================================
Received Import Request.
  Time since last request: 0.000021 seconds.
  path: Assets/IslandEscape/TropicalEnvironment/Prefabs/Props/Bottle_02.prefab
  artifactKey: Guid(2045eb1b1f00b594199324bc1a335852) Importer(815301076,1909f56bfc062723c751e8b465ee728b)
Start importing Assets/IslandEscape/TropicalEnvironment/Prefabs/Props/Bottle_02.prefab using Guid(2045eb1b1f00b594199324bc1a335852) Importer(815301076,1909f56bfc062723c751e8b465ee728b) (PreviewImporter)[PhysX] Initialized MultithreadedTaskDispatcher with 6 workers.
[PhysX] Initialized MultithreadedTaskDispatcher with 6 workers.
 -> (artifact id: '61eca0f7c420daf45d3f4b678e7d7ee8') in 0.0118445 seconds
Number of updated asset objects reloaded before import = 0Number of asset objects unloaded after import = 18

========================================================================
Received Import Request.
  Time since last request: 0.000022 seconds.
  path: Assets/IslandEscape/TropicalEnvironment/Prefabs/Props/Crown_01.prefab
  artifactKey: Guid(546a86767bdee7f4581fdd790b414597) Importer(815301076,1909f56bfc062723c751e8b465ee728b)
Start importing Assets/IslandEscape/TropicalEnvironment/Prefabs/Props/Crown_01.prefab using Guid(546a86767bdee7f4581fdd790b414597) Importer(815301076,1909f56bfc062723c751e8b465ee728b) (PreviewImporter)[PhysX] Initialized MultithreadedTaskDispatcher with 6 workers.
[PhysX] Initialized MultithreadedTaskDispatcher with 6 workers.
 -> (artifact id: '050d3fedafed234cadebf79052856af6') in 0.0137972 seconds
Number of updated asset objects reloaded before import = 0Number of asset objects unloaded after import = 18

========================================================================
Received Import Request.
  Time since last request: 0.000025 seconds.
  path: Assets/IslandEscape/TropicalEnvironment/Prefabs/Props/Bottle_03.prefab
  artifactKey: Guid(afd50a9a220e7184fb587b171ae5eb9b) Importer(815301076,1909f56bfc062723c751e8b465ee728b)
Start importing Assets/IslandEscape/TropicalEnvironment/Prefabs/Props/Bottle_03.prefab using Guid(afd50a9a220e7184fb587b171ae5eb9b) Importer(815301076,1909f56bfc062723c751e8b465ee728b) (PreviewImporter)[PhysX] Initialized MultithreadedTaskDispatcher with 6 workers.
[PhysX] Initialized MultithreadedTaskDispatcher with 6 workers.
 -> (artifact id: 'ca240dc5695e431fccfbc2027da90f7f') in 0.01142 seconds
Number of updated asset objects reloaded before import = 0Number of asset objects unloaded after import = 18

========================================================================
Received Import Request.
  Time since last request: 0.000023 seconds.
  path: Assets/IslandEscape/TropicalEnvironment/Models
  artifactKey: Guid(bf923123131ee4c4d9ccc25d3d62f80e) Importer(815301076,1909f56bfc062723c751e8b465ee728b)
Start importing Assets/IslandEscape/TropicalEnvironment/Models using Guid(bf923123131ee4c4d9ccc25d3d62f80e) Importer(815301076,1909f56bfc062723c751e8b465ee728b) (PreviewImporter)[PhysX] Initialized MultithreadedTaskDispatcher with 6 workers.
 -> (artifact id: '21549c060cea7d71c6edae784eb9e3e6') in 0.0005038 seconds
Number of updated asset objects reloaded before import = 0Number of asset objects unloaded after import = 0

========================================================================
Received Import Request.
  Time since last request: 0.000030 seconds.
  path: Assets/IslandEscape/TropicalEnvironment/Models/Rocks/Rock_05.fbx
  artifactKey: Guid(f7ddc061f5d9a274fb1f0ea510591c19) Importer(815301076,1909f56bfc062723c751e8b465ee728b)
Start importing Assets/IslandEscape/TropicalEnvironment/Models/Rocks/Rock_05.fbx using Guid(f7ddc061f5d9a274fb1f0ea510591c19) Importer(815301076,1909f56bfc062723c751e8b465ee728b) (PreviewImporter)[PhysX] Initialized MultithreadedTaskDispatcher with 6 workers.
[PhysX] Initialized MultithreadedTaskDispatcher with 6 workers.
[PhysX] Initialized MultithreadedTaskDispatcher with 6 workers.
[PhysX] Initialized MultithreadedTaskDispatcher with 6 workers.
[PhysX] Initialized MultithreadedTaskDispatcher with 6 workers.
[PhysX] Initialized MultithreadedTaskDispatcher with 6 workers.
 -> (artifact id: '5404c492ba089072194378a8825958e3') in 0.0222508 seconds
Number of updated asset objects reloaded before import = 0Number of asset objects unloaded after import = 15

========================================================================
Received Import Request.
  Time since last request: 0.000020 seconds.
  path: Assets/IslandEscape/TropicalEnvironment/Prefabs/Props/Chest_03.prefab
  artifactKey: Guid(bfb45a3a869c398428d439d4ec2fea13) Importer(815301076,1909f56bfc062723c751e8b465ee728b)
Start importing Assets/IslandEscape/TropicalEnvironment/Prefabs/Props/Chest_03.prefab using Guid(bfb45a3a869c398428d439d4ec2fea13) Importer(815301076,1909f56bfc062723c751e8b465ee728b) (PreviewImporter)[PhysX] Initialized MultithreadedTaskDispatcher with 6 workers.
[PhysX] Initialized MultithreadedTaskDispatcher with 6 workers.
 -> (artifact id: '7c77150370d8d7c62d727363f28ddb9b') in 0.0135933 seconds
Number of updated asset objects reloaded before import = 0Number of asset objects unloaded after import = 39

========================================================================
Received Import Request.
  Time since last request: 0.000025 seconds.
  path: Assets/IslandEscape/TropicalEnvironment/Prefabs/Props/Bottle_12.prefab
  artifactKey: Guid(fde4ddeaad91fce4292c15ef8a92b610) Importer(815301076,1909f56bfc062723c751e8b465ee728b)
Start importing Assets/IslandEscape/TropicalEnvironment/Prefabs/Props/Bottle_12.prefab using Guid(fde4ddeaad91fce4292c15ef8a92b610) Importer(815301076,1909f56bfc062723c751e8b465ee728b) (PreviewImporter)[PhysX] Initialized MultithreadedTaskDispatcher with 6 workers.
[PhysX] Initialized MultithreadedTaskDispatcher with 6 workers.
 -> (artifact id: 'c3d375ec2b0fbac5754a85484b557f76') in 0.0130841 seconds
Number of updated asset objects reloaded before import = 0Number of asset objects unloaded after import = 18

========================================================================
Received Import Request.
  Time since last request: 0.000022 seconds.
  path: Assets/IslandEscape/TropicalEnvironment/Models/Rocks/Cave_03.fbx
  artifactKey: Guid(100c2b4a717dd8a42b94e462d602943a) Importer(815301076,1909f56bfc062723c751e8b465ee728b)
Start importing Assets/IslandEscape/TropicalEnvironment/Models/Rocks/Cave_03.fbx using Guid(100c2b4a717dd8a42b94e462d602943a) Importer(815301076,1909f56bfc062723c751e8b465ee728b) (PreviewImporter)[PhysX] Initialized MultithreadedTaskDispatcher with 6 workers.
[PhysX] Initialized MultithreadedTaskDispatcher with 6 workers.
[PhysX] Initialized MultithreadedTaskDispatcher with 6 workers.
[PhysX] Initialized MultithreadedTaskDispatcher with 6 workers.
[PhysX] Initialized MultithreadedTaskDispatcher with 6 workers.
[PhysX] Initialized MultithreadedTaskDispatcher with 6 workers.
 -> (artifact id: '0d5a31ecc66920807aa8e612e36f0f10') in 0.0230372 seconds
Number of updated asset objects reloaded before import = 0Number of asset objects unloaded after import = 15

========================================================================
Received Import Request.
  Time since last request: 0.000023 seconds.
  path: Assets/IslandEscape/TropicalEnvironment/Prefabs/Props/Fish_01.prefab
  artifactKey: Guid(c56641ac4b57d3e44afce77bbaba32f1) Importer(815301076,1909f56bfc062723c751e8b465ee728b)
Start importing Assets/IslandEscape/TropicalEnvironment/Prefabs/Props/Fish_01.prefab using Guid(c56641ac4b57d3e44afce77bbaba32f1) Importer(815301076,1909f56bfc062723c751e8b465ee728b) (PreviewImporter)[PhysX] Initialized MultithreadedTaskDispatcher with 6 workers.
[PhysX] Initialized MultithreadedTaskDispatcher with 6 workers.
 -> (artifact id: 'f89c614f37fea9878a7f8ebecdd413d2') in 0.0114828 seconds
Number of updated asset objects reloaded before import = 0Number of asset objects unloaded after import = 18

========================================================================
Received Import Request.
  Time since last request: 0.000021 seconds.
  path: Assets/IslandEscape/TropicalEnvironment/Prefabs/Props/Coconut_01.prefab
  artifactKey: Guid(5a84acb28408ee4498cb58d34f311adb) Importer(815301076,1909f56bfc062723c751e8b465ee728b)
Start importing Assets/IslandEscape/TropicalEnvironment/Prefabs/Props/Coconut_01.prefab using Guid(5a84acb28408ee4498cb58d34f311adb) Importer(815301076,1909f56bfc062723c751e8b465ee728b) (PreviewImporter)[PhysX] Initialized MultithreadedTaskDispatcher with 6 workers.
[PhysX] Initialized MultithreadedTaskDispatcher with 6 workers.
 -> (artifact id: '4939809d158acbe280c6427756a5ba08') in 0.0113445 seconds
Number of updated asset objects reloaded before import = 0Number of asset objects unloaded after import = 25

========================================================================
Received Import Request.
  Time since last request: 0.000031 seconds.
  path: Assets/IslandEscape/TropicalEnvironment/Prefabs/Props/Mask_02.prefab
  artifactKey: Guid(fc78e14bac5ff9249855a4b49b30acb5) Importer(815301076,1909f56bfc062723c751e8b465ee728b)
Start importing Assets/IslandEscape/TropicalEnvironment/Prefabs/Props/Mask_02.prefab using Guid(fc78e14bac5ff9249855a4b49b30acb5) Importer(815301076,1909f56bfc062723c751e8b465ee728b) (PreviewImporter)[PhysX] Initialized MultithreadedTaskDispatcher with 6 workers.
[PhysX] Initialized MultithreadedTaskDispatcher with 6 workers.
 -> (artifact id: 'a5d497001a99dfecbd00a79c1415b1e0') in 0.0132247 seconds
Number of updated asset objects reloaded before import = 0Number of asset objects unloaded after import = 23

========================================================================
Received Import Request.
  Time since last request: 0.000021 seconds.
  path: Assets/IslandEscape/TropicalEnvironment/Prefabs/Props/Fireplace_02.prefab
  artifactKey: Guid(29175ce6d07072a40bf36a940ec10bac) Importer(815301076,1909f56bfc062723c751e8b465ee728b)
Start importing Assets/IslandEscape/TropicalEnvironment/Prefabs/Props/Fireplace_02.prefab using Guid(29175ce6d07072a40bf36a940ec10bac) Importer(815301076,1909f56bfc062723c751e8b465ee728b) (PreviewImporter)[PhysX] Initialized MultithreadedTaskDispatcher with 6 workers.
[PhysX] Initialized MultithreadedTaskDispatcher with 6 workers.
 -> (artifact id: 'bbfaaf5e3243b1e72a30be0b92b7836f') in 0.0134988 seconds
Number of updated asset objects reloaded before import = 0Number of asset objects unloaded after import = 61

========================================================================
Received Import Request.
  Time since last request: 0.000027 seconds.
  path: Assets/IslandEscape/TropicalEnvironment/Models/Rocks/Cave_07.fbx
  artifactKey: Guid(665a398efc7b1ce4789097d921ef55ea) Importer(815301076,1909f56bfc062723c751e8b465ee728b)
Start importing Assets/IslandEscape/TropicalEnvironment/Models/Rocks/Cave_07.fbx using Guid(665a398efc7b1ce4789097d921ef55ea) Importer(815301076,1909f56bfc062723c751e8b465ee728b) (PreviewImporter)[PhysX] Initialized MultithreadedTaskDispatcher with 6 workers.
[PhysX] Initialized MultithreadedTaskDispatcher with 6 workers.
[PhysX] Initialized MultithreadedTaskDispatcher with 6 workers.
[PhysX] Initialized MultithreadedTaskDispatcher with 6 workers.
[PhysX] Initialized MultithreadedTaskDispatcher with 6 workers.
[PhysX] Initialized MultithreadedTaskDispatcher with 6 workers.
 -> (artifact id: 'f846722a51f328f9554073e93f9912b0') in 0.022734 seconds
Number of updated asset objects reloaded before import = 0Number of asset objects unloaded after import = 15

========================================================================
Received Import Request.
  Time since last request: 0.000024 seconds.
  path: Assets/IslandEscape/TropicalEnvironment/Models/Rocks/Rock_04.fbx
  artifactKey: Guid(2108127156810694987dbed4c2fb4cdc) Importer(815301076,1909f56bfc062723c751e8b465ee728b)
Start importing Assets/IslandEscape/TropicalEnvironment/Models/Rocks/Rock_04.fbx using Guid(2108127156810694987dbed4c2fb4cdc) Importer(815301076,1909f56bfc062723c751e8b465ee728b) (PreviewImporter)[PhysX] Initialized MultithreadedTaskDispatcher with 6 workers.
[PhysX] Initialized MultithreadedTaskDispatcher with 6 workers.
[PhysX] Initialized MultithreadedTaskDispatcher with 6 workers.
[PhysX] Initialized MultithreadedTaskDispatcher with 6 workers.
[PhysX] Initialized MultithreadedTaskDispatcher with 6 workers.
[PhysX] Initialized MultithreadedTaskDispatcher with 6 workers.
 -> (artifact id: '8c35f74b8dc5a6e9544e934a96a7cb71') in 0.0231644 seconds
Number of updated asset objects reloaded before import = 0Number of asset objects unloaded after import = 15

========================================================================
Received Import Request.
  Time since last request: 0.000022 seconds.
  path: Assets/IslandEscape/TropicalEnvironment/Prefabs/Props/Fence_02.prefab
  artifactKey: Guid(e778a3af353e47145bcf2750f2591f17) Importer(815301076,1909f56bfc062723c751e8b465ee728b)
Start importing Assets/IslandEscape/TropicalEnvironment/Prefabs/Props/Fence_02.prefab using Guid(e778a3af353e47145bcf2750f2591f17) Importer(815301076,1909f56bfc062723c751e8b465ee728b) (PreviewImporter)[PhysX] Initialized MultithreadedTaskDispatcher with 6 workers.
[PhysX] Initialized MultithreadedTaskDispatcher with 6 workers.
 -> (artifact id: '2bc961f4fb61351113d64e87153c8acf') in 0.0111459 seconds
Number of updated asset objects reloaded before import = 0Number of asset objects unloaded after import = 23

========================================================================
Received Import Request.
  Time since last request: 0.000026 seconds.
  path: Assets/IslandEscape/TropicalEnvironment/Models/Rocks/Cave_05.fbx
  artifactKey: Guid(9453e71b90141ec48983e265fdea7b87) Importer(815301076,1909f56bfc062723c751e8b465ee728b)
Start importing Assets/IslandEscape/TropicalEnvironment/Models/Rocks/Cave_05.fbx using Guid(9453e71b90141ec48983e265fdea7b87) Importer(815301076,1909f56bfc062723c751e8b465ee728b) (PreviewImporter)[PhysX] Initialized MultithreadedTaskDispatcher with 6 workers.
[PhysX] Initialized MultithreadedTaskDispatcher with 6 workers.
[PhysX] Initialized MultithreadedTaskDispatcher with 6 workers.
[PhysX] Initialized MultithreadedTaskDispatcher with 6 workers.
[PhysX] Initialized MultithreadedTaskDispatcher with 6 workers.
[PhysX] Initialized MultithreadedTaskDispatcher with 6 workers.
 -> (artifact id: '318f8516e780967e9b94960fb237fde4') in 0.0209499 seconds
Number of updated asset objects reloaded before import = 0Number of asset objects unloaded after import = 15

========================================================================
Received Import Request.
  Time since last request: 0.000044 seconds.
  path: Assets/IslandEscape/TropicalEnvironment/Prefabs/Props/Bottle_16.prefab
  artifactKey: Guid(7cd875412c7e061459113c34c3186616) Importer(815301076,1909f56bfc062723c751e8b465ee728b)
Start importing Assets/IslandEscape/TropicalEnvironment/Prefabs/Props/Bottle_16.prefab using Guid(7cd875412c7e061459113c34c3186616) Importer(815301076,1909f56bfc062723c751e8b465ee728b) (PreviewImporter)[PhysX] Initialized MultithreadedTaskDispatcher with 6 workers.
[PhysX] Initialized MultithreadedTaskDispatcher with 6 workers.
 -> (artifact id: '183f9bd300b9de1f1c637317375e99b1') in 0.0155509 seconds
Number of updated asset objects reloaded before import = 0Number of asset objects unloaded after import = 18

========================================================================
Received Import Request.
  Time since last request: 0.000023 seconds.
  path: Assets/IslandEscape/TropicalEnvironment/Prefabs
  artifactKey: Guid(04d23dc46ae5a0948999af2f8278fd8e) Importer(815301076,1909f56bfc062723c751e8b465ee728b)
Start importing Assets/IslandEscape/TropicalEnvironment/Prefabs using Guid(04d23dc46ae5a0948999af2f8278fd8e) Importer(815301076,1909f56bfc062723c751e8b465ee728b) (PreviewImporter)[PhysX] Initialized MultithreadedTaskDispatcher with 6 workers.
 -> (artifact id: '41a6681714fb2270f7ca9a604ebde379') in 0.0005299 seconds
Number of updated asset objects reloaded before import = 0Number of asset objects unloaded after import = 0

========================================================================
Received Import Request.
  Time since last request: 16.930638 seconds.
  path: Assets/IslandEscape/TropicalEnvironment/Prefabs/Props/Barrel_02.prefab
  artifactKey: Guid(71f74a2e671347140b0619cf6fc58e5a) Importer(815301076,1909f56bfc062723c751e8b465ee728b)
Start importing Assets/IslandEscape/TropicalEnvironment/Prefabs/Props/Barrel_02.prefab using Guid(71f74a2e671347140b0619cf6fc58e5a) Importer(815301076,1909f56bfc062723c751e8b465ee728b) (PreviewImporter)[PhysX] Initialized MultithreadedTaskDispatcher with 6 workers.
[PhysX] Initialized MultithreadedTaskDispatcher with 6 workers.
 -> (artifact id: '5f4347e31d41ffd7a57167b15fc21069') in 3.6096202 seconds
Number of updated asset objects reloaded before import = 0Number of asset objects unloaded after import = 23

========================================================================
Received Import Request.
  Time since last request: 0.000037 seconds.
  path: Assets/IslandEscape/TropicalEnvironment/Prefabs/Props/DryingFish.prefab
  artifactKey: Guid(6c19af3d5b8396946bcd5ad6c50331c2) Importer(815301076,1909f56bfc062723c751e8b465ee728b)
Start importing Assets/IslandEscape/TropicalEnvironment/Prefabs/Props/DryingFish.prefab using Guid(6c19af3d5b8396946bcd5ad6c50331c2) Importer(815301076,1909f56bfc062723c751e8b465ee728b) (PreviewImporter)[PhysX] Initialized MultithreadedTaskDispatcher with 6 workers.
[PhysX] Initialized MultithreadedTaskDispatcher with 6 workers.
 -> (artifact id: 'e7be64193b237728410f016f61fdba6c') in 0.0179174 seconds
Number of updated asset objects reloaded before import = 0Number of asset objects unloaded after import = 23

========================================================================
Received Import Request.
  Time since last request: 0.000037 seconds.
  path: Assets/IslandEscape/TropicalEnvironment/Prefabs/Props/Diamond_01.prefab
  artifactKey: Guid(2e359741011460e4599f30419439fe4a) Importer(815301076,1909f56bfc062723c751e8b465ee728b)
Start importing Assets/IslandEscape/TropicalEnvironment/Prefabs/Props/Diamond_01.prefab using Guid(2e359741011460e4599f30419439fe4a) Importer(815301076,1909f56bfc062723c751e8b465ee728b) (PreviewImporter)[PhysX] Initialized MultithreadedTaskDispatcher with 6 workers.
[PhysX] Initialized MultithreadedTaskDispatcher with 6 workers.
 -> (artifact id: '84ff98236e8c9f390a2e4299805170da') in 0.0159208 seconds
Number of updated asset objects reloaded before import = 0Number of asset objects unloaded after import = 18

========================================================================
Received Import Request.
  Time since last request: 0.000027 seconds.
  path: Assets/IslandEscape/TropicalEnvironment/Prefabs/Props/Chair_01.prefab
  artifactKey: Guid(8c9de0c9eb883be4d8751b13921c8c70) Importer(815301076,1909f56bfc062723c751e8b465ee728b)
Start importing Assets/IslandEscape/TropicalEnvironment/Prefabs/Props/Chair_01.prefab using Guid(8c9de0c9eb883be4d8751b13921c8c70) Importer(815301076,1909f56bfc062723c751e8b465ee728b) (PreviewImporter)[PhysX] Initialized MultithreadedTaskDispatcher with 6 workers.
[PhysX] Initialized MultithreadedTaskDispatcher with 6 workers.
 -> (artifact id: 'de716cb999c52887f6b47293acf695fb') in 0.0161834 seconds
Number of updated asset objects reloaded before import = 0Number of asset objects unloaded after import = 23

========================================================================
Received Import Request.
  Time since last request: 0.000021 seconds.
  path: Assets/IslandEscape/TropicalEnvironment/Prefabs/Props/Fire_02.prefab
  artifactKey: Guid(bc81ffad0d9f51c40b5bd01f62426f13) Importer(815301076,1909f56bfc062723c751e8b465ee728b)
Start importing Assets/IslandEscape/TropicalEnvironment/Prefabs/Props/Fire_02.prefab using Guid(bc81ffad0d9f51c40b5bd01f62426f13) Importer(815301076,1909f56bfc062723c751e8b465ee728b) (PreviewImporter)[PhysX] Initialized MultithreadedTaskDispatcher with 6 workers.
[PhysX] Initialized MultithreadedTaskDispatcher with 6 workers.
 -> (artifact id: '698a5f90ecae290c5c7ed2adb6dd70b0') in 0.0201149 seconds
Number of updated asset objects reloaded before import = 0Number of asset objects unloaded after import = 61

========================================================================
Received Import Request.
  Time since last request: 0.000025 seconds.
  path: Assets/IslandEscape/TropicalEnvironment/Prefabs/Props/HammockWood_01.prefab
  artifactKey: Guid(b65e0647b70c0c84ba26ef5d9f9cce36) Importer(815301076,1909f56bfc062723c751e8b465ee728b)
Start importing Assets/IslandEscape/TropicalEnvironment/Prefabs/Props/HammockWood_01.prefab using Guid(b65e0647b70c0c84ba26ef5d9f9cce36) Importer(815301076,1909f56bfc062723c751e8b465ee728b) (PreviewImporter)[PhysX] Initialized MultithreadedTaskDispatcher with 6 workers.
[PhysX] Initialized MultithreadedTaskDispatcher with 6 workers.
 -> (artifact id: '8fd698d3dd7aae38f24bbe16d182cef3') in 0.013662 seconds
Number of updated asset objects reloaded before import = 0Number of asset objects unloaded after import = 23

========================================================================
Received Import Request.
  Time since last request: 0.000022 seconds.
  path: Assets/IslandEscape/TropicalEnvironment/Prefabs/Props/FishingRod_02.prefab
  artifactKey: Guid(416581d2212219e4f99e5632555cbd09) Importer(815301076,1909f56bfc062723c751e8b465ee728b)
Start importing Assets/IslandEscape/TropicalEnvironment/Prefabs/Props/FishingRod_02.prefab using Guid(416581d2212219e4f99e5632555cbd09) Importer(815301076,1909f56bfc062723c751e8b465ee728b) (PreviewImporter)[PhysX] Initialized MultithreadedTaskDispatcher with 6 workers.
[PhysX] Initialized MultithreadedTaskDispatcher with 6 workers.
 -> (artifact id: 'd3564d9cfd051aed5c81212ca86f3673') in 0.0175257 seconds
Number of updated asset objects reloaded before import = 0Number of asset objects unloaded after import = 18

========================================================================
Received Import Request.
  Time since last request: 0.000035 seconds.
  path: Assets/IslandEscape/TropicalEnvironment/Prefabs/Props/HouseStairs_02.prefab
  artifactKey: Guid(356891c9a3ddda04292bcb7ad996484d) Importer(815301076,1909f56bfc062723c751e8b465ee728b)
Start importing Assets/IslandEscape/TropicalEnvironment/Prefabs/Props/HouseStairs_02.prefab using Guid(356891c9a3ddda04292bcb7ad996484d) Importer(815301076,1909f56bfc062723c751e8b465ee728b) (PreviewImporter)[PhysX] Initialized MultithreadedTaskDispatcher with 6 workers.
[PhysX] Initialized MultithreadedTaskDispatcher with 6 workers.
 -> (artifact id: '74b5c131fb5c5c3fe54383b57a92cce4') in 0.0144333 seconds
Number of updated asset objects reloaded before import = 0Number of asset objects unloaded after import = 18

========================================================================
Received Import Request.
  Time since last request: 0.000037 seconds.
  path: Assets/IslandEscape/TropicalEnvironment/Prefabs/Props/Fish_02.prefab
  artifactKey: Guid(4a9f671bc733178458ba35ba78e2a2d8) Importer(815301076,1909f56bfc062723c751e8b465ee728b)
Start importing Assets/IslandEscape/TropicalEnvironment/Prefabs/Props/Fish_02.prefab using Guid(4a9f671bc733178458ba35ba78e2a2d8) Importer(815301076,1909f56bfc062723c751e8b465ee728b) (PreviewImporter)[PhysX] Initialized MultithreadedTaskDispatcher with 6 workers.
[PhysX] Initialized MultithreadedTaskDispatcher with 6 workers.
 -> (artifact id: '360d3b9d7017c1d1376c04e084930481') in 0.0157706 seconds
Number of updated asset objects reloaded before import = 0Number of asset objects unloaded after import = 18

========================================================================
Received Import Request.
  Time since last request: 0.000022 seconds.
  path: Assets/IslandEscape/TropicalEnvironment/Prefabs/Props/Chest_04.prefab
  artifactKey: Guid(f91bd0573febb834a9fa0d3fef50db26) Importer(815301076,1909f56bfc062723c751e8b465ee728b)
Start importing Assets/IslandEscape/TropicalEnvironment/Prefabs/Props/Chest_04.prefab using Guid(f91bd0573febb834a9fa0d3fef50db26) Importer(815301076,1909f56bfc062723c751e8b465ee728b) (PreviewImporter)[PhysX] Initialized MultithreadedTaskDispatcher with 6 workers.
[PhysX] Initialized MultithreadedTaskDispatcher with 6 workers.
 -> (artifact id: 'a160db5ef67d1e06b781a56629682ced') in 0.0157015 seconds
Number of updated asset objects reloaded before import = 0Number of asset objects unloaded after import = 39

========================================================================
Received Import Request.
  Time since last request: 0.000030 seconds.
  path: Assets/IslandEscape/TropicalEnvironment/Prefabs/Props/FishingRod_01.prefab
  artifactKey: Guid(05fd0586c565a2d43980ca657a39d9b6) Importer(815301076,1909f56bfc062723c751e8b465ee728b)
Start importing Assets/IslandEscape/TropicalEnvironment/Prefabs/Props/FishingRod_01.prefab using Guid(05fd0586c565a2d43980ca657a39d9b6) Importer(815301076,1909f56bfc062723c751e8b465ee728b) (PreviewImporter)[PhysX] Initialized MultithreadedTaskDispatcher with 6 workers.
[PhysX] Initialized MultithreadedTaskDispatcher with 6 workers.
 -> (artifact id: '8dac1e3c540d50c863fe87db3584e6aa') in 0.0135052 seconds
Number of updated asset objects reloaded before import = 0Number of asset objects unloaded after import = 18

========================================================================
Received Import Request.
  Time since last request: 0.000028 seconds.
  path: Assets/IslandEscape/TropicalEnvironment/Prefabs/Props/Fence_01.prefab
  artifactKey: Guid(72eb985c16621654f89d68f38bf17779) Importer(815301076,1909f56bfc062723c751e8b465ee728b)
Start importing Assets/IslandEscape/TropicalEnvironment/Prefabs/Props/Fence_01.prefab using Guid(72eb985c16621654f89d68f38bf17779) Importer(815301076,1909f56bfc062723c751e8b465ee728b) (PreviewImporter)[PhysX] Initialized MultithreadedTaskDispatcher with 6 workers.
[PhysX] Initialized MultithreadedTaskDispatcher with 6 workers.
 -> (artifact id: '0e6f6cefa607f2d9c53a7dc9723019a1') in 0.0129854 seconds
Number of updated asset objects reloaded before import = 0Number of asset objects unloaded after import = 23

========================================================================
Received Import Request.
  Time since last request: 0.000022 seconds.
  path: Assets/IslandEscape/TropicalEnvironment/Prefabs/Props/Chest_02.prefab
  artifactKey: Guid(7fad96a991d51a24ba67e360e44175bc) Importer(815301076,1909f56bfc062723c751e8b465ee728b)
Start importing Assets/IslandEscape/TropicalEnvironment/Prefabs/Props/Chest_02.prefab using Guid(7fad96a991d51a24ba67e360e44175bc) Importer(815301076,1909f56bfc062723c751e8b465ee728b) (PreviewImporter)[PhysX] Initialized MultithreadedTaskDispatcher with 6 workers.
[PhysX] Initialized MultithreadedTaskDispatcher with 6 workers.
 -> (artifact id: '7cc979545cc98e45d5d5807d2863e411') in 0.0181427 seconds
Number of updated asset objects reloaded before import = 0Number of asset objects unloaded after import = 39

========================================================================
Received Import Request.
  Time since last request: 0.000025 seconds.
  path: Assets/IslandEscape/TropicalEnvironment/Prefabs/Props/Grenade_02.prefab
  artifactKey: Guid(87581345492398947b7cc6ec125a7feb) Importer(815301076,1909f56bfc062723c751e8b465ee728b)
Start importing Assets/IslandEscape/TropicalEnvironment/Prefabs/Props/Grenade_02.prefab using Guid(87581345492398947b7cc6ec125a7feb) Importer(815301076,1909f56bfc062723c751e8b465ee728b) (PreviewImporter)[PhysX] Initialized MultithreadedTaskDispatcher with 6 workers.
[PhysX] Initialized MultithreadedTaskDispatcher with 6 workers.
 -> (artifact id: 'cf682c6e1ec8125929891efaed8714fe') in 0.0171495 seconds
Number of updated asset objects reloaded before import = 0Number of asset objects unloaded after import = 18

========================================================================
Received Import Request.
  Time since last request: 0.000039 seconds.
  path: Assets/IslandEscape/TropicalEnvironment/Prefabs/Props/Bottle_03.prefab
  artifactKey: Guid(afd50a9a220e7184fb587b171ae5eb9b) Importer(815301076,1909f56bfc062723c751e8b465ee728b)
Start importing Assets/IslandEscape/TropicalEnvironment/Prefabs/Props/Bottle_03.prefab using Guid(afd50a9a220e7184fb587b171ae5eb9b) Importer(815301076,1909f56bfc062723c751e8b465ee728b) (PreviewImporter)[PhysX] Initialized MultithreadedTaskDispatcher with 6 workers.
[PhysX] Initialized MultithreadedTaskDispatcher with 6 workers.
 -> (artifact id: '670e8d27658c96a8bbf7ae3622e9ef49') in 0.0149244 seconds
Number of updated asset objects reloaded before import = 0Number of asset objects unloaded after import = 18

========================================================================
Received Import Request.
  Time since last request: 0.000022 seconds.
  path: Assets/IslandEscape/TropicalEnvironment/Prefabs/Props/Chest_03.prefab
  artifactKey: Guid(bfb45a3a869c398428d439d4ec2fea13) Importer(815301076,1909f56bfc062723c751e8b465ee728b)
Start importing Assets/IslandEscape/TropicalEnvironment/Prefabs/Props/Chest_03.prefab using Guid(bfb45a3a869c398428d439d4ec2fea13) Importer(815301076,1909f56bfc062723c751e8b465ee728b) (PreviewImporter)[PhysX] Initialized MultithreadedTaskDispatcher with 6 workers.
[PhysX] Initialized MultithreadedTaskDispatcher with 6 workers.
 -> (artifact id: '5276b321c60c64739a8a72e15893f206') in 0.0151402 seconds
Number of updated asset objects reloaded before import = 0Number of asset objects unloaded after import = 39

========================================================================
Received Import Request.
  Time since last request: 0.000020 seconds.
  path: Assets/IslandEscape/TropicalEnvironment/Prefabs/Props/Chest_01.prefab
  artifactKey: Guid(a7911869351b45f4b9e3a12b0b7e337f) Importer(815301076,1909f56bfc062723c751e8b465ee728b)
Start importing Assets/IslandEscape/TropicalEnvironment/Prefabs/Props/Chest_01.prefab using Guid(a7911869351b45f4b9e3a12b0b7e337f) Importer(815301076,1909f56bfc062723c751e8b465ee728b) (PreviewImporter)[PhysX] Initialized MultithreadedTaskDispatcher with 6 workers.
[PhysX] Initialized MultithreadedTaskDispatcher with 6 workers.
 -> (artifact id: '3379c8baa5db3c12d45b35abf1e595ee') in 0.0152207 seconds
Number of updated asset objects reloaded before import = 0Number of asset objects unloaded after import = 39

========================================================================
Received Import Request.
  Time since last request: 0.000030 seconds.
  path: Assets/IslandEscape/TropicalEnvironment/Prefabs/Props/House_03.prefab
  artifactKey: Guid(9572ddf087d79ac428344c3f84592509) Importer(815301076,1909f56bfc062723c751e8b465ee728b)
Start importing Assets/IslandEscape/TropicalEnvironment/Prefabs/Props/House_03.prefab using Guid(9572ddf087d79ac428344c3f84592509) Importer(815301076,1909f56bfc062723c751e8b465ee728b) (PreviewImporter)[PhysX] Initialized MultithreadedTaskDispatcher with 6 workers.
[PhysX] Initialized MultithreadedTaskDispatcher with 6 workers.
 -> (artifact id: '12b2437eb7c0adc8f3b2ebb7ceda257e') in 0.0145937 seconds
Number of updated asset objects reloaded before import = 0Number of asset objects unloaded after import = 23

========================================================================
Received Import Request.
  Time since last request: 0.000028 seconds.
  path: Assets/IslandEscape/TropicalEnvironment/Prefabs/Props/Bottle_15.prefab
  artifactKey: Guid(8d7bf40b470938d4a8b3adc00aa413e0) Importer(815301076,1909f56bfc062723c751e8b465ee728b)
Start importing Assets/IslandEscape/TropicalEnvironment/Prefabs/Props/Bottle_15.prefab using Guid(8d7bf40b470938d4a8b3adc00aa413e0) Importer(815301076,1909f56bfc062723c751e8b465ee728b) (PreviewImporter)[PhysX] Initialized MultithreadedTaskDispatcher with 6 workers.
[PhysX] Initialized MultithreadedTaskDispatcher with 6 workers.
 -> (artifact id: '02b9689645fa645ff54ceb092d4a1e7d') in 0.0138711 seconds
Number of updated asset objects reloaded before import = 0Number of asset objects unloaded after import = 18

========================================================================
Received Import Request.
  Time since last request: 0.000027 seconds.
  path: Assets/IslandEscape/TropicalEnvironment/Prefabs/Props/Mask_01.prefab
  artifactKey: Guid(91e8492412455b9478a50ea87885b491) Importer(815301076,1909f56bfc062723c751e8b465ee728b)
Start importing Assets/IslandEscape/TropicalEnvironment/Prefabs/Props/Mask_01.prefab using Guid(91e8492412455b9478a50ea87885b491) Importer(815301076,1909f56bfc062723c751e8b465ee728b) (PreviewImporter)[PhysX] Initialized MultithreadedTaskDispatcher with 6 workers.
[PhysX] Initialized MultithreadedTaskDispatcher with 6 workers.
 -> (artifact id: '1a8ddce9985824734de04e7d5794073f') in 0.0175422 seconds
Number of updated asset objects reloaded before import = 0Number of asset objects unloaded after import = 23

========================================================================
Received Import Request.
  Time since last request: 0.000043 seconds.
  path: Assets/IslandEscape/TropicalEnvironment/Prefabs/Props/Cannonball.prefab
  artifactKey: Guid(3bebae815f7dc414283707de22bc7953) Importer(815301076,1909f56bfc062723c751e8b465ee728b)
Start importing Assets/IslandEscape/TropicalEnvironment/Prefabs/Props/Cannonball.prefab using Guid(3bebae815f7dc414283707de22bc7953) Importer(815301076,1909f56bfc062723c751e8b465ee728b) (PreviewImporter)[PhysX] Initialized MultithreadedTaskDispatcher with 6 workers.
[PhysX] Initialized MultithreadedTaskDispatcher with 6 workers.
 -> (artifact id: '04612401114398231636ccaa07b6d2e5') in 0.0124829 seconds
Number of updated asset objects reloaded before import = 0Number of asset objects unloaded after import = 18

========================================================================
Received Import Request.
  Time since last request: 0.000027 seconds.
  path: Assets/IslandEscape/TropicalEnvironment/Prefabs/Props/Barrel_03.prefab
  artifactKey: Guid(89eca6d0393e2e54b9f4c338aadb012b) Importer(815301076,1909f56bfc062723c751e8b465ee728b)
Start importing Assets/IslandEscape/TropicalEnvironment/Prefabs/Props/Barrel_03.prefab using Guid(89eca6d0393e2e54b9f4c338aadb012b) Importer(815301076,1909f56bfc062723c751e8b465ee728b) (PreviewImporter)[PhysX] Initialized MultithreadedTaskDispatcher with 6 workers.
[PhysX] Initialized MultithreadedTaskDispatcher with 6 workers.
 -> (artifact id: '2f31fb1cfb370b8d2f4ac3cb5fe4dc7d') in 0.0167403 seconds
Number of updated asset objects reloaded before import = 0Number of asset objects unloaded after import = 23

========================================================================
Received Import Request.
  Time since last request: 0.000029 seconds.
  path: Assets/IslandEscape/TropicalEnvironment/Prefabs/Props/House_02.prefab
  artifactKey: Guid(6239f5a1f6e63da49b6f54d0e77a4c6b) Importer(815301076,1909f56bfc062723c751e8b465ee728b)
Start importing Assets/IslandEscape/TropicalEnvironment/Prefabs/Props/House_02.prefab using Guid(6239f5a1f6e63da49b6f54d0e77a4c6b) Importer(815301076,1909f56bfc062723c751e8b465ee728b) (PreviewImporter)[PhysX] Initialized MultithreadedTaskDispatcher with 6 workers.
[PhysX] Initialized MultithreadedTaskDispatcher with 6 workers.
 -> (artifact id: '5e046290a8573764342a1f5c29c24275') in 0.0145991 seconds
Number of updated asset objects reloaded before import = 0Number of asset objects unloaded after import = 23

