Using pre-set license
Built from 'trunk' branch; Version is '6000.0.12f1 (7defd84cdab8) revision 8253400'; Using compiler version '193933523'; Build Type 'Release'
OS: 'Windows 11  (10.0.22631) 64bit Professional' Language: 'en' Physical Memory: 16307 MB
BatchMode: 1, IsHumanControllingUs: 0, StartBugReporterOnCrash: 0, Is64bit: 1, IsPro: 1

COMMAND LINE ARGUMENTS:
C:\Program Files\Unity\Hub\Editor\6000.0.12f1\Editor\Unity.exe
-adb2
-batchMode
-noUpm
-name
AssetImportWorker4
-projectPath
C:/Users/fcaka/Desktop/Github/IslandEscape/Alghoritmics_3D_Game
-logFile
Logs/AssetImportWorker4.log
-srvPort
51441
-job-worker-count
5
-background-job-worker-count
8
-asset-garbage-collectors
1
Successfully changed project path to: C:/Users/fcaka/Desktop/Github/IslandEscape/Alghoritmics_3D_Game
C:/Users/fcaka/Desktop/Github/IslandEscape/Alghoritmics_3D_Game
[UnityMemory] Configuration Parameters - Can be set up in boot.config
    "memorysetup-bucket-allocator-granularity=16"
    "memorysetup-bucket-allocator-bucket-count=8"
    "memorysetup-bucket-allocator-block-size=33554432"
    "memorysetup-bucket-allocator-block-count=8"
    "memorysetup-main-allocator-block-size=16777216"
    "memorysetup-thread-allocator-block-size=16777216"
    "memorysetup-gfx-main-allocator-block-size=16777216"
    "memorysetup-gfx-thread-allocator-block-size=16777216"
    "memorysetup-cache-allocator-block-size=4194304"
    "memorysetup-typetree-allocator-block-size=2097152"
    "memorysetup-profiler-bucket-allocator-granularity=16"
    "memorysetup-profiler-bucket-allocator-bucket-count=8"
    "memorysetup-profiler-bucket-allocator-block-size=33554432"
    "memorysetup-profiler-bucket-allocator-block-count=8"
    "memorysetup-profiler-allocator-block-size=16777216"
    "memorysetup-profiler-editor-allocator-block-size=1048576"
    "memorysetup-temp-allocator-size-main=16777216"
    "memorysetup-job-temp-allocator-block-size=2097152"
    "memorysetup-job-temp-allocator-block-size-background=1048576"
    "memorysetup-job-temp-allocator-reduction-small-platforms=262144"
    "memorysetup-allocator-temp-initial-block-size-main=262144"
    "memorysetup-allocator-temp-initial-block-size-worker=262144"
    "memorysetup-temp-allocator-size-background-worker=32768"
    "memorysetup-temp-allocator-size-job-worker=262144"
    "memorysetup-temp-allocator-size-preload-manager=33554432"
    "memorysetup-temp-allocator-size-nav-mesh-worker=65536"
    "memorysetup-temp-allocator-size-audio-worker=65536"
    "memorysetup-temp-allocator-size-cloud-worker=32768"
    "memorysetup-temp-allocator-size-gi-baking-worker=262144"
    "memorysetup-temp-allocator-size-gi-baking-worker=262144"
    "memorysetup-temp-allocator-size-gi-baking-worker=262144"
    "memorysetup-temp-allocator-size-gi-baking-worker=262144"
    "memorysetup-temp-allocator-size-gi-baking-worker=262144"
    "memorysetup-temp-allocator-size-gfx=262144"
Player connection [26508]  Target information:

Player connection [26508]  * "[IP] 192.168.1.7 [Port] 0 [Flags] 2 [Guid] 148498617 [EditorId] 148498617 [Version] 1048832 [Id] WindowsEditor(7,Furkan) [Debug] 1 [PackageName] WindowsEditor [ProjectName] Editor" 

Player connection [26508] Host joined multi-casting on [225.0.0.222:54997]...
Player connection [26508] Host joined alternative multi-casting on [225.0.0.222:34997]...
JobSystem: Creating JobQueue using job-worker-count value 5
Library Redirect Path: Library/
[PhysX] Initialized MultithreadedTaskDispatcher with 6 workers.
Refreshing native plugins compatible for Editor in 4.31 ms, found 3 plugins.
Preloading 0 native plugins for Editor in 0.00 ms.
Initialize engine version: 6000.0.12f1 (7defd84cdab8)
[Subsystems] Discovering subsystems at path C:/Program Files/Unity/Hub/Editor/6000.0.12f1/Editor/Data/Resources/UnitySubsystems
[Subsystems] Discovering subsystems at path C:/Users/fcaka/Desktop/Github/IslandEscape/Alghoritmics_3D_Game/Assets
GfxDevice: creating device client; kGfxThreadingModeNonThreaded
Direct3D:
    Version:  Direct3D 11.0 [level 11.1]
    Renderer: AMD Radeon RX 6700 (ID=0x73df)
    Vendor:   ATI
    VRAM:     10195 MB
    Driver:   32.0.11037.4004
Initialize mono
Mono path[0] = 'C:/Program Files/Unity/Hub/Editor/6000.0.12f1/Editor/Data/Managed'
Mono path[1] = 'C:/Program Files/Unity/Hub/Editor/6000.0.12f1/Editor/Data/MonoBleedingEdge/lib/mono/unityjit-win32'
Mono config path = 'C:/Program Files/Unity/Hub/Editor/6000.0.12f1/Editor/Data/MonoBleedingEdge/etc'
Using monoOptions --debugger-agent=transport=dt_socket,embedding=1,server=y,suspend=n,address=127.0.0.1:56260
Begin MonoManager ReloadAssembly
Registering precompiled unity dll's ...
Register platform support module: C:/Program Files/Unity/Hub/Editor/6000.0.12f1/Editor/Data/PlaybackEngines/WebGLSupport/UnityEditor.WebGL.Extensions.dll
Register platform support module: C:/Program Files/Unity/Hub/Editor/6000.0.12f1/Editor/Data/PlaybackEngines/WindowsStandaloneSupport/UnityEditor.WindowsStandalone.Extensions.dll
Registered in 0.027216 seconds.
- Loaded All Assemblies, in  1.080 seconds
Native extension for WindowsStandalone target not found
Native extension for WebGL target not found
Mono: successfully reloaded assembly
- Finished resetting the current domain, in  1.290 seconds
Domain Reload Profiling: 2364ms
	BeginReloadAssembly (440ms)
		ExecutionOrderSort (0ms)
		DisableScriptedObjects (0ms)
		BackupInstance (0ms)
		ReleaseScriptingObjects (0ms)
		CreateAndSetChildDomain (3ms)
	RebuildCommonClasses (120ms)
	RebuildNativeTypeToScriptingClass (35ms)
	initialDomainReloadingComplete (129ms)
	LoadAllAssembliesAndSetupDomain (350ms)
		LoadAssemblies (397ms)
		RebuildTransferFunctionScriptingTraits (0ms)
		AnalyzeDomain (340ms)
			TypeCache.Refresh (336ms)
				TypeCache.ScanAssembly (305ms)
			BuildScriptInfoCaches (0ms)
			ResolveRequiredComponents (3ms)
	FinalizeReload (1291ms)
		ReleaseScriptCaches (0ms)
		RebuildScriptCaches (0ms)
		SetupLoadedEditorAssemblies (1201ms)
			LogAssemblyErrors (0ms)
			InitializePlatformSupportModulesInManaged (70ms)
			SetLoadedEditorAssemblies (34ms)
			BeforeProcessingInitializeOnLoad (10ms)
			ProcessInitializeOnLoadAttributes (701ms)
			ProcessInitializeOnLoadMethodAttributes (388ms)
			AfterProcessingInitializeOnLoad (0ms)
			EditorAssembliesLoaded (0ms)
		ExecutionOrderSort2 (0ms)
		AwakeInstancesAfterBackupRestoration (0ms)
========================================================================
Worker process is ready to serve import requests
Import Worker Mode flag is 0x00
Begin MonoManager ReloadAssembly
- Loaded All Assemblies, in  2.958 seconds
Refreshing native plugins compatible for Editor in 1.64 ms, found 3 plugins.
Native extension for WindowsStandalone target not found
Native extension for WebGL target not found
Mono: successfully reloaded assembly
- Finished resetting the current domain, in  2.689 seconds
Domain Reload Profiling: 5635ms
	BeginReloadAssembly (1157ms)
		ExecutionOrderSort (0ms)
		DisableScriptedObjects (12ms)
		BackupInstance (0ms)
		ReleaseScriptingObjects (0ms)
		CreateAndSetChildDomain (64ms)
	RebuildCommonClasses (98ms)
	RebuildNativeTypeToScriptingClass (20ms)
	initialDomainReloadingComplete (107ms)
	LoadAllAssembliesAndSetupDomain (1560ms)
		LoadAssemblies (1254ms)
		RebuildTransferFunctionScriptingTraits (0ms)
		AnalyzeDomain (609ms)
			TypeCache.Refresh (421ms)
				TypeCache.ScanAssembly (381ms)
			BuildScriptInfoCaches (167ms)
			ResolveRequiredComponents (16ms)
	FinalizeReload (2692ms)
		ReleaseScriptCaches (0ms)
		RebuildScriptCaches (0ms)
		SetupLoadedEditorAssemblies (2089ms)
			LogAssemblyErrors (0ms)
			InitializePlatformSupportModulesInManaged (5ms)
			SetLoadedEditorAssemblies (24ms)
			BeforeProcessingInitializeOnLoad (357ms)
			ProcessInitializeOnLoadAttributes (1213ms)
			ProcessInitializeOnLoadMethodAttributes (444ms)
			AfterProcessingInitializeOnLoad (45ms)
			EditorAssembliesLoaded (0ms)
		ExecutionOrderSort2 (0ms)
		AwakeInstancesAfterBackupRestoration (16ms)
Launched and connected shader compiler UnityShaderCompiler.exe after 0.04 seconds
Refreshing native plugins compatible for Editor in 18.84 ms, found 3 plugins.
Preloading 0 native plugins for Editor in 0.00 ms.
Unloading 297 Unused Serialized files (Serialized files now loaded: 0)
Unloading 6166 unused Assets / (5.0 MB). Loaded Objects now: 7003.
Memory consumption went from 221.7 MB to 216.7 MB.
Total: 42.713700 ms (FindLiveObjects: 1.832000 ms CreateObjectMapping: 2.543000 ms MarkObjects: 29.665300 ms  DeleteObjects: 8.667200 ms)

========================================================================
Received Import Request.
  Time since last request: 956312.533160 seconds.
  path: Assets/Motion Cast#06 - Vol.1/Kung-Fu animations/6-Elbow offensive-Take4.fbx
  artifactKey: Guid(72d0500df35f3bf45bd58fd86d0506ae) Importer(2089858483,192608db42251d675da83286b1cce702)
Start importing Assets/Motion Cast#06 - Vol.1/Kung-Fu animations/6-Elbow offensive-Take4.fbx using Guid(72d0500df35f3bf45bd58fd86d0506ae) Importer(2089858483,192608db42251d675da83286b1cce702) (ScriptedImporter)[PhysX] Initialized MultithreadedTaskDispatcher with 6 workers.

=================================================================
	Native Crash Reporting
=================================================================
Got a UNKNOWN while executing native code. This usually indicates
a fatal error in the mono runtime or one of the native libraries 
used by your application.
=================================================================

=================================================================
	Managed Stacktrace:
=================================================================
	  at <unknown> <0xffffffff>
	  at System.Reflection.RuntimePropertyInfo:internal_from_handle_type <0x0006c>
	  at System.Reflection.RuntimePropertyInfo:GetPropertyFromHandle <0x00042>
	  at System.RuntimeType:GetPropertiesByName <0x00172>
	  at System.RuntimeType:GetPropertyCandidates <0x000aa>
	  at System.RuntimeType:GetProperties <0x00052>
	  at System.Type:GetProperties <0x0001c>
	  at <>c:<GetMaterialReferenceLookup>b__2_0 <0x00022>
	  at WhereEnumerableIterator`1:MoveNext <0x000ea>
	  at UnityEditor.Rendering.Universal.MaterialReferenceBuilder:GetMaterialReferenceLookup <0x00478>
	  at UnityEditor.Rendering.Universal.MaterialReferenceBuilder:.cctor <0x00032>
	  at System.Object:runtime_invoke_void <0x00084>
	  at <unknown> <0xffffffff>
	  at System.Object:__icall_wrapper_mono_generic_class_init <0x0006a>
	  at UnityEditor.Rendering.Universal.ConversionIndexers:ConversionIndexer <0x0006a>
	  at <Module>:invoke_void_CustomObjectIndexerTarget_ObjectIndexer <0x00113>
	  at UnityEditor.Search.ObjectIndexer:CallCustomIndexers <0x004c9>
	  at UnityEditor.Search.ObjectIndexer:IndexCustomProperties <0x00132>
	  at UnityEditor.Search.AssetIndexer:IndexSubAsset <0x003c2>
	  at UnityEditor.Search.AssetIndexer:IndexDocument <0x00b7a>
	  at UnityEditor.Search.SearchIndexEntryImporter:OnImportAsset <0x00141>
	  at UnityEditor.AssetImporters.ScriptedImporter:GenerateAssetData <0x00018>
	  at <Module>:runtime_invoke_void__this___object <0x00092>
=================================================================
 -> (artifact id: 'eaabe21656d1d3e6a19bc96b8e0e68ed') in 0.8687113 seconds
Number of updated asset objects reloaded before import = 0Number of asset objects unloaded after import = 120

========================================================================
Received Import Request.
  Time since last request: 0.000181 seconds.
  path: Assets/Motion Cast#06 - Vol.1/Kung-Fu animations/44-Dodge right left.fbx
  artifactKey: Guid(20f214aa215fe8a46aaa6df7629ce0c7) Importer(2089858483,192608db42251d675da83286b1cce702)
Start importing Assets/Motion Cast#06 - Vol.1/Kung-Fu animations/44-Dodge right left.fbx using Guid(20f214aa215fe8a46aaa6df7629ce0c7) Importer(2089858483,192608db42251d675da83286b1cce702) (ScriptedImporter)[PhysX] Initialized MultithreadedTaskDispatcher with 6 workers.
 -> (artifact id: 'fe47c1c0aeda257da42d39f3550a18e4') in 0.1237627 seconds
Number of updated asset objects reloaded before import = 0Number of asset objects unloaded after import = 120

========================================================================
Received Import Request.
  Time since last request: 0.000031 seconds.
  path: Assets/Motion Cast#06 - Vol.1/Kung-Fu animations/7-Massive uppercut charge-Take4.fbx
  artifactKey: Guid(65bb39118d96e2a499eaf1e024c14896) Importer(2089858483,192608db42251d675da83286b1cce702)
Start importing Assets/Motion Cast#06 - Vol.1/Kung-Fu animations/7-Massive uppercut charge-Take4.fbx using Guid(65bb39118d96e2a499eaf1e024c14896) Importer(2089858483,192608db42251d675da83286b1cce702) (ScriptedImporter)[PhysX] Initialized MultithreadedTaskDispatcher with 6 workers.
 -> (artifact id: '95158c7aca08558dc7b5ed4795ffe7cf') in 0.0963356 seconds
Number of updated asset objects reloaded before import = 0Number of asset objects unloaded after import = 120

========================================================================
Received Import Request.
  Time since last request: 0.000025 seconds.
  path: Assets/IslandEscape/TropicalEnvironment/Prefabs/Rocks/Cave_03.prefab
  artifactKey: Guid(fb1cb0e0e3adf714cafe4f4e2e850117) Importer(2089858483,3d70f49cd1c2eb9ae422958d1c652c6b)
Start importing Assets/IslandEscape/TropicalEnvironment/Prefabs/Rocks/Cave_03.prefab using Guid(fb1cb0e0e3adf714cafe4f4e2e850117) Importer(2089858483,3d70f49cd1c2eb9ae422958d1c652c6b) (ScriptedImporter)[PhysX] Initialized MultithreadedTaskDispatcher with 6 workers.
 -> (artifact id: 'e7ec1b001250bce56d0af31c673291da') in 0.0395712 seconds
Number of updated asset objects reloaded before import = 0Number of asset objects unloaded after import = 17

========================================================================
Received Import Request.
  Time since last request: 0.000026 seconds.
  path: Assets/Motion Cast#06 - Vol.1/Kung-Fu animations/26-Rainy tornado kick-Take2.fbx
  artifactKey: Guid(ae4fee7a39953984298ce02c88e30eb2) Importer(2089858483,192608db42251d675da83286b1cce702)
Start importing Assets/Motion Cast#06 - Vol.1/Kung-Fu animations/26-Rainy tornado kick-Take2.fbx using Guid(ae4fee7a39953984298ce02c88e30eb2) Importer(2089858483,192608db42251d675da83286b1cce702) (ScriptedImporter)[PhysX] Initialized MultithreadedTaskDispatcher with 6 workers.
 -> (artifact id: '72182a6fb44c468b67ef8533ecc55a66') in 0.1565978 seconds
Number of updated asset objects reloaded before import = 0Number of asset objects unloaded after import = 120

========================================================================
Received Import Request.
  Time since last request: 0.000147 seconds.
  path: Assets/IslandEscape/TropicalEnvironment/Prefabs/FX/CubeParticles_01.prefab
  artifactKey: Guid(e677c554eaaee7048b3bc13fdf357791) Importer(2089858483,3d70f49cd1c2eb9ae422958d1c652c6b)
Start importing Assets/IslandEscape/TropicalEnvironment/Prefabs/FX/CubeParticles_01.prefab using Guid(e677c554eaaee7048b3bc13fdf357791) Importer(2089858483,3d70f49cd1c2eb9ae422958d1c652c6b) (ScriptedImporter)[PhysX] Initialized MultithreadedTaskDispatcher with 6 workers.
 -> (artifact id: 'c20d65cca17bb9262110072594412a93') in 0.0412829 seconds
Number of updated asset objects reloaded before import = 0Number of asset objects unloaded after import = 6

========================================================================
Received Import Request.
  Time since last request: 0.000020 seconds.
  path: Assets/IslandEscape/TropicalEnvironment/Prefabs/Rocks/Cave_10.prefab
  artifactKey: Guid(fdeda8e25acec7a44814eaecee71d39e) Importer(2089858483,3d70f49cd1c2eb9ae422958d1c652c6b)
Start importing Assets/IslandEscape/TropicalEnvironment/Prefabs/Rocks/Cave_10.prefab using Guid(fdeda8e25acec7a44814eaecee71d39e) Importer(2089858483,3d70f49cd1c2eb9ae422958d1c652c6b) (ScriptedImporter)[PhysX] Initialized MultithreadedTaskDispatcher with 6 workers.
 -> (artifact id: '2033fccf5719072310283bd9655fc22c') in 0.0995921 seconds
Number of updated asset objects reloaded before import = 0Number of asset objects unloaded after import = 17

========================================================================
Received Import Request.
  Time since last request: 0.000030 seconds.
  path: Assets/Motion Cast#06 - Vol.1/Kung-Fu animations/8-Double saber strike-Take2.fbx
  artifactKey: Guid(4ebfbe098abb62c4481be992a9d2e1ea) Importer(2089858483,192608db42251d675da83286b1cce702)
Start importing Assets/Motion Cast#06 - Vol.1/Kung-Fu animations/8-Double saber strike-Take2.fbx using Guid(4ebfbe098abb62c4481be992a9d2e1ea) Importer(2089858483,192608db42251d675da83286b1cce702) (ScriptedImporter)[PhysX] Initialized MultithreadedTaskDispatcher with 6 workers.
 -> (artifact id: '48f1c2b310a228ee2a92682a2469a8b3') in 0.1892799 seconds
Number of updated asset objects reloaded before import = 0Number of asset objects unloaded after import = 120

========================================================================
Received Import Request.
  Time since last request: 0.000349 seconds.
  path: Assets/IslandEscape/TropicalEnvironment/Prefabs/Rocks/Rock_10.prefab
  artifactKey: Guid(d211c2dbb1665434ea45de8c81b0831d) Importer(2089858483,3d70f49cd1c2eb9ae422958d1c652c6b)
Start importing Assets/IslandEscape/TropicalEnvironment/Prefabs/Rocks/Rock_10.prefab using Guid(d211c2dbb1665434ea45de8c81b0831d) Importer(2089858483,3d70f49cd1c2eb9ae422958d1c652c6b) (ScriptedImporter)[PhysX] Initialized MultithreadedTaskDispatcher with 6 workers.
 -> (artifact id: 'df4bf14e6726a65526b3fc37f177bf6d') in 0.0315277 seconds
Number of updated asset objects reloaded before import = 0Number of asset objects unloaded after import = 16

========================================================================
Received Import Request.
  Time since last request: 0.000039 seconds.
  path: Assets/IslandEscape/TropicalEnvironment/Prefabs/Props/WoodStairs_02.prefab
  artifactKey: Guid(d58ec1314e04a6b4b8bb98ad4aa2489a) Importer(2089858483,3d70f49cd1c2eb9ae422958d1c652c6b)
Start importing Assets/IslandEscape/TropicalEnvironment/Prefabs/Props/WoodStairs_02.prefab using Guid(d58ec1314e04a6b4b8bb98ad4aa2489a) Importer(2089858483,3d70f49cd1c2eb9ae422958d1c652c6b) (ScriptedImporter)[PhysX] Initialized MultithreadedTaskDispatcher with 6 workers.
 -> (artifact id: '519940d95d3c6d4cb50739dca0dd5434') in 0.0845339 seconds
Number of updated asset objects reloaded before import = 0Number of asset objects unloaded after import = 17

========================================================================
Received Import Request.
  Time since last request: 0.000029 seconds.
  path: Assets/Motion Cast#06 - Vol.1/No root animations/14-Splashy backpunch-Take4-no root.fbx
  artifactKey: Guid(a82647810e74b4d4d9a8ccc648102038) Importer(2089858483,192608db42251d675da83286b1cce702)
Start importing Assets/Motion Cast#06 - Vol.1/No root animations/14-Splashy backpunch-Take4-no root.fbx using Guid(a82647810e74b4d4d9a8ccc648102038) Importer(2089858483,192608db42251d675da83286b1cce702) (ScriptedImporter)[PhysX] Initialized MultithreadedTaskDispatcher with 6 workers.
 -> (artifact id: '3786103dd2a79188001c8ad1f12d6708') in 0.1104969 seconds
Number of updated asset objects reloaded before import = 0Number of asset objects unloaded after import = 120

========================================================================
Received Import Request.
  Time since last request: 0.000076 seconds.
  path: Assets/Motion Cast#06 - Vol.1/Kung-Fu animations/9-Leopard arm strike-Take4.fbx
  artifactKey: Guid(7801d8d18bfd8c54492a5406dfe4a463) Importer(2089858483,192608db42251d675da83286b1cce702)
Start importing Assets/Motion Cast#06 - Vol.1/Kung-Fu animations/9-Leopard arm strike-Take4.fbx using Guid(7801d8d18bfd8c54492a5406dfe4a463) Importer(2089858483,192608db42251d675da83286b1cce702) (ScriptedImporter)[PhysX] Initialized MultithreadedTaskDispatcher with 6 workers.
 -> (artifact id: '62ec822ddec7c2bcffa065abf47e661f') in 0.07998 seconds
Number of updated asset objects reloaded before import = 0Number of asset objects unloaded after import = 120

========================================================================
Received Import Request.
  Time since last request: 0.000024 seconds.
  path: Assets/IslandEscape/TropicalEnvironment/Prefabs/Props/FishingRod_02.prefab
  artifactKey: Guid(416581d2212219e4f99e5632555cbd09) Importer(2089858483,3d70f49cd1c2eb9ae422958d1c652c6b)
Start importing Assets/IslandEscape/TropicalEnvironment/Prefabs/Props/FishingRod_02.prefab using Guid(416581d2212219e4f99e5632555cbd09) Importer(2089858483,3d70f49cd1c2eb9ae422958d1c652c6b) (ScriptedImporter)[PhysX] Initialized MultithreadedTaskDispatcher with 6 workers.
 -> (artifact id: '4d900714eecd224d41cb6fccd448eb62') in 0.0431393 seconds
Number of updated asset objects reloaded before import = 0Number of asset objects unloaded after import = 17

========================================================================
Received Import Request.
  Time since last request: 0.000057 seconds.
  path: Assets/IslandEscape/TropicalEnvironment/Prefabs/Props/ShipPart_03.prefab
  artifactKey: Guid(29c55a458fdee534c9488f0d4f03b60a) Importer(2089858483,3d70f49cd1c2eb9ae422958d1c652c6b)
Start importing Assets/IslandEscape/TropicalEnvironment/Prefabs/Props/ShipPart_03.prefab using Guid(29c55a458fdee534c9488f0d4f03b60a) Importer(2089858483,3d70f49cd1c2eb9ae422958d1c652c6b) (ScriptedImporter)[PhysX] Initialized MultithreadedTaskDispatcher with 6 workers.
 -> (artifact id: '7ce6cdea85cd71db68570cdeb5cb5763') in 0.0363371 seconds
Number of updated asset objects reloaded before import = 0Number of asset objects unloaded after import = 17

========================================================================
Received Import Request.
  Time since last request: 0.000051 seconds.
  path: Assets/Motion Cast#06 - Vol.1/Kung-Fu animations/16-Stab rainy leopard-Take1.fbx
  artifactKey: Guid(3de37163760e44546b7b32cc6817be32) Importer(2089858483,192608db42251d675da83286b1cce702)
Start importing Assets/Motion Cast#06 - Vol.1/Kung-Fu animations/16-Stab rainy leopard-Take1.fbx using Guid(3de37163760e44546b7b32cc6817be32) Importer(2089858483,192608db42251d675da83286b1cce702) (ScriptedImporter)[PhysX] Initialized MultithreadedTaskDispatcher with 6 workers.
 -> (artifact id: '8503c973977d8fa1a6a235338038596d') in 0.1170802 seconds
Number of updated asset objects reloaded before import = 0Number of asset objects unloaded after import = 120

========================================================================
Received Import Request.
  Time since last request: 0.000025 seconds.
  path: Assets/Motion Cast#06 - Vol.1/Controller animations demo/12-Rainy half circle-Take2.controller
  artifactKey: Guid(e3637e41a9aa4014f89dbd1e896dbf45) Importer(2089858483,192608db42251d675da83286b1cce702)
Start importing Assets/Motion Cast#06 - Vol.1/Controller animations demo/12-Rainy half circle-Take2.controller using Guid(e3637e41a9aa4014f89dbd1e896dbf45) Importer(2089858483,192608db42251d675da83286b1cce702) (ScriptedImporter)[PhysX] Initialized MultithreadedTaskDispatcher with 6 workers.
 -> (artifact id: '501c7ce44970f78146bdadc4d01b071d') in 0.0731483 seconds
Number of updated asset objects reloaded before import = 0Number of asset objects unloaded after import = 4

========================================================================
Received Import Request.
  Time since last request: 0.000028 seconds.
  path: Assets/IslandEscape/TropicalEnvironment/Prefabs/Rocks/Rock_04.prefab
  artifactKey: Guid(73c0e51fb4df33a49bfa18b2fd6aff10) Importer(2089858483,3d70f49cd1c2eb9ae422958d1c652c6b)
Start importing Assets/IslandEscape/TropicalEnvironment/Prefabs/Rocks/Rock_04.prefab using Guid(73c0e51fb4df33a49bfa18b2fd6aff10) Importer(2089858483,3d70f49cd1c2eb9ae422958d1c652c6b) (ScriptedImporter)[PhysX] Initialized MultithreadedTaskDispatcher with 6 workers.
 -> (artifact id: 'e51360e99f9f8bc68cde7a0a7472ee7a') in 0.0370354 seconds
Number of updated asset objects reloaded before import = 0Number of asset objects unloaded after import = 16

========================================================================
Received Import Request.
  Time since last request: 0.000036 seconds.
  path: Assets/IslandEscape/TropicalEnvironment/Prefabs/Vegetation/PalmTree_03.prefab
  artifactKey: Guid(4cd01e234d293be489071787d1c9ac26) Importer(2089858483,3d70f49cd1c2eb9ae422958d1c652c6b)
Start importing Assets/IslandEscape/TropicalEnvironment/Prefabs/Vegetation/PalmTree_03.prefab using Guid(4cd01e234d293be489071787d1c9ac26) Importer(2089858483,3d70f49cd1c2eb9ae422958d1c652c6b) (ScriptedImporter)[PhysX] Initialized MultithreadedTaskDispatcher with 6 workers.
 -> (artifact id: 'c30a01e725bc6c7847b1df5fdd9aadb7') in 0.0266273 seconds
Number of updated asset objects reloaded before import = 0Number of asset objects unloaded after import = 22

========================================================================
Received Import Request.
  Time since last request: 0.000027 seconds.
  path: Assets/Motion Cast#06 - Vol.1/Kung-Fu animations/32-Brutal leopard-Take2.fbx
  artifactKey: Guid(0c4cdb90fdbf82d40ab2b572b7d1f0b3) Importer(2089858483,192608db42251d675da83286b1cce702)
Start importing Assets/Motion Cast#06 - Vol.1/Kung-Fu animations/32-Brutal leopard-Take2.fbx using Guid(0c4cdb90fdbf82d40ab2b572b7d1f0b3) Importer(2089858483,192608db42251d675da83286b1cce702) (ScriptedImporter)[PhysX] Initialized MultithreadedTaskDispatcher with 6 workers.
 -> (artifact id: '7f30417952293a9452818eaf2ba928af') in 0.0796783 seconds
Number of updated asset objects reloaded before import = 0Number of asset objects unloaded after import = 120

========================================================================
Received Import Request.
  Time since last request: 0.000037 seconds.
  path: Assets/IslandEscape/TropicalEnvironment/Prefabs/Rocks/Cave_11.prefab
  artifactKey: Guid(8cb601bdb05201240bb8c495835fd787) Importer(2089858483,3d70f49cd1c2eb9ae422958d1c652c6b)
Start importing Assets/IslandEscape/TropicalEnvironment/Prefabs/Rocks/Cave_11.prefab using Guid(8cb601bdb05201240bb8c495835fd787) Importer(2089858483,3d70f49cd1c2eb9ae422958d1c652c6b) (ScriptedImporter)[PhysX] Initialized MultithreadedTaskDispatcher with 6 workers.
 -> (artifact id: '42e9a5ccd4d29296ebd650a2b8e884b3') in 0.0391982 seconds
Number of updated asset objects reloaded before import = 0Number of asset objects unloaded after import = 17

========================================================================
Received Import Request.
  Time since last request: 0.000038 seconds.
  path: Assets/Motion Cast#06 - Vol.1/No root animations/21-Rainy kick-Take3-no root.fbx
  artifactKey: Guid(9eb7bdb68e3723f44962cedffc1b221f) Importer(2089858483,192608db42251d675da83286b1cce702)
Start importing Assets/Motion Cast#06 - Vol.1/No root animations/21-Rainy kick-Take3-no root.fbx using Guid(9eb7bdb68e3723f44962cedffc1b221f) Importer(2089858483,192608db42251d675da83286b1cce702) (ScriptedImporter)[PhysX] Initialized MultithreadedTaskDispatcher with 6 workers.
 -> (artifact id: '727b9e30d57d73fcea0761a93f84f482') in 0.1678541 seconds
Number of updated asset objects reloaded before import = 0Number of asset objects unloaded after import = 120

========================================================================
Received Import Request.
  Time since last request: 0.000022 seconds.
  path: Assets/IslandEscape/TropicalEnvironment/Prefabs/Vegetation/PondPlant_05.prefab
  artifactKey: Guid(ebfc0068e907fa340908b71df215cbe7) Importer(2089858483,3d70f49cd1c2eb9ae422958d1c652c6b)
Start importing Assets/IslandEscape/TropicalEnvironment/Prefabs/Vegetation/PondPlant_05.prefab using Guid(ebfc0068e907fa340908b71df215cbe7) Importer(2089858483,3d70f49cd1c2eb9ae422958d1c652c6b) (ScriptedImporter)[PhysX] Initialized MultithreadedTaskDispatcher with 6 workers.
 -> (artifact id: 'ceead390aa4052a2dba3fa176f1fafdf') in 0.0408383 seconds
Number of updated asset objects reloaded before import = 0Number of asset objects unloaded after import = 21

========================================================================
Received Import Request.
  Time since last request: 0.000031 seconds.
  path: Assets/IslandEscape/TropicalEnvironment/Prefabs/Vegetation/PondPlant_04.prefab
  artifactKey: Guid(d45679f56eded6d48961b7b3a04a7984) Importer(2089858483,3d70f49cd1c2eb9ae422958d1c652c6b)
Start importing Assets/IslandEscape/TropicalEnvironment/Prefabs/Vegetation/PondPlant_04.prefab using Guid(d45679f56eded6d48961b7b3a04a7984) Importer(2089858483,3d70f49cd1c2eb9ae422958d1c652c6b) (ScriptedImporter)[PhysX] Initialized MultithreadedTaskDispatcher with 6 workers.
 -> (artifact id: '74675f40bf962aa382454e1883e2f1bb') in 0.0700877 seconds
Number of updated asset objects reloaded before import = 0Number of asset objects unloaded after import = 21

========================================================================
Received Import Request.
  Time since last request: 0.000028 seconds.
  path: Assets/IslandEscape/TropicalEnvironment/Prefabs/Vegetation/PondPlant_03.prefab
  artifactKey: Guid(b7ea8859ae63f3943b7fa171bc0ab4f1) Importer(2089858483,3d70f49cd1c2eb9ae422958d1c652c6b)
Start importing Assets/IslandEscape/TropicalEnvironment/Prefabs/Vegetation/PondPlant_03.prefab using Guid(b7ea8859ae63f3943b7fa171bc0ab4f1) Importer(2089858483,3d70f49cd1c2eb9ae422958d1c652c6b) (ScriptedImporter)[PhysX] Initialized MultithreadedTaskDispatcher with 6 workers.
 -> (artifact id: 'a45c918cb8382a3c012a65dc7740a3cb') in 0.0477173 seconds
Number of updated asset objects reloaded before import = 0Number of asset objects unloaded after import = 21

========================================================================
Received Import Request.
  Time since last request: 0.000028 seconds.
  path: Assets/IslandEscape/TropicalEnvironment/Prefabs/Vegetation/PondPlant_06.prefab
  artifactKey: Guid(f67b4e859cf129a4fb28b6d875aa8ca0) Importer(2089858483,3d70f49cd1c2eb9ae422958d1c652c6b)
Start importing Assets/IslandEscape/TropicalEnvironment/Prefabs/Vegetation/PondPlant_06.prefab using Guid(f67b4e859cf129a4fb28b6d875aa8ca0) Importer(2089858483,3d70f49cd1c2eb9ae422958d1c652c6b) (ScriptedImporter)[PhysX] Initialized MultithreadedTaskDispatcher with 6 workers.
 -> (artifact id: 'bb60a2ecc868d87839fbf5c5841e2a65') in 0.0648586 seconds
Number of updated asset objects reloaded before import = 0Number of asset objects unloaded after import = 21

========================================================================
Received Import Request.
  Time since last request: 0.000035 seconds.
  path: Assets/Motion Cast#06 - Vol.1/No root animations/28-Overlap slash kick-Take2-no root.fbx
  artifactKey: Guid(f91f88b83090fb04bbc33e3c14414651) Importer(2089858483,192608db42251d675da83286b1cce702)
Start importing Assets/Motion Cast#06 - Vol.1/No root animations/28-Overlap slash kick-Take2-no root.fbx using Guid(f91f88b83090fb04bbc33e3c14414651) Importer(2089858483,192608db42251d675da83286b1cce702) (ScriptedImporter)[PhysX] Initialized MultithreadedTaskDispatcher with 6 workers.
 -> (artifact id: 'ffca9abfcdc45b0bf117f435d1149a95') in 0.1557279 seconds
Number of updated asset objects reloaded before import = 0Number of asset objects unloaded after import = 120

========================================================================
Received Import Request.
  Time since last request: 0.000047 seconds.
  path: Assets/Motion Cast#06 - Vol.1/Materials and textures/normal.png
  artifactKey: Guid(7ba491085a9b68e44a20f5ac2b23d5d0) Importer(2089858483,192608db42251d675da83286b1cce702)
Start importing Assets/Motion Cast#06 - Vol.1/Materials and textures/normal.png using Guid(7ba491085a9b68e44a20f5ac2b23d5d0) Importer(2089858483,192608db42251d675da83286b1cce702) (ScriptedImporter)[PhysX] Initialized MultithreadedTaskDispatcher with 6 workers.
 -> (artifact id: 'c0ffbc3f46c544cbaefdc5ed5dbe98a8') in 0.1353763 seconds
Number of updated asset objects reloaded before import = 0Number of asset objects unloaded after import = 1

========================================================================
Received Import Request.
  Time since last request: 0.000067 seconds.
  path: Assets/Motion Cast#06 - Vol.1/Kung-Fu animations/28-Overlap slash kick-Take1.fbx
  artifactKey: Guid(960fbe57d7ee9314cb120c352bf0479d) Importer(2089858483,192608db42251d675da83286b1cce702)
Start importing Assets/Motion Cast#06 - Vol.1/Kung-Fu animations/28-Overlap slash kick-Take1.fbx using Guid(960fbe57d7ee9314cb120c352bf0479d) Importer(2089858483,192608db42251d675da83286b1cce702) (ScriptedImporter)[PhysX] Initialized MultithreadedTaskDispatcher with 6 workers.
 -> (artifact id: '15b5db0d9110fdace02f6b8acbbf108a') in 0.0997917 seconds
Number of updated asset objects reloaded before import = 0Number of asset objects unloaded after import = 120

========================================================================
Received Import Request.
  Time since last request: 0.000042 seconds.
  path: Assets/Motion Cast#06 - Vol.1/No root animations/30-Against deluge-Take5-no root.fbx
  artifactKey: Guid(e0aecdc2a842abd4496c732e8c698f4f) Importer(2089858483,192608db42251d675da83286b1cce702)
Start importing Assets/Motion Cast#06 - Vol.1/No root animations/30-Against deluge-Take5-no root.fbx using Guid(e0aecdc2a842abd4496c732e8c698f4f) Importer(2089858483,192608db42251d675da83286b1cce702) (ScriptedImporter)[PhysX] Initialized MultithreadedTaskDispatcher with 6 workers.
 -> (artifact id: '25aca861501f7dab5a02663b742268c7') in 0.1503511 seconds
Number of updated asset objects reloaded before import = 0Number of asset objects unloaded after import = 120

========================================================================
Received Import Request.
  Time since last request: 0.000040 seconds.
  path: Assets/IslandEscape/TropicalEnvironment/Prefabs/Vegetation/Plant_04.prefab
  artifactKey: Guid(f3740ce5a02138247bc7f8562e8a2f42) Importer(2089858483,3d70f49cd1c2eb9ae422958d1c652c6b)
Start importing Assets/IslandEscape/TropicalEnvironment/Prefabs/Vegetation/Plant_04.prefab using Guid(f3740ce5a02138247bc7f8562e8a2f42) Importer(2089858483,3d70f49cd1c2eb9ae422958d1c652c6b) (ScriptedImporter)[PhysX] Initialized MultithreadedTaskDispatcher with 6 workers.
 -> (artifact id: 'eb6202ec36da1a5cd83a614019ad8fa2') in 0.0403762 seconds
Number of updated asset objects reloaded before import = 0Number of asset objects unloaded after import = 21

========================================================================
Received Import Request.
  Time since last request: 0.000039 seconds.
  path: Assets/Motion Cast#06 - Vol.1/No root animations/24-Leopard Dive-Take2-no root.fbx
  artifactKey: Guid(8195d9ccbfb9a334bbd639f3590553c9) Importer(2089858483,192608db42251d675da83286b1cce702)
Start importing Assets/Motion Cast#06 - Vol.1/No root animations/24-Leopard Dive-Take2-no root.fbx using Guid(8195d9ccbfb9a334bbd639f3590553c9) Importer(2089858483,192608db42251d675da83286b1cce702) (ScriptedImporter)[PhysX] Initialized MultithreadedTaskDispatcher with 6 workers.
 -> (artifact id: '07a2f2ce456fa25e2fc92ddb15ac82a7') in 0.117298 seconds
Number of updated asset objects reloaded before import = 0Number of asset objects unloaded after import = 120

========================================================================
Received Import Request.
  Time since last request: 0.000030 seconds.
  path: Assets/Motion Cast#06 - Vol.1/No root animations/37-Leopard delta rainy kick-Take1-no root.fbx
  artifactKey: Guid(5e1b862769aafef449eb510a74970573) Importer(2089858483,192608db42251d675da83286b1cce702)
Start importing Assets/Motion Cast#06 - Vol.1/No root animations/37-Leopard delta rainy kick-Take1-no root.fbx using Guid(5e1b862769aafef449eb510a74970573) Importer(2089858483,192608db42251d675da83286b1cce702) (ScriptedImporter)[PhysX] Initialized MultithreadedTaskDispatcher with 6 workers.
 -> (artifact id: 'ce19aaf28694f837bcbf9c0ec99fe796') in 0.1416403 seconds
Number of updated asset objects reloaded before import = 0Number of asset objects unloaded after import = 120

========================================================================
Received Import Request.
  Time since last request: 0.000024 seconds.
  path: Assets/Motion Cast#06 - Vol.1/No root animations/34-Leopard air kick-Take3-no root.fbx
  artifactKey: Guid(ac4c6c3493a5180418d2180ca9c7b8cb) Importer(2089858483,192608db42251d675da83286b1cce702)
Start importing Assets/Motion Cast#06 - Vol.1/No root animations/34-Leopard air kick-Take3-no root.fbx using Guid(ac4c6c3493a5180418d2180ca9c7b8cb) Importer(2089858483,192608db42251d675da83286b1cce702) (ScriptedImporter)[PhysX] Initialized MultithreadedTaskDispatcher with 6 workers.
 -> (artifact id: '8d77bdab81a207e02bc64436ec9fad94') in 0.0950768 seconds
Number of updated asset objects reloaded before import = 0Number of asset objects unloaded after import = 120

========================================================================
Received Import Request.
  Time since last request: 0.000043 seconds.
  path: Assets/IslandEscape/TropicalEnvironment/Prefabs/Vegetation/CoralReef_02.prefab
  artifactKey: Guid(c90cbbce0d718984a9fb6c0129712541) Importer(2089858483,3d70f49cd1c2eb9ae422958d1c652c6b)
Start importing Assets/IslandEscape/TropicalEnvironment/Prefabs/Vegetation/CoralReef_02.prefab using Guid(c90cbbce0d718984a9fb6c0129712541) Importer(2089858483,3d70f49cd1c2eb9ae422958d1c652c6b) (ScriptedImporter)[PhysX] Initialized MultithreadedTaskDispatcher with 6 workers.
 -> (artifact id: '1c56120c29293b0a8ed805e26fcd1ad9') in 0.0250786 seconds
Number of updated asset objects reloaded before import = 0Number of asset objects unloaded after import = 21

========================================================================
Received Import Request.
  Time since last request: 0.000020 seconds.
  path: Assets/Motion Cast#06 - Vol.1/No root animations/22-Leopard trampling-Take1-no root.fbx
  artifactKey: Guid(9125d240625ed134a8bbc4ade9cdf4c0) Importer(2089858483,192608db42251d675da83286b1cce702)
Start importing Assets/Motion Cast#06 - Vol.1/No root animations/22-Leopard trampling-Take1-no root.fbx using Guid(9125d240625ed134a8bbc4ade9cdf4c0) Importer(2089858483,192608db42251d675da83286b1cce702) (ScriptedImporter)[PhysX] Initialized MultithreadedTaskDispatcher with 6 workers.
 -> (artifact id: '7d79bd7ab2c22e5bbf173569aefeb6cb') in 0.1772346 seconds
Number of updated asset objects reloaded before import = 0Number of asset objects unloaded after import = 120

========================================================================
Received Import Request.
  Time since last request: 0.000022 seconds.
  path: Assets/IslandEscape/TropicalEnvironment/Prefabs/Props/HouseFloor_02.prefab
  artifactKey: Guid(0766cb99542729f4d82ef29cbed90bbb) Importer(2089858483,3d70f49cd1c2eb9ae422958d1c652c6b)
Start importing Assets/IslandEscape/TropicalEnvironment/Prefabs/Props/HouseFloor_02.prefab using Guid(0766cb99542729f4d82ef29cbed90bbb) Importer(2089858483,3d70f49cd1c2eb9ae422958d1c652c6b) (ScriptedImporter)[PhysX] Initialized MultithreadedTaskDispatcher with 6 workers.
 -> (artifact id: 'e86eabdae8ae5e6bf77025f4010cfb20') in 0.0421794 seconds
Number of updated asset objects reloaded before import = 0Number of asset objects unloaded after import = 22

========================================================================
Received Import Request.
  Time since last request: 0.000046 seconds.
  path: Assets/Motion Cast#06 - Vol.1/No root animations/44-Dodge forward and back-no root.fbx
  artifactKey: Guid(7be9349a008d5654a8c4361dc2f3af26) Importer(2089858483,192608db42251d675da83286b1cce702)
Start importing Assets/Motion Cast#06 - Vol.1/No root animations/44-Dodge forward and back-no root.fbx using Guid(7be9349a008d5654a8c4361dc2f3af26) Importer(2089858483,192608db42251d675da83286b1cce702) (ScriptedImporter)[PhysX] Initialized MultithreadedTaskDispatcher with 6 workers.
 -> (artifact id: '7ab636d5206ff91f6f47b044fdca0325') in 0.0993962 seconds
Number of updated asset objects reloaded before import = 0Number of asset objects unloaded after import = 120

========================================================================
Received Import Request.
  Time since last request: 0.000024 seconds.
  path: Assets/Motion Cast#06 - Vol.1/No root animations/44-Dodge left-no root.fbx
  artifactKey: Guid(de69954b76193c541aad4c2ac83b2663) Importer(2089858483,192608db42251d675da83286b1cce702)
Start importing Assets/Motion Cast#06 - Vol.1/No root animations/44-Dodge left-no root.fbx using Guid(de69954b76193c541aad4c2ac83b2663) Importer(2089858483,192608db42251d675da83286b1cce702) (ScriptedImporter)[PhysX] Initialized MultithreadedTaskDispatcher with 6 workers.
 -> (artifact id: '9fef294b43e0b953b32a1dac8b35467a') in 0.0952199 seconds
Number of updated asset objects reloaded before import = 0Number of asset objects unloaded after import = 120

========================================================================
Received Import Request.
  Time since last request: 0.000053 seconds.
  path: Assets/ALP_Assets/Realistic Terrain Textures Lite/Scenes/Library.unity
  artifactKey: Guid(37b362c3b56bd694d988917cee60d01d) Importer(2089858483,3d70f49cd1c2eb9ae422958d1c652c6b)
Start importing Assets/ALP_Assets/Realistic Terrain Textures Lite/Scenes/Library.unity using Guid(37b362c3b56bd694d988917cee60d01d) Importer(2089858483,3d70f49cd1c2eb9ae422958d1c652c6b) (ScriptedImporter)[PhysX] Initialized MultithreadedTaskDispatcher with 6 workers.
Opening scene 'Assets/ALP_Assets/Realistic Terrain Textures Lite/Scenes/Library.unity additively'
Loaded scene 'Assets/ALP_Assets/Realistic Terrain Textures Lite/Scenes/Library.unity'
	Deserialize:            12.218 ms
	Integration:            2.306 ms
	Integration of assets:  0.006 ms
	Thread Wait Time:       0.542 ms
	Total Operation Time:   15.073 ms
 -> (artifact id: 'd3304cedcdaec48d5a41119fa85d1aca') in 0.1438764 seconds
Number of updated asset objects reloaded before import = 0Number of asset objects unloaded after import = 7

========================================================================
Received Import Request.
  Time since last request: 0.000027 seconds.
  path: Assets/Motion Cast#06 - Vol.1/Scene/Motion Cast#06.unity
  artifactKey: Guid(c7b19d0aa01008e4b9f50811607110b0) Importer(2089858483,192608db42251d675da83286b1cce702)
Start importing Assets/Motion Cast#06 - Vol.1/Scene/Motion Cast#06.unity using Guid(c7b19d0aa01008e4b9f50811607110b0) Importer(2089858483,192608db42251d675da83286b1cce702) (ScriptedImporter)[PhysX] Initialized MultithreadedTaskDispatcher with 6 workers.
 -> (artifact id: 'd344974627925a190f0f42082e022a12') in 0.029028 seconds
Number of updated asset objects reloaded before import = 0Number of asset objects unloaded after import = 1

========================================================================
Received Import Request.
  Time since last request: 0.000051 seconds.
  path: Assets/ALP_Assets/Realistic Terrain Textures Lite/Materials/Ground004.mat
  artifactKey: Guid(f9293063ac64c474fb7b41e948349da4) Importer(2089858483,192608db42251d675da83286b1cce702)
Start importing Assets/ALP_Assets/Realistic Terrain Textures Lite/Materials/Ground004.mat using Guid(f9293063ac64c474fb7b41e948349da4) Importer(2089858483,192608db42251d675da83286b1cce702) (ScriptedImporter)[PhysX] Initialized MultithreadedTaskDispatcher with 6 workers.
 -> (artifact id: '7802909a4c0b73f0606b48c859acd01d') in 0.1803381 seconds
Number of updated asset objects reloaded before import = 0Number of asset objects unloaded after import = 5

========================================================================
Received Import Request.
  Time since last request: 0.000042 seconds.
  path: Assets/Motion Cast#06 - Vol.1/No root animations/9-Leopard arm strike-Take4-no root.fbx
  artifactKey: Guid(48f11850369c16c4bb8fd2687924354d) Importer(2089858483,192608db42251d675da83286b1cce702)
Start importing Assets/Motion Cast#06 - Vol.1/No root animations/9-Leopard arm strike-Take4-no root.fbx using Guid(48f11850369c16c4bb8fd2687924354d) Importer(2089858483,192608db42251d675da83286b1cce702) (ScriptedImporter)[PhysX] Initialized MultithreadedTaskDispatcher with 6 workers.
 -> (artifact id: 'eb4e86353c5d75517f63ff8d772d91b4') in 0.1532539 seconds
Number of updated asset objects reloaded before import = 0Number of asset objects unloaded after import = 120

========================================================================
Received Import Request.
  Time since last request: 0.000066 seconds.
  path: Assets/ALP_Assets/Realistic Terrain Textures Lite/Textures/Ground003_S.png
  artifactKey: Guid(69fa78b39ff418547ab8d06623172894) Importer(2089858483,192608db42251d675da83286b1cce702)
Start importing Assets/ALP_Assets/Realistic Terrain Textures Lite/Textures/Ground003_S.png using Guid(69fa78b39ff418547ab8d06623172894) Importer(2089858483,192608db42251d675da83286b1cce702) (ScriptedImporter)[PhysX] Initialized MultithreadedTaskDispatcher with 6 workers.
 -> (artifact id: '7ca30a862894caade11c7a786225b609') in 0.0547896 seconds
Number of updated asset objects reloaded before import = 0Number of asset objects unloaded after import = 1

========================================================================
Received Import Request.
  Time since last request: 0.000032 seconds.
  path: Assets/ALP_Assets/Realistic Terrain Textures Lite/Textures/Ground002_mask.png
  artifactKey: Guid(20112a95424a36e43a2e9bcb213e87af) Importer(2089858483,192608db42251d675da83286b1cce702)
Start importing Assets/ALP_Assets/Realistic Terrain Textures Lite/Textures/Ground002_mask.png using Guid(20112a95424a36e43a2e9bcb213e87af) Importer(2089858483,192608db42251d675da83286b1cce702) (ScriptedImporter)[PhysX] Initialized MultithreadedTaskDispatcher with 6 workers.
 -> (artifact id: 'abde7cee563668bfbd75b8d4e6f2d0f1') in 0.0679338 seconds
Number of updated asset objects reloaded before import = 0Number of asset objects unloaded after import = 1

========================================================================
Received Import Request.
  Time since last request: 0.000024 seconds.
  path: Assets/Motion Cast#06 - Vol.1/No root animations/9-Leopard arm strike-Take2-no root.fbx
  artifactKey: Guid(390732b335e4d3747803667b9ac58b78) Importer(2089858483,192608db42251d675da83286b1cce702)
Start importing Assets/Motion Cast#06 - Vol.1/No root animations/9-Leopard arm strike-Take2-no root.fbx using Guid(390732b335e4d3747803667b9ac58b78) Importer(2089858483,192608db42251d675da83286b1cce702) (ScriptedImporter)[PhysX] Initialized MultithreadedTaskDispatcher with 6 workers.
 -> (artifact id: 'f26c045e45c993e3a49ebc1d75f7e89f') in 0.1096705 seconds
Number of updated asset objects reloaded before import = 0Number of asset objects unloaded after import = 120

========================================================================
Received Import Request.
  Time since last request: 0.000043 seconds.
  path: Assets/ALP_Assets/Realistic Terrain Textures Lite/Textures/Ground005_AO.png
  artifactKey: Guid(bdfaf451a9c3b444fb0e351b1c2fba30) Importer(2089858483,192608db42251d675da83286b1cce702)
Start importing Assets/ALP_Assets/Realistic Terrain Textures Lite/Textures/Ground005_AO.png using Guid(bdfaf451a9c3b444fb0e351b1c2fba30) Importer(2089858483,192608db42251d675da83286b1cce702) (ScriptedImporter)[PhysX] Initialized MultithreadedTaskDispatcher with 6 workers.
 -> (artifact id: '3a500facb24c72988b61c73ac1aaa2e4') in 0.0453228 seconds
Number of updated asset objects reloaded before import = 0Number of asset objects unloaded after import = 1

========================================================================
Received Import Request.
  Time since last request: 0.000027 seconds.
  path: Assets/Asteroids Pack/Assets/Meshes/asteroid3_LOD0.fbx
  artifactKey: Guid(5f67db069f8983f49bdeff2fdad26975) Importer(2089858483,192608db42251d675da83286b1cce702)
Start importing Assets/Asteroids Pack/Assets/Meshes/asteroid3_LOD0.fbx using Guid(5f67db069f8983f49bdeff2fdad26975) Importer(2089858483,192608db42251d675da83286b1cce702) (ScriptedImporter)[PhysX] Initialized MultithreadedTaskDispatcher with 6 workers.
 -> (artifact id: 'a54a704c9d22491ff6b480c1ce7dbf8f') in 0.0753164 seconds
Number of updated asset objects reloaded before import = 0Number of asset objects unloaded after import = 7

========================================================================
Received Import Request.
  Time since last request: 0.000025 seconds.
  path: Assets/ALP_Assets/Realistic Terrain Textures Lite/Terrain Layers/Ground006.terrainlayer
  artifactKey: Guid(906ea75245880804aa869574650b5ab3) Importer(2089858483,192608db42251d675da83286b1cce702)
Start importing Assets/ALP_Assets/Realistic Terrain Textures Lite/Terrain Layers/Ground006.terrainlayer using Guid(906ea75245880804aa869574650b5ab3) Importer(2089858483,192608db42251d675da83286b1cce702) (ScriptedImporter)[PhysX] Initialized MultithreadedTaskDispatcher with 6 workers.
 -> (artifact id: '33caf7957fee8ae9b4df63868415f983') in 0.0698544 seconds
Number of updated asset objects reloaded before import = 0Number of asset objects unloaded after import = 3

========================================================================
Received Import Request.
  Time since last request: 0.000039 seconds.
  path: Assets/Motion Cast#06 - Vol.1/No root animations/28-Overlap slash kick-Take1-no root.fbx
  artifactKey: Guid(1f7bf71387807e84c8c3ceaa837ffdc7) Importer(2089858483,192608db42251d675da83286b1cce702)
Start importing Assets/Motion Cast#06 - Vol.1/No root animations/28-Overlap slash kick-Take1-no root.fbx using Guid(1f7bf71387807e84c8c3ceaa837ffdc7) Importer(2089858483,192608db42251d675da83286b1cce702) (ScriptedImporter)[PhysX] Initialized MultithreadedTaskDispatcher with 6 workers.
 -> (artifact id: '4b971865e832151167a0123f41276a63') in 0.1014383 seconds
Number of updated asset objects reloaded before import = 0Number of asset objects unloaded after import = 120

========================================================================
Received Import Request.
  Time since last request: 0.000032 seconds.
  path: Assets/IslandEscape/TropicalEnvironment/Terrain/New Terrain.asset
  artifactKey: Guid(ed6c1cbe8e296fe4a9e6521f87263e1e) Importer(2089858483,192608db42251d675da83286b1cce702)
Start importing Assets/IslandEscape/TropicalEnvironment/Terrain/New Terrain.asset using Guid(ed6c1cbe8e296fe4a9e6521f87263e1e) Importer(2089858483,192608db42251d675da83286b1cce702) (ScriptedImporter)[PhysX] Initialized MultithreadedTaskDispatcher with 6 workers.
 -> (artifact id: '3525fff19e72bcdaf59125fdd1c662bd') in 0.410678 seconds
Number of updated asset objects reloaded before import = 0Number of asset objects unloaded after import = 718

========================================================================
Received Import Request.
  Time since last request: 0.000024 seconds.
  path: Assets/IslandEscape/TropicalEnvironment/Materials/Water/TropicalEnvironment_WATER_01.mat
  artifactKey: Guid(a82c0136c817cd343af96bd1ff06f321) Importer(2089858483,192608db42251d675da83286b1cce702)
Start importing Assets/IslandEscape/TropicalEnvironment/Materials/Water/TropicalEnvironment_WATER_01.mat using Guid(a82c0136c817cd343af96bd1ff06f321) Importer(2089858483,192608db42251d675da83286b1cce702) (ScriptedImporter)[PhysX] Initialized MultithreadedTaskDispatcher with 6 workers.
 -> (artifact id: '50001f4df01f6d69b8f1b8c78ae575e2') in 0.0363433 seconds
Number of updated asset objects reloaded before import = 0Number of asset objects unloaded after import = 1

========================================================================
Received Import Request.
  Time since last request: 0.000039 seconds.
  path: Assets/Asteroids Pack/Assets/Textures/Skybox/right.png
  artifactKey: Guid(ff9f56d5c7e719e48842487193e7664a) Importer(2089858483,192608db42251d675da83286b1cce702)
Start importing Assets/Asteroids Pack/Assets/Textures/Skybox/right.png using Guid(ff9f56d5c7e719e48842487193e7664a) Importer(2089858483,192608db42251d675da83286b1cce702) (ScriptedImporter)[PhysX] Initialized MultithreadedTaskDispatcher with 6 workers.
 -> (artifact id: '822c6e18400935b69955537bb0c8fd53') in 0.067586 seconds
Number of updated asset objects reloaded before import = 0Number of asset objects unloaded after import = 1

========================================================================
Received Import Request.
  Time since last request: 0.000056 seconds.
  path: Assets/Asteroids Pack/Assets/Textures/Skybox/front.png
  artifactKey: Guid(9de045fbc0475c3448a6fe432953d07d) Importer(2089858483,192608db42251d675da83286b1cce702)
Start importing Assets/Asteroids Pack/Assets/Textures/Skybox/front.png using Guid(9de045fbc0475c3448a6fe432953d07d) Importer(2089858483,192608db42251d675da83286b1cce702) (ScriptedImporter)[PhysX] Initialized MultithreadedTaskDispatcher with 6 workers.
 -> (artifact id: 'a89280b15900ff5dae511339558854fd') in 0.083157 seconds
Number of updated asset objects reloaded before import = 0Number of asset objects unloaded after import = 1

========================================================================
Received Import Request.
  Time since last request: 0.000036 seconds.
  path: Assets/IslandEscape/TropicalEnvironment/Prefabs/Props/Box_01.prefab
  artifactKey: Guid(7554170ad49a74147aaa826e51f06e15) Importer(2089858483,3d70f49cd1c2eb9ae422958d1c652c6b)
Start importing Assets/IslandEscape/TropicalEnvironment/Prefabs/Props/Box_01.prefab using Guid(7554170ad49a74147aaa826e51f06e15) Importer(2089858483,3d70f49cd1c2eb9ae422958d1c652c6b) (ScriptedImporter)[PhysX] Initialized MultithreadedTaskDispatcher with 6 workers.
 -> (artifact id: '3b598e543200de5990e63c0710c6fa5b') in 0.0727645 seconds
Number of updated asset objects reloaded before import = 0Number of asset objects unloaded after import = 17

========================================================================
Received Import Request.
  Time since last request: 0.000032 seconds.
  path: Assets/IslandEscape/TropicalEnvironment/Models/Ancient/Tile_05.fbx
  artifactKey: Guid(c2c9d810888a3584aa7bd4d417595be4) Importer(2089858483,192608db42251d675da83286b1cce702)
Start importing Assets/IslandEscape/TropicalEnvironment/Models/Ancient/Tile_05.fbx using Guid(c2c9d810888a3584aa7bd4d417595be4) Importer(2089858483,192608db42251d675da83286b1cce702) (ScriptedImporter)[PhysX] Initialized MultithreadedTaskDispatcher with 6 workers.
 -> (artifact id: 'e16635549b43500959cae095caf3da43') in 0.0630825 seconds
Number of updated asset objects reloaded before import = 0Number of asset objects unloaded after import = 15

========================================================================
Received Import Request.
  Time since last request: 0.000019 seconds.
  path: Assets/IslandEscape/TropicalEnvironment/Models/Props/Bottle_15.fbx
  artifactKey: Guid(02963f30c5cd27341b22691213788c5f) Importer(2089858483,192608db42251d675da83286b1cce702)
Start importing Assets/IslandEscape/TropicalEnvironment/Models/Props/Bottle_15.fbx using Guid(02963f30c5cd27341b22691213788c5f) Importer(2089858483,192608db42251d675da83286b1cce702) (ScriptedImporter)[PhysX] Initialized MultithreadedTaskDispatcher with 6 workers.
 -> (artifact id: 'c2883cd09967cadc74d0dbd721b67669') in 0.0580245 seconds
Number of updated asset objects reloaded before import = 0Number of asset objects unloaded after import = 15

========================================================================
Received Import Request.
  Time since last request: 0.000046 seconds.
  path: Assets/IslandEscape/TropicalEnvironment/Models/Props/Barrel_03.fbx
  artifactKey: Guid(0adc32a5789f5ab4693d6736f5acd434) Importer(2089858483,192608db42251d675da83286b1cce702)
Start importing Assets/IslandEscape/TropicalEnvironment/Models/Props/Barrel_03.fbx using Guid(0adc32a5789f5ab4693d6736f5acd434) Importer(2089858483,192608db42251d675da83286b1cce702) (ScriptedImporter)[PhysX] Initialized MultithreadedTaskDispatcher with 6 workers.
 -> (artifact id: 'ee39d61e7d1a2fa13e132f176b81682a') in 0.0442825 seconds
Number of updated asset objects reloaded before import = 0Number of asset objects unloaded after import = 20

========================================================================
Received Import Request.
  Time since last request: 0.000032 seconds.
  path: Assets/IslandEscape/TropicalEnvironment/Prefabs/Rocks/Rock_12.prefab
  artifactKey: Guid(c59fa2f4435253e4493e09fca50a5163) Importer(2089858483,3d70f49cd1c2eb9ae422958d1c652c6b)
Start importing Assets/IslandEscape/TropicalEnvironment/Prefabs/Rocks/Rock_12.prefab using Guid(c59fa2f4435253e4493e09fca50a5163) Importer(2089858483,3d70f49cd1c2eb9ae422958d1c652c6b) (ScriptedImporter)[PhysX] Initialized MultithreadedTaskDispatcher with 6 workers.
 -> (artifact id: '789df2f3e73d77c457799edd7a3b88d9') in 0.0290813 seconds
Number of updated asset objects reloaded before import = 0Number of asset objects unloaded after import = 16

========================================================================
Received Import Request.
  Time since last request: 0.000028 seconds.
  path: Assets/IslandEscape/TropicalEnvironment/Models/Props/Coin_01.fbx
  artifactKey: Guid(3fafe9b8f99059a44a6e77d72c4b5c8f) Importer(2089858483,192608db42251d675da83286b1cce702)
Start importing Assets/IslandEscape/TropicalEnvironment/Models/Props/Coin_01.fbx using Guid(3fafe9b8f99059a44a6e77d72c4b5c8f) Importer(2089858483,192608db42251d675da83286b1cce702) (ScriptedImporter)[PhysX] Initialized MultithreadedTaskDispatcher with 6 workers.
 -> (artifact id: '57c33f647f3c29fe9dbaf258bd3e6f10') in 0.0661133 seconds
Number of updated asset objects reloaded before import = 0Number of asset objects unloaded after import = 7

========================================================================
Received Import Request.
  Time since last request: 0.000026 seconds.
  path: Assets/IslandEscape/TropicalEnvironment/Models/Props/Coconut_01.fbx
  artifactKey: Guid(380d40e3d77902b4d93f4835a66dd4e0) Importer(2089858483,192608db42251d675da83286b1cce702)
Start importing Assets/IslandEscape/TropicalEnvironment/Models/Props/Coconut_01.fbx using Guid(380d40e3d77902b4d93f4835a66dd4e0) Importer(2089858483,192608db42251d675da83286b1cce702) (ScriptedImporter)[PhysX] Initialized MultithreadedTaskDispatcher with 6 workers.
 -> (artifact id: '53167b53b5242aed14e185ec71f03d90') in 0.0732521 seconds
Number of updated asset objects reloaded before import = 0Number of asset objects unloaded after import = 20

========================================================================
Received Import Request.
  Time since last request: 0.000035 seconds.
  path: Assets/IslandEscape/TropicalEnvironment/Models/Props/Crown_01.fbx
  artifactKey: Guid(9032f4c18d6404446b01e625f258e7b8) Importer(2089858483,192608db42251d675da83286b1cce702)
Start importing Assets/IslandEscape/TropicalEnvironment/Models/Props/Crown_01.fbx using Guid(9032f4c18d6404446b01e625f258e7b8) Importer(2089858483,192608db42251d675da83286b1cce702) (ScriptedImporter)[PhysX] Initialized MultithreadedTaskDispatcher with 6 workers.
 -> (artifact id: '7c22c2983dc2ad0ff5c9369d4b76c77c') in 0.0454258 seconds
Number of updated asset objects reloaded before import = 0Number of asset objects unloaded after import = 15

========================================================================
Received Import Request.
  Time since last request: 0.000023 seconds.
  path: Assets/Motion Cast#06 - Vol.1/Kung-Fu animations/4-Rainy uppercut-Take1.fbx
  artifactKey: Guid(6b06a35e10f122c4cb8a3d8ab3844ea2) Importer(2089858483,192608db42251d675da83286b1cce702)
Start importing Assets/Motion Cast#06 - Vol.1/Kung-Fu animations/4-Rainy uppercut-Take1.fbx using Guid(6b06a35e10f122c4cb8a3d8ab3844ea2) Importer(2089858483,192608db42251d675da83286b1cce702) (ScriptedImporter)[PhysX] Initialized MultithreadedTaskDispatcher with 6 workers.
 -> (artifact id: '24a29d8445842dc5b9b884bb4a666551') in 0.0898314 seconds
Number of updated asset objects reloaded before import = 0Number of asset objects unloaded after import = 120

========================================================================
Received Import Request.
  Time since last request: 0.000032 seconds.
  path: Assets/IslandEscape/TropicalEnvironment/Models/Props/HouseStairs_02.fbx
  artifactKey: Guid(bbee2ba55709fc34e92a1ecd4bd1a06c) Importer(2089858483,192608db42251d675da83286b1cce702)
Start importing Assets/IslandEscape/TropicalEnvironment/Models/Props/HouseStairs_02.fbx using Guid(bbee2ba55709fc34e92a1ecd4bd1a06c) Importer(2089858483,192608db42251d675da83286b1cce702) (ScriptedImporter)[PhysX] Initialized MultithreadedTaskDispatcher with 6 workers.
 -> (artifact id: '3c6e57b512bb461e6f4c0c9e4b5d4dac') in 0.0628457 seconds
Number of updated asset objects reloaded before import = 0Number of asset objects unloaded after import = 15

========================================================================
Received Import Request.
  Time since last request: 0.000030 seconds.
  path: Assets/IslandEscape/TropicalEnvironment/Models/Props/Grenade_04.fbx
  artifactKey: Guid(70727991c2d446347b6b9941f12d8fb8) Importer(2089858483,192608db42251d675da83286b1cce702)
Start importing Assets/IslandEscape/TropicalEnvironment/Models/Props/Grenade_04.fbx using Guid(70727991c2d446347b6b9941f12d8fb8) Importer(2089858483,192608db42251d675da83286b1cce702) (ScriptedImporter)[PhysX] Initialized MultithreadedTaskDispatcher with 6 workers.
 -> (artifact id: '4097e89b93c138603ff1df2ed88578bc') in 0.0392189 seconds
Number of updated asset objects reloaded before import = 0Number of asset objects unloaded after import = 15

========================================================================
Received Import Request.
  Time since last request: 0.000025 seconds.
  path: Assets/IslandEscape/TropicalEnvironment/Models/Props/Ring_01.fbx
  artifactKey: Guid(10cf9a5f3953aee4db28627e1c3d62e4) Importer(2089858483,192608db42251d675da83286b1cce702)
Start importing Assets/IslandEscape/TropicalEnvironment/Models/Props/Ring_01.fbx using Guid(10cf9a5f3953aee4db28627e1c3d62e4) Importer(2089858483,192608db42251d675da83286b1cce702) (ScriptedImporter)[PhysX] Initialized MultithreadedTaskDispatcher with 6 workers.
 -> (artifact id: '90c9bb9e0d46765161ef47522ad2c1b1') in 0.073006 seconds
Number of updated asset objects reloaded before import = 0Number of asset objects unloaded after import = 15

========================================================================
Received Import Request.
  Time since last request: 0.000034 seconds.
  path: Assets/Motion Cast#06 - Vol.1/No root animations/25-Rainy Side Kick-Take2-no root.fbx
  artifactKey: Guid(280e0254adc07f447ab421056f921be9) Importer(2089858483,192608db42251d675da83286b1cce702)
Start importing Assets/Motion Cast#06 - Vol.1/No root animations/25-Rainy Side Kick-Take2-no root.fbx using Guid(280e0254adc07f447ab421056f921be9) Importer(2089858483,192608db42251d675da83286b1cce702) (ScriptedImporter)[PhysX] Initialized MultithreadedTaskDispatcher with 6 workers.
 -> (artifact id: '876d319b94265e7fcaa03092e7c2a1f1') in 0.098156 seconds
Number of updated asset objects reloaded before import = 0Number of asset objects unloaded after import = 120

========================================================================
Received Import Request.
  Time since last request: 0.000032 seconds.
  path: Assets/IslandEscape/TropicalEnvironment/Models/Props/WoodStairs_02.fbx
  artifactKey: Guid(fb8bad3bca8fbc94380a8c16789686af) Importer(2089858483,192608db42251d675da83286b1cce702)
Start importing Assets/IslandEscape/TropicalEnvironment/Models/Props/WoodStairs_02.fbx using Guid(fb8bad3bca8fbc94380a8c16789686af) Importer(2089858483,192608db42251d675da83286b1cce702) (ScriptedImporter)[PhysX] Initialized MultithreadedTaskDispatcher with 6 workers.
 -> (artifact id: '8166c3835dcf32dc90ee6b2f8df1a09c') in 0.0693644 seconds
Number of updated asset objects reloaded before import = 0Number of asset objects unloaded after import = 15

========================================================================
Received Import Request.
  Time since last request: 0.000026 seconds.
  path: Assets/IslandEscape/TropicalEnvironment/Models/Props/Ship_01.fbx
  artifactKey: Guid(4d57bee7c9c2b9e41a98f310caa6f38b) Importer(2089858483,192608db42251d675da83286b1cce702)
Start importing Assets/IslandEscape/TropicalEnvironment/Models/Props/Ship_01.fbx using Guid(4d57bee7c9c2b9e41a98f310caa6f38b) Importer(2089858483,192608db42251d675da83286b1cce702) (ScriptedImporter)[PhysX] Initialized MultithreadedTaskDispatcher with 6 workers.
 -> (artifact id: 'acaf9f8179216d6b857951e6339366b3') in 0.0875611 seconds
Number of updated asset objects reloaded before import = 0Number of asset objects unloaded after import = 50

========================================================================
Received Import Request.
  Time since last request: 0.000029 seconds.
  path: Assets/IslandEscape/TropicalEnvironment/Models/Rocks/Rock_07.fbx
  artifactKey: Guid(f046a9b792ee7dd4b85f69fef7ae9038) Importer(2089858483,192608db42251d675da83286b1cce702)
Start importing Assets/IslandEscape/TropicalEnvironment/Models/Rocks/Rock_07.fbx using Guid(f046a9b792ee7dd4b85f69fef7ae9038) Importer(2089858483,192608db42251d675da83286b1cce702) (ScriptedImporter)[PhysX] Initialized MultithreadedTaskDispatcher with 6 workers.
 -> (artifact id: 'e9a2f8947ee3ad48f09d7f4a18d1e4b8') in 0.0637315 seconds
Number of updated asset objects reloaded before import = 0Number of asset objects unloaded after import = 15

========================================================================
Received Import Request.
  Time since last request: 0.000043 seconds.
  path: Assets/IslandEscape/TropicalEnvironment/Models/Rocks/Rock_02.fbx
  artifactKey: Guid(f02506c48a5d6124a9d369d2568ce8ca) Importer(2089858483,192608db42251d675da83286b1cce702)
Start importing Assets/IslandEscape/TropicalEnvironment/Models/Rocks/Rock_02.fbx using Guid(f02506c48a5d6124a9d369d2568ce8ca) Importer(2089858483,192608db42251d675da83286b1cce702) (ScriptedImporter)[PhysX] Initialized MultithreadedTaskDispatcher with 6 workers.
 -> (artifact id: 'ef9cc66dd893c72bc830828397488c4f') in 0.0435834 seconds
Number of updated asset objects reloaded before import = 0Number of asset objects unloaded after import = 15

========================================================================
Received Import Request.
  Time since last request: 0.000022 seconds.
  path: Assets/Motion Cast#06 - Vol.1/Kung-Fu animations/27-Storm kick-Take5.fbx
  artifactKey: Guid(239403ab4c959a34280275a4de93e13b) Importer(2089858483,192608db42251d675da83286b1cce702)
Start importing Assets/Motion Cast#06 - Vol.1/Kung-Fu animations/27-Storm kick-Take5.fbx using Guid(239403ab4c959a34280275a4de93e13b) Importer(2089858483,192608db42251d675da83286b1cce702) (ScriptedImporter)[PhysX] Initialized MultithreadedTaskDispatcher with 6 workers.
 -> (artifact id: 'a52c4bd3e12d2c69fc864735043b97cd') in 0.1071998 seconds
Number of updated asset objects reloaded before import = 0Number of asset objects unloaded after import = 120

========================================================================
Received Import Request.
  Time since last request: 0.000029 seconds.
  path: Assets/IslandEscape/TropicalEnvironment/Prefabs/Ancient/Brick_01.prefab
  artifactKey: Guid(5d672cfd845c2114d9a8ace783c4c375) Importer(2089858483,192608db42251d675da83286b1cce702)
Start importing Assets/IslandEscape/TropicalEnvironment/Prefabs/Ancient/Brick_01.prefab using Guid(5d672cfd845c2114d9a8ace783c4c375) Importer(2089858483,192608db42251d675da83286b1cce702) (ScriptedImporter)[PhysX] Initialized MultithreadedTaskDispatcher with 6 workers.
 -> (artifact id: '7dc4c3024661768812d2bb62a92543e4') in 0.0755371 seconds
Number of updated asset objects reloaded before import = 0Number of asset objects unloaded after import = 16

========================================================================
Received Import Request.
  Time since last request: 0.000042 seconds.
  path: Assets/IslandEscape/TropicalEnvironment/Models/Vegetation/PondPlant_03.fbx
  artifactKey: Guid(7b5171bbb65a0a24786022b2082db506) Importer(2089858483,192608db42251d675da83286b1cce702)
Start importing Assets/IslandEscape/TropicalEnvironment/Models/Vegetation/PondPlant_03.fbx using Guid(7b5171bbb65a0a24786022b2082db506) Importer(2089858483,192608db42251d675da83286b1cce702) (ScriptedImporter)[PhysX] Initialized MultithreadedTaskDispatcher with 6 workers.
 -> (artifact id: '7572ed6aed42e2ca8ca98acc68832bb2') in 0.0636968 seconds
Number of updated asset objects reloaded before import = 0Number of asset objects unloaded after import = 20

========================================================================
Received Import Request.
  Time since last request: 0.000340 seconds.
  path: Assets/IslandEscape/TropicalEnvironment/Models/Vegetation/PalmTree_05.fbx
  artifactKey: Guid(ecfefe6f562ed4a46b813ce5be4b7a8d) Importer(2089858483,192608db42251d675da83286b1cce702)
Start importing Assets/IslandEscape/TropicalEnvironment/Models/Vegetation/PalmTree_05.fbx using Guid(ecfefe6f562ed4a46b813ce5be4b7a8d) Importer(2089858483,192608db42251d675da83286b1cce702) (ScriptedImporter)[PhysX] Initialized MultithreadedTaskDispatcher with 6 workers.
 -> (artifact id: 'fa92424d97f392e4de300c2048857e5d') in 0.0554743 seconds
Number of updated asset objects reloaded before import = 0Number of asset objects unloaded after import = 20

========================================================================
Received Import Request.
  Time since last request: 0.000023 seconds.
  path: Assets/IslandEscape/TropicalEnvironment/Models/Vegetation/PalmTree_01.fbx
  artifactKey: Guid(5fae6eec78650c94dbe6486c50ce4263) Importer(2089858483,192608db42251d675da83286b1cce702)
Start importing Assets/IslandEscape/TropicalEnvironment/Models/Vegetation/PalmTree_01.fbx using Guid(5fae6eec78650c94dbe6486c50ce4263) Importer(2089858483,192608db42251d675da83286b1cce702) (ScriptedImporter)[PhysX] Initialized MultithreadedTaskDispatcher with 6 workers.
 -> (artifact id: 'bbd2bd6d0c58d9aef6b2921bb498d7e4') in 0.0424303 seconds
Number of updated asset objects reloaded before import = 0Number of asset objects unloaded after import = 20

========================================================================
Received Import Request.
  Time since last request: 0.000028 seconds.
  path: Assets/IslandEscape/TropicalEnvironment/Prefabs/Ancient/Crystal_06.prefab
  artifactKey: Guid(a6c2b6f8332d1604c851aea19c6e219e) Importer(2089858483,192608db42251d675da83286b1cce702)
Start importing Assets/IslandEscape/TropicalEnvironment/Prefabs/Ancient/Crystal_06.prefab using Guid(a6c2b6f8332d1604c851aea19c6e219e) Importer(2089858483,192608db42251d675da83286b1cce702) (ScriptedImporter)[PhysX] Initialized MultithreadedTaskDispatcher with 6 workers.
 -> (artifact id: '5b16fa43a014b4cac3dd2db2f8d59249') in 0.0288657 seconds
Number of updated asset objects reloaded before import = 0Number of asset objects unloaded after import = 16

========================================================================
Received Import Request.
  Time since last request: 0.000023 seconds.
  path: Assets/IslandEscape/TropicalEnvironment/Prefabs/Ancient/Column_02.prefab
  artifactKey: Guid(b8b6c13bff458a24992dd7cafc94fc2c) Importer(2089858483,192608db42251d675da83286b1cce702)
Start importing Assets/IslandEscape/TropicalEnvironment/Prefabs/Ancient/Column_02.prefab using Guid(b8b6c13bff458a24992dd7cafc94fc2c) Importer(2089858483,192608db42251d675da83286b1cce702) (ScriptedImporter)[PhysX] Initialized MultithreadedTaskDispatcher with 6 workers.
 -> (artifact id: '6e3bfd7c0e4868eb1945e76dc928f07d') in 0.0227516 seconds
Number of updated asset objects reloaded before import = 0Number of asset objects unloaded after import = 16

========================================================================
Received Import Request.
  Time since last request: 0.000024 seconds.
  path: Assets/IslandEscape/TropicalEnvironment/Prefabs/FX/FireFX_03.prefab
  artifactKey: Guid(ea4603f6b4eec2f40b0a695ea52a5e25) Importer(2089858483,192608db42251d675da83286b1cce702)
Start importing Assets/IslandEscape/TropicalEnvironment/Prefabs/FX/FireFX_03.prefab using Guid(ea4603f6b4eec2f40b0a695ea52a5e25) Importer(2089858483,192608db42251d675da83286b1cce702) (ScriptedImporter)[PhysX] Initialized MultithreadedTaskDispatcher with 6 workers.
 -> (artifact id: '33f3d1dcc03c68d53e066fbc2558fabf') in 0.0350534 seconds
Number of updated asset objects reloaded before import = 0Number of asset objects unloaded after import = 20

========================================================================
Received Import Request.
  Time since last request: 0.000045 seconds.
  path: Assets/Motion Cast#06 - Vol.1/Scene/Animations scene/34-Leopard air kick-Take4.fbx
  artifactKey: Guid(ade9463c01be3e447aa39a933bd42472) Importer(2089858483,192608db42251d675da83286b1cce702)
Start importing Assets/Motion Cast#06 - Vol.1/Scene/Animations scene/34-Leopard air kick-Take4.fbx using Guid(ade9463c01be3e447aa39a933bd42472) Importer(2089858483,192608db42251d675da83286b1cce702) (ScriptedImporter)[PhysX] Initialized MultithreadedTaskDispatcher with 6 workers.
 -> (artifact id: 'ff517b737326da10846a46eb9e8b65fe') in 0.0888229 seconds
Number of updated asset objects reloaded before import = 0Number of asset objects unloaded after import = 120

========================================================================
Received Import Request.
  Time since last request: 0.000028 seconds.
  path: Assets/IslandEscape/TropicalEnvironment/Prefabs/FX/Fog_01.prefab
  artifactKey: Guid(77e4559fdc30bd946b5e292291dc11fa) Importer(2089858483,192608db42251d675da83286b1cce702)
Start importing Assets/IslandEscape/TropicalEnvironment/Prefabs/FX/Fog_01.prefab using Guid(77e4559fdc30bd946b5e292291dc11fa) Importer(2089858483,192608db42251d675da83286b1cce702) (ScriptedImporter)[PhysX] Initialized MultithreadedTaskDispatcher with 6 workers.
 -> (artifact id: '83303873ada94b513a44bdd5b41eda1d') in 0.201221 seconds
Number of updated asset objects reloaded before import = 0Number of asset objects unloaded after import = 6

========================================================================
Received Import Request.
  Time since last request: 0.000026 seconds.
  path: Assets/IslandEscape/TropicalEnvironment/Prefabs/Props/Bottle_10.prefab
  artifactKey: Guid(86928ff22f7b1a442a88aa186da68ba5) Importer(2089858483,192608db42251d675da83286b1cce702)
Start importing Assets/IslandEscape/TropicalEnvironment/Prefabs/Props/Bottle_10.prefab using Guid(86928ff22f7b1a442a88aa186da68ba5) Importer(2089858483,192608db42251d675da83286b1cce702) (ScriptedImporter)[PhysX] Initialized MultithreadedTaskDispatcher with 6 workers.
 -> (artifact id: 'c0259930e5768abfbceeeea661fecc7f') in 0.0400658 seconds
Number of updated asset objects reloaded before import = 0Number of asset objects unloaded after import = 16

========================================================================
Received Import Request.
  Time since last request: 0.000082 seconds.
  path: Assets/IslandEscape/TropicalEnvironment/Prefabs/FX/GodRay_02.prefab
  artifactKey: Guid(ceedc6098c6b1994b81fd58f215a023b) Importer(2089858483,192608db42251d675da83286b1cce702)
Start importing Assets/IslandEscape/TropicalEnvironment/Prefabs/FX/GodRay_02.prefab using Guid(ceedc6098c6b1994b81fd58f215a023b) Importer(2089858483,192608db42251d675da83286b1cce702) (ScriptedImporter)[PhysX] Initialized MultithreadedTaskDispatcher with 6 workers.
 -> (artifact id: '8bbcbae8301eace4447ee5f592884316') in 0.0483521 seconds
Number of updated asset objects reloaded before import = 0Number of asset objects unloaded after import = 6

========================================================================
Received Import Request.
  Time since last request: 0.000196 seconds.
  path: Assets/IslandEscape/TropicalEnvironment/Prefabs/Props/Chest_03.prefab
  artifactKey: Guid(bfb45a3a869c398428d439d4ec2fea13) Importer(2089858483,192608db42251d675da83286b1cce702)
Start importing Assets/IslandEscape/TropicalEnvironment/Prefabs/Props/Chest_03.prefab using Guid(bfb45a3a869c398428d439d4ec2fea13) Importer(2089858483,192608db42251d675da83286b1cce702) (ScriptedImporter)[PhysX] Initialized MultithreadedTaskDispatcher with 6 workers.
 -> (artifact id: '0d02fb6fdfdfaee24c4d235da365a94d') in 0.0302288 seconds
Number of updated asset objects reloaded before import = 0Number of asset objects unloaded after import = 37

========================================================================
Received Import Request.
  Time since last request: 0.000027 seconds.
  path: Assets/IslandEscape/TropicalEnvironment/Prefabs/Props/Mask_05.prefab
  artifactKey: Guid(8a933c0a44c9ec34fa94ca55abdbb815) Importer(2089858483,192608db42251d675da83286b1cce702)
Start importing Assets/IslandEscape/TropicalEnvironment/Prefabs/Props/Mask_05.prefab using Guid(8a933c0a44c9ec34fa94ca55abdbb815) Importer(2089858483,192608db42251d675da83286b1cce702) (ScriptedImporter)[PhysX] Initialized MultithreadedTaskDispatcher with 6 workers.
 -> (artifact id: '67782dac4f90ac1d1e854386832ca0b2') in 0.032617 seconds
Number of updated asset objects reloaded before import = 0Number of asset objects unloaded after import = 21

========================================================================
Received Import Request.
  Time since last request: 0.000040 seconds.
  path: Assets/IslandEscape/TropicalEnvironment/Prefabs/Props/Pier_01.prefab
  artifactKey: Guid(e23a58238d5f0904a9c4336b00494d34) Importer(2089858483,192608db42251d675da83286b1cce702)
Start importing Assets/IslandEscape/TropicalEnvironment/Prefabs/Props/Pier_01.prefab using Guid(e23a58238d5f0904a9c4336b00494d34) Importer(2089858483,192608db42251d675da83286b1cce702) (ScriptedImporter)[PhysX] Initialized MultithreadedTaskDispatcher with 6 workers.
 -> (artifact id: '8433c6f9a6103f05db3f713e51c0f82c') in 0.0319133 seconds
Number of updated asset objects reloaded before import = 0Number of asset objects unloaded after import = 17

========================================================================
Received Import Request.
  Time since last request: 0.000025 seconds.
  path: Assets/IslandEscape/TropicalEnvironment/Prefabs/Props/Diamond_01.prefab
  artifactKey: Guid(2e359741011460e4599f30419439fe4a) Importer(2089858483,192608db42251d675da83286b1cce702)
Start importing Assets/IslandEscape/TropicalEnvironment/Prefabs/Props/Diamond_01.prefab using Guid(2e359741011460e4599f30419439fe4a) Importer(2089858483,192608db42251d675da83286b1cce702) (ScriptedImporter)[PhysX] Initialized MultithreadedTaskDispatcher with 6 workers.
 -> (artifact id: 'eba68de53965e61e0f1500aba87a4e6c') in 0.0274405 seconds
Number of updated asset objects reloaded before import = 0Number of asset objects unloaded after import = 16

========================================================================
Received Import Request.
  Time since last request: 0.000027 seconds.
  path: Assets/IslandEscape/TropicalEnvironment/Prefabs/Props/HouseFloor_01.prefab
  artifactKey: Guid(469e828ea2a331a46914d0b5f4eb0bc0) Importer(2089858483,192608db42251d675da83286b1cce702)
Start importing Assets/IslandEscape/TropicalEnvironment/Prefabs/Props/HouseFloor_01.prefab using Guid(469e828ea2a331a46914d0b5f4eb0bc0) Importer(2089858483,192608db42251d675da83286b1cce702) (ScriptedImporter)[PhysX] Initialized MultithreadedTaskDispatcher with 6 workers.
 -> (artifact id: '670b4c50951facb32b96d0083e05a07a') in 0.0296996 seconds
Number of updated asset objects reloaded before import = 0Number of asset objects unloaded after import = 21

========================================================================
Received Import Request.
  Time since last request: 0.000056 seconds.
  path: Assets/IslandEscape/TropicalEnvironment/Prefabs/Props/WoodenTorch_02.prefab
  artifactKey: Guid(0f78029b75752bb4a83a2a6d6d0af8ba) Importer(2089858483,192608db42251d675da83286b1cce702)
Start importing Assets/IslandEscape/TropicalEnvironment/Prefabs/Props/WoodenTorch_02.prefab using Guid(0f78029b75752bb4a83a2a6d6d0af8ba) Importer(2089858483,192608db42251d675da83286b1cce702) (ScriptedImporter)[PhysX] Initialized MultithreadedTaskDispatcher with 6 workers.
 -> (artifact id: 'acdd29150f7f6ec01e5144939134ec6f') in 0.026999 seconds
Number of updated asset objects reloaded before import = 0Number of asset objects unloaded after import = 39

========================================================================
Received Import Request.
  Time since last request: 0.000130 seconds.
  path: Assets/IslandEscape/TropicalEnvironment/Prefabs/Props/Pier_02.prefab
  artifactKey: Guid(e9c2ce11f1bf6e54eb2576c16c5c84a9) Importer(2089858483,192608db42251d675da83286b1cce702)
Start importing Assets/IslandEscape/TropicalEnvironment/Prefabs/Props/Pier_02.prefab using Guid(e9c2ce11f1bf6e54eb2576c16c5c84a9) Importer(2089858483,192608db42251d675da83286b1cce702) (ScriptedImporter)[PhysX] Initialized MultithreadedTaskDispatcher with 6 workers.
 -> (artifact id: '31e147538dc5c34960a85c95a1a827e2') in 0.0375839 seconds
Number of updated asset objects reloaded before import = 0Number of asset objects unloaded after import = 17

========================================================================
Received Import Request.
  Time since last request: 0.000020 seconds.
  path: Assets/IslandEscape/TropicalEnvironment/Prefabs/Props/Plank_02.prefab
  artifactKey: Guid(7f1185878a04f5c47b8d0ae4f161d86e) Importer(2089858483,192608db42251d675da83286b1cce702)
Start importing Assets/IslandEscape/TropicalEnvironment/Prefabs/Props/Plank_02.prefab using Guid(7f1185878a04f5c47b8d0ae4f161d86e) Importer(2089858483,192608db42251d675da83286b1cce702) (ScriptedImporter)[PhysX] Initialized MultithreadedTaskDispatcher with 6 workers.
 -> (artifact id: '96a66a827871722fedf111b19316cece') in 0.034832 seconds
Number of updated asset objects reloaded before import = 0Number of asset objects unloaded after import = 16

========================================================================
Received Import Request.
  Time since last request: 0.000039 seconds.
  path: Assets/IslandEscape/TropicalEnvironment/Prefabs/Props/Skeleton_02.prefab
  artifactKey: Guid(3d65ec5ab4179a94fa3c065b3adb9eed) Importer(2089858483,192608db42251d675da83286b1cce702)
Start importing Assets/IslandEscape/TropicalEnvironment/Prefabs/Props/Skeleton_02.prefab using Guid(3d65ec5ab4179a94fa3c065b3adb9eed) Importer(2089858483,192608db42251d675da83286b1cce702) (ScriptedImporter)[PhysX] Initialized MultithreadedTaskDispatcher with 6 workers.
 -> (artifact id: 'd0bc20cf78c8465b3ad9eef789ba78f0') in 0.0345842 seconds
Number of updated asset objects reloaded before import = 0Number of asset objects unloaded after import = 16

========================================================================
Received Import Request.
  Time since last request: 0.000051 seconds.
  path: Assets/IslandEscape/TropicalEnvironment/Prefabs/Rocks/Rock_12.prefab
  artifactKey: Guid(c59fa2f4435253e4493e09fca50a5163) Importer(2089858483,192608db42251d675da83286b1cce702)
Start importing Assets/IslandEscape/TropicalEnvironment/Prefabs/Rocks/Rock_12.prefab using Guid(c59fa2f4435253e4493e09fca50a5163) Importer(2089858483,192608db42251d675da83286b1cce702) (ScriptedImporter)[PhysX] Initialized MultithreadedTaskDispatcher with 6 workers.
 -> (artifact id: 'ac42042810e6e95098d89dcf679eb239') in 0.0302382 seconds
Number of updated asset objects reloaded before import = 0Number of asset objects unloaded after import = 15

========================================================================
Received Import Request.
  Time since last request: 0.000020 seconds.
  path: Assets/IslandEscape/TropicalEnvironment/Prefabs/Rocks/Rock_03.prefab
  artifactKey: Guid(98a51e6cc43955240ab513ff354fd8b1) Importer(2089858483,192608db42251d675da83286b1cce702)
Start importing Assets/IslandEscape/TropicalEnvironment/Prefabs/Rocks/Rock_03.prefab using Guid(98a51e6cc43955240ab513ff354fd8b1) Importer(2089858483,192608db42251d675da83286b1cce702) (ScriptedImporter)[PhysX] Initialized MultithreadedTaskDispatcher with 6 workers.
 -> (artifact id: '5f17495a3dbdf27aad54b32a701346f6') in 0.0242407 seconds
Number of updated asset objects reloaded before import = 0Number of asset objects unloaded after import = 15

========================================================================
Received Import Request.
  Time since last request: 0.000020 seconds.
  path: Assets/IslandEscape/TropicalEnvironment/Prefabs/Rocks/Rock_13.prefab
  artifactKey: Guid(6244ae4bc47034c4c98c218b294f4b6e) Importer(2089858483,192608db42251d675da83286b1cce702)
Start importing Assets/IslandEscape/TropicalEnvironment/Prefabs/Rocks/Rock_13.prefab using Guid(6244ae4bc47034c4c98c218b294f4b6e) Importer(2089858483,192608db42251d675da83286b1cce702) (ScriptedImporter)[PhysX] Initialized MultithreadedTaskDispatcher with 6 workers.
 -> (artifact id: 'e5d288426d0626420cd96370efacadd4') in 0.0238257 seconds
Number of updated asset objects reloaded before import = 0Number of asset objects unloaded after import = 15

========================================================================
Received Import Request.
  Time since last request: 0.000032 seconds.
  path: Assets/IslandEscape/TropicalEnvironment/Prefabs/Vegetation/BananaTree_03.prefab
  artifactKey: Guid(737440b5c53d6984ebbd1129b8969cce) Importer(2089858483,192608db42251d675da83286b1cce702)
Start importing Assets/IslandEscape/TropicalEnvironment/Prefabs/Vegetation/BananaTree_03.prefab using Guid(737440b5c53d6984ebbd1129b8969cce) Importer(2089858483,192608db42251d675da83286b1cce702) (ScriptedImporter)[PhysX] Initialized MultithreadedTaskDispatcher with 6 workers.
 -> (artifact id: '9689cb683dff6221c8e3d02736ce7b7d') in 0.0659476 seconds
Number of updated asset objects reloaded before import = 0Number of asset objects unloaded after import = 21

========================================================================
Received Import Request.
  Time since last request: 0.000017 seconds.
  path: Assets/IslandEscape/TropicalEnvironment/Models/Props/Mask_05.fbx
  artifactKey: Guid(5e8ca2ad2bc3b0f4db1796ae5b024027) Importer(2089858483,192608db42251d675da83286b1cce702)
Start importing Assets/IslandEscape/TropicalEnvironment/Models/Props/Mask_05.fbx using Guid(5e8ca2ad2bc3b0f4db1796ae5b024027) Importer(2089858483,192608db42251d675da83286b1cce702) (ScriptedImporter)[PhysX] Initialized MultithreadedTaskDispatcher with 6 workers.
 -> (artifact id: '307bb3239d4d98e67b49ba631f07cfdd') in 0.0461325 seconds
Number of updated asset objects reloaded before import = 0Number of asset objects unloaded after import = 20

========================================================================
Received Import Request.
  Time since last request: 0.000026 seconds.
  path: Assets/IslandEscape/TropicalEnvironment/Prefabs/Vegetation/PondPlant_02.prefab
  artifactKey: Guid(04fd74f8066d35b4592654f0449039ff) Importer(2089858483,192608db42251d675da83286b1cce702)
Start importing Assets/IslandEscape/TropicalEnvironment/Prefabs/Vegetation/PondPlant_02.prefab using Guid(04fd74f8066d35b4592654f0449039ff) Importer(2089858483,192608db42251d675da83286b1cce702) (ScriptedImporter)[PhysX] Initialized MultithreadedTaskDispatcher with 6 workers.
 -> (artifact id: 'a01342d038e1030ad1759dfe9a846314') in 0.0369094 seconds
Number of updated asset objects reloaded before import = 0Number of asset objects unloaded after import = 15

========================================================================
Received Import Request.
  Time since last request: 0.000028 seconds.
  path: Assets/IslandEscape/TropicalEnvironment/Terrain/TerrainLayer/Sand_01.terrainlayer
  artifactKey: Guid(629a4c3fd248d5347a67018fa6f07fbf) Importer(2089858483,192608db42251d675da83286b1cce702)
Start importing Assets/IslandEscape/TropicalEnvironment/Terrain/TerrainLayer/Sand_01.terrainlayer using Guid(629a4c3fd248d5347a67018fa6f07fbf) Importer(2089858483,192608db42251d675da83286b1cce702) (ScriptedImporter)[PhysX] Initialized MultithreadedTaskDispatcher with 6 workers.
 -> (artifact id: '8732ed6faf8f5be99c94e0ad776a0259') in 0.0389233 seconds
Number of updated asset objects reloaded before import = 0Number of asset objects unloaded after import = 3

========================================================================
Received Import Request.
  Time since last request: 0.000021 seconds.
  path: Assets/IslandEscape/TropicalEnvironment/Prefabs/Vegetation/Seaweed_03.prefab
  artifactKey: Guid(5836524b2f7390d4696dd71c2ca8705d) Importer(2089858483,192608db42251d675da83286b1cce702)
Start importing Assets/IslandEscape/TropicalEnvironment/Prefabs/Vegetation/Seaweed_03.prefab using Guid(5836524b2f7390d4696dd71c2ca8705d) Importer(2089858483,192608db42251d675da83286b1cce702) (ScriptedImporter)[PhysX] Initialized MultithreadedTaskDispatcher with 6 workers.
 -> (artifact id: '758d1953fdb3eb4c365bea0f02edacf0') in 0.0292634 seconds
Number of updated asset objects reloaded before import = 0Number of asset objects unloaded after import = 20

========================================================================
Received Import Request.
  Time since last request: 0.000026 seconds.
  path: Assets/IslandEscape/TropicalEnvironment/Prefabs/Vegetation/Seaweed_04.prefab
  artifactKey: Guid(4851245de9e7d8e4fbd75a86b99e45a1) Importer(2089858483,192608db42251d675da83286b1cce702)
Start importing Assets/IslandEscape/TropicalEnvironment/Prefabs/Vegetation/Seaweed_04.prefab using Guid(4851245de9e7d8e4fbd75a86b99e45a1) Importer(2089858483,192608db42251d675da83286b1cce702) (ScriptedImporter)[PhysX] Initialized MultithreadedTaskDispatcher with 6 workers.
 -> (artifact id: 'bb6965c1932987d4076db5d006a8420c') in 0.0339075 seconds
Number of updated asset objects reloaded before import = 0Number of asset objects unloaded after import = 20

========================================================================
Received Import Request.
  Time since last request: 0.000041 seconds.
  path: Assets/Motion Cast#06 - Vol.1/Kung-Fu animations/14-Splashy backpunch-Take4.fbx
  artifactKey: Guid(68d1c04b784ad104e90a33b8fb7bc85f) Importer(2089858483,192608db42251d675da83286b1cce702)
Start importing Assets/Motion Cast#06 - Vol.1/Kung-Fu animations/14-Splashy backpunch-Take4.fbx using Guid(68d1c04b784ad104e90a33b8fb7bc85f) Importer(2089858483,192608db42251d675da83286b1cce702) (ScriptedImporter)[PhysX] Initialized MultithreadedTaskDispatcher with 6 workers.
 -> (artifact id: 'a43078b962367801fd74665dd201afac') in 0.0810478 seconds
Number of updated asset objects reloaded before import = 0Number of asset objects unloaded after import = 120

========================================================================
Received Import Request.
  Time since last request: 0.000024 seconds.
  path: Assets/Motion Cast#06 - Vol.1/No root animations/6-Elbow offensive-Take4-no root.fbx
  artifactKey: Guid(ed612fc5a43b1ab489c5af4b8c21c07f) Importer(2089858483,192608db42251d675da83286b1cce702)
Start importing Assets/Motion Cast#06 - Vol.1/No root animations/6-Elbow offensive-Take4-no root.fbx using Guid(ed612fc5a43b1ab489c5af4b8c21c07f) Importer(2089858483,192608db42251d675da83286b1cce702) (ScriptedImporter)[PhysX] Initialized MultithreadedTaskDispatcher with 6 workers.
 -> (artifact id: '80cf65f50798254a87216ddb68f6170f') in 0.1041641 seconds
Number of updated asset objects reloaded before import = 0Number of asset objects unloaded after import = 120

========================================================================
Received Import Request.
  Time since last request: 0.000028 seconds.
  path: Assets/IslandEscape/TropicalEnvironment/Prefabs/Props/Bottle_06.prefab
  artifactKey: Guid(b3eca43bb76219a4dbeb2014818d5bf6) Importer(2089858483,192608db42251d675da83286b1cce702)
Start importing Assets/IslandEscape/TropicalEnvironment/Prefabs/Props/Bottle_06.prefab using Guid(b3eca43bb76219a4dbeb2014818d5bf6) Importer(2089858483,192608db42251d675da83286b1cce702) (ScriptedImporter)[PhysX] Initialized MultithreadedTaskDispatcher with 6 workers.
 -> (artifact id: '8f913e8d89c719725c11379a7e0c928c') in 0.0290747 seconds
Number of updated asset objects reloaded before import = 0Number of asset objects unloaded after import = 16

========================================================================
Received Import Request.
  Time since last request: 0.000030 seconds.
  path: Assets/Motion Cast#06 - Vol.1/Kung-Fu animations/32-Brutal leopard-Take1.fbx
  artifactKey: Guid(176c6ca878133164fb38e0c708702148) Importer(2089858483,192608db42251d675da83286b1cce702)
Start importing Assets/Motion Cast#06 - Vol.1/Kung-Fu animations/32-Brutal leopard-Take1.fbx using Guid(176c6ca878133164fb38e0c708702148) Importer(2089858483,192608db42251d675da83286b1cce702) (ScriptedImporter)[PhysX] Initialized MultithreadedTaskDispatcher with 6 workers.
 -> (artifact id: '1d8f2c556e1cea181d555e2ae7cfa836') in 0.0998519 seconds
Number of updated asset objects reloaded before import = 0Number of asset objects unloaded after import = 120

========================================================================
Received Import Request.
  Time since last request: 0.000019 seconds.
  path: Assets/IslandEscape/TropicalEnvironment/Materials/TropicalEnvironment_GodRay_02.mat
  artifactKey: Guid(af2a20701d0b3744297a2c2c6d38916d) Importer(2089858483,192608db42251d675da83286b1cce702)
Start importing Assets/IslandEscape/TropicalEnvironment/Materials/TropicalEnvironment_GodRay_02.mat using Guid(af2a20701d0b3744297a2c2c6d38916d) Importer(2089858483,192608db42251d675da83286b1cce702) (ScriptedImporter)[PhysX] Initialized MultithreadedTaskDispatcher with 6 workers.
 -> (artifact id: '56a1a085153299d6afcf25c1be976f3c') in 0.029088 seconds
Number of updated asset objects reloaded before import = 0Number of asset objects unloaded after import = 2

