Using pre-set license
Built from 'trunk' branch; Version is '6000.0.12f1 (7defd84cdab8) revision 8253400'; Using compiler version '193933523'; Build Type 'Release'
OS: 'Windows 11  (10.0.22631) 64bit Professional' Language: 'en' Physical Memory: 16307 MB
BatchMode: 1, IsHumanControllingUs: 0, StartBugReporterOnCrash: 0, Is64bit: 1, IsPro: 1

COMMAND LINE ARGUMENTS:
C:\Program Files\Unity\Hub\Editor\6000.0.12f1\Editor\Unity.exe
-adb2
-batchMode
-noUpm
-name
AssetImportWorker8
-projectPath
C:/Users/fcaka/Desktop/Github/IslandEscape/Alghoritmics_3D_Game
-logFile
Logs/AssetImportWorker8.log
-srvPort
51441
-job-worker-count
5
-background-job-worker-count
8
-asset-garbage-collectors
1
Successfully changed project path to: C:/Users/fcaka/Desktop/Github/IslandEscape/Alghoritmics_3D_Game
C:/Users/fcaka/Desktop/Github/IslandEscape/Alghoritmics_3D_Game
[UnityMemory] Configuration Parameters - Can be set up in boot.config
    "memorysetup-bucket-allocator-granularity=16"
    "memorysetup-bucket-allocator-bucket-count=8"
    "memorysetup-bucket-allocator-block-size=33554432"
    "memorysetup-bucket-allocator-block-count=8"
    "memorysetup-main-allocator-block-size=16777216"
    "memorysetup-thread-allocator-block-size=16777216"
    "memorysetup-gfx-main-allocator-block-size=16777216"
    "memorysetup-gfx-thread-allocator-block-size=16777216"
    "memorysetup-cache-allocator-block-size=4194304"
    "memorysetup-typetree-allocator-block-size=2097152"
    "memorysetup-profiler-bucket-allocator-granularity=16"
    "memorysetup-profiler-bucket-allocator-bucket-count=8"
    "memorysetup-profiler-bucket-allocator-block-size=33554432"
    "memorysetup-profiler-bucket-allocator-block-count=8"
    "memorysetup-profiler-allocator-block-size=16777216"
    "memorysetup-profiler-editor-allocator-block-size=1048576"
    "memorysetup-temp-allocator-size-main=16777216"
    "memorysetup-job-temp-allocator-block-size=2097152"
    "memorysetup-job-temp-allocator-block-size-background=1048576"
    "memorysetup-job-temp-allocator-reduction-small-platforms=262144"
    "memorysetup-allocator-temp-initial-block-size-main=262144"
    "memorysetup-allocator-temp-initial-block-size-worker=262144"
    "memorysetup-temp-allocator-size-background-worker=32768"
    "memorysetup-temp-allocator-size-job-worker=262144"
    "memorysetup-temp-allocator-size-preload-manager=33554432"
    "memorysetup-temp-allocator-size-nav-mesh-worker=65536"
    "memorysetup-temp-allocator-size-audio-worker=65536"
    "memorysetup-temp-allocator-size-cloud-worker=32768"
    "memorysetup-temp-allocator-size-gi-baking-worker=262144"
    "memorysetup-temp-allocator-size-gi-baking-worker=262144"
    "memorysetup-temp-allocator-size-gi-baking-worker=262144"
    "memorysetup-temp-allocator-size-gi-baking-worker=262144"
    "memorysetup-temp-allocator-size-gi-baking-worker=262144"
    "memorysetup-temp-allocator-size-gfx=262144"
Player connection [10112]  Target information:

Player connection [10112]  * "[IP] 192.168.1.7 [Port] 0 [Flags] 2 [Guid] 2704512007 [EditorId] 2704512007 [Version] 1048832 [Id] WindowsEditor(7,Furkan) [Debug] 1 [PackageName] WindowsEditor [ProjectName] Editor" 

Player connection [10112] Host joined multi-casting on [225.0.0.222:54997]...
Player connection [10112] Host joined alternative multi-casting on [225.0.0.222:34997]...
JobSystem: Creating JobQueue using job-worker-count value 5
Library Redirect Path: Library/
[PhysX] Initialized MultithreadedTaskDispatcher with 6 workers.
Refreshing native plugins compatible for Editor in 2.61 ms, found 3 plugins.
Preloading 0 native plugins for Editor in 0.00 ms.
Initialize engine version: 6000.0.12f1 (7defd84cdab8)
[Subsystems] Discovering subsystems at path C:/Program Files/Unity/Hub/Editor/6000.0.12f1/Editor/Data/Resources/UnitySubsystems
[Subsystems] Discovering subsystems at path C:/Users/fcaka/Desktop/Github/IslandEscape/Alghoritmics_3D_Game/Assets
GfxDevice: creating device client; kGfxThreadingModeNonThreaded
Direct3D:
    Version:  Direct3D 11.0 [level 11.1]
    Renderer: AMD Radeon RX 6700 (ID=0x73df)
    Vendor:   ATI
    VRAM:     10195 MB
    Driver:   32.0.11037.4004
Initialize mono
Mono path[0] = 'C:/Program Files/Unity/Hub/Editor/6000.0.12f1/Editor/Data/Managed'
Mono path[1] = 'C:/Program Files/Unity/Hub/Editor/6000.0.12f1/Editor/Data/MonoBleedingEdge/lib/mono/unityjit-win32'
Mono config path = 'C:/Program Files/Unity/Hub/Editor/6000.0.12f1/Editor/Data/MonoBleedingEdge/etc'
Using monoOptions --debugger-agent=transport=dt_socket,embedding=1,server=y,suspend=n,address=127.0.0.1:56388
Begin MonoManager ReloadAssembly
Registering precompiled unity dll's ...
Register platform support module: C:/Program Files/Unity/Hub/Editor/6000.0.12f1/Editor/Data/PlaybackEngines/WebGLSupport/UnityEditor.WebGL.Extensions.dll
Register platform support module: C:/Program Files/Unity/Hub/Editor/6000.0.12f1/Editor/Data/PlaybackEngines/WindowsStandaloneSupport/UnityEditor.WindowsStandalone.Extensions.dll
Registered in 0.009896 seconds.
- Loaded All Assemblies, in  0.923 seconds
Native extension for WindowsStandalone target not found
Native extension for WebGL target not found
Mono: successfully reloaded assembly
- Finished resetting the current domain, in  1.334 seconds
Domain Reload Profiling: 2249ms
	BeginReloadAssembly (358ms)
		ExecutionOrderSort (0ms)
		DisableScriptedObjects (0ms)
		BackupInstance (0ms)
		ReleaseScriptingObjects (0ms)
		CreateAndSetChildDomain (2ms)
	RebuildCommonClasses (91ms)
	RebuildNativeTypeToScriptingClass (20ms)
	initialDomainReloadingComplete (99ms)
	LoadAllAssembliesAndSetupDomain (346ms)
		LoadAssemblies (327ms)
		RebuildTransferFunctionScriptingTraits (0ms)
		AnalyzeDomain (341ms)
			TypeCache.Refresh (338ms)
				TypeCache.ScanAssembly (310ms)
			BuildScriptInfoCaches (1ms)
			ResolveRequiredComponents (1ms)
	FinalizeReload (1335ms)
		ReleaseScriptCaches (0ms)
		RebuildScriptCaches (0ms)
		SetupLoadedEditorAssemblies (1216ms)
			LogAssemblyErrors (0ms)
			InitializePlatformSupportModulesInManaged (72ms)
			SetLoadedEditorAssemblies (25ms)
			BeforeProcessingInitializeOnLoad (13ms)
			ProcessInitializeOnLoadAttributes (648ms)
			ProcessInitializeOnLoadMethodAttributes (458ms)
			AfterProcessingInitializeOnLoad (0ms)
			EditorAssembliesLoaded (0ms)
		ExecutionOrderSort2 (0ms)
		AwakeInstancesAfterBackupRestoration (0ms)
========================================================================
Worker process is ready to serve import requests
Import Worker Mode flag is 0x00
Begin MonoManager ReloadAssembly
- Loaded All Assemblies, in  3.138 seconds
Refreshing native plugins compatible for Editor in 4.37 ms, found 3 plugins.
Native extension for WindowsStandalone target not found
Native extension for WebGL target not found
Mono: successfully reloaded assembly
- Finished resetting the current domain, in  3.088 seconds
Domain Reload Profiling: 6202ms
	BeginReloadAssembly (1203ms)
		ExecutionOrderSort (0ms)
		DisableScriptedObjects (9ms)
		BackupInstance (0ms)
		ReleaseScriptingObjects (0ms)
		CreateAndSetChildDomain (104ms)
	RebuildCommonClasses (96ms)
	RebuildNativeTypeToScriptingClass (27ms)
	initialDomainReloadingComplete (91ms)
	LoadAllAssembliesAndSetupDomain (1691ms)
		LoadAssemblies (1219ms)
		RebuildTransferFunctionScriptingTraits (0ms)
		AnalyzeDomain (717ms)
			TypeCache.Refresh (568ms)
				TypeCache.ScanAssembly (534ms)
			BuildScriptInfoCaches (130ms)
			ResolveRequiredComponents (15ms)
	FinalizeReload (3094ms)
		ReleaseScriptCaches (0ms)
		RebuildScriptCaches (0ms)
		SetupLoadedEditorAssemblies (2465ms)
			LogAssemblyErrors (0ms)
			InitializePlatformSupportModulesInManaged (9ms)
			SetLoadedEditorAssemblies (16ms)
			BeforeProcessingInitializeOnLoad (501ms)
			ProcessInitializeOnLoadAttributes (1331ms)
			ProcessInitializeOnLoadMethodAttributes (583ms)
			AfterProcessingInitializeOnLoad (25ms)
			EditorAssembliesLoaded (0ms)
		ExecutionOrderSort2 (0ms)
		AwakeInstancesAfterBackupRestoration (9ms)
Launched and connected shader compiler UnityShaderCompiler.exe after 0.04 seconds
Refreshing native plugins compatible for Editor in 21.21 ms, found 3 plugins.
Preloading 0 native plugins for Editor in 0.00 ms.
Unloading 297 Unused Serialized files (Serialized files now loaded: 0)
Unloading 6166 unused Assets / (11.6 MB). Loaded Objects now: 7003.
Memory consumption went from 218.0 MB to 206.5 MB.
Total: 47.761400 ms (FindLiveObjects: 4.061900 ms CreateObjectMapping: 2.119200 ms MarkObjects: 22.964000 ms  DeleteObjects: 18.614300 ms)

========================================================================
Received Import Request.
  Time since last request: 956312.543271 seconds.
  path: Assets/IslandEscape/TropicalEnvironment/Prefabs/Props/Tent_03.prefab
  artifactKey: Guid(1c665e7eba69ca7438669ea7c19c5516) Importer(2089858483,3d70f49cd1c2eb9ae422958d1c652c6b)
Start importing Assets/IslandEscape/TropicalEnvironment/Prefabs/Props/Tent_03.prefab using Guid(1c665e7eba69ca7438669ea7c19c5516) Importer(2089858483,3d70f49cd1c2eb9ae422958d1c652c6b) (ScriptedImporter)[PhysX] Initialized MultithreadedTaskDispatcher with 6 workers.
 -> (artifact id: '312d6f592a9d6c820af827c9d372fec1') in 0.4112744 seconds
Number of updated asset objects reloaded before import = 0Number of asset objects unloaded after import = 22

========================================================================
Received Import Request.
  Time since last request: 0.000035 seconds.
  path: Assets/Settings/UniversalRenderPipelineGlobalSettings.asset
  artifactKey: Guid(18dc0cd2c080841dea60987a38ce93fa) Importer(2089858483,3d70f49cd1c2eb9ae422958d1c652c6b)
Start importing Assets/Settings/UniversalRenderPipelineGlobalSettings.asset using Guid(18dc0cd2c080841dea60987a38ce93fa) Importer(2089858483,3d70f49cd1c2eb9ae422958d1c652c6b) (ScriptedImporter)[PhysX] Initialized MultithreadedTaskDispatcher with 6 workers.
 -> (artifact id: '9eea9b224596f7b928f607354138bc90') in 0.0264374 seconds
Number of updated asset objects reloaded before import = 0Number of asset objects unloaded after import = 0

========================================================================
Received Import Request.
  Time since last request: 0.000021 seconds.
  path: Assets/IslandEscape/TropicalEnvironment/Prefabs/Ancient/Tile_01.prefab
  artifactKey: Guid(930d73418dc46c04d8f0f9787ba6ed62) Importer(2089858483,3d70f49cd1c2eb9ae422958d1c652c6b)
Start importing Assets/IslandEscape/TropicalEnvironment/Prefabs/Ancient/Tile_01.prefab using Guid(930d73418dc46c04d8f0f9787ba6ed62) Importer(2089858483,3d70f49cd1c2eb9ae422958d1c652c6b) (ScriptedImporter)[PhysX] Initialized MultithreadedTaskDispatcher with 6 workers.
 -> (artifact id: 'e1080f7923e446a6f042cba31b341530') in 0.0253713 seconds
Number of updated asset objects reloaded before import = 0Number of asset objects unloaded after import = 17

========================================================================
Received Import Request.
  Time since last request: 0.000068 seconds.
  path: Assets/IslandEscape/TropicalEnvironment/Prefabs/Props/WoodStairs_03.prefab
  artifactKey: Guid(c6aed21a2bf5eae438b348a2d1f08249) Importer(2089858483,3d70f49cd1c2eb9ae422958d1c652c6b)
Start importing Assets/IslandEscape/TropicalEnvironment/Prefabs/Props/WoodStairs_03.prefab using Guid(c6aed21a2bf5eae438b348a2d1f08249) Importer(2089858483,3d70f49cd1c2eb9ae422958d1c652c6b) (ScriptedImporter)[PhysX] Initialized MultithreadedTaskDispatcher with 6 workers.
 -> (artifact id: '0f0b793baf5201ca6b816332232d8fa2') in 0.068448 seconds
Number of updated asset objects reloaded before import = 0Number of asset objects unloaded after import = 17

========================================================================
Received Import Request.
  Time since last request: 0.000048 seconds.
  path: Assets/Motion Cast#06 - Vol.1/Kung-Fu animations/6-Elbow offensive-Take3.fbx
  artifactKey: Guid(565437538cc0a8f499020ebb5c3b5ad3) Importer(2089858483,192608db42251d675da83286b1cce702)
Start importing Assets/Motion Cast#06 - Vol.1/Kung-Fu animations/6-Elbow offensive-Take3.fbx using Guid(565437538cc0a8f499020ebb5c3b5ad3) Importer(2089858483,192608db42251d675da83286b1cce702) (ScriptedImporter)[PhysX] Initialized MultithreadedTaskDispatcher with 6 workers.
 -> (artifact id: '39bcb7fb3fba33867ff0431c177b0b77') in 0.3351981 seconds
Number of updated asset objects reloaded before import = 0Number of asset objects unloaded after import = 120

========================================================================
Received Import Request.
  Time since last request: 0.000032 seconds.
  path: Assets/Motion Cast#06 - Vol.1/Kung-Fu animations/34-Leopard air kick-Take3.fbx
  artifactKey: Guid(7bf4f7d7514e0fe48bd1438776c1c40b) Importer(2089858483,192608db42251d675da83286b1cce702)
Start importing Assets/Motion Cast#06 - Vol.1/Kung-Fu animations/34-Leopard air kick-Take3.fbx using Guid(7bf4f7d7514e0fe48bd1438776c1c40b) Importer(2089858483,192608db42251d675da83286b1cce702) (ScriptedImporter)[PhysX] Initialized MultithreadedTaskDispatcher with 6 workers.
 -> (artifact id: '036cbedd3ea2c03b5d7bb6a4247e7184') in 0.103014 seconds
Number of updated asset objects reloaded before import = 0Number of asset objects unloaded after import = 120

========================================================================
Received Import Request.
  Time since last request: 0.000041 seconds.
  path: Assets/IslandEscape/TropicalEnvironment/Prefabs/Props/Bottle_02.prefab
  artifactKey: Guid(2045eb1b1f00b594199324bc1a335852) Importer(2089858483,3d70f49cd1c2eb9ae422958d1c652c6b)
Start importing Assets/IslandEscape/TropicalEnvironment/Prefabs/Props/Bottle_02.prefab using Guid(2045eb1b1f00b594199324bc1a335852) Importer(2089858483,3d70f49cd1c2eb9ae422958d1c652c6b) (ScriptedImporter)[PhysX] Initialized MultithreadedTaskDispatcher with 6 workers.
 -> (artifact id: 'aee94e7d105ad12b2e60c90456a192e8') in 0.0968877 seconds
Number of updated asset objects reloaded before import = 0Number of asset objects unloaded after import = 17

========================================================================
Received Import Request.
  Time since last request: 0.000041 seconds.
  path: Assets/IslandEscape/TropicalEnvironment/Prefabs/Props/Door_02.prefab
  artifactKey: Guid(a0d95a8006776674cb0451b2e03d8627) Importer(2089858483,3d70f49cd1c2eb9ae422958d1c652c6b)
Start importing Assets/IslandEscape/TropicalEnvironment/Prefabs/Props/Door_02.prefab using Guid(a0d95a8006776674cb0451b2e03d8627) Importer(2089858483,3d70f49cd1c2eb9ae422958d1c652c6b) (ScriptedImporter)[PhysX] Initialized MultithreadedTaskDispatcher with 6 workers.
 -> (artifact id: '6e656265830edaba96561f888658ab69') in 0.0373935 seconds
Number of updated asset objects reloaded before import = 0Number of asset objects unloaded after import = 17

========================================================================
Received Import Request.
  Time since last request: 0.000023 seconds.
  path: Assets/Motion Cast#06 - Vol.1/Kung-Fu animations/6-Elbow offensive-Take2.fbx
  artifactKey: Guid(df20460b810a3444fbfc27240c407aeb) Importer(2089858483,192608db42251d675da83286b1cce702)
Start importing Assets/Motion Cast#06 - Vol.1/Kung-Fu animations/6-Elbow offensive-Take2.fbx using Guid(df20460b810a3444fbfc27240c407aeb) Importer(2089858483,192608db42251d675da83286b1cce702) (ScriptedImporter)[PhysX] Initialized MultithreadedTaskDispatcher with 6 workers.
 -> (artifact id: '2eb608bd2c21022fb658f984a96957d3') in 0.115469 seconds
Number of updated asset objects reloaded before import = 0Number of asset objects unloaded after import = 120

========================================================================
Received Import Request.
  Time since last request: 0.000069 seconds.
  path: Assets/Motion Cast#06 - Vol.1/No root animations/10-Flash sword-Take2-no root.fbx
  artifactKey: Guid(5bcd0015537769648b55fbbc83f335b7) Importer(2089858483,192608db42251d675da83286b1cce702)
Start importing Assets/Motion Cast#06 - Vol.1/No root animations/10-Flash sword-Take2-no root.fbx using Guid(5bcd0015537769648b55fbbc83f335b7) Importer(2089858483,192608db42251d675da83286b1cce702) (ScriptedImporter)[PhysX] Initialized MultithreadedTaskDispatcher with 6 workers.
 -> (artifact id: 'e00c14c6acf00bf7c98553c8cebc5eae') in 0.1930184 seconds
Number of updated asset objects reloaded before import = 0Number of asset objects unloaded after import = 120

========================================================================
Received Import Request.
  Time since last request: 0.000029 seconds.
  path: Assets/IslandEscape/TropicalEnvironment/Prefabs/Rocks/Rock_07.prefab
  artifactKey: Guid(efd14007eac31d14d986bcacb5f4520f) Importer(2089858483,3d70f49cd1c2eb9ae422958d1c652c6b)
Start importing Assets/IslandEscape/TropicalEnvironment/Prefabs/Rocks/Rock_07.prefab using Guid(efd14007eac31d14d986bcacb5f4520f) Importer(2089858483,3d70f49cd1c2eb9ae422958d1c652c6b) (ScriptedImporter)[PhysX] Initialized MultithreadedTaskDispatcher with 6 workers.
 -> (artifact id: '31f6c8ecc79e4a555fe2ba0c5cfd7349') in 0.0499793 seconds
Number of updated asset objects reloaded before import = 0Number of asset objects unloaded after import = 16

========================================================================
Received Import Request.
  Time since last request: 0.002037 seconds.
  path: Assets/Motion Cast#06 - Vol.1/Kung-Fu animations/24-Leopard Dive-Take2.fbx
  artifactKey: Guid(4a31e43810ff66f4eb83946511838551) Importer(2089858483,192608db42251d675da83286b1cce702)
Start importing Assets/Motion Cast#06 - Vol.1/Kung-Fu animations/24-Leopard Dive-Take2.fbx using Guid(4a31e43810ff66f4eb83946511838551) Importer(2089858483,192608db42251d675da83286b1cce702) (ScriptedImporter)[PhysX] Initialized MultithreadedTaskDispatcher with 6 workers.
 -> (artifact id: '304d5143e5d964a9d0b64bd97c006154') in 0.0865189 seconds
Number of updated asset objects reloaded before import = 0Number of asset objects unloaded after import = 120

========================================================================
Received Import Request.
  Time since last request: 0.000024 seconds.
  path: Assets/IslandEscape/TropicalEnvironment/Prefabs/Props/Hammock_01.prefab
  artifactKey: Guid(1ae2b60cb01de3a4894ce534b2ed5014) Importer(2089858483,3d70f49cd1c2eb9ae422958d1c652c6b)
Start importing Assets/IslandEscape/TropicalEnvironment/Prefabs/Props/Hammock_01.prefab using Guid(1ae2b60cb01de3a4894ce534b2ed5014) Importer(2089858483,3d70f49cd1c2eb9ae422958d1c652c6b) (ScriptedImporter)[PhysX] Initialized MultithreadedTaskDispatcher with 6 workers.
 -> (artifact id: '88bfcf9d225aa09902711d8057fa5a52') in 0.0622607 seconds
Number of updated asset objects reloaded before import = 0Number of asset objects unloaded after import = 17

========================================================================
Received Import Request.
  Time since last request: 0.000042 seconds.
  path: Assets/Motion Cast#06 - Vol.1/No root animations/10-Flash sword-Take1-no root.fbx
  artifactKey: Guid(77950507b40699542a77c1492bf48ebd) Importer(2089858483,192608db42251d675da83286b1cce702)
Start importing Assets/Motion Cast#06 - Vol.1/No root animations/10-Flash sword-Take1-no root.fbx using Guid(77950507b40699542a77c1492bf48ebd) Importer(2089858483,192608db42251d675da83286b1cce702) (ScriptedImporter)[PhysX] Initialized MultithreadedTaskDispatcher with 6 workers.
 -> (artifact id: '29439f8c298908e9a4ab44faec092c67') in 0.1236015 seconds
Number of updated asset objects reloaded before import = 0Number of asset objects unloaded after import = 120

========================================================================
Received Import Request.
  Time since last request: 0.000042 seconds.
  path: Assets/IslandEscape/TropicalEnvironment/Prefabs/Props/Fish_01.prefab
  artifactKey: Guid(c56641ac4b57d3e44afce77bbaba32f1) Importer(2089858483,3d70f49cd1c2eb9ae422958d1c652c6b)
Start importing Assets/IslandEscape/TropicalEnvironment/Prefabs/Props/Fish_01.prefab using Guid(c56641ac4b57d3e44afce77bbaba32f1) Importer(2089858483,3d70f49cd1c2eb9ae422958d1c652c6b) (ScriptedImporter)[PhysX] Initialized MultithreadedTaskDispatcher with 6 workers.
 -> (artifact id: 'af99a6b2cbcd9d2decb8665c3510f32b') in 0.044279 seconds
Number of updated asset objects reloaded before import = 0Number of asset objects unloaded after import = 17

========================================================================
Received Import Request.
  Time since last request: 0.000033 seconds.
  path: Assets/IslandEscape/TropicalEnvironment/Prefabs/Rocks/Cave_05.prefab
  artifactKey: Guid(55e74d7560d9eb14186c4524a1a5d76b) Importer(2089858483,3d70f49cd1c2eb9ae422958d1c652c6b)
Start importing Assets/IslandEscape/TropicalEnvironment/Prefabs/Rocks/Cave_05.prefab using Guid(55e74d7560d9eb14186c4524a1a5d76b) Importer(2089858483,3d70f49cd1c2eb9ae422958d1c652c6b) (ScriptedImporter)[PhysX] Initialized MultithreadedTaskDispatcher with 6 workers.
 -> (artifact id: '782303ef919068e18675c4bee20de9d6') in 0.0863184 seconds
Number of updated asset objects reloaded before import = 0Number of asset objects unloaded after import = 17

========================================================================
Received Import Request.
  Time since last request: 0.000044 seconds.
  path: Assets/Motion Cast#06 - Vol.1/No root animations/20-Leopard flip-Take1-no root.fbx
  artifactKey: Guid(5f8c5aabe022fa14198c48697547e67f) Importer(2089858483,192608db42251d675da83286b1cce702)
Start importing Assets/Motion Cast#06 - Vol.1/No root animations/20-Leopard flip-Take1-no root.fbx using Guid(5f8c5aabe022fa14198c48697547e67f) Importer(2089858483,192608db42251d675da83286b1cce702) (ScriptedImporter)[PhysX] Initialized MultithreadedTaskDispatcher with 6 workers.
 -> (artifact id: '8945574d37fcbf7bced65f1cee1bf1bb') in 0.0980495 seconds
Number of updated asset objects reloaded before import = 0Number of asset objects unloaded after import = 120

========================================================================
Received Import Request.
  Time since last request: 0.000045 seconds.
  path: Assets/Motion Cast#06 - Vol.1/Kung-Fu animations/30-Against deluge-Take1.fbx
  artifactKey: Guid(1e2c417d7267dff4c94fadad8c215cc9) Importer(2089858483,192608db42251d675da83286b1cce702)
Start importing Assets/Motion Cast#06 - Vol.1/Kung-Fu animations/30-Against deluge-Take1.fbx using Guid(1e2c417d7267dff4c94fadad8c215cc9) Importer(2089858483,192608db42251d675da83286b1cce702) (ScriptedImporter)[PhysX] Initialized MultithreadedTaskDispatcher with 6 workers.
 -> (artifact id: '7c18bf9b09d23c6725375370ba6795c8') in 0.0841694 seconds
Number of updated asset objects reloaded before import = 0Number of asset objects unloaded after import = 120

========================================================================
Received Import Request.
  Time since last request: 0.000023 seconds.
  path: Assets/Motion Cast#06 - Vol.1/Kung-Fu animations/43-Fatal palm of rainy leopard-Take2.fbx
  artifactKey: Guid(d5b107f95f9306240a4b65a829eaf8a7) Importer(2089858483,192608db42251d675da83286b1cce702)
Start importing Assets/Motion Cast#06 - Vol.1/Kung-Fu animations/43-Fatal palm of rainy leopard-Take2.fbx using Guid(d5b107f95f9306240a4b65a829eaf8a7) Importer(2089858483,192608db42251d675da83286b1cce702) (ScriptedImporter)[PhysX] Initialized MultithreadedTaskDispatcher with 6 workers.
 -> (artifact id: '23fc7e5f324f668d75dd2e8555090bc9') in 0.0669671 seconds
Number of updated asset objects reloaded before import = 0Number of asset objects unloaded after import = 120

========================================================================
Received Import Request.
  Time since last request: 0.000031 seconds.
  path: Assets/Motion Cast#06 - Vol.1/Kung-Fu animations/25-Rainy Side Kick-Take2.fbx
  artifactKey: Guid(f1e1ede5dd4d8e24e825c2994e174443) Importer(2089858483,192608db42251d675da83286b1cce702)
Start importing Assets/Motion Cast#06 - Vol.1/Kung-Fu animations/25-Rainy Side Kick-Take2.fbx using Guid(f1e1ede5dd4d8e24e825c2994e174443) Importer(2089858483,192608db42251d675da83286b1cce702) (ScriptedImporter)[PhysX] Initialized MultithreadedTaskDispatcher with 6 workers.
 -> (artifact id: 'ad0d9644fd55ae3f5eeacfa5a57ebe73') in 0.0980584 seconds
Number of updated asset objects reloaded before import = 0Number of asset objects unloaded after import = 120

========================================================================
Received Import Request.
  Time since last request: 0.000051 seconds.
  path: Assets/IslandEscape/TropicalEnvironment/Prefabs/Props/Roof_02.prefab
  artifactKey: Guid(4c13d5b94122deb4dbb22203155f5621) Importer(2089858483,3d70f49cd1c2eb9ae422958d1c652c6b)
Start importing Assets/IslandEscape/TropicalEnvironment/Prefabs/Props/Roof_02.prefab using Guid(4c13d5b94122deb4dbb22203155f5621) Importer(2089858483,3d70f49cd1c2eb9ae422958d1c652c6b) (ScriptedImporter)[PhysX] Initialized MultithreadedTaskDispatcher with 6 workers.
 -> (artifact id: 'aecf06dde39693ea4ad12685cb52e9e7') in 0.043794 seconds
Number of updated asset objects reloaded before import = 0Number of asset objects unloaded after import = 22

========================================================================
Received Import Request.
  Time since last request: 0.000034 seconds.
  path: Assets/Motion Cast#06 - Vol.1/No root animations/24-Leopard Dive-Take4-no root.fbx
  artifactKey: Guid(1f36e7c5d349f8b46a2b8f44a104b242) Importer(2089858483,192608db42251d675da83286b1cce702)
Start importing Assets/Motion Cast#06 - Vol.1/No root animations/24-Leopard Dive-Take4-no root.fbx using Guid(1f36e7c5d349f8b46a2b8f44a104b242) Importer(2089858483,192608db42251d675da83286b1cce702) (ScriptedImporter)[PhysX] Initialized MultithreadedTaskDispatcher with 6 workers.
 -> (artifact id: '19bb29882926e05fba641382a541b23a') in 0.1683176 seconds
Number of updated asset objects reloaded before import = 0Number of asset objects unloaded after import = 120

========================================================================
Received Import Request.
  Time since last request: 0.000659 seconds.
  path: Assets/Motion Cast#06 - Vol.1/No root animations/26-Rainy tornado kick-Take2-no root.fbx
  artifactKey: Guid(101fda37144cba64f8149863ca7744aa) Importer(2089858483,192608db42251d675da83286b1cce702)
Start importing Assets/Motion Cast#06 - Vol.1/No root animations/26-Rainy tornado kick-Take2-no root.fbx using Guid(101fda37144cba64f8149863ca7744aa) Importer(2089858483,192608db42251d675da83286b1cce702) (ScriptedImporter)[PhysX] Initialized MultithreadedTaskDispatcher with 6 workers.
 -> (artifact id: 'a1846910dfdecf08842b034f3b5226a5') in 0.1265564 seconds
Number of updated asset objects reloaded before import = 0Number of asset objects unloaded after import = 120

========================================================================
Received Import Request.
  Time since last request: 0.000021 seconds.
  path: Assets/IslandEscape/TropicalEnvironment/Prefabs/Rocks/Rock_06.prefab
  artifactKey: Guid(e85732406297bdc4ca7722d04d10c14b) Importer(2089858483,3d70f49cd1c2eb9ae422958d1c652c6b)
Start importing Assets/IslandEscape/TropicalEnvironment/Prefabs/Rocks/Rock_06.prefab using Guid(e85732406297bdc4ca7722d04d10c14b) Importer(2089858483,3d70f49cd1c2eb9ae422958d1c652c6b) (ScriptedImporter)[PhysX] Initialized MultithreadedTaskDispatcher with 6 workers.
 -> (artifact id: '3c4d51f7346c6721616aa513d9c2fd08') in 0.0236251 seconds
Number of updated asset objects reloaded before import = 0Number of asset objects unloaded after import = 16

========================================================================
Received Import Request.
  Time since last request: 0.000034 seconds.
  path: Assets/IslandEscape/TropicalEnvironment/Prefabs/Rocks/Rock_15.prefab
  artifactKey: Guid(f6e0b56a8e1505b468eba155e64f646a) Importer(2089858483,3d70f49cd1c2eb9ae422958d1c652c6b)
Start importing Assets/IslandEscape/TropicalEnvironment/Prefabs/Rocks/Rock_15.prefab using Guid(f6e0b56a8e1505b468eba155e64f646a) Importer(2089858483,3d70f49cd1c2eb9ae422958d1c652c6b) (ScriptedImporter)[PhysX] Initialized MultithreadedTaskDispatcher with 6 workers.
 -> (artifact id: '85689bd617dc935ce36f25e444faaba8') in 0.0851018 seconds
Number of updated asset objects reloaded before import = 0Number of asset objects unloaded after import = 16

========================================================================
Received Import Request.
  Time since last request: 0.000024 seconds.
  path: Assets/Motion Cast#06 - Vol.1/No root animations/3-Elbow fracture-Take1-no root.fbx
  artifactKey: Guid(11e6eeffdcca8ac4695bb1b948e37cd3) Importer(2089858483,192608db42251d675da83286b1cce702)
Start importing Assets/Motion Cast#06 - Vol.1/No root animations/3-Elbow fracture-Take1-no root.fbx using Guid(11e6eeffdcca8ac4695bb1b948e37cd3) Importer(2089858483,192608db42251d675da83286b1cce702) (ScriptedImporter)[PhysX] Initialized MultithreadedTaskDispatcher with 6 workers.
 -> (artifact id: '6c74d6e8b29a43df98451fff15be7f3e') in 0.1188928 seconds
Number of updated asset objects reloaded before import = 0Number of asset objects unloaded after import = 120

========================================================================
Received Import Request.
  Time since last request: 0.000060 seconds.
  path: Assets/TutorialInfo/Layout.wlt
  artifactKey: Guid(eabc9546105bf4accac1fd62a63e88e6) Importer(2089858483,192608db42251d675da83286b1cce702)
Start importing Assets/TutorialInfo/Layout.wlt using Guid(eabc9546105bf4accac1fd62a63e88e6) Importer(2089858483,192608db42251d675da83286b1cce702) (ScriptedImporter)[PhysX] Initialized MultithreadedTaskDispatcher with 6 workers.
 -> (artifact id: '49618d0c7fa35038baa025587ee87a72') in 0.0228411 seconds
Number of updated asset objects reloaded before import = 0Number of asset objects unloaded after import = 1

========================================================================
Received Import Request.
  Time since last request: 0.000058 seconds.
  path: Assets/IslandEscape/TropicalEnvironment/Prefabs/Props/Bottle_12.prefab
  artifactKey: Guid(fde4ddeaad91fce4292c15ef8a92b610) Importer(2089858483,3d70f49cd1c2eb9ae422958d1c652c6b)
Start importing Assets/IslandEscape/TropicalEnvironment/Prefabs/Props/Bottle_12.prefab using Guid(fde4ddeaad91fce4292c15ef8a92b610) Importer(2089858483,3d70f49cd1c2eb9ae422958d1c652c6b) (ScriptedImporter)[PhysX] Initialized MultithreadedTaskDispatcher with 6 workers.
 -> (artifact id: '06cd96ba59d45c0ffd88bd5f6a464226') in 0.0423317 seconds
Number of updated asset objects reloaded before import = 0Number of asset objects unloaded after import = 17

========================================================================
Received Import Request.
  Time since last request: 0.000027 seconds.
  path: Assets/IslandEscape/TropicalEnvironment/Prefabs/Rocks/Cave_09.prefab
  artifactKey: Guid(84954b933589a8246b7823ec4e9c3c88) Importer(2089858483,3d70f49cd1c2eb9ae422958d1c652c6b)
Start importing Assets/IslandEscape/TropicalEnvironment/Prefabs/Rocks/Cave_09.prefab using Guid(84954b933589a8246b7823ec4e9c3c88) Importer(2089858483,3d70f49cd1c2eb9ae422958d1c652c6b) (ScriptedImporter)[PhysX] Initialized MultithreadedTaskDispatcher with 6 workers.
 -> (artifact id: '76759ee9ffdcda56af6126077c1e6713') in 0.0307649 seconds
Number of updated asset objects reloaded before import = 0Number of asset objects unloaded after import = 17

========================================================================
Received Import Request.
  Time since last request: 0.000052 seconds.
  path: Assets/IslandEscape/TropicalEnvironment/Prefabs/Ancient/Crystal_05.prefab
  artifactKey: Guid(a29e453ffe3a4f944a58688ee12784c0) Importer(2089858483,3d70f49cd1c2eb9ae422958d1c652c6b)
Start importing Assets/IslandEscape/TropicalEnvironment/Prefabs/Ancient/Crystal_05.prefab using Guid(a29e453ffe3a4f944a58688ee12784c0) Importer(2089858483,3d70f49cd1c2eb9ae422958d1c652c6b) (ScriptedImporter)[PhysX] Initialized MultithreadedTaskDispatcher with 6 workers.
 -> (artifact id: 'c88e4176fd54b7b984f532356b27a272') in 0.0337552 seconds
Number of updated asset objects reloaded before import = 0Number of asset objects unloaded after import = 17

========================================================================
Received Import Request.
  Time since last request: 0.000027 seconds.
  path: Assets/Motion Cast#06 - Vol.1/No root animations/31-Leopard smash kick-Take3-no root.fbx
  artifactKey: Guid(32105a3f6b8ae6a4589793013a9d79f6) Importer(2089858483,192608db42251d675da83286b1cce702)
Start importing Assets/Motion Cast#06 - Vol.1/No root animations/31-Leopard smash kick-Take3-no root.fbx using Guid(32105a3f6b8ae6a4589793013a9d79f6) Importer(2089858483,192608db42251d675da83286b1cce702) (ScriptedImporter)[PhysX] Initialized MultithreadedTaskDispatcher with 6 workers.
 -> (artifact id: '4ba044f1f26c3c603b878c81ebf3d32a') in 0.1128465 seconds
Number of updated asset objects reloaded before import = 0Number of asset objects unloaded after import = 120

========================================================================
Received Import Request.
  Time since last request: 0.000027 seconds.
  path: Assets/IslandEscape/TropicalEnvironment/Scenes/Settings/TropicalEnvironment_Overview/LightingData.asset
  artifactKey: Guid(fcba0fca13d714443a532797c3806420) Importer(2089858483,3d70f49cd1c2eb9ae422958d1c652c6b)
Start importing Assets/IslandEscape/TropicalEnvironment/Scenes/Settings/TropicalEnvironment_Overview/LightingData.asset using Guid(fcba0fca13d714443a532797c3806420) Importer(2089858483,3d70f49cd1c2eb9ae422958d1c652c6b) (ScriptedImporter)[PhysX] Initialized MultithreadedTaskDispatcher with 6 workers.
 -> (artifact id: 'da7c8417df6b8dbc8c71331e24be1e2d') in 0.0365197 seconds
Number of updated asset objects reloaded before import = 0Number of asset objects unloaded after import = 1

========================================================================
Received Import Request.
  Time since last request: 0.000260 seconds.
  path: Assets/Motion Cast#06 - Vol.1/No root animations/30-Against deluge-Take2-no root.fbx
  artifactKey: Guid(992910c3a60f79b4f9fefeb664116e97) Importer(2089858483,192608db42251d675da83286b1cce702)
Start importing Assets/Motion Cast#06 - Vol.1/No root animations/30-Against deluge-Take2-no root.fbx using Guid(992910c3a60f79b4f9fefeb664116e97) Importer(2089858483,192608db42251d675da83286b1cce702) (ScriptedImporter)[PhysX] Initialized MultithreadedTaskDispatcher with 6 workers.
 -> (artifact id: 'fd3549e272c75194b1656ab26e71582b') in 0.1528678 seconds
Number of updated asset objects reloaded before import = 0Number of asset objects unloaded after import = 120

========================================================================
Received Import Request.
  Time since last request: 0.000024 seconds.
  path: Assets/Motion Cast#06 - Vol.1/No root animations/27-Storm kick-Take2-no root.fbx
  artifactKey: Guid(4d5bacaee4dd07447b8c623c07529d0f) Importer(2089858483,192608db42251d675da83286b1cce702)
Start importing Assets/Motion Cast#06 - Vol.1/No root animations/27-Storm kick-Take2-no root.fbx using Guid(4d5bacaee4dd07447b8c623c07529d0f) Importer(2089858483,192608db42251d675da83286b1cce702) (ScriptedImporter)[PhysX] Initialized MultithreadedTaskDispatcher with 6 workers.
 -> (artifact id: '911ecdf6ade2a356356d3106a2680015') in 0.1612108 seconds
Number of updated asset objects reloaded before import = 0Number of asset objects unloaded after import = 120

========================================================================
Received Import Request.
  Time since last request: 0.000034 seconds.
  path: Assets/Motion Cast#06 - Vol.1/No root animations/37-Leopard delta rainy kick-Take3-no root.fbx
  artifactKey: Guid(c99cf21965dccd74b8c28500f2f5f9ea) Importer(2089858483,192608db42251d675da83286b1cce702)
Start importing Assets/Motion Cast#06 - Vol.1/No root animations/37-Leopard delta rainy kick-Take3-no root.fbx using Guid(c99cf21965dccd74b8c28500f2f5f9ea) Importer(2089858483,192608db42251d675da83286b1cce702) (ScriptedImporter)[PhysX] Initialized MultithreadedTaskDispatcher with 6 workers.
 -> (artifact id: '0e1ca0e48e1b3c268ce6a2161e385332') in 0.108517 seconds
Number of updated asset objects reloaded before import = 0Number of asset objects unloaded after import = 120

========================================================================
Received Import Request.
  Time since last request: 0.000021 seconds.
  path: Assets/Motion Cast#06 - Vol.1/No root animations/32-Brutal leopard-Take3-no root.fbx
  artifactKey: Guid(06c345b08967ae34aa6b261c17eadad2) Importer(2089858483,192608db42251d675da83286b1cce702)
Start importing Assets/Motion Cast#06 - Vol.1/No root animations/32-Brutal leopard-Take3-no root.fbx using Guid(06c345b08967ae34aa6b261c17eadad2) Importer(2089858483,192608db42251d675da83286b1cce702) (ScriptedImporter)[PhysX] Initialized MultithreadedTaskDispatcher with 6 workers.
 -> (artifact id: '7e85a85339d50aed460f024d86b2c315') in 0.0637253 seconds
Number of updated asset objects reloaded before import = 0Number of asset objects unloaded after import = 120

========================================================================
Received Import Request.
  Time since last request: 0.000026 seconds.
  path: Assets/IslandEscape/TropicalEnvironment/Prefabs/Rocks/Rock_13.prefab
  artifactKey: Guid(6244ae4bc47034c4c98c218b294f4b6e) Importer(2089858483,3d70f49cd1c2eb9ae422958d1c652c6b)
Start importing Assets/IslandEscape/TropicalEnvironment/Prefabs/Rocks/Rock_13.prefab using Guid(6244ae4bc47034c4c98c218b294f4b6e) Importer(2089858483,3d70f49cd1c2eb9ae422958d1c652c6b) (ScriptedImporter)[PhysX] Initialized MultithreadedTaskDispatcher with 6 workers.
 -> (artifact id: '192f5939d826e59368f46dbc98378008') in 0.0892275 seconds
Number of updated asset objects reloaded before import = 0Number of asset objects unloaded after import = 16

========================================================================
Received Import Request.
  Time since last request: 0.000043 seconds.
  path: Assets/IslandEscape/TropicalEnvironment/Prefabs/Ancient/Crystal_03.prefab
  artifactKey: Guid(6f76ed61fd10d614d955ad55dc550b25) Importer(2089858483,3d70f49cd1c2eb9ae422958d1c652c6b)
Start importing Assets/IslandEscape/TropicalEnvironment/Prefabs/Ancient/Crystal_03.prefab using Guid(6f76ed61fd10d614d955ad55dc550b25) Importer(2089858483,3d70f49cd1c2eb9ae422958d1c652c6b) (ScriptedImporter)[PhysX] Initialized MultithreadedTaskDispatcher with 6 workers.
 -> (artifact id: 'd18ca8794abadb0a14d5ef10e6900d72') in 0.0376781 seconds
Number of updated asset objects reloaded before import = 0Number of asset objects unloaded after import = 17

========================================================================
Received Import Request.
  Time since last request: 0.000039 seconds.
  path: Assets/Motion Cast#06 - Vol.1/No root animations/7-Massive uppercut charge-Take3-no root.fbx
  artifactKey: Guid(63eed747a9893a445a17fbfcac77a5b7) Importer(2089858483,192608db42251d675da83286b1cce702)
Start importing Assets/Motion Cast#06 - Vol.1/No root animations/7-Massive uppercut charge-Take3-no root.fbx using Guid(63eed747a9893a445a17fbfcac77a5b7) Importer(2089858483,192608db42251d675da83286b1cce702) (ScriptedImporter)[PhysX] Initialized MultithreadedTaskDispatcher with 6 workers.
 -> (artifact id: '1622f3d47565097e653c559930df1784') in 0.090869 seconds
Number of updated asset objects reloaded before import = 0Number of asset objects unloaded after import = 120

========================================================================
Received Import Request.
  Time since last request: 0.000032 seconds.
  path: Assets/Motion Cast#06 - Vol.1/No root animations/5-Twist fist-Take2-no root.fbx
  artifactKey: Guid(c874e71c3bd617642a16649bc277f67b) Importer(2089858483,192608db42251d675da83286b1cce702)
Start importing Assets/Motion Cast#06 - Vol.1/No root animations/5-Twist fist-Take2-no root.fbx using Guid(c874e71c3bd617642a16649bc277f67b) Importer(2089858483,192608db42251d675da83286b1cce702) (ScriptedImporter)[PhysX] Initialized MultithreadedTaskDispatcher with 6 workers.
 -> (artifact id: '202257f900ad5ee727866bc45bc9631f') in 0.0884762 seconds
Number of updated asset objects reloaded before import = 0Number of asset objects unloaded after import = 120

========================================================================
Received Import Request.
  Time since last request: 0.000042 seconds.
  path: Assets/Motion Cast#06 - Vol.1/No root animations/43-Fatal palm of rainy leopard-Take2-no root.fbx
  artifactKey: Guid(45f0aa62be795084b96036f343e723bb) Importer(2089858483,192608db42251d675da83286b1cce702)
Start importing Assets/Motion Cast#06 - Vol.1/No root animations/43-Fatal palm of rainy leopard-Take2-no root.fbx using Guid(45f0aa62be795084b96036f343e723bb) Importer(2089858483,192608db42251d675da83286b1cce702) (ScriptedImporter)[PhysX] Initialized MultithreadedTaskDispatcher with 6 workers.
 -> (artifact id: '6b5db665fd1ed61661dfac4259720623') in 0.1120223 seconds
Number of updated asset objects reloaded before import = 0Number of asset objects unloaded after import = 120

========================================================================
Received Import Request.
  Time since last request: 0.000021 seconds.
  path: Assets/Motion Cast#06 - Vol.1/No root animations/35-Leopard double air kick-no root.fbx
  artifactKey: Guid(1560b8af16c3f3244886b0dad589c5a3) Importer(2089858483,192608db42251d675da83286b1cce702)
Start importing Assets/Motion Cast#06 - Vol.1/No root animations/35-Leopard double air kick-no root.fbx using Guid(1560b8af16c3f3244886b0dad589c5a3) Importer(2089858483,192608db42251d675da83286b1cce702) (ScriptedImporter)[PhysX] Initialized MultithreadedTaskDispatcher with 6 workers.
 -> (artifact id: '4a45b36611e53b437c1987cac1041c4e') in 0.080493 seconds
Number of updated asset objects reloaded before import = 0Number of asset objects unloaded after import = 120

========================================================================
Received Import Request.
  Time since last request: 0.000021 seconds.
  path: Assets/ALP_Assets/Realistic Terrain Textures Lite/Materials/Terrain_Standart.mat
  artifactKey: Guid(5fc7743a543b33d4fa6aa6beb8a14742) Importer(2089858483,192608db42251d675da83286b1cce702)
Start importing Assets/ALP_Assets/Realistic Terrain Textures Lite/Materials/Terrain_Standart.mat using Guid(5fc7743a543b33d4fa6aa6beb8a14742) Importer(2089858483,192608db42251d675da83286b1cce702) (ScriptedImporter)[PhysX] Initialized MultithreadedTaskDispatcher with 6 workers.
 -> (artifact id: '3436f927c4c814a320acc780e03a9fe1') in 0.1811995 seconds
Number of updated asset objects reloaded before import = 0Number of asset objects unloaded after import = 1

========================================================================
Received Import Request.
  Time since last request: 0.000237 seconds.
  path: Assets/ALP_Assets/Realistic Terrain Textures Lite/Materials/Ground002.mat
  artifactKey: Guid(a82f5a57d2ed4124b8d7d5c2ef5cd6f0) Importer(2089858483,192608db42251d675da83286b1cce702)
Start importing Assets/ALP_Assets/Realistic Terrain Textures Lite/Materials/Ground002.mat using Guid(a82f5a57d2ed4124b8d7d5c2ef5cd6f0) Importer(2089858483,192608db42251d675da83286b1cce702) (ScriptedImporter)[PhysX] Initialized MultithreadedTaskDispatcher with 6 workers.
 -> (artifact id: '0a859c6029b149bcfb738d179b8771d1') in 0.3850959 seconds
Number of updated asset objects reloaded before import = 0Number of asset objects unloaded after import = 6

========================================================================
Received Import Request.
  Time since last request: 0.000052 seconds.
  path: Assets/ALP_Assets/Realistic Terrain Textures Lite/Textures/Ground001_S.png
  artifactKey: Guid(037788aba91c8c54195bda2d098c1506) Importer(2089858483,192608db42251d675da83286b1cce702)
Start importing Assets/ALP_Assets/Realistic Terrain Textures Lite/Textures/Ground001_S.png using Guid(037788aba91c8c54195bda2d098c1506) Importer(2089858483,192608db42251d675da83286b1cce702) (ScriptedImporter)[PhysX] Initialized MultithreadedTaskDispatcher with 6 workers.
 -> (artifact id: 'cc3d5613e73e666390afc4db9b25a2de') in 0.1308848 seconds
Number of updated asset objects reloaded before import = 0Number of asset objects unloaded after import = 1

========================================================================
Received Import Request.
  Time since last request: 0.000045 seconds.
  path: Assets/Motion Cast#06 - Vol.1/T pose mannequin/0-T pose.fbx
  artifactKey: Guid(7f73bc47cde031b40a19cb460983cbb6) Importer(2089858483,192608db42251d675da83286b1cce702)
Start importing Assets/Motion Cast#06 - Vol.1/T pose mannequin/0-T pose.fbx using Guid(7f73bc47cde031b40a19cb460983cbb6) Importer(2089858483,192608db42251d675da83286b1cce702) (ScriptedImporter)[PhysX] Initialized MultithreadedTaskDispatcher with 6 workers.
 -> (artifact id: '212caeb20f81658df74531be0356db3e') in 0.0767973 seconds
Number of updated asset objects reloaded before import = 0Number of asset objects unloaded after import = 119

========================================================================
Received Import Request.
  Time since last request: 0.000026 seconds.
  path: Assets/Motion Cast#06 - Vol.1/Kung-Fu animations/30-Against deluge-Take5.fbx
  artifactKey: Guid(3e932ad21834203419743f628b93f027) Importer(2089858483,192608db42251d675da83286b1cce702)
Start importing Assets/Motion Cast#06 - Vol.1/Kung-Fu animations/30-Against deluge-Take5.fbx using Guid(3e932ad21834203419743f628b93f027) Importer(2089858483,192608db42251d675da83286b1cce702) (ScriptedImporter)[PhysX] Initialized MultithreadedTaskDispatcher with 6 workers.
 -> (artifact id: '936a8ebe90e33de6e37d91c51e958200') in 0.1028743 seconds
Number of updated asset objects reloaded before import = 0Number of asset objects unloaded after import = 120

========================================================================
Received Import Request.
  Time since last request: 0.000025 seconds.
  path: Assets/Asteroids Pack/Assets/Meshes/asteroid2_LOD0.fbx
  artifactKey: Guid(e259e812818c9074dbe1011ab1789aae) Importer(2089858483,192608db42251d675da83286b1cce702)
Start importing Assets/Asteroids Pack/Assets/Meshes/asteroid2_LOD0.fbx using Guid(e259e812818c9074dbe1011ab1789aae) Importer(2089858483,192608db42251d675da83286b1cce702) (ScriptedImporter)[PhysX] Initialized MultithreadedTaskDispatcher with 6 workers.
 -> (artifact id: 'c312ab9536e606ac6c839eef964e802e') in 0.0917186 seconds
Number of updated asset objects reloaded before import = 0Number of asset objects unloaded after import = 7

========================================================================
Received Import Request.
  Time since last request: 0.000094 seconds.
  path: Assets/ALP_Assets/Realistic Terrain Textures Lite/Textures/GroundPatchCracked01_N.png
  artifactKey: Guid(830c224dd38c0684a9ceed239a35722a) Importer(2089858483,192608db42251d675da83286b1cce702)
Start importing Assets/ALP_Assets/Realistic Terrain Textures Lite/Textures/GroundPatchCracked01_N.png using Guid(830c224dd38c0684a9ceed239a35722a) Importer(2089858483,192608db42251d675da83286b1cce702) (ScriptedImporter)[PhysX] Initialized MultithreadedTaskDispatcher with 6 workers.
 -> (artifact id: 'fc8f2b2cb521fc6dcc24a534c6655c5f') in 0.0957784 seconds
Number of updated asset objects reloaded before import = 0Number of asset objects unloaded after import = 1

========================================================================
Received Import Request.
  Time since last request: 0.000025 seconds.
  path: Assets/IslandEscape/TropicalEnvironment/Prefabs/Vegetation/CoralReef_08.prefab
  artifactKey: Guid(9ba99c8ece7ea8642a101d3634208825) Importer(2089858483,3d70f49cd1c2eb9ae422958d1c652c6b)
Start importing Assets/IslandEscape/TropicalEnvironment/Prefabs/Vegetation/CoralReef_08.prefab using Guid(9ba99c8ece7ea8642a101d3634208825) Importer(2089858483,3d70f49cd1c2eb9ae422958d1c652c6b) (ScriptedImporter)[PhysX] Initialized MultithreadedTaskDispatcher with 6 workers.
 -> (artifact id: 'bdf535e9755f50cddd988590e9eceb65') in 0.0307927 seconds
Number of updated asset objects reloaded before import = 0Number of asset objects unloaded after import = 21

========================================================================
Received Import Request.
  Time since last request: 0.000037 seconds.
  path: Assets/Motion Cast#06 - Vol.1/No root animations/8-Double saber strike-Take3-no root.fbx
  artifactKey: Guid(6c8d910c429ae034091edc2dd7e886df) Importer(2089858483,192608db42251d675da83286b1cce702)
Start importing Assets/Motion Cast#06 - Vol.1/No root animations/8-Double saber strike-Take3-no root.fbx using Guid(6c8d910c429ae034091edc2dd7e886df) Importer(2089858483,192608db42251d675da83286b1cce702) (ScriptedImporter)[PhysX] Initialized MultithreadedTaskDispatcher with 6 workers.
 -> (artifact id: '045a3eaccf4fab3a05aa76d13f168c76') in 0.1829901 seconds
Number of updated asset objects reloaded before import = 0Number of asset objects unloaded after import = 120

========================================================================
Received Import Request.
  Time since last request: 0.000051 seconds.
  path: Assets/Asteroids Pack/Assets/Scripts/RandomRotator.cs
  artifactKey: Guid(a718c138b20419b499c3d92b17e6ff7a) Importer(2089858483,192608db42251d675da83286b1cce702)
Start importing Assets/Asteroids Pack/Assets/Scripts/RandomRotator.cs using Guid(a718c138b20419b499c3d92b17e6ff7a) Importer(2089858483,192608db42251d675da83286b1cce702) (ScriptedImporter)[PhysX] Initialized MultithreadedTaskDispatcher with 6 workers.
 -> (artifact id: '4e15efb528aa36a9837f9fa5ff725fc3') in 0.0304267 seconds
Number of updated asset objects reloaded before import = 0Number of asset objects unloaded after import = 0

========================================================================
Received Import Request.
  Time since last request: 0.000029 seconds.
  path: Assets/IslandEscape/TropicalEnvironment/Materials/TropicalEnvironment_Grass_01.mat
  artifactKey: Guid(46c9fcea4bd2210428018bb5a5d299a1) Importer(2089858483,192608db42251d675da83286b1cce702)
Start importing Assets/IslandEscape/TropicalEnvironment/Materials/TropicalEnvironment_Grass_01.mat using Guid(46c9fcea4bd2210428018bb5a5d299a1) Importer(2089858483,192608db42251d675da83286b1cce702) (ScriptedImporter)[PhysX] Initialized MultithreadedTaskDispatcher with 6 workers.
 -> (artifact id: 'fd475c255abd354f64914383d18eaf1f') in 0.0317126 seconds
Number of updated asset objects reloaded before import = 0Number of asset objects unloaded after import = 2

========================================================================
Received Import Request.
  Time since last request: 0.000028 seconds.
  path: Assets/IslandEscape/TropicalEnvironment/Animations/MagicCube_Animation.anim
  artifactKey: Guid(76b2052986085c44987c01d3226dc47b) Importer(2089858483,192608db42251d675da83286b1cce702)
Start importing Assets/IslandEscape/TropicalEnvironment/Animations/MagicCube_Animation.anim using Guid(76b2052986085c44987c01d3226dc47b) Importer(2089858483,192608db42251d675da83286b1cce702) (ScriptedImporter)[PhysX] Initialized MultithreadedTaskDispatcher with 6 workers.
 -> (artifact id: '29fb60e41328f79d33cbce9d15318d46') in 0.0244882 seconds
Number of updated asset objects reloaded before import = 0Number of asset objects unloaded after import = 1

========================================================================
Received Import Request.
  Time since last request: 0.000046 seconds.
  path: Assets/IslandEscape/TropicalEnvironment/Models/Ancient/Brick_01.fbx
  artifactKey: Guid(895977541c63f63489756c1d09c504e8) Importer(2089858483,192608db42251d675da83286b1cce702)
Start importing Assets/IslandEscape/TropicalEnvironment/Models/Ancient/Brick_01.fbx using Guid(895977541c63f63489756c1d09c504e8) Importer(2089858483,192608db42251d675da83286b1cce702) (ScriptedImporter)[PhysX] Initialized MultithreadedTaskDispatcher with 6 workers.
 -> (artifact id: '3969706ebaa652b27879aa88f2b23d00') in 0.0681829 seconds
Number of updated asset objects reloaded before import = 0Number of asset objects unloaded after import = 15

========================================================================
Received Import Request.
  Time since last request: 0.000023 seconds.
  path: Assets/Asteroids Pack/Assets/Textures/Skybox/left.png
  artifactKey: Guid(18d017ccac3aee84189fd958c59b6a34) Importer(2089858483,192608db42251d675da83286b1cce702)
Start importing Assets/Asteroids Pack/Assets/Textures/Skybox/left.png using Guid(18d017ccac3aee84189fd958c59b6a34) Importer(2089858483,192608db42251d675da83286b1cce702) (ScriptedImporter)[PhysX] Initialized MultithreadedTaskDispatcher with 6 workers.
 -> (artifact id: 'acc5135d70ea0e9dbd2c39c4c618618e') in 0.0685445 seconds
Number of updated asset objects reloaded before import = 0Number of asset objects unloaded after import = 1

========================================================================
Received Import Request.
  Time since last request: 0.000046 seconds.
  path: Assets/IslandEscape/TropicalEnvironment/Prefabs/Ancient/Tile_03.prefab
  artifactKey: Guid(b32123b450e1a1d4c9f9825a24d5886e) Importer(2089858483,3d70f49cd1c2eb9ae422958d1c652c6b)
Start importing Assets/IslandEscape/TropicalEnvironment/Prefabs/Ancient/Tile_03.prefab using Guid(b32123b450e1a1d4c9f9825a24d5886e) Importer(2089858483,3d70f49cd1c2eb9ae422958d1c652c6b) (ScriptedImporter)[PhysX] Initialized MultithreadedTaskDispatcher with 6 workers.
 -> (artifact id: '517b2f154007a61e7a620372fab964f3') in 0.0463122 seconds
Number of updated asset objects reloaded before import = 0Number of asset objects unloaded after import = 17

========================================================================
Received Import Request.
  Time since last request: 0.000330 seconds.
  path: Assets/IslandEscape/TropicalEnvironment/Prefabs/Props/Ring_03.prefab
  artifactKey: Guid(d007a6e140186294395f33393d18fee1) Importer(2089858483,3d70f49cd1c2eb9ae422958d1c652c6b)
Start importing Assets/IslandEscape/TropicalEnvironment/Prefabs/Props/Ring_03.prefab using Guid(d007a6e140186294395f33393d18fee1) Importer(2089858483,3d70f49cd1c2eb9ae422958d1c652c6b) (ScriptedImporter)[PhysX] Initialized MultithreadedTaskDispatcher with 6 workers.
 -> (artifact id: 'd7d5bb5345dae1f02d018eb9dfea7cae') in 0.0405373 seconds
Number of updated asset objects reloaded before import = 0Number of asset objects unloaded after import = 17

========================================================================
Received Import Request.
  Time since last request: 0.000022 seconds.
  path: Assets/IslandEscape/TropicalEnvironment/Models/Props/Bottle_07.fbx
  artifactKey: Guid(76ecf8a70a6ae7045bc3c22f1e42740c) Importer(2089858483,192608db42251d675da83286b1cce702)
Start importing Assets/IslandEscape/TropicalEnvironment/Models/Props/Bottle_07.fbx using Guid(76ecf8a70a6ae7045bc3c22f1e42740c) Importer(2089858483,192608db42251d675da83286b1cce702) (ScriptedImporter)[PhysX] Initialized MultithreadedTaskDispatcher with 6 workers.
 -> (artifact id: '8beb5c8d8efdc0c90030aa36adde6e39') in 0.0525097 seconds
Number of updated asset objects reloaded before import = 0Number of asset objects unloaded after import = 15

========================================================================
Received Import Request.
  Time since last request: 0.000029 seconds.
  path: Assets/IslandEscape/TropicalEnvironment/Models/Props/Bottle_12.fbx
  artifactKey: Guid(db619e56f3aef74469fd2f2c3a79c2e4) Importer(2089858483,192608db42251d675da83286b1cce702)
Start importing Assets/IslandEscape/TropicalEnvironment/Models/Props/Bottle_12.fbx using Guid(db619e56f3aef74469fd2f2c3a79c2e4) Importer(2089858483,192608db42251d675da83286b1cce702) (ScriptedImporter)[PhysX] Initialized MultithreadedTaskDispatcher with 6 workers.
 -> (artifact id: '434c533557adea53d5541f8dcbb70e83') in 0.0758847 seconds
Number of updated asset objects reloaded before import = 0Number of asset objects unloaded after import = 15

========================================================================
Received Import Request.
  Time since last request: 0.000033 seconds.
  path: Assets/IslandEscape/TropicalEnvironment/Models/Ancient/Stairs_01.fbx
  artifactKey: Guid(fa9980e913dfab74ab7136aa8f2a66f3) Importer(2089858483,192608db42251d675da83286b1cce702)
Start importing Assets/IslandEscape/TropicalEnvironment/Models/Ancient/Stairs_01.fbx using Guid(fa9980e913dfab74ab7136aa8f2a66f3) Importer(2089858483,192608db42251d675da83286b1cce702) (ScriptedImporter)[PhysX] Initialized MultithreadedTaskDispatcher with 6 workers.
 -> (artifact id: '31403e810dd11ff521681daab148564f') in 0.0422742 seconds
Number of updated asset objects reloaded before import = 0Number of asset objects unloaded after import = 15

========================================================================
Received Import Request.
  Time since last request: 0.000034 seconds.
  path: Assets/Motion Cast#06 - Vol.1/Kung-Fu animations/44-Dodge forward.fbx
  artifactKey: Guid(5e16905a283cd7d4ca249314e9718a60) Importer(2089858483,192608db42251d675da83286b1cce702)
Start importing Assets/Motion Cast#06 - Vol.1/Kung-Fu animations/44-Dodge forward.fbx using Guid(5e16905a283cd7d4ca249314e9718a60) Importer(2089858483,192608db42251d675da83286b1cce702) (ScriptedImporter)[PhysX] Initialized MultithreadedTaskDispatcher with 6 workers.
 -> (artifact id: '29b59d4abf9b1de225bab82ffd392fb8') in 0.0865066 seconds
Number of updated asset objects reloaded before import = 0Number of asset objects unloaded after import = 120

========================================================================
Received Import Request.
  Time since last request: 0.000021 seconds.
  path: Assets/IslandEscape/TropicalEnvironment/Models/Props/Door_01.fbx
  artifactKey: Guid(4861d1278bcd95542a3bc737b927a07f) Importer(2089858483,192608db42251d675da83286b1cce702)
Start importing Assets/IslandEscape/TropicalEnvironment/Models/Props/Door_01.fbx using Guid(4861d1278bcd95542a3bc737b927a07f) Importer(2089858483,192608db42251d675da83286b1cce702) (ScriptedImporter)[PhysX] Initialized MultithreadedTaskDispatcher with 6 workers.
 -> (artifact id: 'f132456b525f73515036bcb5a06cb4df') in 0.0716144 seconds
Number of updated asset objects reloaded before import = 0Number of asset objects unloaded after import = 15

========================================================================
Received Import Request.
  Time since last request: 0.000053 seconds.
  path: Assets/IslandEscape/TropicalEnvironment/Models/Props/Box_01.fbx
  artifactKey: Guid(a0feeb03e3ebd2045852789e7cefcc15) Importer(2089858483,192608db42251d675da83286b1cce702)
Start importing Assets/IslandEscape/TropicalEnvironment/Models/Props/Box_01.fbx using Guid(a0feeb03e3ebd2045852789e7cefcc15) Importer(2089858483,192608db42251d675da83286b1cce702) (ScriptedImporter)[PhysX] Initialized MultithreadedTaskDispatcher with 6 workers.
 -> (artifact id: 'ee3b2e41f165708ecfa9293a92e95be2') in 0.0383531 seconds
Number of updated asset objects reloaded before import = 0Number of asset objects unloaded after import = 15

========================================================================
Received Import Request.
  Time since last request: 0.000121 seconds.
  path: Assets/IslandEscape/TropicalEnvironment/Prefabs/Vegetation/PalmTree_02.prefab
  artifactKey: Guid(684dd494b26690e46b0df39d7b1ab94f) Importer(2089858483,3d70f49cd1c2eb9ae422958d1c652c6b)
Start importing Assets/IslandEscape/TropicalEnvironment/Prefabs/Vegetation/PalmTree_02.prefab using Guid(684dd494b26690e46b0df39d7b1ab94f) Importer(2089858483,3d70f49cd1c2eb9ae422958d1c652c6b) (ScriptedImporter)[PhysX] Initialized MultithreadedTaskDispatcher with 6 workers.
 -> (artifact id: 'a1397fa012b39b2e4e4da12f3c6a4ffc') in 0.0495634 seconds
Number of updated asset objects reloaded before import = 0Number of asset objects unloaded after import = 22

========================================================================
Received Import Request.
  Time since last request: 0.000027 seconds.
  path: Assets/Motion Cast#06 - Vol.1/Kung-Fu animations/3-Elbow fracture-Take2.fbx
  artifactKey: Guid(b71fa72d66447d245b924649c74da8e9) Importer(2089858483,192608db42251d675da83286b1cce702)
Start importing Assets/Motion Cast#06 - Vol.1/Kung-Fu animations/3-Elbow fracture-Take2.fbx using Guid(b71fa72d66447d245b924649c74da8e9) Importer(2089858483,192608db42251d675da83286b1cce702) (ScriptedImporter)[PhysX] Initialized MultithreadedTaskDispatcher with 6 workers.
 -> (artifact id: 'fdc47f1e44557656f643c7d0b8e4f02b') in 0.0879748 seconds
Number of updated asset objects reloaded before import = 0Number of asset objects unloaded after import = 120

========================================================================
Received Import Request.
  Time since last request: 0.000044 seconds.
  path: Assets/IslandEscape/TropicalEnvironment/Models/Props/Roof_02.fbx
  artifactKey: Guid(94ddbde23b886cf46a8be61e7095267f) Importer(2089858483,192608db42251d675da83286b1cce702)
Start importing Assets/IslandEscape/TropicalEnvironment/Models/Props/Roof_02.fbx using Guid(94ddbde23b886cf46a8be61e7095267f) Importer(2089858483,192608db42251d675da83286b1cce702) (ScriptedImporter)[PhysX] Initialized MultithreadedTaskDispatcher with 6 workers.
 -> (artifact id: '98d910c804a66820dd34ad3e1cdf7f74') in 0.0647641 seconds
Number of updated asset objects reloaded before import = 0Number of asset objects unloaded after import = 20

========================================================================
Received Import Request.
  Time since last request: 0.000018 seconds.
  path: Assets/IslandEscape/TropicalEnvironment/Models/Props/Grenade_03.fbx
  artifactKey: Guid(5e6190986cd5ba24a96661eab46a6e17) Importer(2089858483,192608db42251d675da83286b1cce702)
Start importing Assets/IslandEscape/TropicalEnvironment/Models/Props/Grenade_03.fbx using Guid(5e6190986cd5ba24a96661eab46a6e17) Importer(2089858483,192608db42251d675da83286b1cce702) (ScriptedImporter)[PhysX] Initialized MultithreadedTaskDispatcher with 6 workers.
 -> (artifact id: 'ed865306ea4f5737cfddb498c532e2f9') in 0.0448393 seconds
Number of updated asset objects reloaded before import = 0Number of asset objects unloaded after import = 15

========================================================================
Received Import Request.
  Time since last request: 0.000029 seconds.
  path: Assets/Motion Cast#06 - Vol.1/Kung-Fu animations/13-Double hand tsunami-Take4.fbx
  artifactKey: Guid(d40fa6567dd13a74790e7ab41cc3d6b1) Importer(2089858483,192608db42251d675da83286b1cce702)
Start importing Assets/Motion Cast#06 - Vol.1/Kung-Fu animations/13-Double hand tsunami-Take4.fbx using Guid(d40fa6567dd13a74790e7ab41cc3d6b1) Importer(2089858483,192608db42251d675da83286b1cce702) (ScriptedImporter)[PhysX] Initialized MultithreadedTaskDispatcher with 6 workers.
 -> (artifact id: '87acf1ac428abae7d3b9f271957e44aa') in 0.1056218 seconds
Number of updated asset objects reloaded before import = 0Number of asset objects unloaded after import = 120

========================================================================
Received Import Request.
  Time since last request: 0.000039 seconds.
  path: Assets/IslandEscape/TropicalEnvironment/Models/Props/Skeleton_01.fbx
  artifactKey: Guid(f4a5ac7e93976504abd460fa5c1785a9) Importer(2089858483,192608db42251d675da83286b1cce702)
Start importing Assets/IslandEscape/TropicalEnvironment/Models/Props/Skeleton_01.fbx using Guid(f4a5ac7e93976504abd460fa5c1785a9) Importer(2089858483,192608db42251d675da83286b1cce702) (ScriptedImporter)[PhysX] Initialized MultithreadedTaskDispatcher with 6 workers.
 -> (artifact id: '218227d89e55378cb8550275bc4b86bb') in 0.0505274 seconds
Number of updated asset objects reloaded before import = 0Number of asset objects unloaded after import = 15

========================================================================
Received Import Request.
  Time since last request: 0.000021 seconds.
  path: Assets/IslandEscape/TropicalEnvironment/Models/Props/Shield_02.fbx
  artifactKey: Guid(c075a5dcc6872a64abbf11412c9df288) Importer(2089858483,192608db42251d675da83286b1cce702)
Start importing Assets/IslandEscape/TropicalEnvironment/Models/Props/Shield_02.fbx using Guid(c075a5dcc6872a64abbf11412c9df288) Importer(2089858483,192608db42251d675da83286b1cce702) (ScriptedImporter)[PhysX] Initialized MultithreadedTaskDispatcher with 6 workers.
 -> (artifact id: 'eaba71182defea9d8cfd93606f8cea53') in 0.0554696 seconds
Number of updated asset objects reloaded before import = 0Number of asset objects unloaded after import = 15

========================================================================
Received Import Request.
  Time since last request: 0.000021 seconds.
  path: Assets/IslandEscape/TropicalEnvironment/Models/Props/Tent_03.fbx
  artifactKey: Guid(2f7c1866debdc0d4ab1f23b720b1c9cc) Importer(2089858483,192608db42251d675da83286b1cce702)
Start importing Assets/IslandEscape/TropicalEnvironment/Models/Props/Tent_03.fbx using Guid(2f7c1866debdc0d4ab1f23b720b1c9cc) Importer(2089858483,192608db42251d675da83286b1cce702) (ScriptedImporter)[PhysX] Initialized MultithreadedTaskDispatcher with 6 workers.
 -> (artifact id: 'fd4fa27c703c529257368c81c96b25eb') in 0.1005658 seconds
Number of updated asset objects reloaded before import = 0Number of asset objects unloaded after import = 20

========================================================================
Received Import Request.
  Time since last request: 0.000073 seconds.
  path: Assets/IslandEscape/TropicalEnvironment/Models/Rocks/Rock_03.fbx
  artifactKey: Guid(292032c14f1b74e48bb2dce9b2ae4f34) Importer(2089858483,192608db42251d675da83286b1cce702)
Start importing Assets/IslandEscape/TropicalEnvironment/Models/Rocks/Rock_03.fbx using Guid(292032c14f1b74e48bb2dce9b2ae4f34) Importer(2089858483,192608db42251d675da83286b1cce702) (ScriptedImporter)[PhysX] Initialized MultithreadedTaskDispatcher with 6 workers.
 -> (artifact id: '56431406980aae6f0415073dda9a849c') in 0.0505703 seconds
Number of updated asset objects reloaded before import = 0Number of asset objects unloaded after import = 15

========================================================================
Received Import Request.
  Time since last request: 0.000028 seconds.
  path: Assets/IslandEscape/TropicalEnvironment/Models/Rocks/Rock_04.fbx
  artifactKey: Guid(2108127156810694987dbed4c2fb4cdc) Importer(2089858483,192608db42251d675da83286b1cce702)
Start importing Assets/IslandEscape/TropicalEnvironment/Models/Rocks/Rock_04.fbx using Guid(2108127156810694987dbed4c2fb4cdc) Importer(2089858483,192608db42251d675da83286b1cce702) (ScriptedImporter)[PhysX] Initialized MultithreadedTaskDispatcher with 6 workers.
 -> (artifact id: 'c76f0d0aeb18a45d5fc934f616783202') in 0.0543652 seconds
Number of updated asset objects reloaded before import = 0Number of asset objects unloaded after import = 15

========================================================================
Received Import Request.
  Time since last request: 0.000022 seconds.
  path: Assets/IslandEscape/TropicalEnvironment/Prefabs/Vegetation/PalmTree_06.prefab
  artifactKey: Guid(bc3007b2f72558a4895576d14e0217f1) Importer(2089858483,3d70f49cd1c2eb9ae422958d1c652c6b)
Start importing Assets/IslandEscape/TropicalEnvironment/Prefabs/Vegetation/PalmTree_06.prefab using Guid(bc3007b2f72558a4895576d14e0217f1) Importer(2089858483,3d70f49cd1c2eb9ae422958d1c652c6b) (ScriptedImporter)[PhysX] Initialized MultithreadedTaskDispatcher with 6 workers.
 -> (artifact id: 'f502d5e6f289d8671caf2cd6dc6b01ac') in 0.04225 seconds
Number of updated asset objects reloaded before import = 0Number of asset objects unloaded after import = 22

========================================================================
Received Import Request.
  Time since last request: 0.000054 seconds.
  path: Assets/IslandEscape/TropicalEnvironment/Models/Ancient/Tile_04.fbx
  artifactKey: Guid(ba57f9f77432d7744866a409450c13bc) Importer(2089858483,192608db42251d675da83286b1cce702)
Start importing Assets/IslandEscape/TropicalEnvironment/Models/Ancient/Tile_04.fbx using Guid(ba57f9f77432d7744866a409450c13bc) Importer(2089858483,192608db42251d675da83286b1cce702) (ScriptedImporter)[PhysX] Initialized MultithreadedTaskDispatcher with 6 workers.
 -> (artifact id: '024924df8859bd9eebc9209c3d490f77') in 0.0653146 seconds
Number of updated asset objects reloaded before import = 0Number of asset objects unloaded after import = 15

========================================================================
Received Import Request.
  Time since last request: 0.000022 seconds.
  path: Assets/IslandEscape/TropicalEnvironment/Models/Vegetation/Plant_02.fbx
  artifactKey: Guid(aff0b6e769f9ca044aedf5690018dd2b) Importer(2089858483,192608db42251d675da83286b1cce702)
Start importing Assets/IslandEscape/TropicalEnvironment/Models/Vegetation/Plant_02.fbx using Guid(aff0b6e769f9ca044aedf5690018dd2b) Importer(2089858483,192608db42251d675da83286b1cce702) (ScriptedImporter)[PhysX] Initialized MultithreadedTaskDispatcher with 6 workers.
 -> (artifact id: 'f0f5f75a756485f1ccb9a131946b6200') in 0.0577969 seconds
Number of updated asset objects reloaded before import = 0Number of asset objects unloaded after import = 20

========================================================================
Received Import Request.
  Time since last request: 0.000033 seconds.
  path: Assets/IslandEscape/TropicalEnvironment/Models/Vegetation/PondPlant_06.fbx
  artifactKey: Guid(0cb9a34a3330cb2469d3a753905d59f7) Importer(2089858483,192608db42251d675da83286b1cce702)
Start importing Assets/IslandEscape/TropicalEnvironment/Models/Vegetation/PondPlant_06.fbx using Guid(0cb9a34a3330cb2469d3a753905d59f7) Importer(2089858483,192608db42251d675da83286b1cce702) (ScriptedImporter)[PhysX] Initialized MultithreadedTaskDispatcher with 6 workers.
 -> (artifact id: '321f155ff9c50c1c9a410626a2fe332e') in 0.0691619 seconds
Number of updated asset objects reloaded before import = 0Number of asset objects unloaded after import = 20

========================================================================
Received Import Request.
  Time since last request: 0.000040 seconds.
  path: Assets/IslandEscape/TropicalEnvironment/Models/Vegetation/Flower_03.fbx
  artifactKey: Guid(3a346de03ee9d5b40b3dc2d802c1bd3e) Importer(2089858483,192608db42251d675da83286b1cce702)
Start importing Assets/IslandEscape/TropicalEnvironment/Models/Vegetation/Flower_03.fbx using Guid(3a346de03ee9d5b40b3dc2d802c1bd3e) Importer(2089858483,192608db42251d675da83286b1cce702) (ScriptedImporter)[PhysX] Initialized MultithreadedTaskDispatcher with 6 workers.
 -> (artifact id: '5b2894620e8243deb1f66ddb502a64e1') in 0.0400617 seconds
Number of updated asset objects reloaded before import = 0Number of asset objects unloaded after import = 7

========================================================================
Received Import Request.
  Time since last request: 0.000018 seconds.
  path: Assets/IslandEscape/TropicalEnvironment/Prefabs/Ancient/Tile_03.prefab
  artifactKey: Guid(b32123b450e1a1d4c9f9825a24d5886e) Importer(2089858483,192608db42251d675da83286b1cce702)
Start importing Assets/IslandEscape/TropicalEnvironment/Prefabs/Ancient/Tile_03.prefab using Guid(b32123b450e1a1d4c9f9825a24d5886e) Importer(2089858483,192608db42251d675da83286b1cce702) (ScriptedImporter)[PhysX] Initialized MultithreadedTaskDispatcher with 6 workers.
 -> (artifact id: '64942375939579e16b0fcaa5c905cf67') in 0.0320064 seconds
Number of updated asset objects reloaded before import = 0Number of asset objects unloaded after import = 16

========================================================================
Received Import Request.
  Time since last request: 0.000052 seconds.
  path: Assets/IslandEscape/TropicalEnvironment/Prefabs/Ancient/Column_04.prefab
  artifactKey: Guid(eb4a74cf881613a4187c50d1ec36efbb) Importer(2089858483,192608db42251d675da83286b1cce702)
Start importing Assets/IslandEscape/TropicalEnvironment/Prefabs/Ancient/Column_04.prefab using Guid(eb4a74cf881613a4187c50d1ec36efbb) Importer(2089858483,192608db42251d675da83286b1cce702) (ScriptedImporter)[PhysX] Initialized MultithreadedTaskDispatcher with 6 workers.
 -> (artifact id: '0cbe73a721fa929480d6c27bb03e6f73') in 0.0337362 seconds
Number of updated asset objects reloaded before import = 0Number of asset objects unloaded after import = 16

========================================================================
Received Import Request.
  Time since last request: 0.000029 seconds.
  path: Assets/IslandEscape/TropicalEnvironment/Prefabs/Ancient/MagicCube_01.prefab
  artifactKey: Guid(a9e5f6d5f408afd46834324c864a352f) Importer(2089858483,192608db42251d675da83286b1cce702)
Start importing Assets/IslandEscape/TropicalEnvironment/Prefabs/Ancient/MagicCube_01.prefab using Guid(a9e5f6d5f408afd46834324c864a352f) Importer(2089858483,192608db42251d675da83286b1cce702) (ScriptedImporter)[PhysX] Initialized MultithreadedTaskDispatcher with 6 workers.
 -> (artifact id: '023685aa2c5e500a80b4757fece06543') in 0.0256085 seconds
Number of updated asset objects reloaded before import = 0Number of asset objects unloaded after import = 16

========================================================================
Received Import Request.
  Time since last request: 0.000039 seconds.
  path: Assets/IslandEscape/TropicalEnvironment/Prefabs/Rocks/Rock_08.prefab
  artifactKey: Guid(a9295dfd447d6fa45bc1a2afb9e74b79) Importer(2089858483,3d70f49cd1c2eb9ae422958d1c652c6b)
Start importing Assets/IslandEscape/TropicalEnvironment/Prefabs/Rocks/Rock_08.prefab using Guid(a9295dfd447d6fa45bc1a2afb9e74b79) Importer(2089858483,3d70f49cd1c2eb9ae422958d1c652c6b) (ScriptedImporter)[PhysX] Initialized MultithreadedTaskDispatcher with 6 workers.
 -> (artifact id: '8da22880a30fc6061800fdd76597c06a') in 0.023182 seconds
Number of updated asset objects reloaded before import = 0Number of asset objects unloaded after import = 16

========================================================================
Received Import Request.
  Time since last request: 0.000025 seconds.
  path: Assets/Motion Cast#06 - Vol.1/Kung-Fu animations/28-Overlap slash kick-Take4.fbx
  artifactKey: Guid(b219287f67b51f34687a84a2a0442d74) Importer(2089858483,192608db42251d675da83286b1cce702)
Start importing Assets/Motion Cast#06 - Vol.1/Kung-Fu animations/28-Overlap slash kick-Take4.fbx using Guid(b219287f67b51f34687a84a2a0442d74) Importer(2089858483,192608db42251d675da83286b1cce702) (ScriptedImporter)[PhysX] Initialized MultithreadedTaskDispatcher with 6 workers.
 -> (artifact id: '157782dc8f6d7818d4651e932f3ccaf1') in 0.1107571 seconds
Number of updated asset objects reloaded before import = 0Number of asset objects unloaded after import = 120

========================================================================
Received Import Request.
  Time since last request: 0.000036 seconds.
  path: Assets/IslandEscape/TropicalEnvironment/Prefabs/Props/Bottle_13.prefab
  artifactKey: Guid(e1a79e27e0b09de4090a33825f39ffb5) Importer(2089858483,192608db42251d675da83286b1cce702)
Start importing Assets/IslandEscape/TropicalEnvironment/Prefabs/Props/Bottle_13.prefab using Guid(e1a79e27e0b09de4090a33825f39ffb5) Importer(2089858483,192608db42251d675da83286b1cce702) (ScriptedImporter)[PhysX] Initialized MultithreadedTaskDispatcher with 6 workers.
 -> (artifact id: '0b057dcf32d5227ff76189cb92d58aa5') in 0.0286434 seconds
Number of updated asset objects reloaded before import = 0Number of asset objects unloaded after import = 16

========================================================================
Received Import Request.
  Time since last request: 0.000024 seconds.
  path: Assets/IslandEscape/TropicalEnvironment/Prefabs/Props/Bottle_02.prefab
  artifactKey: Guid(2045eb1b1f00b594199324bc1a335852) Importer(2089858483,192608db42251d675da83286b1cce702)
Start importing Assets/IslandEscape/TropicalEnvironment/Prefabs/Props/Bottle_02.prefab using Guid(2045eb1b1f00b594199324bc1a335852) Importer(2089858483,192608db42251d675da83286b1cce702) (ScriptedImporter)[PhysX] Initialized MultithreadedTaskDispatcher with 6 workers.
 -> (artifact id: 'dda4a008e6c0129a08cb793d7d8a4f01') in 0.0296452 seconds
Number of updated asset objects reloaded before import = 0Number of asset objects unloaded after import = 16

========================================================================
Received Import Request.
  Time since last request: 0.000024 seconds.
  path: Assets/IslandEscape/TropicalEnvironment/Prefabs/Props/Anchor.prefab
  artifactKey: Guid(7b98fdf8cf5c57a4a974fa1bfdb94387) Importer(2089858483,192608db42251d675da83286b1cce702)
Start importing Assets/IslandEscape/TropicalEnvironment/Prefabs/Props/Anchor.prefab using Guid(7b98fdf8cf5c57a4a974fa1bfdb94387) Importer(2089858483,192608db42251d675da83286b1cce702) (ScriptedImporter)[PhysX] Initialized MultithreadedTaskDispatcher with 6 workers.
 -> (artifact id: '2cf8f396a07eee9b63df023d4e0c1814') in 0.0451796 seconds
Number of updated asset objects reloaded before import = 0Number of asset objects unloaded after import = 16

========================================================================
Received Import Request.
  Time since last request: 0.000037 seconds.
  path: Assets/IslandEscape/TropicalEnvironment/Prefabs/FX/GodRay_04.prefab
  artifactKey: Guid(1c9e92d69abb02546be671c908813424) Importer(2089858483,192608db42251d675da83286b1cce702)
Start importing Assets/IslandEscape/TropicalEnvironment/Prefabs/FX/GodRay_04.prefab using Guid(1c9e92d69abb02546be671c908813424) Importer(2089858483,192608db42251d675da83286b1cce702) (ScriptedImporter)[PhysX] Initialized MultithreadedTaskDispatcher with 6 workers.
 -> (artifact id: '4ef55b04d067db68312544380cb0cd9e') in 0.0376761 seconds
Number of updated asset objects reloaded before import = 0Number of asset objects unloaded after import = 6

========================================================================
Received Import Request.
  Time since last request: 0.000024 seconds.
  path: Assets/IslandEscape/TropicalEnvironment/Prefabs/Props/House_01.prefab
  artifactKey: Guid(92792c67ee6413c49b2f8e15542a5da1) Importer(2089858483,192608db42251d675da83286b1cce702)
Start importing Assets/IslandEscape/TropicalEnvironment/Prefabs/Props/House_01.prefab using Guid(92792c67ee6413c49b2f8e15542a5da1) Importer(2089858483,192608db42251d675da83286b1cce702) (ScriptedImporter)[PhysX] Initialized MultithreadedTaskDispatcher with 6 workers.
 -> (artifact id: '0f82f9b294ae895150e410d788a39c62') in 0.0292555 seconds
Number of updated asset objects reloaded before import = 0Number of asset objects unloaded after import = 21

========================================================================
Received Import Request.
  Time since last request: 0.000029 seconds.
  path: Assets/IslandEscape/TropicalEnvironment/Prefabs/Props/Grenade_03.prefab
  artifactKey: Guid(173256217e5612d48b94bf12f7a853c6) Importer(2089858483,192608db42251d675da83286b1cce702)
Start importing Assets/IslandEscape/TropicalEnvironment/Prefabs/Props/Grenade_03.prefab using Guid(173256217e5612d48b94bf12f7a853c6) Importer(2089858483,192608db42251d675da83286b1cce702) (ScriptedImporter)[PhysX] Initialized MultithreadedTaskDispatcher with 6 workers.
 -> (artifact id: '39e669cda0c867fb7dacd422453388b6') in 0.0393311 seconds
Number of updated asset objects reloaded before import = 0Number of asset objects unloaded after import = 16

========================================================================
Received Import Request.
  Time since last request: 0.000028 seconds.
  path: Assets/IslandEscape/TropicalEnvironment/Prefabs/Props/Mask_01.prefab
  artifactKey: Guid(91e8492412455b9478a50ea87885b491) Importer(2089858483,192608db42251d675da83286b1cce702)
Start importing Assets/IslandEscape/TropicalEnvironment/Prefabs/Props/Mask_01.prefab using Guid(91e8492412455b9478a50ea87885b491) Importer(2089858483,192608db42251d675da83286b1cce702) (ScriptedImporter)[PhysX] Initialized MultithreadedTaskDispatcher with 6 workers.
 -> (artifact id: 'cb62eadc95679ab0f45375a23aa0d301') in 0.023969 seconds
Number of updated asset objects reloaded before import = 0Number of asset objects unloaded after import = 21

========================================================================
Received Import Request.
  Time since last request: 0.000024 seconds.
  path: Assets/IslandEscape/TropicalEnvironment/Prefabs/Props/Hammock_01.prefab
  artifactKey: Guid(1ae2b60cb01de3a4894ce534b2ed5014) Importer(2089858483,192608db42251d675da83286b1cce702)
Start importing Assets/IslandEscape/TropicalEnvironment/Prefabs/Props/Hammock_01.prefab using Guid(1ae2b60cb01de3a4894ce534b2ed5014) Importer(2089858483,192608db42251d675da83286b1cce702) (ScriptedImporter)[PhysX] Initialized MultithreadedTaskDispatcher with 6 workers.
 -> (artifact id: '23d77963111b79ac18c5904790de17d6') in 0.0373275 seconds
Number of updated asset objects reloaded before import = 0Number of asset objects unloaded after import = 16

========================================================================
Received Import Request.
  Time since last request: 0.000026 seconds.
  path: Assets/IslandEscape/TropicalEnvironment/Models/Props/Chest_03.fbx
  artifactKey: Guid(8765b20ba5f3b964297d325dff38be8f) Importer(2089858483,192608db42251d675da83286b1cce702)
Start importing Assets/IslandEscape/TropicalEnvironment/Models/Props/Chest_03.fbx using Guid(8765b20ba5f3b964297d325dff38be8f) Importer(2089858483,192608db42251d675da83286b1cce702) (ScriptedImporter)[PhysX] Initialized MultithreadedTaskDispatcher with 6 workers.
 -> (artifact id: '0a1ea03227fbd0ac39746faad1be2247') in 0.0534976 seconds
Number of updated asset objects reloaded before import = 0Number of asset objects unloaded after import = 35

========================================================================
Received Import Request.
  Time since last request: 0.000034 seconds.
  path: Assets/IslandEscape/TropicalEnvironment/Prefabs/Props/Tent_03.prefab
  artifactKey: Guid(1c665e7eba69ca7438669ea7c19c5516) Importer(2089858483,192608db42251d675da83286b1cce702)
Start importing Assets/IslandEscape/TropicalEnvironment/Prefabs/Props/Tent_03.prefab using Guid(1c665e7eba69ca7438669ea7c19c5516) Importer(2089858483,192608db42251d675da83286b1cce702) (ScriptedImporter)[PhysX] Initialized MultithreadedTaskDispatcher with 6 workers.
 -> (artifact id: 'b3eba1d20a012b962d2814a7136f5cd5') in 0.0336506 seconds
Number of updated asset objects reloaded before import = 0Number of asset objects unloaded after import = 21

========================================================================
Received Import Request.
  Time since last request: 0.000021 seconds.
  path: Assets/IslandEscape/TropicalEnvironment/Prefabs/Props/Pier_04.prefab
  artifactKey: Guid(2aeb49a33d956644b90a91eeea44eb82) Importer(2089858483,192608db42251d675da83286b1cce702)
Start importing Assets/IslandEscape/TropicalEnvironment/Prefabs/Props/Pier_04.prefab using Guid(2aeb49a33d956644b90a91eeea44eb82) Importer(2089858483,192608db42251d675da83286b1cce702) (ScriptedImporter)[PhysX] Initialized MultithreadedTaskDispatcher with 6 workers.
 -> (artifact id: 'd99dbb911e87344839330e15948ee4d5') in 0.0281264 seconds
Number of updated asset objects reloaded before import = 0Number of asset objects unloaded after import = 17

========================================================================
Received Import Request.
  Time since last request: 0.000025 seconds.
  path: Assets/IslandEscape/TropicalEnvironment/Prefabs/Props/Shovel_01.prefab
  artifactKey: Guid(f6bc6e352d072214f9720bef75a12d2f) Importer(2089858483,192608db42251d675da83286b1cce702)
Start importing Assets/IslandEscape/TropicalEnvironment/Prefabs/Props/Shovel_01.prefab using Guid(f6bc6e352d072214f9720bef75a12d2f) Importer(2089858483,192608db42251d675da83286b1cce702) (ScriptedImporter)[PhysX] Initialized MultithreadedTaskDispatcher with 6 workers.
 -> (artifact id: 'c3a0e1e008731f503d35a9389b41502f') in 0.0309971 seconds
Number of updated asset objects reloaded before import = 0Number of asset objects unloaded after import = 21

========================================================================
Received Import Request.
  Time since last request: 0.000036 seconds.
  path: Assets/IslandEscape/TropicalEnvironment/Models/Props/Coin_03.fbx
  artifactKey: Guid(3d15410d7dbe3fa44982caee366a89af) Importer(2089858483,192608db42251d675da83286b1cce702)
Start importing Assets/IslandEscape/TropicalEnvironment/Models/Props/Coin_03.fbx using Guid(3d15410d7dbe3fa44982caee366a89af) Importer(2089858483,192608db42251d675da83286b1cce702) (ScriptedImporter)[PhysX] Initialized MultithreadedTaskDispatcher with 6 workers.
 -> (artifact id: '167d1345db2d095fe954e524ed74f89f') in 0.045848 seconds
Number of updated asset objects reloaded before import = 0Number of asset objects unloaded after import = 15

========================================================================
Received Import Request.
  Time since last request: 0.000025 seconds.
  path: Assets/IslandEscape/TropicalEnvironment/Prefabs/Vegetation/Grass_01.prefab
  artifactKey: Guid(dbaed2e87a503c848a2bcfa1785b29e4) Importer(2089858483,192608db42251d675da83286b1cce702)
Start importing Assets/IslandEscape/TropicalEnvironment/Prefabs/Vegetation/Grass_01.prefab using Guid(dbaed2e87a503c848a2bcfa1785b29e4) Importer(2089858483,192608db42251d675da83286b1cce702) (ScriptedImporter)[PhysX] Initialized MultithreadedTaskDispatcher with 6 workers.
 -> (artifact id: '9c94aa22f01768b247e2e38e0545cdf0') in 0.0394606 seconds
Number of updated asset objects reloaded before import = 0Number of asset objects unloaded after import = 20

========================================================================
Received Import Request.
  Time since last request: 0.000028 seconds.
  path: Assets/IslandEscape/TropicalEnvironment/Prefabs/Rocks/Rock_07.prefab
  artifactKey: Guid(efd14007eac31d14d986bcacb5f4520f) Importer(2089858483,192608db42251d675da83286b1cce702)
Start importing Assets/IslandEscape/TropicalEnvironment/Prefabs/Rocks/Rock_07.prefab using Guid(efd14007eac31d14d986bcacb5f4520f) Importer(2089858483,192608db42251d675da83286b1cce702) (ScriptedImporter)[PhysX] Initialized MultithreadedTaskDispatcher with 6 workers.
 -> (artifact id: 'ff9af70aac723b22b555d747c7f96ffa') in 0.0357996 seconds
Number of updated asset objects reloaded before import = 0Number of asset objects unloaded after import = 15

========================================================================
Received Import Request.
  Time since last request: 0.000034 seconds.
  path: Assets/IslandEscape/TropicalEnvironment/Prefabs/Rocks/Rock_15.prefab
  artifactKey: Guid(f6e0b56a8e1505b468eba155e64f646a) Importer(2089858483,192608db42251d675da83286b1cce702)
Start importing Assets/IslandEscape/TropicalEnvironment/Prefabs/Rocks/Rock_15.prefab using Guid(f6e0b56a8e1505b468eba155e64f646a) Importer(2089858483,192608db42251d675da83286b1cce702) (ScriptedImporter)[PhysX] Initialized MultithreadedTaskDispatcher with 6 workers.
 -> (artifact id: '26e47c4587d30faea1a8d1563c4bfaf4') in 0.0281688 seconds
Number of updated asset objects reloaded before import = 0Number of asset objects unloaded after import = 15

========================================================================
Received Import Request.
  Time since last request: 0.000022 seconds.
  path: Assets/IslandEscape/TropicalEnvironment/Prefabs/Vegetation/CoralReef_06.prefab
  artifactKey: Guid(5d39ea65dba532e4c9b48f0c52e7dcc8) Importer(2089858483,192608db42251d675da83286b1cce702)
Start importing Assets/IslandEscape/TropicalEnvironment/Prefabs/Vegetation/CoralReef_06.prefab using Guid(5d39ea65dba532e4c9b48f0c52e7dcc8) Importer(2089858483,192608db42251d675da83286b1cce702) (ScriptedImporter)[PhysX] Initialized MultithreadedTaskDispatcher with 6 workers.
 -> (artifact id: 'd7689ff912e7808b7773848e7dc17211') in 0.0301444 seconds
Number of updated asset objects reloaded before import = 0Number of asset objects unloaded after import = 20

========================================================================
Received Import Request.
  Time since last request: 0.000025 seconds.
  path: Assets/IslandEscape/TropicalEnvironment/Prefabs/Vegetation/Grass_02.prefab
  artifactKey: Guid(d7558a143c7c8b345a5fcdd5d1dfd2dd) Importer(2089858483,192608db42251d675da83286b1cce702)
Start importing Assets/IslandEscape/TropicalEnvironment/Prefabs/Vegetation/Grass_02.prefab using Guid(d7558a143c7c8b345a5fcdd5d1dfd2dd) Importer(2089858483,192608db42251d675da83286b1cce702) (ScriptedImporter)[PhysX] Initialized MultithreadedTaskDispatcher with 6 workers.
 -> (artifact id: 'cd80003571b3fcbb7091fceab8c495a0') in 0.0370639 seconds
Number of updated asset objects reloaded before import = 0Number of asset objects unloaded after import = 20

========================================================================
Received Import Request.
  Time since last request: 0.000026 seconds.
  path: Assets/IslandEscape/TropicalEnvironment/Scenes/Settings/TropicalEnvironment_Overview/LightingData.asset
  artifactKey: Guid(fcba0fca13d714443a532797c3806420) Importer(2089858483,192608db42251d675da83286b1cce702)
Start importing Assets/IslandEscape/TropicalEnvironment/Scenes/Settings/TropicalEnvironment_Overview/LightingData.asset using Guid(fcba0fca13d714443a532797c3806420) Importer(2089858483,192608db42251d675da83286b1cce702) (ScriptedImporter)[PhysX] Initialized MultithreadedTaskDispatcher with 6 workers.
 -> (artifact id: 'e6b66cfbe690b4a77192419ab7bc840e') in 0.026902 seconds
Number of updated asset objects reloaded before import = 0Number of asset objects unloaded after import = 2

========================================================================
Received Import Request.
  Time since last request: 0.000044 seconds.
  path: Assets/IslandEscape/TropicalEnvironment/Terrain/TerrainLayer/Sand_02.terrainlayer
  artifactKey: Guid(a70e07166e86ab44facbee427c79f4d6) Importer(2089858483,192608db42251d675da83286b1cce702)
Start importing Assets/IslandEscape/TropicalEnvironment/Terrain/TerrainLayer/Sand_02.terrainlayer using Guid(a70e07166e86ab44facbee427c79f4d6) Importer(2089858483,192608db42251d675da83286b1cce702) (ScriptedImporter)[PhysX] Initialized MultithreadedTaskDispatcher with 6 workers.
 -> (artifact id: 'c555b7295522add9a39bcd555a05124c') in 0.0416477 seconds
Number of updated asset objects reloaded before import = 0Number of asset objects unloaded after import = 3

========================================================================
Received Import Request.
  Time since last request: 0.000022 seconds.
  path: Assets/IslandEscape/TropicalEnvironment/Prefabs/Vegetation/Seaweed_01.prefab
  artifactKey: Guid(fd4b1895f4305c94f923a61a2d39743f) Importer(2089858483,192608db42251d675da83286b1cce702)
Start importing Assets/IslandEscape/TropicalEnvironment/Prefabs/Vegetation/Seaweed_01.prefab using Guid(fd4b1895f4305c94f923a61a2d39743f) Importer(2089858483,192608db42251d675da83286b1cce702) (ScriptedImporter)[PhysX] Initialized MultithreadedTaskDispatcher with 6 workers.
 -> (artifact id: 'a9a774ccd2962f55ac45b64ec7f16a66') in 0.0275864 seconds
Number of updated asset objects reloaded before import = 0Number of asset objects unloaded after import = 20

========================================================================
Received Import Request.
  Time since last request: 0.000021 seconds.
  path: Assets/IslandEscape/TropicalEnvironment/Models/Props/Bottle_03.fbx
  artifactKey: Guid(ed45039d7c072cc4887f927a3178b1ae) Importer(2089858483,192608db42251d675da83286b1cce702)
Start importing Assets/IslandEscape/TropicalEnvironment/Models/Props/Bottle_03.fbx using Guid(ed45039d7c072cc4887f927a3178b1ae) Importer(2089858483,192608db42251d675da83286b1cce702) (ScriptedImporter)[PhysX] Initialized MultithreadedTaskDispatcher with 6 workers.
 -> (artifact id: 'fe40ce4c9a27c7ba3eec27f81a6c1cfc') in 0.0608085 seconds
Number of updated asset objects reloaded before import = 0Number of asset objects unloaded after import = 15

========================================================================
Received Import Request.
  Time since last request: 0.000033 seconds.
  path: Assets/Motion Cast#06 - Vol.1/Kung-Fu animations/44-Dodge back-Take2.fbx
  artifactKey: Guid(456fb0b90f4cb6549a241c43220b3a86) Importer(2089858483,192608db42251d675da83286b1cce702)
Start importing Assets/Motion Cast#06 - Vol.1/Kung-Fu animations/44-Dodge back-Take2.fbx using Guid(456fb0b90f4cb6549a241c43220b3a86) Importer(2089858483,192608db42251d675da83286b1cce702) (ScriptedImporter)[PhysX] Initialized MultithreadedTaskDispatcher with 6 workers.
 -> (artifact id: '33dae9fba90c01927fe7721f0677723f') in 0.0983816 seconds
Number of updated asset objects reloaded before import = 0Number of asset objects unloaded after import = 120

========================================================================
Received Import Request.
  Time since last request: 0.000064 seconds.
  path: Assets/IslandEscape/TropicalEnvironment/Models/Props/Pier_03.fbx
  artifactKey: Guid(bee8681ad41c22949a329e2ee1073893) Importer(2089858483,192608db42251d675da83286b1cce702)
Start importing Assets/IslandEscape/TropicalEnvironment/Models/Props/Pier_03.fbx using Guid(bee8681ad41c22949a329e2ee1073893) Importer(2089858483,192608db42251d675da83286b1cce702) (ScriptedImporter)[PhysX] Initialized MultithreadedTaskDispatcher with 6 workers.
 -> (artifact id: 'd8152833c45a09f30dc77bde43151f47') in 0.0414814 seconds
Number of updated asset objects reloaded before import = 0Number of asset objects unloaded after import = 15

========================================================================
Received Import Request.
  Time since last request: 0.000025 seconds.
  path: Assets/IslandEscape/TropicalEnvironment/Models/Props/Shovel_02.fbx
  artifactKey: Guid(52b1195f74ab622419ea9d134babd7cd) Importer(2089858483,192608db42251d675da83286b1cce702)
Start importing Assets/IslandEscape/TropicalEnvironment/Models/Props/Shovel_02.fbx using Guid(52b1195f74ab622419ea9d134babd7cd) Importer(2089858483,192608db42251d675da83286b1cce702) (ScriptedImporter)[PhysX] Initialized MultithreadedTaskDispatcher with 6 workers.
 -> (artifact id: 'ccaefb1470dc400aeaa8a1fff5b2d8af') in 0.0816535 seconds
Number of updated asset objects reloaded before import = 0Number of asset objects unloaded after import = 20

========================================================================
Received Import Request.
  Time since last request: 0.000027 seconds.
  path: Assets/Motion Cast#06 - Vol.1/No root animations/7-Massive uppercut charge-Take7-no root.fbx
  artifactKey: Guid(5a4f1f6af062c9840b70f919e1d31f9d) Importer(2089858483,192608db42251d675da83286b1cce702)
Start importing Assets/Motion Cast#06 - Vol.1/No root animations/7-Massive uppercut charge-Take7-no root.fbx using Guid(5a4f1f6af062c9840b70f919e1d31f9d) Importer(2089858483,192608db42251d675da83286b1cce702) (ScriptedImporter)[PhysX] Initialized MultithreadedTaskDispatcher with 6 workers.
 -> (artifact id: '30f0c26f79f01a14abb0e9af7cec68d6') in 0.1243289 seconds
Number of updated asset objects reloaded before import = 0Number of asset objects unloaded after import = 120

Editor requested this worker to shutdown with reason: Scaling down because of idle timeout
AssetImportWorker is now disconnected from the server
Process exiting
Exiting without the bug reporter. Application will terminate with return code 0