Using pre-set license
Built from '6000.0/release' branch; Version is '6000.0.25f1 (4859ab7b5a49) revision 4741547'; Using compiler version '193933523'; Build Type 'Release'
OS: 'Windows 11  (10.0.22631) 64bit Professional' Language: 'tr' Physical Memory: 16255 MB
BatchMode: 1, IsHumanControllingUs: 0, StartBugReporterOnCrash: 0, Is64bit: 1, IsPro: 1

COMMAND LINE ARGUMENTS:
C:\Program Files\Unity\Hub\Editor\6000.0.25f1\Editor\Unity.exe
-adb2
-batchMode
-noUpm
-name
AssetImportWorker3
-projectPath
C:/Users/nako-/Desktop/Algorithmics Dosyalar/UnityProjeler/IslandEscape
-logFile
Logs/AssetImportWorker3.log
-srvPort
50309
-job-worker-count
5
-background-job-worker-count
8
-asset-garbage-collectors
1
Successfully changed project path to: C:/Users/nako-/Desktop/Algorithmics Dosyalar/UnityProjeler/IslandEscape
C:/Users/nako-/Desktop/Algorithmics Dosyalar/UnityProjeler/IslandEscape
[UnityMemory] Configuration Parameters - Can be set up in boot.config
    "memorysetup-bucket-allocator-granularity=16"
    "memorysetup-bucket-allocator-bucket-count=8"
    "memorysetup-bucket-allocator-block-size=33554432"
    "memorysetup-bucket-allocator-block-count=8"
    "memorysetup-main-allocator-block-size=16777216"
    "memorysetup-thread-allocator-block-size=16777216"
    "memorysetup-gfx-main-allocator-block-size=16777216"
    "memorysetup-gfx-thread-allocator-block-size=16777216"
    "memorysetup-cache-allocator-block-size=4194304"
    "memorysetup-typetree-allocator-block-size=2097152"
    "memorysetup-profiler-bucket-allocator-granularity=16"
    "memorysetup-profiler-bucket-allocator-bucket-count=8"
    "memorysetup-profiler-bucket-allocator-block-size=33554432"
    "memorysetup-profiler-bucket-allocator-block-count=8"
    "memorysetup-profiler-allocator-block-size=16777216"
    "memorysetup-profiler-editor-allocator-block-size=1048576"
    "memorysetup-temp-allocator-size-main=16777216"
    "memorysetup-job-temp-allocator-block-size=2097152"
    "memorysetup-job-temp-allocator-block-size-background=1048576"
    "memorysetup-job-temp-allocator-reduction-small-platforms=262144"
    "memorysetup-allocator-temp-initial-block-size-main=262144"
    "memorysetup-allocator-temp-initial-block-size-worker=262144"
    "memorysetup-temp-allocator-size-background-worker=32768"
    "memorysetup-temp-allocator-size-job-worker=262144"
    "memorysetup-temp-allocator-size-preload-manager=33554432"
    "memorysetup-temp-allocator-size-nav-mesh-worker=65536"
    "memorysetup-temp-allocator-size-audio-worker=65536"
    "memorysetup-temp-allocator-size-cloud-worker=32768"
    "memorysetup-temp-allocator-size-gi-baking-worker=262144"
    "memorysetup-temp-allocator-size-gi-baking-worker=262144"
    "memorysetup-temp-allocator-size-gi-baking-worker=262144"
    "memorysetup-temp-allocator-size-gi-baking-worker=262144"
    "memorysetup-temp-allocator-size-gi-baking-worker=262144"
    "memorysetup-temp-allocator-size-gfx=262144"
Player connection [15784]  Target information:

Player connection [15784]  * "[IP] 192.168.1.71 [Port] 0 [Flags] 2 [Guid] 4260079839 [EditorId] 4260079839 [Version] 1048832 [Id] WindowsEditor(7,Okan) [Debug] 1 [PackageName] WindowsEditor [ProjectName] Editor" 

Player connection [15784] Host joined multi-casting on [225.0.0.222:54997]...
Player connection [15784] Host joined alternative multi-casting on [225.0.0.222:34997]...
JobSystem: Creating JobQueue using job-worker-count value 5
[Physics::Module] Initialized fallback backend.
[Physics::Module] Id: 0xdecafbad
Library Redirect Path: Library/
[Physics::Module] Selected backend.
[Physics::Module] Name: PhysX
[Physics::Module] Id: 0xf2b8ea05
[Physics::Module] SDK Version: 4.1.2
[Physics::Module] Integration Version: 1.0.0
[Physics::Module] Threading Mode: Multi-Threaded
Refreshing native plugins compatible for Editor in 80.58 ms, found 3 plugins.
Preloading 0 native plugins for Editor in 0.00 ms.
Initialize engine version: 6000.0.25f1 (4859ab7b5a49)
[Subsystems] Discovering subsystems at path C:/Program Files/Unity/Hub/Editor/6000.0.25f1/Editor/Data/Resources/UnitySubsystems
[Subsystems] Discovering subsystems at path C:/Users/nako-/Desktop/Algorithmics Dosyalar/UnityProjeler/IslandEscape/Assets
GfxDevice: creating device client; kGfxThreadingModeNonThreaded
Direct3D:
    Version:  Direct3D 11.0 [level 11.1]
    Renderer: NVIDIA GeForce RTX 3060 (ID=0x2504)
    Vendor:   NVIDIA
    VRAM:     12115 MB
    Driver:   32.0.15.6603
Initialize mono
Mono path[0] = 'C:/Program Files/Unity/Hub/Editor/6000.0.25f1/Editor/Data/Managed'
Mono path[1] = 'C:/Program Files/Unity/Hub/Editor/6000.0.25f1/Editor/Data/MonoBleedingEdge/lib/mono/unityjit-win32'
Mono config path = 'C:/Program Files/Unity/Hub/Editor/6000.0.25f1/Editor/Data/MonoBleedingEdge/etc'
Using monoOptions --debugger-agent=transport=dt_socket,embedding=1,server=y,suspend=n,address=127.0.0.1:56572
Begin MonoManager ReloadAssembly
Registering precompiled unity dll's ...
Register platform support module: C:/Program Files/Unity/Hub/Editor/6000.0.25f1/Editor/Data/PlaybackEngines/WindowsStandaloneSupport/UnityEditor.WindowsStandalone.Extensions.dll
Registered in 0.002172 seconds.
- Loaded All Assemblies, in  1.024 seconds
Native extension for WindowsStandalone target not found
Mono: successfully reloaded assembly
- Finished resetting the current domain, in  0.396 seconds
Domain Reload Profiling: 1419ms
	BeginReloadAssembly (152ms)
		ExecutionOrderSort (0ms)
		DisableScriptedObjects (0ms)
		BackupInstance (0ms)
		ReleaseScriptingObjects (0ms)
		CreateAndSetChildDomain (1ms)
	RebuildCommonClasses (238ms)
	RebuildNativeTypeToScriptingClass (13ms)
	initialDomainReloadingComplete (56ms)
	LoadAllAssembliesAndSetupDomain (564ms)
		LoadAssemblies (149ms)
		RebuildTransferFunctionScriptingTraits (0ms)
		AnalyzeDomain (561ms)
			TypeCache.Refresh (558ms)
				TypeCache.ScanAssembly (540ms)
			BuildScriptInfoCaches (0ms)
			ResolveRequiredComponents (1ms)
	FinalizeReload (397ms)
		ReleaseScriptCaches (0ms)
		RebuildScriptCaches (0ms)
		SetupLoadedEditorAssemblies (352ms)
			LogAssemblyErrors (0ms)
			InitializePlatformSupportModulesInManaged (28ms)
			SetLoadedEditorAssemblies (5ms)
			BeforeProcessingInitializeOnLoad (7ms)
			ProcessInitializeOnLoadAttributes (227ms)
			ProcessInitializeOnLoadMethodAttributes (80ms)
			AfterProcessingInitializeOnLoad (3ms)
			EditorAssembliesLoaded (0ms)
		ExecutionOrderSort2 (0ms)
		AwakeInstancesAfterBackupRestoration (0ms)
========================================================================
Worker process is ready to serve import requests
Import Worker Mode flag is 0x00
Begin MonoManager ReloadAssembly
- Loaded All Assemblies, in  2.279 seconds
Refreshing native plugins compatible for Editor in 1.05 ms, found 3 plugins.
Native extension for WindowsStandalone target not found
Mono: successfully reloaded assembly
- Finished resetting the current domain, in  1.016 seconds
Domain Reload Profiling: 3293ms
	BeginReloadAssembly (1680ms)
		ExecutionOrderSort (0ms)
		DisableScriptedObjects (7ms)
		BackupInstance (0ms)
		ReleaseScriptingObjects (0ms)
		CreateAndSetChildDomain (34ms)
	RebuildCommonClasses (44ms)
	RebuildNativeTypeToScriptingClass (11ms)
	initialDomainReloadingComplete (41ms)
	LoadAllAssembliesAndSetupDomain (501ms)
		LoadAssemblies (329ms)
		RebuildTransferFunctionScriptingTraits (0ms)
		AnalyzeDomain (291ms)
			TypeCache.Refresh (232ms)
				TypeCache.ScanAssembly (157ms)
			BuildScriptInfoCaches (51ms)
			ResolveRequiredComponents (5ms)
	FinalizeReload (1017ms)
		ReleaseScriptCaches (0ms)
		RebuildScriptCaches (0ms)
		SetupLoadedEditorAssemblies (771ms)
			LogAssemblyErrors (0ms)
			InitializePlatformSupportModulesInManaged (2ms)
			SetLoadedEditorAssemblies (9ms)
			BeforeProcessingInitializeOnLoad (47ms)
			ProcessInitializeOnLoadAttributes (681ms)
			ProcessInitializeOnLoadMethodAttributes (26ms)
			AfterProcessingInitializeOnLoad (7ms)
			EditorAssembliesLoaded (0ms)
		ExecutionOrderSort2 (0ms)
		AwakeInstancesAfterBackupRestoration (7ms)
Launched and connected shader compiler UnityShaderCompiler.exe after 0.02 seconds
Refreshing native plugins compatible for Editor in 1.07 ms, found 3 plugins.
Preloading 0 native plugins for Editor in 0.00 ms.
Unloading 9 Unused Serialized files (Serialized files now loaded: 0)
Unloading 3658 unused Assets / (1.5 MB). Loaded Objects now: 4259.
Memory consumption went from 119.8 MB to 118.3 MB.
Total: 8.539900 ms (FindLiveObjects: 0.427700 ms CreateObjectMapping: 0.337900 ms MarkObjects: 5.582500 ms  DeleteObjects: 2.189400 ms)

========================================================================
Received Prepare
Refreshing native plugins compatible for Editor in 0.89 ms, found 3 plugins.
Preloading 0 native plugins for Editor in 0.00 ms.
Unloading 0 Unused Serialized files (Serialized files now loaded: 0)
Unloading 3648 unused Assets / (0.8 MB). Loaded Objects now: 4258.
Memory consumption went from 115.8 MB to 115.0 MB.
Total: 6.091200 ms (FindLiveObjects: 0.396200 ms CreateObjectMapping: 0.216000 ms MarkObjects: 4.764900 ms  DeleteObjects: 0.713100 ms)

Prepare: number of updated asset objects reloaded= 0
========================================================================
Received Prepare
Begin MonoManager ReloadAssembly
- Loaded All Assemblies, in  0.692 seconds
Refreshing native plugins compatible for Editor in 1.12 ms, found 3 plugins.
Native extension for WindowsStandalone target not found
Mono: successfully reloaded assembly
- Finished resetting the current domain, in  0.926 seconds
Domain Reload Profiling: 1618ms
	BeginReloadAssembly (215ms)
		ExecutionOrderSort (0ms)
		DisableScriptedObjects (5ms)
		BackupInstance (0ms)
		ReleaseScriptingObjects (0ms)
		CreateAndSetChildDomain (51ms)
	RebuildCommonClasses (56ms)
	RebuildNativeTypeToScriptingClass (17ms)
	initialDomainReloadingComplete (32ms)
	LoadAllAssembliesAndSetupDomain (371ms)
		LoadAssemblies (320ms)
		RebuildTransferFunctionScriptingTraits (0ms)
		AnalyzeDomain (170ms)
			TypeCache.Refresh (8ms)
				TypeCache.ScanAssembly (0ms)
			BuildScriptInfoCaches (154ms)
			ResolveRequiredComponents (5ms)
	FinalizeReload (927ms)
		ReleaseScriptCaches (0ms)
		RebuildScriptCaches (0ms)
		SetupLoadedEditorAssemblies (674ms)
			LogAssemblyErrors (0ms)
			InitializePlatformSupportModulesInManaged (3ms)
			SetLoadedEditorAssemblies (4ms)
			BeforeProcessingInitializeOnLoad (63ms)
			ProcessInitializeOnLoadAttributes (579ms)
			ProcessInitializeOnLoadMethodAttributes (19ms)
			AfterProcessingInitializeOnLoad (6ms)
			EditorAssembliesLoaded (0ms)
		ExecutionOrderSort2 (0ms)
		AwakeInstancesAfterBackupRestoration (5ms)
Refreshing native plugins compatible for Editor in 0.86 ms, found 3 plugins.
Preloading 0 native plugins for Editor in 0.00 ms.
Unloading 1 Unused Serialized files (Serialized files now loaded: 0)
Unloading 3655 unused Assets / (0.7 MB). Loaded Objects now: 4259.
Memory consumption went from 117.4 MB to 116.7 MB.
Total: 6.070800 ms (FindLiveObjects: 0.349700 ms CreateObjectMapping: 0.210900 ms MarkObjects: 4.620200 ms  DeleteObjects: 0.889000 ms)

Prepare: number of updated asset objects reloaded= 0
========================================================================
Received Import Request.
  Time since last request: 1840.241809 seconds.
  path: Assets/IslandEscape/TropicalEnvironment/Textures/TropicalEnvironment_GodRay_02.png
  artifactKey: Guid(ae7eb9024a645f64095ee3b1dbfe8e1a) Importer(815301076,1909f56bfc062723c751e8b465ee728b)
Start importing Assets/IslandEscape/TropicalEnvironment/Textures/TropicalEnvironment_GodRay_02.png using Guid(ae7eb9024a645f64095ee3b1dbfe8e1a) Importer(815301076,1909f56bfc062723c751e8b465ee728b) (PreviewImporter) -> (artifact id: 'caf474aa58c635fea28c50ab70125a65') in 0.0741805 seconds
Number of updated asset objects reloaded before import = 0Number of asset objects unloaded after import = 2

========================================================================
Received Import Request.
  Time since last request: 0.000021 seconds.
  path: Assets/IslandEscape/TropicalEnvironment/Textures/TropicalEnvironment_Sand_02.png
  artifactKey: Guid(b60c9573909c02441b92b87e2064035e) Importer(815301076,1909f56bfc062723c751e8b465ee728b)
Start importing Assets/IslandEscape/TropicalEnvironment/Textures/TropicalEnvironment_Sand_02.png using Guid(b60c9573909c02441b92b87e2064035e) Importer(815301076,1909f56bfc062723c751e8b465ee728b) (PreviewImporter) -> (artifact id: 'dc0e0a3637cece3204820345ccc0fccb') in 0.0153787 seconds
Number of updated asset objects reloaded before import = 0Number of asset objects unloaded after import = 2

========================================================================
Received Import Request.
  Time since last request: 0.000050 seconds.
  path: Assets/IslandEscape/TropicalEnvironment/Textures/TropicalEnvironment_Texture_01.png
  artifactKey: Guid(f13565e5fcf0ab84293e6b60cab428e3) Importer(815301076,1909f56bfc062723c751e8b465ee728b)
Start importing Assets/IslandEscape/TropicalEnvironment/Textures/TropicalEnvironment_Texture_01.png using Guid(f13565e5fcf0ab84293e6b60cab428e3) Importer(815301076,1909f56bfc062723c751e8b465ee728b) (PreviewImporter) -> (artifact id: '74a54299d6811b896da81cb5c661b043') in 0.0179732 seconds
Number of updated asset objects reloaded before import = 0Number of asset objects unloaded after import = 2

========================================================================
Received Import Request.
  Time since last request: 0.000020 seconds.
  path: Assets/IslandEscape/TropicalEnvironment/Textures/TropicalEnvironment_Grass.png
  artifactKey: Guid(317a726f3f0764b488b8b28136b0182a) Importer(815301076,1909f56bfc062723c751e8b465ee728b)
Start importing Assets/IslandEscape/TropicalEnvironment/Textures/TropicalEnvironment_Grass.png using Guid(317a726f3f0764b488b8b28136b0182a) Importer(815301076,1909f56bfc062723c751e8b465ee728b) (PreviewImporter) -> (artifact id: 'dfaa01aa17c5d200d6ff57c9b39ba46e') in 0.0120389 seconds
Number of updated asset objects reloaded before import = 0Number of asset objects unloaded after import = 2

========================================================================
Received Import Request.
  Time since last request: 0.000019 seconds.
  path: Assets/IslandEscape/TropicalEnvironment/Textures/TropicalEnvironment_Grass_Normal.png
  artifactKey: Guid(8ad20270ddec2ec44a80d76236793df3) Importer(815301076,1909f56bfc062723c751e8b465ee728b)
Start importing Assets/IslandEscape/TropicalEnvironment/Textures/TropicalEnvironment_Grass_Normal.png using Guid(8ad20270ddec2ec44a80d76236793df3) Importer(815301076,1909f56bfc062723c751e8b465ee728b) (PreviewImporter) -> (artifact id: 'fd71b043b60ccb14c8c8e5e51fb51a83') in 0.0257 seconds
Number of updated asset objects reloaded before import = 0Number of asset objects unloaded after import = 2

========================================================================
Received Import Request.
  Time since last request: 5.149506 seconds.
  path: Assets/IslandEscape/TropicalEnvironment/Terrain/TerrainLayer/Sand_02.terrainlayer
  artifactKey: Guid(a70e07166e86ab44facbee427c79f4d6) Importer(815301076,1909f56bfc062723c751e8b465ee728b)
Start importing Assets/IslandEscape/TropicalEnvironment/Terrain/TerrainLayer/Sand_02.terrainlayer using Guid(a70e07166e86ab44facbee427c79f4d6) Importer(815301076,1909f56bfc062723c751e8b465ee728b) (PreviewImporter) -> (artifact id: '27c2c0c39c0b2cc61b4821d30ca14d25') in 0.0235021 seconds
Number of updated asset objects reloaded before import = 0Number of asset objects unloaded after import = 4

========================================================================
Received Import Request.
  Time since last request: 9.018464 seconds.
  path: Assets/IslandEscape/TropicalEnvironment/Prefabs/Vegetation/BananaTree_01.prefab
  artifactKey: Guid(ab9fd8dc245e60042ad5feacdd50db67) Importer(815301076,1909f56bfc062723c751e8b465ee728b)
Start importing Assets/IslandEscape/TropicalEnvironment/Prefabs/Vegetation/BananaTree_01.prefab using Guid(ab9fd8dc245e60042ad5feacdd50db67) Importer(815301076,1909f56bfc062723c751e8b465ee728b) (PreviewImporter) -> (artifact id: '492a905f405a2522a6c5cb7a8c269468') in 0.0513064 seconds
Number of updated asset objects reloaded before import = 0Number of asset objects unloaded after import = 23

========================================================================
Received Import Request.
  Time since last request: 0.000033 seconds.
  path: Assets/IslandEscape/TropicalEnvironment/Prefabs/Vegetation/CoralReef_02.prefab
  artifactKey: Guid(c90cbbce0d718984a9fb6c0129712541) Importer(815301076,1909f56bfc062723c751e8b465ee728b)
Start importing Assets/IslandEscape/TropicalEnvironment/Prefabs/Vegetation/CoralReef_02.prefab using Guid(c90cbbce0d718984a9fb6c0129712541) Importer(815301076,1909f56bfc062723c751e8b465ee728b) (PreviewImporter) -> (artifact id: 'fe40514bda9c1c22d88edad9532c6de0') in 0.0152018 seconds
Number of updated asset objects reloaded before import = 0Number of asset objects unloaded after import = 22

========================================================================
Received Import Request.
  Time since last request: 0.000018 seconds.
  path: Assets/IslandEscape/TropicalEnvironment/Prefabs/Vegetation/Starfish_01.prefab
  artifactKey: Guid(2617be884a80d7c4a8e2936ae28777b3) Importer(815301076,1909f56bfc062723c751e8b465ee728b)
Start importing Assets/IslandEscape/TropicalEnvironment/Prefabs/Vegetation/Starfish_01.prefab using Guid(2617be884a80d7c4a8e2936ae28777b3) Importer(815301076,1909f56bfc062723c751e8b465ee728b) (PreviewImporter) -> (artifact id: '4348d1ee9b2039df73531175a3baf02a') in 0.0166285 seconds
Number of updated asset objects reloaded before import = 0Number of asset objects unloaded after import = 22

========================================================================
Received Import Request.
  Time since last request: 0.000017 seconds.
  path: Assets/IslandEscape/TropicalEnvironment/Prefabs/Vegetation/CoralReef_01.prefab
  artifactKey: Guid(7d3b5c676cdae934b81b9564540a7db2) Importer(815301076,1909f56bfc062723c751e8b465ee728b)
Start importing Assets/IslandEscape/TropicalEnvironment/Prefabs/Vegetation/CoralReef_01.prefab using Guid(7d3b5c676cdae934b81b9564540a7db2) Importer(815301076,1909f56bfc062723c751e8b465ee728b) (PreviewImporter) -> (artifact id: '09c6928e94fb963075e9d6d2acbf99d2') in 0.0136998 seconds
Number of updated asset objects reloaded before import = 0Number of asset objects unloaded after import = 22

========================================================================
Received Import Request.
  Time since last request: 0.000019 seconds.
  path: Assets/IslandEscape/TropicalEnvironment/Prefabs/Vegetation/BananaTree_02.prefab
  artifactKey: Guid(efeb7b024c14a9245bc7bf63ddcc7713) Importer(815301076,1909f56bfc062723c751e8b465ee728b)
Start importing Assets/IslandEscape/TropicalEnvironment/Prefabs/Vegetation/BananaTree_02.prefab using Guid(efeb7b024c14a9245bc7bf63ddcc7713) Importer(815301076,1909f56bfc062723c751e8b465ee728b) (PreviewImporter) -> (artifact id: '39efd2bb30804c6cf74a7039316f7cd8') in 0.0158637 seconds
Number of updated asset objects reloaded before import = 0Number of asset objects unloaded after import = 23

========================================================================
Received Import Request.
  Time since last request: 0.000021 seconds.
  path: Assets/IslandEscape/TropicalEnvironment/Prefabs/Vegetation/PondPlant_06.prefab
  artifactKey: Guid(f67b4e859cf129a4fb28b6d875aa8ca0) Importer(815301076,1909f56bfc062723c751e8b465ee728b)
Start importing Assets/IslandEscape/TropicalEnvironment/Prefabs/Vegetation/PondPlant_06.prefab using Guid(f67b4e859cf129a4fb28b6d875aa8ca0) Importer(815301076,1909f56bfc062723c751e8b465ee728b) (PreviewImporter) -> (artifact id: '991eb9930892fe5bb1d77d52f555b939') in 0.0241299 seconds
Number of updated asset objects reloaded before import = 0Number of asset objects unloaded after import = 22

========================================================================
Received Import Request.
  Time since last request: 0.000018 seconds.
  path: Assets/IslandEscape/TropicalEnvironment/Prefabs/Vegetation/CoralReef_04.prefab
  artifactKey: Guid(76278ce2b26d6d541bcdd45985fd4208) Importer(815301076,1909f56bfc062723c751e8b465ee728b)
Start importing Assets/IslandEscape/TropicalEnvironment/Prefabs/Vegetation/CoralReef_04.prefab using Guid(76278ce2b26d6d541bcdd45985fd4208) Importer(815301076,1909f56bfc062723c751e8b465ee728b) (PreviewImporter) -> (artifact id: 'cab622231ea6934fd5604ba83fa3ec5f') in 0.0137297 seconds
Number of updated asset objects reloaded before import = 0Number of asset objects unloaded after import = 22

========================================================================
Received Import Request.
  Time since last request: 0.000017 seconds.
  path: Assets/IslandEscape/TropicalEnvironment/Prefabs/Vegetation/PalmTree_02.prefab
  artifactKey: Guid(684dd494b26690e46b0df39d7b1ab94f) Importer(815301076,1909f56bfc062723c751e8b465ee728b)
Start importing Assets/IslandEscape/TropicalEnvironment/Prefabs/Vegetation/PalmTree_02.prefab using Guid(684dd494b26690e46b0df39d7b1ab94f) Importer(815301076,1909f56bfc062723c751e8b465ee728b) (PreviewImporter) -> (artifact id: '962ed0662047cc1aa60d93af93c595d3') in 0.0175061 seconds
Number of updated asset objects reloaded before import = 0Number of asset objects unloaded after import = 23

========================================================================
Received Import Request.
  Time since last request: 0.000032 seconds.
  path: Assets/IslandEscape/TropicalEnvironment/Prefabs/Vegetation/PondPlant_03.prefab
  artifactKey: Guid(b7ea8859ae63f3943b7fa171bc0ab4f1) Importer(815301076,1909f56bfc062723c751e8b465ee728b)
Start importing Assets/IslandEscape/TropicalEnvironment/Prefabs/Vegetation/PondPlant_03.prefab using Guid(b7ea8859ae63f3943b7fa171bc0ab4f1) Importer(815301076,1909f56bfc062723c751e8b465ee728b) (PreviewImporter) -> (artifact id: '1fff47e34fc3dd62c9666f6577ca6513') in 0.0254584 seconds
Number of updated asset objects reloaded before import = 0Number of asset objects unloaded after import = 22

========================================================================
Received Import Request.
  Time since last request: 0.000027 seconds.
  path: Assets/IslandEscape/TropicalEnvironment/Prefabs/Vegetation/Plant_06.prefab
  artifactKey: Guid(a3672d06736c8c94dbccc03af417500b) Importer(815301076,1909f56bfc062723c751e8b465ee728b)
Start importing Assets/IslandEscape/TropicalEnvironment/Prefabs/Vegetation/Plant_06.prefab using Guid(a3672d06736c8c94dbccc03af417500b) Importer(815301076,1909f56bfc062723c751e8b465ee728b) (PreviewImporter) -> (artifact id: '9283e280c996be8879c4aa6f41bab4e3') in 0.0182821 seconds
Number of updated asset objects reloaded before import = 0Number of asset objects unloaded after import = 22

========================================================================
Received Import Request.
  Time since last request: 0.000022 seconds.
  path: Assets/IslandEscape/TropicalEnvironment/Prefabs/Vegetation/PalmTree_06.prefab
  artifactKey: Guid(bc3007b2f72558a4895576d14e0217f1) Importer(815301076,1909f56bfc062723c751e8b465ee728b)
Start importing Assets/IslandEscape/TropicalEnvironment/Prefabs/Vegetation/PalmTree_06.prefab using Guid(bc3007b2f72558a4895576d14e0217f1) Importer(815301076,1909f56bfc062723c751e8b465ee728b) (PreviewImporter) -> (artifact id: '38e550f07d180c4eb8677a10102a37d1') in 0.0145285 seconds
Number of updated asset objects reloaded before import = 0Number of asset objects unloaded after import = 23

========================================================================
Received Import Request.
  Time since last request: 0.000025 seconds.
  path: Assets/IslandEscape/TropicalEnvironment/Prefabs/Vegetation/CoralReef_03.prefab
  artifactKey: Guid(a2274b92eb3798246ac255fc164b1a06) Importer(815301076,1909f56bfc062723c751e8b465ee728b)
Start importing Assets/IslandEscape/TropicalEnvironment/Prefabs/Vegetation/CoralReef_03.prefab using Guid(a2274b92eb3798246ac255fc164b1a06) Importer(815301076,1909f56bfc062723c751e8b465ee728b) (PreviewImporter) -> (artifact id: '85a2f053237f9d1d3ee5b6bff6c85e70') in 0.0144385 seconds
Number of updated asset objects reloaded before import = 0Number of asset objects unloaded after import = 22

========================================================================
Received Import Request.
  Time since last request: 0.000017 seconds.
  path: Assets/IslandEscape/TropicalEnvironment/Prefabs/Vegetation/CoralReef_05.prefab
  artifactKey: Guid(ed82fe4dca0da3d468c5ddb42e830f30) Importer(815301076,1909f56bfc062723c751e8b465ee728b)
Start importing Assets/IslandEscape/TropicalEnvironment/Prefabs/Vegetation/CoralReef_05.prefab using Guid(ed82fe4dca0da3d468c5ddb42e830f30) Importer(815301076,1909f56bfc062723c751e8b465ee728b) (PreviewImporter) -> (artifact id: 'c24c1d23d5dba7ba44bbe6474fc46788') in 0.0161654 seconds
Number of updated asset objects reloaded before import = 0Number of asset objects unloaded after import = 22

========================================================================
Received Import Request.
  Time since last request: 0.000021 seconds.
  path: Assets/IslandEscape/TropicalEnvironment/Prefabs/Vegetation/Plant_02.prefab
  artifactKey: Guid(7fe0459257b024e43a13dcc06e81e799) Importer(815301076,1909f56bfc062723c751e8b465ee728b)
Start importing Assets/IslandEscape/TropicalEnvironment/Prefabs/Vegetation/Plant_02.prefab using Guid(7fe0459257b024e43a13dcc06e81e799) Importer(815301076,1909f56bfc062723c751e8b465ee728b) (PreviewImporter) -> (artifact id: '044391f365a3647cd1a39ba478558e73') in 0.0175308 seconds
Number of updated asset objects reloaded before import = 0Number of asset objects unloaded after import = 22

========================================================================
Received Import Request.
  Time since last request: 0.000018 seconds.
  path: Assets/IslandEscape/TropicalEnvironment/Prefabs/Vegetation/CoralReef_06.prefab
  artifactKey: Guid(5d39ea65dba532e4c9b48f0c52e7dcc8) Importer(815301076,1909f56bfc062723c751e8b465ee728b)
Start importing Assets/IslandEscape/TropicalEnvironment/Prefabs/Vegetation/CoralReef_06.prefab using Guid(5d39ea65dba532e4c9b48f0c52e7dcc8) Importer(815301076,1909f56bfc062723c751e8b465ee728b) (PreviewImporter) -> (artifact id: '4eda4d27fce8ca92f925d44efa49a64c') in 0.014143 seconds
Number of updated asset objects reloaded before import = 0Number of asset objects unloaded after import = 22

========================================================================
Received Import Request.
  Time since last request: 0.000021 seconds.
  path: Assets/IslandEscape/TropicalEnvironment/Prefabs/Vegetation/PondPlant_04.prefab
  artifactKey: Guid(d45679f56eded6d48961b7b3a04a7984) Importer(815301076,1909f56bfc062723c751e8b465ee728b)
Start importing Assets/IslandEscape/TropicalEnvironment/Prefabs/Vegetation/PondPlant_04.prefab using Guid(d45679f56eded6d48961b7b3a04a7984) Importer(815301076,1909f56bfc062723c751e8b465ee728b) (PreviewImporter) -> (artifact id: 'ad9bc5738e37e0cbd32fa03d0e4ff97a') in 0.0233792 seconds
Number of updated asset objects reloaded before import = 0Number of asset objects unloaded after import = 22

========================================================================
Received Import Request.
  Time since last request: 0.000021 seconds.
  path: Assets/IslandEscape/TropicalEnvironment/Prefabs/Vegetation/Plant_04.prefab
  artifactKey: Guid(f3740ce5a02138247bc7f8562e8a2f42) Importer(815301076,1909f56bfc062723c751e8b465ee728b)
Start importing Assets/IslandEscape/TropicalEnvironment/Prefabs/Vegetation/Plant_04.prefab using Guid(f3740ce5a02138247bc7f8562e8a2f42) Importer(815301076,1909f56bfc062723c751e8b465ee728b) (PreviewImporter) -> (artifact id: 'f57823d554dcee21f137d9abca0e6eb0') in 0.0135727 seconds
Number of updated asset objects reloaded before import = 0Number of asset objects unloaded after import = 22

========================================================================
Received Import Request.
  Time since last request: 0.000024 seconds.
  path: Assets/IslandEscape/TropicalEnvironment/Prefabs/Vegetation/PalmTree_04.prefab
  artifactKey: Guid(e5b2e2bfef8c89b4ea13821b8efccebb) Importer(815301076,1909f56bfc062723c751e8b465ee728b)
Start importing Assets/IslandEscape/TropicalEnvironment/Prefabs/Vegetation/PalmTree_04.prefab using Guid(e5b2e2bfef8c89b4ea13821b8efccebb) Importer(815301076,1909f56bfc062723c751e8b465ee728b) (PreviewImporter) -> (artifact id: 'd2545378ffe01e0e1d791224f5a7d4e0') in 0.0204026 seconds
Number of updated asset objects reloaded before import = 0Number of asset objects unloaded after import = 23

========================================================================
Received Import Request.
  Time since last request: 0.000026 seconds.
  path: Assets/IslandEscape/TropicalEnvironment/Prefabs/Vegetation/Seaweed_02.prefab
  artifactKey: Guid(f3d8f61997d4e4c4686bdc61bbb54eb0) Importer(815301076,1909f56bfc062723c751e8b465ee728b)
Start importing Assets/IslandEscape/TropicalEnvironment/Prefabs/Vegetation/Seaweed_02.prefab using Guid(f3d8f61997d4e4c4686bdc61bbb54eb0) Importer(815301076,1909f56bfc062723c751e8b465ee728b) (PreviewImporter) -> (artifact id: '9c2ceda7c011b3add9c31127e6b53256') in 0.0162137 seconds
Number of updated asset objects reloaded before import = 0Number of asset objects unloaded after import = 22

========================================================================
Received Import Request.
  Time since last request: 0.000020 seconds.
  path: Assets/IslandEscape/TropicalEnvironment/Prefabs/Vegetation/CoralReef_08.prefab
  artifactKey: Guid(9ba99c8ece7ea8642a101d3634208825) Importer(815301076,1909f56bfc062723c751e8b465ee728b)
Start importing Assets/IslandEscape/TropicalEnvironment/Prefabs/Vegetation/CoralReef_08.prefab using Guid(9ba99c8ece7ea8642a101d3634208825) Importer(815301076,1909f56bfc062723c751e8b465ee728b) (PreviewImporter) -> (artifact id: '9910e162e66d79317fd9c7e7f94ffd2f') in 0.0177422 seconds
Number of updated asset objects reloaded before import = 0Number of asset objects unloaded after import = 22

========================================================================
Received Import Request.
  Time since last request: 0.000063 seconds.
  path: Assets/IslandEscape/TropicalEnvironment/Prefabs/Vegetation/Flower_03.prefab
  artifactKey: Guid(75f797e5f81dfc14083d5964c67e21a9) Importer(815301076,1909f56bfc062723c751e8b465ee728b)
Start importing Assets/IslandEscape/TropicalEnvironment/Prefabs/Vegetation/Flower_03.prefab using Guid(75f797e5f81dfc14083d5964c67e21a9) Importer(815301076,1909f56bfc062723c751e8b465ee728b) (PreviewImporter) -> (artifact id: 'ec212b79de2b697089088ab29933d5d6') in 0.0177069 seconds
Number of updated asset objects reloaded before import = 0Number of asset objects unloaded after import = 23

========================================================================
Received Import Request.
  Time since last request: 0.000024 seconds.
  path: Assets/IslandEscape/TropicalEnvironment/Prefabs/Vegetation/Grass_02.prefab
  artifactKey: Guid(d7558a143c7c8b345a5fcdd5d1dfd2dd) Importer(815301076,1909f56bfc062723c751e8b465ee728b)
Start importing Assets/IslandEscape/TropicalEnvironment/Prefabs/Vegetation/Grass_02.prefab using Guid(d7558a143c7c8b345a5fcdd5d1dfd2dd) Importer(815301076,1909f56bfc062723c751e8b465ee728b) (PreviewImporter) -> (artifact id: 'e03f7c13347752a4a0cf0d4886694402') in 0.0130331 seconds
Number of updated asset objects reloaded before import = 0Number of asset objects unloaded after import = 22

========================================================================
Received Import Request.
  Time since last request: 12.641362 seconds.
  path: Assets/IslandEscape/TropicalEnvironment/Prefabs/Ancient/Brick_03.prefab
  artifactKey: Guid(cd2b01af357fb3d459c3b83f21c586bf) Importer(815301076,1909f56bfc062723c751e8b465ee728b)
Start importing Assets/IslandEscape/TropicalEnvironment/Prefabs/Ancient/Brick_03.prefab using Guid(cd2b01af357fb3d459c3b83f21c586bf) Importer(815301076,1909f56bfc062723c751e8b465ee728b) (PreviewImporter) -> (artifact id: '6fd12dc5dbdf479b75d0df2880ecec66') in 0.0158543 seconds
Number of updated asset objects reloaded before import = 0Number of asset objects unloaded after import = 18

========================================================================
Received Import Request.
  Time since last request: 0.000017 seconds.
  path: Assets/IslandEscape/TropicalEnvironment/Prefabs/Ancient/Column_03.prefab
  artifactKey: Guid(87035abbacee33e49a0e6cf8d5fc6c5a) Importer(815301076,1909f56bfc062723c751e8b465ee728b)
Start importing Assets/IslandEscape/TropicalEnvironment/Prefabs/Ancient/Column_03.prefab using Guid(87035abbacee33e49a0e6cf8d5fc6c5a) Importer(815301076,1909f56bfc062723c751e8b465ee728b) (PreviewImporter) -> (artifact id: '8a229871985d0999ee695ffed6335674') in 0.0164694 seconds
Number of updated asset objects reloaded before import = 0Number of asset objects unloaded after import = 18

========================================================================
Received Import Request.
  Time since last request: 0.000020 seconds.
  path: Assets/IslandEscape/TropicalEnvironment/Prefabs/Ancient/Crystal_02.prefab
  artifactKey: Guid(b3109d86e2d58d9449dcd45f3fc2c799) Importer(815301076,1909f56bfc062723c751e8b465ee728b)
Start importing Assets/IslandEscape/TropicalEnvironment/Prefabs/Ancient/Crystal_02.prefab using Guid(b3109d86e2d58d9449dcd45f3fc2c799) Importer(815301076,1909f56bfc062723c751e8b465ee728b) (PreviewImporter) -> (artifact id: 'e9de4c0393b7a38b198bd30b22e32963') in 0.020434 seconds
Number of updated asset objects reloaded before import = 0Number of asset objects unloaded after import = 18

========================================================================
Received Import Request.
  Time since last request: 0.000017 seconds.
  path: Assets/IslandEscape/TropicalEnvironment/Prefabs/Ancient/Crystal_06.prefab
  artifactKey: Guid(a6c2b6f8332d1604c851aea19c6e219e) Importer(815301076,1909f56bfc062723c751e8b465ee728b)
Start importing Assets/IslandEscape/TropicalEnvironment/Prefabs/Ancient/Crystal_06.prefab using Guid(a6c2b6f8332d1604c851aea19c6e219e) Importer(815301076,1909f56bfc062723c751e8b465ee728b) (PreviewImporter) -> (artifact id: '34e93a39718f5f1bfef184453f9cb2d0') in 0.0155551 seconds
Number of updated asset objects reloaded before import = 0Number of asset objects unloaded after import = 18

========================================================================
Received Import Request.
  Time since last request: 0.000018 seconds.
  path: Assets/IslandEscape/TropicalEnvironment/Prefabs/Ancient/Cube_03.prefab
  artifactKey: Guid(95b45a4bdc903aa4abf5a84630838552) Importer(815301076,1909f56bfc062723c751e8b465ee728b)
Start importing Assets/IslandEscape/TropicalEnvironment/Prefabs/Ancient/Cube_03.prefab using Guid(95b45a4bdc903aa4abf5a84630838552) Importer(815301076,1909f56bfc062723c751e8b465ee728b) (PreviewImporter) -> (artifact id: '6c0aeabfe10d59a4776d792743edcc16') in 0.0170428 seconds
Number of updated asset objects reloaded before import = 0Number of asset objects unloaded after import = 18

========================================================================
Received Import Request.
  Time since last request: 0.000021 seconds.
  path: Assets/IslandEscape/TropicalEnvironment/Prefabs/Ancient/Stairs_02.prefab
  artifactKey: Guid(f0ddce606f636a9459e0e1859e6e1b97) Importer(815301076,1909f56bfc062723c751e8b465ee728b)
Start importing Assets/IslandEscape/TropicalEnvironment/Prefabs/Ancient/Stairs_02.prefab using Guid(f0ddce606f636a9459e0e1859e6e1b97) Importer(815301076,1909f56bfc062723c751e8b465ee728b) (PreviewImporter) -> (artifact id: '3064927215cad6a379b04f54a35d4f34') in 0.0198238 seconds
Number of updated asset objects reloaded before import = 0Number of asset objects unloaded after import = 18

========================================================================
Received Import Request.
  Time since last request: 0.000023 seconds.
  path: Assets/IslandEscape/TropicalEnvironment/Prefabs/Ancient/Tile_03.prefab
  artifactKey: Guid(b32123b450e1a1d4c9f9825a24d5886e) Importer(815301076,1909f56bfc062723c751e8b465ee728b)
Start importing Assets/IslandEscape/TropicalEnvironment/Prefabs/Ancient/Tile_03.prefab using Guid(b32123b450e1a1d4c9f9825a24d5886e) Importer(815301076,1909f56bfc062723c751e8b465ee728b) (PreviewImporter) -> (artifact id: '42328fe383f2ecaa62505991a7fef366') in 0.0160155 seconds
Number of updated asset objects reloaded before import = 0Number of asset objects unloaded after import = 18

========================================================================
Received Import Request.
  Time since last request: 0.000025 seconds.
  path: Assets/IslandEscape/TropicalEnvironment/Prefabs/Ancient/Tile_06.prefab
  artifactKey: Guid(95a88b4dcbd6f804099c2e4fa98ff03d) Importer(815301076,1909f56bfc062723c751e8b465ee728b)
Start importing Assets/IslandEscape/TropicalEnvironment/Prefabs/Ancient/Tile_06.prefab using Guid(95a88b4dcbd6f804099c2e4fa98ff03d) Importer(815301076,1909f56bfc062723c751e8b465ee728b) (PreviewImporter) -> (artifact id: '0a148c784e3c511121dfca789a36c70c') in 0.0183409 seconds
Number of updated asset objects reloaded before import = 0Number of asset objects unloaded after import = 18

========================================================================
Received Import Request.
  Time since last request: 0.000028 seconds.
  path: Assets/IslandEscape/TropicalEnvironment/Prefabs/Ancient/Tile_04.prefab
  artifactKey: Guid(491338bfd2759184f9dd8b054d126c1c) Importer(815301076,1909f56bfc062723c751e8b465ee728b)
Start importing Assets/IslandEscape/TropicalEnvironment/Prefabs/Ancient/Tile_04.prefab using Guid(491338bfd2759184f9dd8b054d126c1c) Importer(815301076,1909f56bfc062723c751e8b465ee728b) (PreviewImporter) -> (artifact id: '5a977f9f7fad348236921dde3ea20409') in 0.0187784 seconds
Number of updated asset objects reloaded before import = 0Number of asset objects unloaded after import = 18

========================================================================
Received Import Request.
  Time since last request: 53.741045 seconds.
  path: Assets/IslandEscape/TropicalEnvironment/Prefabs/Rocks/Cave_03.prefab
  artifactKey: Guid(fb1cb0e0e3adf714cafe4f4e2e850117) Importer(815301076,1909f56bfc062723c751e8b465ee728b)
Start importing Assets/IslandEscape/TropicalEnvironment/Prefabs/Rocks/Cave_03.prefab using Guid(fb1cb0e0e3adf714cafe4f4e2e850117) Importer(815301076,1909f56bfc062723c751e8b465ee728b) (PreviewImporter) -> (artifact id: '0af37702860d5f1560e92528081394cb') in 0.0189438 seconds
Number of updated asset objects reloaded before import = 0Number of asset objects unloaded after import = 18

========================================================================
Received Import Request.
  Time since last request: 0.000044 seconds.
  path: Assets/IslandEscape/TropicalEnvironment/Prefabs/Rocks/Cave_06.prefab
  artifactKey: Guid(908c31697630e454da5bdef9b7521b1f) Importer(815301076,1909f56bfc062723c751e8b465ee728b)
Start importing Assets/IslandEscape/TropicalEnvironment/Prefabs/Rocks/Cave_06.prefab using Guid(908c31697630e454da5bdef9b7521b1f) Importer(815301076,1909f56bfc062723c751e8b465ee728b) (PreviewImporter) -> (artifact id: 'd453b984ac531142ccc896b451ccced3') in 0.0182329 seconds
Number of updated asset objects reloaded before import = 0Number of asset objects unloaded after import = 18

========================================================================
Received Import Request.
  Time since last request: 0.000020 seconds.
  path: Assets/IslandEscape/TropicalEnvironment/Prefabs/Rocks/Cave_09.prefab
  artifactKey: Guid(84954b933589a8246b7823ec4e9c3c88) Importer(815301076,1909f56bfc062723c751e8b465ee728b)
Start importing Assets/IslandEscape/TropicalEnvironment/Prefabs/Rocks/Cave_09.prefab using Guid(84954b933589a8246b7823ec4e9c3c88) Importer(815301076,1909f56bfc062723c751e8b465ee728b) (PreviewImporter) -> (artifact id: '546071d4cb1b9dde3eace9a44d6a047a') in 0.0181556 seconds
Number of updated asset objects reloaded before import = 0Number of asset objects unloaded after import = 18

========================================================================
Received Import Request.
  Time since last request: 0.000018 seconds.
  path: Assets/IslandEscape/TropicalEnvironment/Prefabs/Rocks/Cave_11.prefab
  artifactKey: Guid(8cb601bdb05201240bb8c495835fd787) Importer(815301076,1909f56bfc062723c751e8b465ee728b)
Start importing Assets/IslandEscape/TropicalEnvironment/Prefabs/Rocks/Cave_11.prefab using Guid(8cb601bdb05201240bb8c495835fd787) Importer(815301076,1909f56bfc062723c751e8b465ee728b) (PreviewImporter) -> (artifact id: '18bebe7c53dd601c810a9a6c7515e8fe') in 0.0168589 seconds
Number of updated asset objects reloaded before import = 0Number of asset objects unloaded after import = 18

========================================================================
Received Import Request.
  Time since last request: 0.000015 seconds.
  path: Assets/IslandEscape/TropicalEnvironment/Prefabs/Rocks/Rock_03.prefab
  artifactKey: Guid(98a51e6cc43955240ab513ff354fd8b1) Importer(815301076,1909f56bfc062723c751e8b465ee728b)
Start importing Assets/IslandEscape/TropicalEnvironment/Prefabs/Rocks/Rock_03.prefab using Guid(98a51e6cc43955240ab513ff354fd8b1) Importer(815301076,1909f56bfc062723c751e8b465ee728b) (PreviewImporter) -> (artifact id: '9846ecdd8928bc5d10af444b96c879c6') in 0.0175408 seconds
Number of updated asset objects reloaded before import = 0Number of asset objects unloaded after import = 17

========================================================================
Received Import Request.
  Time since last request: 0.000029 seconds.
  path: Assets/IslandEscape/TropicalEnvironment/Prefabs/Rocks/Rock_04.prefab
  artifactKey: Guid(73c0e51fb4df33a49bfa18b2fd6aff10) Importer(815301076,1909f56bfc062723c751e8b465ee728b)
Start importing Assets/IslandEscape/TropicalEnvironment/Prefabs/Rocks/Rock_04.prefab using Guid(73c0e51fb4df33a49bfa18b2fd6aff10) Importer(815301076,1909f56bfc062723c751e8b465ee728b) (PreviewImporter) -> (artifact id: 'efed2834f12a6d6639a15b95dab74373') in 0.0169831 seconds
Number of updated asset objects reloaded before import = 0Number of asset objects unloaded after import = 17

========================================================================
Received Import Request.
  Time since last request: 0.000021 seconds.
  path: Assets/IslandEscape/TropicalEnvironment/Prefabs/Rocks/Rock_10.prefab
  artifactKey: Guid(d211c2dbb1665434ea45de8c81b0831d) Importer(815301076,1909f56bfc062723c751e8b465ee728b)
Start importing Assets/IslandEscape/TropicalEnvironment/Prefabs/Rocks/Rock_10.prefab using Guid(d211c2dbb1665434ea45de8c81b0831d) Importer(815301076,1909f56bfc062723c751e8b465ee728b) (PreviewImporter) -> (artifact id: 'd76ba2fac4ae954442df58f724ec5838') in 0.0164027 seconds
Number of updated asset objects reloaded before import = 0Number of asset objects unloaded after import = 17

========================================================================
Received Import Request.
  Time since last request: 0.000025 seconds.
  path: Assets/IslandEscape/TropicalEnvironment/Prefabs/Rocks/Rock_12.prefab
  artifactKey: Guid(c59fa2f4435253e4493e09fca50a5163) Importer(815301076,1909f56bfc062723c751e8b465ee728b)
Start importing Assets/IslandEscape/TropicalEnvironment/Prefabs/Rocks/Rock_12.prefab using Guid(c59fa2f4435253e4493e09fca50a5163) Importer(815301076,1909f56bfc062723c751e8b465ee728b) (PreviewImporter) -> (artifact id: 'a8c995a899e5e23ecf178e9d1588b59a') in 0.0193284 seconds
Number of updated asset objects reloaded before import = 0Number of asset objects unloaded after import = 17

========================================================================
Received Import Request.
  Time since last request: 0.000018 seconds.
  path: Assets/IslandEscape/TropicalEnvironment/Prefabs/Rocks/Rock_15.prefab
  artifactKey: Guid(f6e0b56a8e1505b468eba155e64f646a) Importer(815301076,1909f56bfc062723c751e8b465ee728b)
Start importing Assets/IslandEscape/TropicalEnvironment/Prefabs/Rocks/Rock_15.prefab using Guid(f6e0b56a8e1505b468eba155e64f646a) Importer(815301076,1909f56bfc062723c751e8b465ee728b) (PreviewImporter) -> (artifact id: '0c2caefbbb7e4d18448e93db9edaeaf5') in 0.0223663 seconds
Number of updated asset objects reloaded before import = 0Number of asset objects unloaded after import = 17

========================================================================
Received Import Request.
  Time since last request: 1.731957 seconds.
  path: Assets/IslandEscape/TropicalEnvironment/Prefabs/Props/Barrel_02.prefab
  artifactKey: Guid(71f74a2e671347140b0619cf6fc58e5a) Importer(815301076,1909f56bfc062723c751e8b465ee728b)
Start importing Assets/IslandEscape/TropicalEnvironment/Prefabs/Props/Barrel_02.prefab using Guid(71f74a2e671347140b0619cf6fc58e5a) Importer(815301076,1909f56bfc062723c751e8b465ee728b) (PreviewImporter) -> (artifact id: '082d5848bbe451cdc6116b6054aa705d') in 0.0149643 seconds
Number of updated asset objects reloaded before import = 0Number of asset objects unloaded after import = 23

========================================================================
Received Import Request.
  Time since last request: 0.000020 seconds.
  path: Assets/IslandEscape/TropicalEnvironment/Prefabs/Props/Bottle_01.prefab
  artifactKey: Guid(3b35bbefbcd640947b6e91a43ab21400) Importer(815301076,1909f56bfc062723c751e8b465ee728b)
Start importing Assets/IslandEscape/TropicalEnvironment/Prefabs/Props/Bottle_01.prefab using Guid(3b35bbefbcd640947b6e91a43ab21400) Importer(815301076,1909f56bfc062723c751e8b465ee728b) (PreviewImporter) -> (artifact id: 'd0981c73d1f190a373e09e128be0c603') in 0.0165348 seconds
Number of updated asset objects reloaded before import = 0Number of asset objects unloaded after import = 18

========================================================================
Received Import Request.
  Time since last request: 0.000021 seconds.
  path: Assets/IslandEscape/TropicalEnvironment/Prefabs/Props/Bottle_04.prefab
  artifactKey: Guid(8ec53e6027a29c74db84b9c8edf674d1) Importer(815301076,1909f56bfc062723c751e8b465ee728b)
Start importing Assets/IslandEscape/TropicalEnvironment/Prefabs/Props/Bottle_04.prefab using Guid(8ec53e6027a29c74db84b9c8edf674d1) Importer(815301076,1909f56bfc062723c751e8b465ee728b) (PreviewImporter) -> (artifact id: '30449f8fe61575a8c47b26d60adb4d64') in 0.0192397 seconds
Number of updated asset objects reloaded before import = 0Number of asset objects unloaded after import = 18

========================================================================
Received Import Request.
  Time since last request: 0.000024 seconds.
  path: Assets/IslandEscape/TropicalEnvironment/Prefabs/Props/Bottle_08.prefab
  artifactKey: Guid(4f9625bd7ebf8af4eaa5d86ef4e91ec1) Importer(815301076,1909f56bfc062723c751e8b465ee728b)
Start importing Assets/IslandEscape/TropicalEnvironment/Prefabs/Props/Bottle_08.prefab using Guid(4f9625bd7ebf8af4eaa5d86ef4e91ec1) Importer(815301076,1909f56bfc062723c751e8b465ee728b) (PreviewImporter) -> (artifact id: '3a89b40d5a9753b69fe714c02080f7d2') in 0.016218 seconds
Number of updated asset objects reloaded before import = 0Number of asset objects unloaded after import = 18

========================================================================
Received Import Request.
  Time since last request: 0.000017 seconds.
  path: Assets/IslandEscape/TropicalEnvironment/Prefabs/Props/Bottle_11.prefab
  artifactKey: Guid(a216c357ac2b6aa48b034225b8a4a2f3) Importer(815301076,1909f56bfc062723c751e8b465ee728b)
Start importing Assets/IslandEscape/TropicalEnvironment/Prefabs/Props/Bottle_11.prefab using Guid(a216c357ac2b6aa48b034225b8a4a2f3) Importer(815301076,1909f56bfc062723c751e8b465ee728b) (PreviewImporter) -> (artifact id: 'd3e8a20209c9d60b6ebedda7f3e9cd8d') in 0.0160558 seconds
Number of updated asset objects reloaded before import = 0Number of asset objects unloaded after import = 18

========================================================================
Received Import Request.
  Time since last request: 0.000021 seconds.
  path: Assets/IslandEscape/TropicalEnvironment/Prefabs/Props/Bottle_14.prefab
  artifactKey: Guid(fcb5e473d98c728479c5a323e1fe2fb2) Importer(815301076,1909f56bfc062723c751e8b465ee728b)
Start importing Assets/IslandEscape/TropicalEnvironment/Prefabs/Props/Bottle_14.prefab using Guid(fcb5e473d98c728479c5a323e1fe2fb2) Importer(815301076,1909f56bfc062723c751e8b465ee728b) (PreviewImporter) -> (artifact id: '161172706e69b8f55592c35aca1a7214') in 0.0186562 seconds
Number of updated asset objects reloaded before import = 0Number of asset objects unloaded after import = 18

========================================================================
Received Import Request.
  Time since last request: 0.000028 seconds.
  path: Assets/IslandEscape/TropicalEnvironment/Prefabs/Props/Box_01.prefab
  artifactKey: Guid(7554170ad49a74147aaa826e51f06e15) Importer(815301076,1909f56bfc062723c751e8b465ee728b)
Start importing Assets/IslandEscape/TropicalEnvironment/Prefabs/Props/Box_01.prefab using Guid(7554170ad49a74147aaa826e51f06e15) Importer(815301076,1909f56bfc062723c751e8b465ee728b) (PreviewImporter) -> (artifact id: '29a2b6589cf30b37257d98030efed808') in 0.020057 seconds
Number of updated asset objects reloaded before import = 0Number of asset objects unloaded after import = 18

========================================================================
Received Import Request.
  Time since last request: 0.000029 seconds.
  path: Assets/IslandEscape/TropicalEnvironment/Prefabs/Props/Cannon.prefab
  artifactKey: Guid(9461b3e5bbdaf4c4793ca450afe9a0b1) Importer(815301076,1909f56bfc062723c751e8b465ee728b)
Start importing Assets/IslandEscape/TropicalEnvironment/Prefabs/Props/Cannon.prefab using Guid(9461b3e5bbdaf4c4793ca450afe9a0b1) Importer(815301076,1909f56bfc062723c751e8b465ee728b) (PreviewImporter) -> (artifact id: 'f820a5a825e5c7253bfd933ed6c3f4b5') in 0.0189977 seconds
Number of updated asset objects reloaded before import = 0Number of asset objects unloaded after import = 73

========================================================================
Received Import Request.
  Time since last request: 0.000033 seconds.
  path: Assets/IslandEscape/TropicalEnvironment/Prefabs/Props/Chest_02.prefab
  artifactKey: Guid(7fad96a991d51a24ba67e360e44175bc) Importer(815301076,1909f56bfc062723c751e8b465ee728b)
Start importing Assets/IslandEscape/TropicalEnvironment/Prefabs/Props/Chest_02.prefab using Guid(7fad96a991d51a24ba67e360e44175bc) Importer(815301076,1909f56bfc062723c751e8b465ee728b) (PreviewImporter) -> (artifact id: 'a7d68ec4f24754223a6fb47937f781ab') in 0.0184514 seconds
Number of updated asset objects reloaded before import = 0Number of asset objects unloaded after import = 39

========================================================================
Received Import Request.
  Time since last request: 0.000022 seconds.
  path: Assets/IslandEscape/TropicalEnvironment/Prefabs/Props/Coconut_01.prefab
  artifactKey: Guid(5a84acb28408ee4498cb58d34f311adb) Importer(815301076,1909f56bfc062723c751e8b465ee728b)
Start importing Assets/IslandEscape/TropicalEnvironment/Prefabs/Props/Coconut_01.prefab using Guid(5a84acb28408ee4498cb58d34f311adb) Importer(815301076,1909f56bfc062723c751e8b465ee728b) (PreviewImporter) -> (artifact id: '5801a0cf84a35941bba42ee398368616') in 0.016573 seconds
Number of updated asset objects reloaded before import = 0Number of asset objects unloaded after import = 25

========================================================================
Received Import Request.
  Time since last request: 0.000027 seconds.
  path: Assets/IslandEscape/TropicalEnvironment/Prefabs/Props/Coin_01.prefab
  artifactKey: Guid(9e909ae7bb485814ea6e0987a45c3e12) Importer(815301076,1909f56bfc062723c751e8b465ee728b)
Start importing Assets/IslandEscape/TropicalEnvironment/Prefabs/Props/Coin_01.prefab using Guid(9e909ae7bb485814ea6e0987a45c3e12) Importer(815301076,1909f56bfc062723c751e8b465ee728b) (PreviewImporter) -> (artifact id: '84ad4d9997e4fb764cd31cd48fc8145e') in 0.0210583 seconds
Number of updated asset objects reloaded before import = 0Number of asset objects unloaded after import = 10

========================================================================
Received Import Request.
  Time since last request: 0.000030 seconds.
  path: Assets/IslandEscape/TropicalEnvironment/Prefabs/Props/Diamond_02.prefab
  artifactKey: Guid(69553dd58a24c4c49bd2f6193ab6bff2) Importer(815301076,1909f56bfc062723c751e8b465ee728b)
Start importing Assets/IslandEscape/TropicalEnvironment/Prefabs/Props/Diamond_02.prefab using Guid(69553dd58a24c4c49bd2f6193ab6bff2) Importer(815301076,1909f56bfc062723c751e8b465ee728b) (PreviewImporter) -> (artifact id: 'b23e6915a4cd81f9d8d5ecd9e81b186c') in 0.0192718 seconds
Number of updated asset objects reloaded before import = 0Number of asset objects unloaded after import = 18

========================================================================
Received Import Request.
  Time since last request: 0.000020 seconds.
  path: Assets/IslandEscape/TropicalEnvironment/Prefabs/Props/DryingFish.prefab
  artifactKey: Guid(6c19af3d5b8396946bcd5ad6c50331c2) Importer(815301076,1909f56bfc062723c751e8b465ee728b)
Start importing Assets/IslandEscape/TropicalEnvironment/Prefabs/Props/DryingFish.prefab using Guid(6c19af3d5b8396946bcd5ad6c50331c2) Importer(815301076,1909f56bfc062723c751e8b465ee728b) (PreviewImporter) -> (artifact id: 'cf4ddb7ea139807e2d624b0a42bdfd55') in 0.0190991 seconds
Number of updated asset objects reloaded before import = 0Number of asset objects unloaded after import = 23

========================================================================
Received Import Request.
  Time since last request: 0.000022 seconds.
  path: Assets/IslandEscape/TropicalEnvironment/Prefabs/Props/Fence_02.prefab
  artifactKey: Guid(e778a3af353e47145bcf2750f2591f17) Importer(815301076,1909f56bfc062723c751e8b465ee728b)
Start importing Assets/IslandEscape/TropicalEnvironment/Prefabs/Props/Fence_02.prefab using Guid(e778a3af353e47145bcf2750f2591f17) Importer(815301076,1909f56bfc062723c751e8b465ee728b) (PreviewImporter) -> (artifact id: '7d71c249bf7527cb2fb152a43a067813') in 0.0191548 seconds
Number of updated asset objects reloaded before import = 0Number of asset objects unloaded after import = 23

========================================================================
Received Import Request.
  Time since last request: 0.000022 seconds.
  path: Assets/IslandEscape/TropicalEnvironment/Prefabs/Props/Fireplace_01.prefab
  artifactKey: Guid(75ded6f86dc220d42a9a2f885639b2e1) Importer(815301076,1909f56bfc062723c751e8b465ee728b)
Start importing Assets/IslandEscape/TropicalEnvironment/Prefabs/Props/Fireplace_01.prefab using Guid(75ded6f86dc220d42a9a2f885639b2e1) Importer(815301076,1909f56bfc062723c751e8b465ee728b) (PreviewImporter) -> (artifact id: '7cc1f7ed652255000158d336d853e8c9') in 0.0185215 seconds
Number of updated asset objects reloaded before import = 0Number of asset objects unloaded after import = 23

========================================================================
Received Import Request.
  Time since last request: 0.000018 seconds.
  path: Assets/IslandEscape/TropicalEnvironment/Prefabs/Props/Fish_03.prefab
  artifactKey: Guid(66614b6f9f74f994d9a5dbde277b9d6c) Importer(815301076,1909f56bfc062723c751e8b465ee728b)
Start importing Assets/IslandEscape/TropicalEnvironment/Prefabs/Props/Fish_03.prefab using Guid(66614b6f9f74f994d9a5dbde277b9d6c) Importer(815301076,1909f56bfc062723c751e8b465ee728b) (PreviewImporter) -> (artifact id: '69aafd12043d5a7c130caa18d306e3c9') in 0.0185215 seconds
Number of updated asset objects reloaded before import = 0Number of asset objects unloaded after import = 18

========================================================================
Received Import Request.
  Time since last request: 0.000022 seconds.
  path: Assets/IslandEscape/TropicalEnvironment/Prefabs/Props/Grenade_01.prefab
  artifactKey: Guid(4ebc62d4a0d464d40839f1832d57cf8d) Importer(815301076,1909f56bfc062723c751e8b465ee728b)
Start importing Assets/IslandEscape/TropicalEnvironment/Prefabs/Props/Grenade_01.prefab using Guid(4ebc62d4a0d464d40839f1832d57cf8d) Importer(815301076,1909f56bfc062723c751e8b465ee728b) (PreviewImporter) -> (artifact id: '3a5ba9863a692f8d2459018d447acbe8') in 0.0194795 seconds
Number of updated asset objects reloaded before import = 0Number of asset objects unloaded after import = 18

========================================================================
Received Import Request.
  Time since last request: 0.000017 seconds.
  path: Assets/IslandEscape/TropicalEnvironment/Prefabs/Props/Hammock_01.prefab
  artifactKey: Guid(1ae2b60cb01de3a4894ce534b2ed5014) Importer(815301076,1909f56bfc062723c751e8b465ee728b)
Start importing Assets/IslandEscape/TropicalEnvironment/Prefabs/Props/Hammock_01.prefab using Guid(1ae2b60cb01de3a4894ce534b2ed5014) Importer(815301076,1909f56bfc062723c751e8b465ee728b) (PreviewImporter) -> (artifact id: 'd7442be15f6c2dddb24289c624cf6549') in 0.0191868 seconds
Number of updated asset objects reloaded before import = 0Number of asset objects unloaded after import = 18

========================================================================
Received Import Request.
  Time since last request: 0.000024 seconds.
  path: Assets/IslandEscape/TropicalEnvironment/Prefabs/Props/House_02.prefab
  artifactKey: Guid(6239f5a1f6e63da49b6f54d0e77a4c6b) Importer(815301076,1909f56bfc062723c751e8b465ee728b)
Start importing Assets/IslandEscape/TropicalEnvironment/Prefabs/Props/House_02.prefab using Guid(6239f5a1f6e63da49b6f54d0e77a4c6b) Importer(815301076,1909f56bfc062723c751e8b465ee728b) (PreviewImporter) -> (artifact id: 'f35bc736612ce36944d55346b2394093') in 0.0245692 seconds
Number of updated asset objects reloaded before import = 0Number of asset objects unloaded after import = 23

========================================================================
Received Import Request.
  Time since last request: 0.000029 seconds.
  path: Assets/IslandEscape/TropicalEnvironment/Prefabs/Props/House_01.prefab
  artifactKey: Guid(92792c67ee6413c49b2f8e15542a5da1) Importer(815301076,1909f56bfc062723c751e8b465ee728b)
Start importing Assets/IslandEscape/TropicalEnvironment/Prefabs/Props/House_01.prefab using Guid(92792c67ee6413c49b2f8e15542a5da1) Importer(815301076,1909f56bfc062723c751e8b465ee728b) (PreviewImporter) -> (artifact id: '6e27cd63abca48f9c0aecde7845c3683') in 0.0220558 seconds
Number of updated asset objects reloaded before import = 0Number of asset objects unloaded after import = 23

========================================================================
Received Import Request.
  Time since last request: 0.626298 seconds.
  path: Assets/IslandEscape/TropicalEnvironment/Prefabs/Props/HouseFloor_02.prefab
  artifactKey: Guid(0766cb99542729f4d82ef29cbed90bbb) Importer(815301076,1909f56bfc062723c751e8b465ee728b)
Start importing Assets/IslandEscape/TropicalEnvironment/Prefabs/Props/HouseFloor_02.prefab using Guid(0766cb99542729f4d82ef29cbed90bbb) Importer(815301076,1909f56bfc062723c751e8b465ee728b) (PreviewImporter) -> (artifact id: '18f1603d13d0e3b828d203164a2dbba7') in 0.0220914 seconds
Number of updated asset objects reloaded before import = 0Number of asset objects unloaded after import = 23

========================================================================
Received Import Request.
  Time since last request: 0.000019 seconds.
  path: Assets/IslandEscape/TropicalEnvironment/Prefabs/Props/Key.prefab
  artifactKey: Guid(28e21fd4f9354ab46b9e5a97456ae995) Importer(815301076,1909f56bfc062723c751e8b465ee728b)
Start importing Assets/IslandEscape/TropicalEnvironment/Prefabs/Props/Key.prefab using Guid(28e21fd4f9354ab46b9e5a97456ae995) Importer(815301076,1909f56bfc062723c751e8b465ee728b) (PreviewImporter) -> (artifact id: '4aac648e393b389d2b98f74e17494202') in 0.0197691 seconds
Number of updated asset objects reloaded before import = 0Number of asset objects unloaded after import = 18

========================================================================
Received Import Request.
  Time since last request: 0.000020 seconds.
  path: Assets/IslandEscape/TropicalEnvironment/Prefabs/Props/Mask_03.prefab
  artifactKey: Guid(0f670e87040aa5a45af5ffecc7108efc) Importer(815301076,1909f56bfc062723c751e8b465ee728b)
Start importing Assets/IslandEscape/TropicalEnvironment/Prefabs/Props/Mask_03.prefab using Guid(0f670e87040aa5a45af5ffecc7108efc) Importer(815301076,1909f56bfc062723c751e8b465ee728b) (PreviewImporter) -> (artifact id: '23f20fed047f49f5cdd4e658fc1d8d94') in 0.0214532 seconds
Number of updated asset objects reloaded before import = 0Number of asset objects unloaded after import = 23

========================================================================
Received Import Request.
  Time since last request: 0.000022 seconds.
  path: Assets/IslandEscape/TropicalEnvironment/Prefabs/Props/Mask_06.prefab
  artifactKey: Guid(b228851ac3e605c40ba8547f3b320ddc) Importer(815301076,1909f56bfc062723c751e8b465ee728b)
Start importing Assets/IslandEscape/TropicalEnvironment/Prefabs/Props/Mask_06.prefab using Guid(b228851ac3e605c40ba8547f3b320ddc) Importer(815301076,1909f56bfc062723c751e8b465ee728b) (PreviewImporter) -> (artifact id: '7760d3ba1e386940109ba71e4efa3edb') in 0.0231359 seconds
Number of updated asset objects reloaded before import = 0Number of asset objects unloaded after import = 23

========================================================================
Received Import Request.
  Time since last request: 0.000027 seconds.
  path: Assets/IslandEscape/TropicalEnvironment/Prefabs/Props/Pier_01.prefab
  artifactKey: Guid(e23a58238d5f0904a9c4336b00494d34) Importer(815301076,1909f56bfc062723c751e8b465ee728b)
Start importing Assets/IslandEscape/TropicalEnvironment/Prefabs/Props/Pier_01.prefab using Guid(e23a58238d5f0904a9c4336b00494d34) Importer(815301076,1909f56bfc062723c751e8b465ee728b) (PreviewImporter) -> (artifact id: '87acf92bb0d43aefb80fdf56bd1985e7') in 0.0182364 seconds
Number of updated asset objects reloaded before import = 0Number of asset objects unloaded after import = 19

========================================================================
Received Import Request.
  Time since last request: 0.006330 seconds.
  path: Assets/IslandEscape/TropicalEnvironment/Prefabs/Props/Plank_01.prefab
  artifactKey: Guid(15f008ee728e6984db465ad78d9158bf) Importer(815301076,1909f56bfc062723c751e8b465ee728b)
Start importing Assets/IslandEscape/TropicalEnvironment/Prefabs/Props/Plank_01.prefab using Guid(15f008ee728e6984db465ad78d9158bf) Importer(815301076,1909f56bfc062723c751e8b465ee728b) (PreviewImporter) -> (artifact id: '9c7ecf11160e973a3ca43d2a00673795') in 0.018774 seconds
Number of updated asset objects reloaded before import = 0Number of asset objects unloaded after import = 18

========================================================================
Received Import Request.
  Time since last request: 0.000023 seconds.
  path: Assets/IslandEscape/TropicalEnvironment/Prefabs/Props/Ring_01.prefab
  artifactKey: Guid(ae1a0e58432f69440845655375494c4f) Importer(815301076,1909f56bfc062723c751e8b465ee728b)
Start importing Assets/IslandEscape/TropicalEnvironment/Prefabs/Props/Ring_01.prefab using Guid(ae1a0e58432f69440845655375494c4f) Importer(815301076,1909f56bfc062723c751e8b465ee728b) (PreviewImporter) -> (artifact id: '8edc97a35483464e8999ae851f21303a') in 0.0162488 seconds
Number of updated asset objects reloaded before import = 0Number of asset objects unloaded after import = 18

========================================================================
Received Import Request.
  Time since last request: 0.000073 seconds.
  path: Assets/IslandEscape/TropicalEnvironment/Prefabs/Props/Roof_01.prefab
  artifactKey: Guid(d47ec61ca7b3c2342b3f447b74774683) Importer(815301076,1909f56bfc062723c751e8b465ee728b)
Start importing Assets/IslandEscape/TropicalEnvironment/Prefabs/Props/Roof_01.prefab using Guid(d47ec61ca7b3c2342b3f447b74774683) Importer(815301076,1909f56bfc062723c751e8b465ee728b) (PreviewImporter) -> (artifact id: '5e9b429236c981c23113e1a8e979b877') in 0.0215007 seconds
Number of updated asset objects reloaded before import = 0Number of asset objects unloaded after import = 23

========================================================================
Received Import Request.
  Time since last request: 0.000022 seconds.
  path: Assets/IslandEscape/TropicalEnvironment/Prefabs/Props/Shield_02.prefab
  artifactKey: Guid(8fc7bd02bc40d31488c958b860c93dab) Importer(815301076,1909f56bfc062723c751e8b465ee728b)
Start importing Assets/IslandEscape/TropicalEnvironment/Prefabs/Props/Shield_02.prefab using Guid(8fc7bd02bc40d31488c958b860c93dab) Importer(815301076,1909f56bfc062723c751e8b465ee728b) (PreviewImporter) -> (artifact id: 'd8a10a7f6842648d3b0f864efd0078ae') in 0.0188841 seconds
Number of updated asset objects reloaded before import = 0Number of asset objects unloaded after import = 18

========================================================================
Received Import Request.
  Time since last request: 0.000029 seconds.
  path: Assets/IslandEscape/TropicalEnvironment/Prefabs/Props/ShipPart_01.prefab
  artifactKey: Guid(e8218a2b067431949900ee30632bb752) Importer(815301076,1909f56bfc062723c751e8b465ee728b)
Start importing Assets/IslandEscape/TropicalEnvironment/Prefabs/Props/ShipPart_01.prefab using Guid(e8218a2b067431949900ee30632bb752) Importer(815301076,1909f56bfc062723c751e8b465ee728b) (PreviewImporter) -> (artifact id: '7affe7fedc0a139c531f39124090fb81') in 0.0221274 seconds
Number of updated asset objects reloaded before import = 0Number of asset objects unloaded after import = 18

========================================================================
Received Import Request.
  Time since last request: 0.057759 seconds.
  path: Assets/IslandEscape/TropicalEnvironment/Prefabs/Props/Shovel_01.prefab
  artifactKey: Guid(f6bc6e352d072214f9720bef75a12d2f) Importer(815301076,1909f56bfc062723c751e8b465ee728b)
Start importing Assets/IslandEscape/TropicalEnvironment/Prefabs/Props/Shovel_01.prefab using Guid(f6bc6e352d072214f9720bef75a12d2f) Importer(815301076,1909f56bfc062723c751e8b465ee728b) (PreviewImporter) -> (artifact id: '3ff7ade4c1fb4d30c6153b731f71c930') in 0.0172831 seconds
Number of updated asset objects reloaded before import = 0Number of asset objects unloaded after import = 23

========================================================================
Received Import Request.
  Time since last request: 0.000016 seconds.
  path: Assets/IslandEscape/TropicalEnvironment/Prefabs/Props/Skeleton_02.prefab
  artifactKey: Guid(3d65ec5ab4179a94fa3c065b3adb9eed) Importer(815301076,1909f56bfc062723c751e8b465ee728b)
Start importing Assets/IslandEscape/TropicalEnvironment/Prefabs/Props/Skeleton_02.prefab using Guid(3d65ec5ab4179a94fa3c065b3adb9eed) Importer(815301076,1909f56bfc062723c751e8b465ee728b) (PreviewImporter) -> (artifact id: '55c8e8a849c8491b2334a57c539e7b74') in 0.0156102 seconds
Number of updated asset objects reloaded before import = 0Number of asset objects unloaded after import = 18

========================================================================
Received Import Request.
  Time since last request: 0.000016 seconds.
  path: Assets/IslandEscape/TropicalEnvironment/Prefabs/Props/Table_01.prefab
  artifactKey: Guid(6eebfa7954f3f594bb2822d0b8a6553d) Importer(815301076,1909f56bfc062723c751e8b465ee728b)
Start importing Assets/IslandEscape/TropicalEnvironment/Prefabs/Props/Table_01.prefab using Guid(6eebfa7954f3f594bb2822d0b8a6553d) Importer(815301076,1909f56bfc062723c751e8b465ee728b) (PreviewImporter) -> (artifact id: 'a368fc9fb84fdbe0cb8cff6f424f6afe') in 0.0172825 seconds
Number of updated asset objects reloaded before import = 0Number of asset objects unloaded after import = 23

========================================================================
Received Import Request.
  Time since last request: 0.000025 seconds.
  path: Assets/IslandEscape/TropicalEnvironment/Prefabs/Props/Tent_02.prefab
  artifactKey: Guid(9a543f4c97d4a634fa0c65df39657d48) Importer(815301076,1909f56bfc062723c751e8b465ee728b)
Start importing Assets/IslandEscape/TropicalEnvironment/Prefabs/Props/Tent_02.prefab using Guid(9a543f4c97d4a634fa0c65df39657d48) Importer(815301076,1909f56bfc062723c751e8b465ee728b) (PreviewImporter) -> (artifact id: 'e8a8405c8ff41d805e4c39029efbd80d') in 0.0223483 seconds
Number of updated asset objects reloaded before import = 0Number of asset objects unloaded after import = 23

========================================================================
Received Import Request.
  Time since last request: 0.000017 seconds.
  path: Assets/IslandEscape/TropicalEnvironment/Prefabs/Props/Wineglass_01.prefab
  artifactKey: Guid(8931be3941be99a4ba98965b62a04a9d) Importer(815301076,1909f56bfc062723c751e8b465ee728b)
Start importing Assets/IslandEscape/TropicalEnvironment/Prefabs/Props/Wineglass_01.prefab using Guid(8931be3941be99a4ba98965b62a04a9d) Importer(815301076,1909f56bfc062723c751e8b465ee728b) (PreviewImporter) -> (artifact id: '20cea1afd96748446f57b7e7f8b43544') in 0.0181036 seconds
Number of updated asset objects reloaded before import = 0Number of asset objects unloaded after import = 18

========================================================================
Received Import Request.
  Time since last request: 0.002915 seconds.
  path: Assets/IslandEscape/TropicalEnvironment/Prefabs/Props/WoodStairs_01.prefab
  artifactKey: Guid(923ef976298e7c94f8fe1fccb4db96f9) Importer(815301076,1909f56bfc062723c751e8b465ee728b)
Start importing Assets/IslandEscape/TropicalEnvironment/Prefabs/Props/WoodStairs_01.prefab using Guid(923ef976298e7c94f8fe1fccb4db96f9) Importer(815301076,1909f56bfc062723c751e8b465ee728b) (PreviewImporter) -> (artifact id: 'b999ded1ddf4061a2747b95744f0284f') in 0.0222974 seconds
Number of updated asset objects reloaded before import = 0Number of asset objects unloaded after import = 18

========================================================================
Received Import Request.
  Time since last request: 7.940424 seconds.
  path: Assets/IslandEscape/TropicalEnvironment/Prefabs/FX/FireFX_02.prefab
  artifactKey: Guid(144212bcecd6ef94d87321e16df0faba) Importer(815301076,1909f56bfc062723c751e8b465ee728b)
Start importing Assets/IslandEscape/TropicalEnvironment/Prefabs/FX/FireFX_02.prefab using Guid(144212bcecd6ef94d87321e16df0faba) Importer(815301076,1909f56bfc062723c751e8b465ee728b) (PreviewImporter) -> (artifact id: 'b616451267d525fabd9d07ad80975062') in 0.0170126 seconds
Number of updated asset objects reloaded before import = 0Number of asset objects unloaded after import = 20

========================================================================
Received Import Request.
  Time since last request: 0.000023 seconds.
  path: Assets/IslandEscape/TropicalEnvironment/Prefabs/FX/Fog_02.prefab
  artifactKey: Guid(50c3d6a84f22e98448be450fee2f001f) Importer(815301076,1909f56bfc062723c751e8b465ee728b)
Start importing Assets/IslandEscape/TropicalEnvironment/Prefabs/FX/Fog_02.prefab using Guid(50c3d6a84f22e98448be450fee2f001f) Importer(815301076,1909f56bfc062723c751e8b465ee728b) (PreviewImporter) -> (artifact id: '83489552f6d4046f52d8d5be9629162c') in 0.0147628 seconds
Number of updated asset objects reloaded before import = 0Number of asset objects unloaded after import = 6

========================================================================
Received Import Request.
  Time since last request: 0.000016 seconds.
  path: Assets/IslandEscape/TropicalEnvironment/Prefabs/FX/GodRay_02.prefab
  artifactKey: Guid(ceedc6098c6b1994b81fd58f215a023b) Importer(815301076,1909f56bfc062723c751e8b465ee728b)
Start importing Assets/IslandEscape/TropicalEnvironment/Prefabs/FX/GodRay_02.prefab using Guid(ceedc6098c6b1994b81fd58f215a023b) Importer(815301076,1909f56bfc062723c751e8b465ee728b) (PreviewImporter) -> (artifact id: 'edc1be241d6de9f18d945352d6c7ebee') in 0.0117588 seconds
Number of updated asset objects reloaded before import = 0Number of asset objects unloaded after import = 8

========================================================================
Received Import Request.
  Time since last request: 0.000017 seconds.
  path: Assets/IslandEscape/TropicalEnvironment/Prefabs/FX/GodRay_04.prefab
  artifactKey: Guid(1c9e92d69abb02546be671c908813424) Importer(815301076,1909f56bfc062723c751e8b465ee728b)
Start importing Assets/IslandEscape/TropicalEnvironment/Prefabs/FX/GodRay_04.prefab using Guid(1c9e92d69abb02546be671c908813424) Importer(815301076,1909f56bfc062723c751e8b465ee728b) (PreviewImporter) -> (artifact id: '15c60faf04b26259756cea1d51f9c46c') in 0.0126109 seconds
Number of updated asset objects reloaded before import = 0Number of asset objects unloaded after import = 8

========================================================================
Received Import Request.
  Time since last request: 0.000026 seconds.
  path: Assets/IslandEscape/TropicalEnvironment/Prefabs/FX/Water_01.prefab
  artifactKey: Guid(b37b3915066995a47b94d4f47f1f027c) Importer(815301076,1909f56bfc062723c751e8b465ee728b)
Start importing Assets/IslandEscape/TropicalEnvironment/Prefabs/FX/Water_01.prefab using Guid(b37b3915066995a47b94d4f47f1f027c) Importer(815301076,1909f56bfc062723c751e8b465ee728b) (PreviewImporter) -> (artifact id: '24b8c46a3cf4be946cf31ce63a5fff0a') in 0.0271342 seconds
Number of updated asset objects reloaded before import = 0Number of asset objects unloaded after import = 8

========================================================================
Received Import Request.
  Time since last request: 15.502344 seconds.
  path: Assets/IslandEscape/TropicalEnvironment/Models/Vegetation/BananaTree_01.fbx
  artifactKey: Guid(513c6938861e87f4cbf8de238da01f8f) Importer(815301076,1909f56bfc062723c751e8b465ee728b)
Start importing Assets/IslandEscape/TropicalEnvironment/Models/Vegetation/BananaTree_01.fbx using Guid(513c6938861e87f4cbf8de238da01f8f) Importer(815301076,1909f56bfc062723c751e8b465ee728b) (PreviewImporter) -> (artifact id: 'd80ded75058b6147cae0a92a30625d8b') in 0.1304459 seconds
Number of updated asset objects reloaded before import = 0Number of asset objects unloaded after import = 20

========================================================================
Received Import Request.
  Time since last request: 0.000032 seconds.
  path: Assets/IslandEscape/TropicalEnvironment/Models/Vegetation/CoralReef_04.fbx
  artifactKey: Guid(9179e269d2629fa46905eb767346284d) Importer(815301076,1909f56bfc062723c751e8b465ee728b)
Start importing Assets/IslandEscape/TropicalEnvironment/Models/Vegetation/CoralReef_04.fbx using Guid(9179e269d2629fa46905eb767346284d) Importer(815301076,1909f56bfc062723c751e8b465ee728b) (PreviewImporter) -> (artifact id: 'a865c7b4def72db1031e13ad375796da') in 0.0375764 seconds
Number of updated asset objects reloaded before import = 0Number of asset objects unloaded after import = 20

========================================================================
Received Import Request.
  Time since last request: 0.000033 seconds.
  path: Assets/IslandEscape/TropicalEnvironment/Models/Vegetation/Seaweed_03.fbx
  artifactKey: Guid(a67cfbb0453c04846a03daa161c343f5) Importer(815301076,1909f56bfc062723c751e8b465ee728b)
Start importing Assets/IslandEscape/TropicalEnvironment/Models/Vegetation/Seaweed_03.fbx using Guid(a67cfbb0453c04846a03daa161c343f5) Importer(815301076,1909f56bfc062723c751e8b465ee728b) (PreviewImporter) -> (artifact id: '888d44c4841b0fb08b68f94dfbf7e2a6') in 0.0378717 seconds
Number of updated asset objects reloaded before import = 0Number of asset objects unloaded after import = 20

========================================================================
Received Import Request.
  Time since last request: 0.000017 seconds.
  path: Assets/IslandEscape/TropicalEnvironment/Models/Vegetation/PondPlant_04.fbx
  artifactKey: Guid(741aa7f5ffbbf454880c39c5585b42a0) Importer(815301076,1909f56bfc062723c751e8b465ee728b)
Start importing Assets/IslandEscape/TropicalEnvironment/Models/Vegetation/PondPlant_04.fbx using Guid(741aa7f5ffbbf454880c39c5585b42a0) Importer(815301076,1909f56bfc062723c751e8b465ee728b) (PreviewImporter) -> (artifact id: 'b14baf1aff7e79cca4b3bee74050ec27') in 0.0622779 seconds
Number of updated asset objects reloaded before import = 0Number of asset objects unloaded after import = 22

========================================================================
Received Import Request.
  Time since last request: 0.000029 seconds.
  path: Assets/IslandEscape/TropicalEnvironment/Models/Vegetation/CoralReef_03.fbx
  artifactKey: Guid(2d6c09d7652fc3e4589ced73cf3c7907) Importer(815301076,1909f56bfc062723c751e8b465ee728b)
Start importing Assets/IslandEscape/TropicalEnvironment/Models/Vegetation/CoralReef_03.fbx using Guid(2d6c09d7652fc3e4589ced73cf3c7907) Importer(815301076,1909f56bfc062723c751e8b465ee728b) (PreviewImporter) -> (artifact id: 'f6e59ce6acbff29ff0909bf7a62eed13') in 0.0341795 seconds
Number of updated asset objects reloaded before import = 0Number of asset objects unloaded after import = 20

========================================================================
Received Import Request.
  Time since last request: 0.000018 seconds.
  path: Assets/IslandEscape/TropicalEnvironment/Models/Vegetation/Flower_03.fbx
  artifactKey: Guid(3a346de03ee9d5b40b3dc2d802c1bd3e) Importer(815301076,1909f56bfc062723c751e8b465ee728b)
Start importing Assets/IslandEscape/TropicalEnvironment/Models/Vegetation/Flower_03.fbx using Guid(3a346de03ee9d5b40b3dc2d802c1bd3e) Importer(815301076,1909f56bfc062723c751e8b465ee728b) (PreviewImporter) -> (artifact id: '9ba2b75c5753ffd32fa6ec8b1bd71ec2') in 0.0141189 seconds
Number of updated asset objects reloaded before import = 0Number of asset objects unloaded after import = 7

========================================================================
Received Import Request.
  Time since last request: 0.000022 seconds.
  path: Assets/IslandEscape/TropicalEnvironment/Models/Vegetation/Plant_05.fbx
  artifactKey: Guid(55ea5018cca8f7c4fac25e7df0dd1d86) Importer(815301076,1909f56bfc062723c751e8b465ee728b)
Start importing Assets/IslandEscape/TropicalEnvironment/Models/Vegetation/Plant_05.fbx using Guid(55ea5018cca8f7c4fac25e7df0dd1d86) Importer(815301076,1909f56bfc062723c751e8b465ee728b) (PreviewImporter) -> (artifact id: '5e59da22a1e95c9d013650caba807e61') in 0.0412406 seconds
Number of updated asset objects reloaded before import = 0Number of asset objects unloaded after import = 20

========================================================================
Received Import Request.
  Time since last request: 0.000018 seconds.
  path: Assets/IslandEscape/TropicalEnvironment/Models/Vegetation/Seaweed_01.fbx
  artifactKey: Guid(feb9eb4539d43424aae5d4a4e92e9add) Importer(815301076,1909f56bfc062723c751e8b465ee728b)
Start importing Assets/IslandEscape/TropicalEnvironment/Models/Vegetation/Seaweed_01.fbx using Guid(feb9eb4539d43424aae5d4a4e92e9add) Importer(815301076,1909f56bfc062723c751e8b465ee728b) (PreviewImporter) -> (artifact id: '1b1bc32c66c2f59dd32397b3ce10daa0') in 0.0385363 seconds
Number of updated asset objects reloaded before import = 0Number of asset objects unloaded after import = 20

========================================================================
Received Import Request.
  Time since last request: 0.000023 seconds.
  path: Assets/IslandEscape/TropicalEnvironment/Models/Vegetation/PalmTree_02.fbx
  artifactKey: Guid(7df57c53fca4f834c811edfd50e06229) Importer(815301076,1909f56bfc062723c751e8b465ee728b)
Start importing Assets/IslandEscape/TropicalEnvironment/Models/Vegetation/PalmTree_02.fbx using Guid(7df57c53fca4f834c811edfd50e06229) Importer(815301076,1909f56bfc062723c751e8b465ee728b) (PreviewImporter) -> (artifact id: 'dcf72b803a3c67079657ce1806c293f8') in 0.0400488 seconds
Number of updated asset objects reloaded before import = 0Number of asset objects unloaded after import = 20

========================================================================
Received Import Request.
  Time since last request: 0.000034 seconds.
  path: Assets/IslandEscape/TropicalEnvironment/Models/Vegetation/BananaTree_03.fbx
  artifactKey: Guid(3fc62af46ba776e4d8e72b58486f363d) Importer(815301076,1909f56bfc062723c751e8b465ee728b)
Start importing Assets/IslandEscape/TropicalEnvironment/Models/Vegetation/BananaTree_03.fbx using Guid(3fc62af46ba776e4d8e72b58486f363d) Importer(815301076,1909f56bfc062723c751e8b465ee728b) (PreviewImporter) -> (artifact id: '18b6c668c61001b8816e47700a59d42b') in 0.0378219 seconds
Number of updated asset objects reloaded before import = 0Number of asset objects unloaded after import = 20

========================================================================
Received Import Request.
  Time since last request: 0.000022 seconds.
  path: Assets/IslandEscape/TropicalEnvironment/Models/Vegetation/PalmTree_05.fbx
  artifactKey: Guid(ecfefe6f562ed4a46b813ce5be4b7a8d) Importer(815301076,1909f56bfc062723c751e8b465ee728b)
Start importing Assets/IslandEscape/TropicalEnvironment/Models/Vegetation/PalmTree_05.fbx using Guid(ecfefe6f562ed4a46b813ce5be4b7a8d) Importer(815301076,1909f56bfc062723c751e8b465ee728b) (PreviewImporter) -> (artifact id: '683985e39b0e15651dc8747587211f1a') in 0.0363246 seconds
Number of updated asset objects reloaded before import = 0Number of asset objects unloaded after import = 20

========================================================================
Received Import Request.
  Time since last request: 0.000021 seconds.
  path: Assets/IslandEscape/TropicalEnvironment/Models/Vegetation/PalmTree_06.fbx
  artifactKey: Guid(5d62775229438474f8000a3dbf9b90d6) Importer(815301076,1909f56bfc062723c751e8b465ee728b)
Start importing Assets/IslandEscape/TropicalEnvironment/Models/Vegetation/PalmTree_06.fbx using Guid(5d62775229438474f8000a3dbf9b90d6) Importer(815301076,1909f56bfc062723c751e8b465ee728b) (PreviewImporter) -> (artifact id: '302d08a3570488157e7322982c5f425a') in 0.0371449 seconds
Number of updated asset objects reloaded before import = 0Number of asset objects unloaded after import = 20

========================================================================
Received Import Request.
  Time since last request: 0.000019 seconds.
  path: Assets/IslandEscape/TropicalEnvironment/Models/Vegetation/PondPlant_01.fbx
  artifactKey: Guid(338bdf3e1512cb545bdd06de5ae53324) Importer(815301076,1909f56bfc062723c751e8b465ee728b)
Start importing Assets/IslandEscape/TropicalEnvironment/Models/Vegetation/PondPlant_01.fbx using Guid(338bdf3e1512cb545bdd06de5ae53324) Importer(815301076,1909f56bfc062723c751e8b465ee728b) (PreviewImporter) -> (artifact id: 'd7ec12d430e3e42c593bc5a2d2e6b61e') in 0.0287043 seconds
Number of updated asset objects reloaded before import = 0Number of asset objects unloaded after import = 15

========================================================================
Received Import Request.
  Time since last request: 0.000067 seconds.
  path: Assets/IslandEscape/TropicalEnvironment/Models/Vegetation/PondPlant_02.fbx
  artifactKey: Guid(2e96c2bf02b679244ac21040e3bc5d28) Importer(815301076,1909f56bfc062723c751e8b465ee728b)
Start importing Assets/IslandEscape/TropicalEnvironment/Models/Vegetation/PondPlant_02.fbx using Guid(2e96c2bf02b679244ac21040e3bc5d28) Importer(815301076,1909f56bfc062723c751e8b465ee728b) (PreviewImporter) -> (artifact id: '904fdb85fbb2ce8d5a35c9aa6ecac3ba') in 0.0242696 seconds
Number of updated asset objects reloaded before import = 0Number of asset objects unloaded after import = 15

